[2024-12-02T17:45:58.634+0000] {processor.py:186} INFO - Started process (PID=71) to work on /opt/airflow/dags/a_hands_on.py
[2024-12-02T17:45:58.635+0000] {processor.py:914} INFO - Processing file /opt/airflow/dags/a_hands_on.py for tasks to queue
[2024-12-02T17:45:58.639+0000] {logging_mixin.py:190} INFO - [2024-12-02T17:45:58.638+0000] {dagbag.py:588} INFO - Filling up the DagBag from /opt/airflow/dags/a_hands_on.py
[2024-12-02T17:45:58.658+0000] {processor.py:925} INFO - DAG(s) 'rocket_launch_pipeline' retrieved from /opt/airflow/dags/a_hands_on.py
[2024-12-02T17:45:58.960+0000] {logging_mixin.py:190} INFO - [2024-12-02T17:45:58.960+0000] {override.py:1911} INFO - Created Permission View: can read on DAG:rocket_launch_pipeline
[2024-12-02T17:45:58.975+0000] {logging_mixin.py:190} INFO - [2024-12-02T17:45:58.974+0000] {override.py:1911} INFO - Created Permission View: can edit on DAG:rocket_launch_pipeline
[2024-12-02T17:45:58.991+0000] {logging_mixin.py:190} INFO - [2024-12-02T17:45:58.991+0000] {override.py:1911} INFO - Created Permission View: can delete on DAG:rocket_launch_pipeline
[2024-12-02T17:45:59.014+0000] {logging_mixin.py:190} INFO - [2024-12-02T17:45:59.014+0000] {override.py:1911} INFO - Created Permission View: can read on DAG Run:rocket_launch_pipeline
[2024-12-02T17:45:59.023+0000] {logging_mixin.py:190} INFO - [2024-12-02T17:45:59.023+0000] {override.py:1911} INFO - Created Permission View: can delete on DAG Run:rocket_launch_pipeline
[2024-12-02T17:45:59.032+0000] {logging_mixin.py:190} INFO - [2024-12-02T17:45:59.031+0000] {override.py:1911} INFO - Created Permission View: can create on DAG Run:rocket_launch_pipeline
[2024-12-02T17:45:59.043+0000] {logging_mixin.py:190} INFO - [2024-12-02T17:45:59.043+0000] {override.py:1911} INFO - Created Permission View: menu access on DAG Run:rocket_launch_pipeline
[2024-12-02T17:45:59.044+0000] {logging_mixin.py:190} INFO - [2024-12-02T17:45:59.044+0000] {dag.py:3239} INFO - Sync 1 DAGs
[2024-12-02T17:45:59.064+0000] {logging_mixin.py:190} INFO - [2024-12-02T17:45:59.064+0000] {dag.py:3262} INFO - Creating ORM DAG for rocket_launch_pipeline
[2024-12-02T17:45:59.078+0000] {logging_mixin.py:190} INFO - [2024-12-02T17:45:59.077+0000] {dag.py:4180} INFO - Setting next_dagrun for rocket_launch_pipeline to 2024-01-01 06:00:00+00:00, run_after=2024-01-02 06:00:00+00:00
[2024-12-02T17:45:59.100+0000] {processor.py:208} INFO - Processing /opt/airflow/dags/a_hands_on.py took 0.473 seconds
[2024-12-02T17:46:29.569+0000] {processor.py:186} INFO - Started process (PID=136) to work on /opt/airflow/dags/a_hands_on.py
[2024-12-02T17:46:29.570+0000] {processor.py:914} INFO - Processing file /opt/airflow/dags/a_hands_on.py for tasks to queue
[2024-12-02T17:46:29.573+0000] {logging_mixin.py:190} INFO - [2024-12-02T17:46:29.572+0000] {dagbag.py:588} INFO - Filling up the DagBag from /opt/airflow/dags/a_hands_on.py
[2024-12-02T17:46:29.582+0000] {processor.py:925} INFO - DAG(s) 'rocket_launch_pipeline' retrieved from /opt/airflow/dags/a_hands_on.py
[2024-12-02T17:46:29.602+0000] {logging_mixin.py:190} INFO - [2024-12-02T17:46:29.601+0000] {dag.py:3239} INFO - Sync 1 DAGs
[2024-12-02T17:46:29.629+0000] {logging_mixin.py:190} INFO - [2024-12-02T17:46:29.629+0000] {dag.py:4180} INFO - Setting next_dagrun for rocket_launch_pipeline to 2024-01-01 06:00:00+00:00, run_after=2024-01-02 06:00:00+00:00
[2024-12-02T17:46:29.651+0000] {processor.py:208} INFO - Processing /opt/airflow/dags/a_hands_on.py took 0.089 seconds
[2024-12-02T17:46:59.775+0000] {processor.py:186} INFO - Started process (PID=201) to work on /opt/airflow/dags/a_hands_on.py
[2024-12-02T17:46:59.777+0000] {processor.py:914} INFO - Processing file /opt/airflow/dags/a_hands_on.py for tasks to queue
[2024-12-02T17:46:59.780+0000] {logging_mixin.py:190} INFO - [2024-12-02T17:46:59.780+0000] {dagbag.py:588} INFO - Filling up the DagBag from /opt/airflow/dags/a_hands_on.py
[2024-12-02T17:46:59.794+0000] {processor.py:925} INFO - DAG(s) 'rocket_launch_pipeline' retrieved from /opt/airflow/dags/a_hands_on.py
[2024-12-02T17:46:59.817+0000] {logging_mixin.py:190} INFO - [2024-12-02T17:46:59.817+0000] {dag.py:3239} INFO - Sync 1 DAGs
[2024-12-02T17:46:59.849+0000] {logging_mixin.py:190} INFO - [2024-12-02T17:46:59.849+0000] {dag.py:4180} INFO - Setting next_dagrun for rocket_launch_pipeline to 2024-01-01 06:00:00+00:00, run_after=2024-01-02 06:00:00+00:00
[2024-12-02T17:46:59.867+0000] {processor.py:208} INFO - Processing /opt/airflow/dags/a_hands_on.py took 0.102 seconds
[2024-12-02T17:47:30.617+0000] {processor.py:186} INFO - Started process (PID=266) to work on /opt/airflow/dags/a_hands_on.py
[2024-12-02T17:47:30.618+0000] {processor.py:914} INFO - Processing file /opt/airflow/dags/a_hands_on.py for tasks to queue
[2024-12-02T17:47:30.621+0000] {logging_mixin.py:190} INFO - [2024-12-02T17:47:30.621+0000] {dagbag.py:588} INFO - Filling up the DagBag from /opt/airflow/dags/a_hands_on.py
[2024-12-02T17:47:30.630+0000] {processor.py:925} INFO - DAG(s) 'rocket_launch_pipeline' retrieved from /opt/airflow/dags/a_hands_on.py
[2024-12-02T17:47:30.652+0000] {logging_mixin.py:190} INFO - [2024-12-02T17:47:30.651+0000] {dag.py:3239} INFO - Sync 1 DAGs
[2024-12-02T17:47:30.685+0000] {logging_mixin.py:190} INFO - [2024-12-02T17:47:30.685+0000] {dag.py:4180} INFO - Setting next_dagrun for rocket_launch_pipeline to 2024-01-01 06:00:00+00:00, run_after=2024-01-02 06:00:00+00:00
[2024-12-02T17:47:30.703+0000] {processor.py:208} INFO - Processing /opt/airflow/dags/a_hands_on.py took 0.092 seconds
[2024-12-02T17:48:01.551+0000] {processor.py:186} INFO - Started process (PID=335) to work on /opt/airflow/dags/a_hands_on.py
[2024-12-02T17:48:01.557+0000] {processor.py:914} INFO - Processing file /opt/airflow/dags/a_hands_on.py for tasks to queue
[2024-12-02T17:48:01.562+0000] {logging_mixin.py:190} INFO - [2024-12-02T17:48:01.562+0000] {dagbag.py:588} INFO - Filling up the DagBag from /opt/airflow/dags/a_hands_on.py
[2024-12-02T17:48:01.678+0000] {processor.py:925} INFO - DAG(s) 'rocket_launch_pipeline' retrieved from /opt/airflow/dags/a_hands_on.py
[2024-12-02T17:48:01.829+0000] {logging_mixin.py:190} INFO - [2024-12-02T17:48:01.829+0000] {dag.py:3239} INFO - Sync 1 DAGs
[2024-12-02T17:48:01.865+0000] {logging_mixin.py:190} INFO - [2024-12-02T17:48:01.865+0000] {dag.py:4180} INFO - Setting next_dagrun for rocket_launch_pipeline to 2024-01-01 06:00:00+00:00, run_after=2024-01-02 06:00:00+00:00
[2024-12-02T17:48:01.917+0000] {processor.py:208} INFO - Processing /opt/airflow/dags/a_hands_on.py took 0.410 seconds
[2024-12-02T17:48:32.289+0000] {processor.py:186} INFO - Started process (PID=403) to work on /opt/airflow/dags/a_hands_on.py
[2024-12-02T17:48:32.307+0000] {processor.py:914} INFO - Processing file /opt/airflow/dags/a_hands_on.py for tasks to queue
[2024-12-02T17:48:32.312+0000] {logging_mixin.py:190} INFO - [2024-12-02T17:48:32.311+0000] {dagbag.py:588} INFO - Filling up the DagBag from /opt/airflow/dags/a_hands_on.py
[2024-12-02T17:48:32.385+0000] {processor.py:925} INFO - DAG(s) 'rocket_launch_pipeline' retrieved from /opt/airflow/dags/a_hands_on.py
[2024-12-02T17:48:32.459+0000] {logging_mixin.py:190} INFO - [2024-12-02T17:48:32.459+0000] {dag.py:3239} INFO - Sync 1 DAGs
[2024-12-02T17:48:32.589+0000] {logging_mixin.py:190} INFO - [2024-12-02T17:48:32.588+0000] {dag.py:4180} INFO - Setting next_dagrun for rocket_launch_pipeline to 2024-01-01 06:00:00+00:00, run_after=2024-01-02 06:00:00+00:00
[2024-12-02T17:48:32.650+0000] {processor.py:208} INFO - Processing /opt/airflow/dags/a_hands_on.py took 0.400 seconds
[2024-12-02T17:49:03.088+0000] {processor.py:186} INFO - Started process (PID=461) to work on /opt/airflow/dags/a_hands_on.py
[2024-12-02T17:49:03.089+0000] {processor.py:914} INFO - Processing file /opt/airflow/dags/a_hands_on.py for tasks to queue
[2024-12-02T17:49:03.094+0000] {logging_mixin.py:190} INFO - [2024-12-02T17:49:03.093+0000] {dagbag.py:588} INFO - Filling up the DagBag from /opt/airflow/dags/a_hands_on.py
[2024-12-02T17:49:03.114+0000] {processor.py:925} INFO - DAG(s) 'rocket_launch_pipeline' retrieved from /opt/airflow/dags/a_hands_on.py
[2024-12-02T17:49:03.142+0000] {logging_mixin.py:190} INFO - [2024-12-02T17:49:03.141+0000] {dag.py:3239} INFO - Sync 1 DAGs
[2024-12-02T17:49:03.187+0000] {logging_mixin.py:190} INFO - [2024-12-02T17:49:03.187+0000] {dag.py:4180} INFO - Setting next_dagrun for rocket_launch_pipeline to 2024-01-01 06:00:00+00:00, run_after=2024-01-02 06:00:00+00:00
[2024-12-02T17:49:03.213+0000] {processor.py:208} INFO - Processing /opt/airflow/dags/a_hands_on.py took 0.142 seconds
[2024-12-02T17:49:33.727+0000] {processor.py:186} INFO - Started process (PID=526) to work on /opt/airflow/dags/a_hands_on.py
[2024-12-02T17:49:33.728+0000] {processor.py:914} INFO - Processing file /opt/airflow/dags/a_hands_on.py for tasks to queue
[2024-12-02T17:49:33.730+0000] {logging_mixin.py:190} INFO - [2024-12-02T17:49:33.730+0000] {dagbag.py:588} INFO - Filling up the DagBag from /opt/airflow/dags/a_hands_on.py
[2024-12-02T17:49:33.742+0000] {processor.py:925} INFO - DAG(s) 'rocket_launch_pipeline' retrieved from /opt/airflow/dags/a_hands_on.py
[2024-12-02T17:49:33.764+0000] {logging_mixin.py:190} INFO - [2024-12-02T17:49:33.764+0000] {dag.py:3239} INFO - Sync 1 DAGs
[2024-12-02T17:49:33.793+0000] {logging_mixin.py:190} INFO - [2024-12-02T17:49:33.793+0000] {dag.py:4180} INFO - Setting next_dagrun for rocket_launch_pipeline to 2024-01-01 06:00:00+00:00, run_after=2024-01-02 06:00:00+00:00
[2024-12-02T17:49:33.814+0000] {processor.py:208} INFO - Processing /opt/airflow/dags/a_hands_on.py took 0.095 seconds
[2024-12-02T17:50:03.913+0000] {processor.py:186} INFO - Started process (PID=591) to work on /opt/airflow/dags/a_hands_on.py
[2024-12-02T17:50:03.914+0000] {processor.py:914} INFO - Processing file /opt/airflow/dags/a_hands_on.py for tasks to queue
[2024-12-02T17:50:03.916+0000] {logging_mixin.py:190} INFO - [2024-12-02T17:50:03.916+0000] {dagbag.py:588} INFO - Filling up the DagBag from /opt/airflow/dags/a_hands_on.py
[2024-12-02T17:50:03.929+0000] {processor.py:925} INFO - DAG(s) 'rocket_launch_pipeline' retrieved from /opt/airflow/dags/a_hands_on.py
[2024-12-02T17:50:03.949+0000] {logging_mixin.py:190} INFO - [2024-12-02T17:50:03.949+0000] {dag.py:3239} INFO - Sync 1 DAGs
[2024-12-02T17:50:03.976+0000] {logging_mixin.py:190} INFO - [2024-12-02T17:50:03.976+0000] {dag.py:4180} INFO - Setting next_dagrun for rocket_launch_pipeline to 2024-01-01 06:00:00+00:00, run_after=2024-01-02 06:00:00+00:00
[2024-12-02T17:50:03.997+0000] {processor.py:208} INFO - Processing /opt/airflow/dags/a_hands_on.py took 0.096 seconds
[2024-12-02T17:50:34.298+0000] {processor.py:186} INFO - Started process (PID=656) to work on /opt/airflow/dags/a_hands_on.py
[2024-12-02T17:50:34.299+0000] {processor.py:914} INFO - Processing file /opt/airflow/dags/a_hands_on.py for tasks to queue
[2024-12-02T17:50:34.304+0000] {logging_mixin.py:190} INFO - [2024-12-02T17:50:34.303+0000] {dagbag.py:588} INFO - Filling up the DagBag from /opt/airflow/dags/a_hands_on.py
[2024-12-02T17:50:34.317+0000] {processor.py:925} INFO - DAG(s) 'rocket_launch_pipeline' retrieved from /opt/airflow/dags/a_hands_on.py
[2024-12-02T17:50:34.342+0000] {logging_mixin.py:190} INFO - [2024-12-02T17:50:34.342+0000] {dag.py:3239} INFO - Sync 1 DAGs
[2024-12-02T17:50:34.375+0000] {logging_mixin.py:190} INFO - [2024-12-02T17:50:34.375+0000] {dag.py:4180} INFO - Setting next_dagrun for rocket_launch_pipeline to 2024-01-01 06:00:00+00:00, run_after=2024-01-02 06:00:00+00:00
[2024-12-02T17:50:34.398+0000] {processor.py:208} INFO - Processing /opt/airflow/dags/a_hands_on.py took 0.111 seconds
