[2024-12-02T17:45:58.619+0000] {processor.py:186} INFO - Started process (PID=70) to work on /opt/airflow/dags/generator_dag.py
[2024-12-02T17:45:58.619+0000] {processor.py:914} INFO - Processing file /opt/airflow/dags/generator_dag.py for tasks to queue
[2024-12-02T17:45:58.623+0000] {logging_mixin.py:190} INFO - [2024-12-02T17:45:58.622+0000] {dagbag.py:588} INFO - Filling up the DagBag from /opt/airflow/dags/generator_dag.py
[2024-12-02T17:45:58.656+0000] {processor.py:925} INFO - DAG(s) 'financial_data_generation' retrieved from /opt/airflow/dags/generator_dag.py
[2024-12-02T17:45:58.964+0000] {logging_mixin.py:190} INFO - [2024-12-02T17:45:58.963+0000] {override.py:1911} INFO - Created Permission View: can read on DAG:financial_data_generation
[2024-12-02T17:45:58.981+0000] {logging_mixin.py:190} INFO - [2024-12-02T17:45:58.980+0000] {override.py:1911} INFO - Created Permission View: can edit on DAG:financial_data_generation
[2024-12-02T17:45:58.996+0000] {logging_mixin.py:190} INFO - [2024-12-02T17:45:58.996+0000] {override.py:1911} INFO - Created Permission View: can delete on DAG:financial_data_generation
[2024-12-02T17:45:59.017+0000] {logging_mixin.py:190} INFO - [2024-12-02T17:45:59.016+0000] {override.py:1911} INFO - Created Permission View: can read on DAG Run:financial_data_generation
[2024-12-02T17:45:59.026+0000] {logging_mixin.py:190} INFO - [2024-12-02T17:45:59.025+0000] {override.py:1911} INFO - Created Permission View: can delete on DAG Run:financial_data_generation
[2024-12-02T17:45:59.035+0000] {logging_mixin.py:190} INFO - [2024-12-02T17:45:59.035+0000] {override.py:1911} INFO - Created Permission View: can create on DAG Run:financial_data_generation
[2024-12-02T17:45:59.048+0000] {logging_mixin.py:190} INFO - [2024-12-02T17:45:59.048+0000] {override.py:1911} INFO - Created Permission View: menu access on DAG Run:financial_data_generation
[2024-12-02T17:45:59.049+0000] {logging_mixin.py:190} INFO - [2024-12-02T17:45:59.048+0000] {dag.py:3239} INFO - Sync 1 DAGs
[2024-12-02T17:45:59.068+0000] {logging_mixin.py:190} INFO - [2024-12-02T17:45:59.068+0000] {dag.py:3262} INFO - Creating ORM DAG for financial_data_generation
[2024-12-02T17:45:59.082+0000] {logging_mixin.py:190} INFO - [2024-12-02T17:45:59.082+0000] {dag.py:4180} INFO - Setting next_dagrun for financial_data_generation to 2024-01-01 00:00:00+00:00, run_after=2024-01-02 00:00:00+00:00
[2024-12-02T17:45:59.107+0000] {processor.py:208} INFO - Processing /opt/airflow/dags/generator_dag.py took 0.498 seconds
[2024-12-02T17:46:29.562+0000] {processor.py:186} INFO - Started process (PID=135) to work on /opt/airflow/dags/generator_dag.py
[2024-12-02T17:46:29.564+0000] {processor.py:914} INFO - Processing file /opt/airflow/dags/generator_dag.py for tasks to queue
[2024-12-02T17:46:29.567+0000] {logging_mixin.py:190} INFO - [2024-12-02T17:46:29.567+0000] {dagbag.py:588} INFO - Filling up the DagBag from /opt/airflow/dags/generator_dag.py
[2024-12-02T17:46:29.577+0000] {processor.py:925} INFO - DAG(s) 'financial_data_generation' retrieved from /opt/airflow/dags/generator_dag.py
[2024-12-02T17:46:29.599+0000] {logging_mixin.py:190} INFO - [2024-12-02T17:46:29.599+0000] {dag.py:3239} INFO - Sync 1 DAGs
[2024-12-02T17:46:29.637+0000] {logging_mixin.py:190} INFO - [2024-12-02T17:46:29.637+0000] {dag.py:4180} INFO - Setting next_dagrun for financial_data_generation to 2024-01-01 00:00:00+00:00, run_after=2024-01-02 00:00:00+00:00
[2024-12-02T17:46:29.660+0000] {processor.py:208} INFO - Processing /opt/airflow/dags/generator_dag.py took 0.105 seconds
[2024-12-02T17:46:59.766+0000] {processor.py:186} INFO - Started process (PID=200) to work on /opt/airflow/dags/generator_dag.py
[2024-12-02T17:46:59.771+0000] {processor.py:914} INFO - Processing file /opt/airflow/dags/generator_dag.py for tasks to queue
[2024-12-02T17:46:59.774+0000] {logging_mixin.py:190} INFO - [2024-12-02T17:46:59.774+0000] {dagbag.py:588} INFO - Filling up the DagBag from /opt/airflow/dags/generator_dag.py
[2024-12-02T17:46:59.787+0000] {processor.py:925} INFO - DAG(s) 'financial_data_generation' retrieved from /opt/airflow/dags/generator_dag.py
[2024-12-02T17:46:59.807+0000] {logging_mixin.py:190} INFO - [2024-12-02T17:46:59.807+0000] {dag.py:3239} INFO - Sync 1 DAGs
[2024-12-02T17:46:59.834+0000] {logging_mixin.py:190} INFO - [2024-12-02T17:46:59.834+0000] {dag.py:4180} INFO - Setting next_dagrun for financial_data_generation to 2024-01-01 00:00:00+00:00, run_after=2024-01-02 00:00:00+00:00
[2024-12-02T17:46:59.856+0000] {processor.py:208} INFO - Processing /opt/airflow/dags/generator_dag.py took 0.102 seconds
[2024-12-02T17:47:30.610+0000] {processor.py:186} INFO - Started process (PID=265) to work on /opt/airflow/dags/generator_dag.py
[2024-12-02T17:47:30.614+0000] {processor.py:914} INFO - Processing file /opt/airflow/dags/generator_dag.py for tasks to queue
[2024-12-02T17:47:30.617+0000] {logging_mixin.py:190} INFO - [2024-12-02T17:47:30.616+0000] {dagbag.py:588} INFO - Filling up the DagBag from /opt/airflow/dags/generator_dag.py
[2024-12-02T17:47:30.627+0000] {processor.py:925} INFO - DAG(s) 'financial_data_generation' retrieved from /opt/airflow/dags/generator_dag.py
[2024-12-02T17:47:30.647+0000] {logging_mixin.py:190} INFO - [2024-12-02T17:47:30.647+0000] {dag.py:3239} INFO - Sync 1 DAGs
[2024-12-02T17:47:30.676+0000] {logging_mixin.py:190} INFO - [2024-12-02T17:47:30.675+0000] {dag.py:4180} INFO - Setting next_dagrun for financial_data_generation to 2024-01-01 00:00:00+00:00, run_after=2024-01-02 00:00:00+00:00
[2024-12-02T17:47:30.698+0000] {processor.py:208} INFO - Processing /opt/airflow/dags/generator_dag.py took 0.096 seconds
[2024-12-02T17:48:01.547+0000] {processor.py:186} INFO - Started process (PID=334) to work on /opt/airflow/dags/generator_dag.py
[2024-12-02T17:48:01.558+0000] {processor.py:914} INFO - Processing file /opt/airflow/dags/generator_dag.py for tasks to queue
[2024-12-02T17:48:01.569+0000] {logging_mixin.py:190} INFO - [2024-12-02T17:48:01.568+0000] {dagbag.py:588} INFO - Filling up the DagBag from /opt/airflow/dags/generator_dag.py
[2024-12-02T17:48:01.678+0000] {processor.py:925} INFO - DAG(s) 'financial_data_generation' retrieved from /opt/airflow/dags/generator_dag.py
[2024-12-02T17:48:01.829+0000] {logging_mixin.py:190} INFO - [2024-12-02T17:48:01.828+0000] {dag.py:3239} INFO - Sync 1 DAGs
[2024-12-02T17:48:01.898+0000] {processor.py:208} INFO - Processing /opt/airflow/dags/generator_dag.py took 0.392 seconds
[2024-12-02T17:48:32.317+0000] {processor.py:186} INFO - Started process (PID=402) to work on /opt/airflow/dags/generator_dag.py
[2024-12-02T17:48:32.337+0000] {processor.py:914} INFO - Processing file /opt/airflow/dags/generator_dag.py for tasks to queue
[2024-12-02T17:48:32.342+0000] {logging_mixin.py:190} INFO - [2024-12-02T17:48:32.341+0000] {dagbag.py:588} INFO - Filling up the DagBag from /opt/airflow/dags/generator_dag.py
[2024-12-02T17:48:32.362+0000] {processor.py:925} INFO - DAG(s) 'financial_data_generation' retrieved from /opt/airflow/dags/generator_dag.py
[2024-12-02T17:48:32.415+0000] {logging_mixin.py:190} INFO - [2024-12-02T17:48:32.414+0000] {dag.py:3239} INFO - Sync 1 DAGs
[2024-12-02T17:48:32.572+0000] {processor.py:208} INFO - Processing /opt/airflow/dags/generator_dag.py took 0.310 seconds
[2024-12-02T17:49:03.065+0000] {processor.py:186} INFO - Started process (PID=460) to work on /opt/airflow/dags/generator_dag.py
[2024-12-02T17:49:03.074+0000] {processor.py:914} INFO - Processing file /opt/airflow/dags/generator_dag.py for tasks to queue
[2024-12-02T17:49:03.077+0000] {logging_mixin.py:190} INFO - [2024-12-02T17:49:03.076+0000] {dagbag.py:588} INFO - Filling up the DagBag from /opt/airflow/dags/generator_dag.py
[2024-12-02T17:49:03.094+0000] {processor.py:925} INFO - DAG(s) 'financial_data_generation' retrieved from /opt/airflow/dags/generator_dag.py
[2024-12-02T17:49:03.124+0000] {logging_mixin.py:190} INFO - [2024-12-02T17:49:03.123+0000] {dag.py:3239} INFO - Sync 1 DAGs
[2024-12-02T17:49:03.172+0000] {logging_mixin.py:190} INFO - [2024-12-02T17:49:03.172+0000] {dag.py:4180} INFO - Setting next_dagrun for financial_data_generation to 2024-01-16 00:00:00+00:00, run_after=2024-01-17 00:00:00+00:00
[2024-12-02T17:49:03.201+0000] {processor.py:208} INFO - Processing /opt/airflow/dags/generator_dag.py took 0.146 seconds
[2024-12-02T17:49:33.717+0000] {processor.py:186} INFO - Started process (PID=525) to work on /opt/airflow/dags/generator_dag.py
[2024-12-02T17:49:33.717+0000] {processor.py:914} INFO - Processing file /opt/airflow/dags/generator_dag.py for tasks to queue
[2024-12-02T17:49:33.720+0000] {logging_mixin.py:190} INFO - [2024-12-02T17:49:33.720+0000] {dagbag.py:588} INFO - Filling up the DagBag from /opt/airflow/dags/generator_dag.py
[2024-12-02T17:49:33.730+0000] {processor.py:925} INFO - DAG(s) 'financial_data_generation' retrieved from /opt/airflow/dags/generator_dag.py
[2024-12-02T17:49:33.753+0000] {logging_mixin.py:190} INFO - [2024-12-02T17:49:33.753+0000] {dag.py:3239} INFO - Sync 1 DAGs
[2024-12-02T17:49:33.786+0000] {logging_mixin.py:190} INFO - [2024-12-02T17:49:33.786+0000] {dag.py:4180} INFO - Setting next_dagrun for financial_data_generation to 2024-01-18 00:00:00+00:00, run_after=2024-01-19 00:00:00+00:00
[2024-12-02T17:49:33.806+0000] {processor.py:208} INFO - Processing /opt/airflow/dags/generator_dag.py took 0.095 seconds
[2024-12-02T17:50:03.902+0000] {processor.py:186} INFO - Started process (PID=590) to work on /opt/airflow/dags/generator_dag.py
[2024-12-02T17:50:03.907+0000] {processor.py:914} INFO - Processing file /opt/airflow/dags/generator_dag.py for tasks to queue
[2024-12-02T17:50:03.910+0000] {logging_mixin.py:190} INFO - [2024-12-02T17:50:03.910+0000] {dagbag.py:588} INFO - Filling up the DagBag from /opt/airflow/dags/generator_dag.py
[2024-12-02T17:50:03.924+0000] {processor.py:925} INFO - DAG(s) 'financial_data_generation' retrieved from /opt/airflow/dags/generator_dag.py
[2024-12-02T17:50:03.949+0000] {logging_mixin.py:190} INFO - [2024-12-02T17:50:03.948+0000] {dag.py:3239} INFO - Sync 1 DAGs
[2024-12-02T17:50:03.985+0000] {logging_mixin.py:190} INFO - [2024-12-02T17:50:03.984+0000] {dag.py:4180} INFO - Setting next_dagrun for financial_data_generation to 2024-01-18 00:00:00+00:00, run_after=2024-01-19 00:00:00+00:00
[2024-12-02T17:50:04.007+0000] {processor.py:208} INFO - Processing /opt/airflow/dags/generator_dag.py took 0.120 seconds
[2024-12-02T17:50:34.285+0000] {processor.py:186} INFO - Started process (PID=655) to work on /opt/airflow/dags/generator_dag.py
[2024-12-02T17:50:34.286+0000] {processor.py:914} INFO - Processing file /opt/airflow/dags/generator_dag.py for tasks to queue
[2024-12-02T17:50:34.290+0000] {logging_mixin.py:190} INFO - [2024-12-02T17:50:34.290+0000] {dagbag.py:588} INFO - Filling up the DagBag from /opt/airflow/dags/generator_dag.py
[2024-12-02T17:50:34.306+0000] {processor.py:925} INFO - DAG(s) 'financial_data_generation' retrieved from /opt/airflow/dags/generator_dag.py
[2024-12-02T17:50:34.332+0000] {logging_mixin.py:190} INFO - [2024-12-02T17:50:34.331+0000] {dag.py:3239} INFO - Sync 1 DAGs
[2024-12-02T17:50:34.369+0000] {logging_mixin.py:190} INFO - [2024-12-02T17:50:34.369+0000] {dag.py:4180} INFO - Setting next_dagrun for financial_data_generation to 2024-01-18 00:00:00+00:00, run_after=2024-01-19 00:00:00+00:00
[2024-12-02T17:50:34.395+0000] {processor.py:208} INFO - Processing /opt/airflow/dags/generator_dag.py took 0.121 seconds
