[2024-12-05T06:28:21.725+0000] {local_task_job_runner.py:123} INFO - ::group::Pre task execution logs
[2024-12-05T06:28:21.751+0000] {taskinstance.py:2613} INFO - Dependencies all met for dep_context=non-requeueable deps ti=<TaskInstance: finance_data_generator.generate_and_store_data scheduled__2024-12-05T06:27:00+00:00 [queued]>
[2024-12-05T06:28:21.763+0000] {taskinstance.py:2613} INFO - Dependencies all met for dep_context=requeueable deps ti=<TaskInstance: finance_data_generator.generate_and_store_data scheduled__2024-12-05T06:27:00+00:00 [queued]>
[2024-12-05T06:28:21.764+0000] {taskinstance.py:2866} INFO - Starting attempt 1 of 2
[2024-12-05T06:28:21.784+0000] {taskinstance.py:2889} INFO - Executing <Task(PythonOperator): generate_and_store_data> on 2024-12-05 06:27:00+00:00
[2024-12-05T06:28:21.792+0000] {warnings.py:112} WARNING - /home/airflow/.local/lib/python3.12/site-packages/airflow/task/task_runner/standard_task_runner.py:70: DeprecationWarning: This process (pid=75) is multi-threaded, use of fork() may lead to deadlocks in the child.
  pid = os.fork()

[2024-12-05T06:28:21.793+0000] {standard_task_runner.py:72} INFO - Started process 81 to run task
[2024-12-05T06:28:21.794+0000] {standard_task_runner.py:104} INFO - Running: ['airflow', 'tasks', 'run', 'finance_data_generator', 'generate_and_store_data', 'scheduled__2024-12-05T06:27:00+00:00', '--job-id', '4', '--raw', '--subdir', 'DAGS_FOLDER/finance_data_generator.py', '--cfg-path', '/tmp/tmp71ws6mms']
[2024-12-05T06:28:21.795+0000] {standard_task_runner.py:105} INFO - Job 4: Subtask generate_and_store_data
[2024-12-05T06:28:21.867+0000] {task_command.py:467} INFO - Running <TaskInstance: finance_data_generator.generate_and_store_data scheduled__2024-12-05T06:27:00+00:00 [running]> on host 8c78371ff97c
[2024-12-05T06:28:21.970+0000] {taskinstance.py:3132} INFO - Exporting env vars: AIRFLOW_CTX_DAG_OWNER='airflow' AIRFLOW_CTX_DAG_ID='finance_data_generator' AIRFLOW_CTX_TASK_ID='generate_and_store_data' AIRFLOW_CTX_EXECUTION_DATE='2024-12-05T06:27:00+00:00' AIRFLOW_CTX_TRY_NUMBER='1' AIRFLOW_CTX_DAG_RUN_ID='scheduled__2024-12-05T06:27:00+00:00'
[2024-12-05T06:28:21.971+0000] {logging_mixin.py:190} INFO - Task instance is in running state
[2024-12-05T06:28:21.972+0000] {logging_mixin.py:190} INFO -  Previous state of the Task instance: queued
[2024-12-05T06:28:21.972+0000] {logging_mixin.py:190} INFO - Current task name:generate_and_store_data state:running start_date:2024-12-05 06:28:21.752388+00:00
[2024-12-05T06:28:21.972+0000] {logging_mixin.py:190} INFO - Dag name:finance_data_generator and current dag run status:running
[2024-12-05T06:28:21.972+0000] {taskinstance.py:731} INFO - ::endgroup::
[2024-12-05T06:28:22.010+0000] {logging_mixin.py:190} INFO - Transactions successfully stored in database
[2024-12-05T06:28:22.011+0000] {python.py:240} INFO - Done. Returned value was: None
[2024-12-05T06:28:22.027+0000] {taskinstance.py:340} INFO - ::group::Post task execution logs
[2024-12-05T06:28:22.028+0000] {taskinstance.py:352} INFO - Marking task as SUCCESS. dag_id=finance_data_generator, task_id=generate_and_store_data, run_id=scheduled__2024-12-05T06:27:00+00:00, execution_date=20241205T062700, start_date=20241205T062821, end_date=20241205T062822
[2024-12-05T06:28:22.042+0000] {logging_mixin.py:190} INFO - Task instance in success state
[2024-12-05T06:28:22.043+0000] {logging_mixin.py:190} INFO -  Previous state of the Task instance: running
[2024-12-05T06:28:22.043+0000] {logging_mixin.py:190} INFO - Dag name:finance_data_generator queued_at:2024-12-05 06:28:15.650091+00:00
[2024-12-05T06:28:22.043+0000] {logging_mixin.py:190} INFO - Task hostname:8c78371ff97c operator:PythonOperator
[2024-12-05T06:28:22.088+0000] {local_task_job_runner.py:266} INFO - Task exited with return code 0
[2024-12-05T06:28:22.110+0000] {taskinstance.py:3895} INFO - 0 downstream tasks scheduled from follow-on schedule check
[2024-12-05T06:28:22.114+0000] {local_task_job_runner.py:245} INFO - ::endgroup::
