[2024-12-05T02:24:34.361+0000] {local_task_job_runner.py:123} INFO - ::group::Pre task execution logs
[2024-12-05T02:24:34.404+0000] {taskinstance.py:2613} INFO - Dependencies all met for dep_context=non-requeueable deps ti=<TaskInstance: finance_data_generator.generate_and_store_data scheduled__2024-12-04T00:00:00+00:00 [queued]>
[2024-12-05T02:24:34.423+0000] {taskinstance.py:2613} INFO - Dependencies all met for dep_context=requeueable deps ti=<TaskInstance: finance_data_generator.generate_and_store_data scheduled__2024-12-04T00:00:00+00:00 [queued]>
[2024-12-05T02:24:34.423+0000] {taskinstance.py:2866} INFO - Starting attempt 1 of 2
[2024-12-05T02:24:34.455+0000] {taskinstance.py:2889} INFO - Executing <Task(PythonOperator): generate_and_store_data> on 2024-12-04 00:00:00+00:00
[2024-12-05T02:24:34.469+0000] {warnings.py:112} WARNING - /home/airflow/.local/lib/python3.12/site-packages/airflow/task/task_runner/standard_task_runner.py:70: DeprecationWarning: This process (pid=90) is multi-threaded, use of fork() may lead to deadlocks in the child.
  pid = os.fork()

[2024-12-05T02:24:34.471+0000] {standard_task_runner.py:72} INFO - Started process 95 to run task
[2024-12-05T02:24:34.474+0000] {standard_task_runner.py:104} INFO - Running: ['airflow', 'tasks', 'run', 'finance_data_generator', 'generate_and_store_data', 'scheduled__2024-12-04T00:00:00+00:00', '--job-id', '4', '--raw', '--subdir', 'DAGS_FOLDER/finance_data_generator.py', '--cfg-path', '/tmp/tmpmd8hxtmf']
[2024-12-05T02:24:34.476+0000] {standard_task_runner.py:105} INFO - Job 4: Subtask generate_and_store_data
[2024-12-05T02:24:34.584+0000] {task_command.py:467} INFO - Running <TaskInstance: finance_data_generator.generate_and_store_data scheduled__2024-12-04T00:00:00+00:00 [running]> on host 9b88ee95a57a
[2024-12-05T02:24:34.843+0000] {taskinstance.py:3132} INFO - Exporting env vars: AIRFLOW_CTX_DAG_OWNER='airflow' AIRFLOW_CTX_DAG_ID='finance_data_generator' AIRFLOW_CTX_TASK_ID='generate_and_store_data' AIRFLOW_CTX_EXECUTION_DATE='2024-12-04T00:00:00+00:00' AIRFLOW_CTX_TRY_NUMBER='1' AIRFLOW_CTX_DAG_RUN_ID='scheduled__2024-12-04T00:00:00+00:00'
[2024-12-05T02:24:34.845+0000] {logging_mixin.py:190} INFO - Task instance is in running state
[2024-12-05T02:24:34.846+0000] {logging_mixin.py:190} INFO -  Previous state of the Task instance: queued
[2024-12-05T02:24:34.847+0000] {logging_mixin.py:190} INFO - Current task name:generate_and_store_data state:running start_date:2024-12-05 02:24:34.404638+00:00
[2024-12-05T02:24:34.847+0000] {logging_mixin.py:190} INFO - Dag name:finance_data_generator and current dag run status:running
[2024-12-05T02:24:34.848+0000] {taskinstance.py:731} INFO - ::endgroup::
[2024-12-05T02:25:07.276+0000] {logging_mixin.py:190} INFO - Transactions successfully stored in database
[2024-12-05T02:25:07.281+0000] {python.py:240} INFO - Done. Returned value was: None
[2024-12-05T02:25:07.314+0000] {taskinstance.py:340} INFO - ::group::Post task execution logs
[2024-12-05T02:25:07.315+0000] {taskinstance.py:352} INFO - Marking task as SUCCESS. dag_id=finance_data_generator, task_id=generate_and_store_data, run_id=scheduled__2024-12-04T00:00:00+00:00, execution_date=20241204T000000, start_date=20241205T022434, end_date=20241205T022507
[2024-12-05T02:25:07.345+0000] {logging_mixin.py:190} INFO - Task instance in success state
[2024-12-05T02:25:07.346+0000] {logging_mixin.py:190} INFO -  Previous state of the Task instance: running
[2024-12-05T02:25:07.346+0000] {logging_mixin.py:190} INFO - Dag name:finance_data_generator queued_at:2024-12-05 02:24:25.979884+00:00
[2024-12-05T02:25:07.349+0000] {logging_mixin.py:190} INFO - Task hostname:9b88ee95a57a operator:PythonOperator
[2024-12-05T02:25:07.430+0000] {local_task_job_runner.py:266} INFO - Task exited with return code 0
[2024-12-05T02:25:07.484+0000] {taskinstance.py:3895} INFO - 0 downstream tasks scheduled from follow-on schedule check
[2024-12-05T02:25:07.488+0000] {local_task_job_runner.py:245} INFO - ::endgroup::
[2024-12-05T02:31:19.125+0000] {local_task_job_runner.py:123} INFO - ::group::Pre task execution logs
[2024-12-05T02:31:19.153+0000] {taskinstance.py:2613} INFO - Dependencies all met for dep_context=non-requeueable deps ti=<TaskInstance: finance_data_generator.generate_and_store_data scheduled__2024-12-04T00:00:00+00:00 [queued]>
[2024-12-05T02:31:19.170+0000] {taskinstance.py:2613} INFO - Dependencies all met for dep_context=requeueable deps ti=<TaskInstance: finance_data_generator.generate_and_store_data scheduled__2024-12-04T00:00:00+00:00 [queued]>
[2024-12-05T02:31:19.171+0000] {taskinstance.py:2866} INFO - Starting attempt 1 of 2
[2024-12-05T02:31:19.193+0000] {taskinstance.py:2889} INFO - Executing <Task(PythonOperator): generate_and_store_data> on 2024-12-04 00:00:00+00:00
[2024-12-05T02:31:19.201+0000] {warnings.py:112} WARNING - /home/airflow/.local/lib/python3.12/site-packages/airflow/task/task_runner/standard_task_runner.py:70: DeprecationWarning: This process (pid=84) is multi-threaded, use of fork() may lead to deadlocks in the child.
  pid = os.fork()

[2024-12-05T02:31:19.203+0000] {standard_task_runner.py:72} INFO - Started process 94 to run task
[2024-12-05T02:31:19.206+0000] {standard_task_runner.py:104} INFO - Running: ['airflow', 'tasks', 'run', 'finance_data_generator', 'generate_and_store_data', 'scheduled__2024-12-04T00:00:00+00:00', '--job-id', '3', '--raw', '--subdir', 'DAGS_FOLDER/finance_data_generator.py', '--cfg-path', '/tmp/tmp6sol9y4v']
[2024-12-05T02:31:19.208+0000] {standard_task_runner.py:105} INFO - Job 3: Subtask generate_and_store_data
[2024-12-05T02:31:19.281+0000] {task_command.py:467} INFO - Running <TaskInstance: finance_data_generator.generate_and_store_data scheduled__2024-12-04T00:00:00+00:00 [running]> on host ce88110f1aa7
[2024-12-05T02:31:19.430+0000] {taskinstance.py:3132} INFO - Exporting env vars: AIRFLOW_CTX_DAG_OWNER='airflow' AIRFLOW_CTX_DAG_ID='finance_data_generator' AIRFLOW_CTX_TASK_ID='generate_and_store_data' AIRFLOW_CTX_EXECUTION_DATE='2024-12-04T00:00:00+00:00' AIRFLOW_CTX_TRY_NUMBER='1' AIRFLOW_CTX_DAG_RUN_ID='scheduled__2024-12-04T00:00:00+00:00'
[2024-12-05T02:31:19.432+0000] {logging_mixin.py:190} INFO - Task instance is in running state
[2024-12-05T02:31:19.432+0000] {logging_mixin.py:190} INFO -  Previous state of the Task instance: queued
[2024-12-05T02:31:19.433+0000] {logging_mixin.py:190} INFO - Current task name:generate_and_store_data state:running start_date:2024-12-05 02:31:19.154529+00:00
[2024-12-05T02:31:19.433+0000] {logging_mixin.py:190} INFO - Dag name:finance_data_generator and current dag run status:running
[2024-12-05T02:31:19.433+0000] {taskinstance.py:731} INFO - ::endgroup::
[2024-12-05T02:31:19.531+0000] {logging_mixin.py:190} INFO - Transactions successfully stored in database
[2024-12-05T02:31:19.532+0000] {python.py:240} INFO - Done. Returned value was: None
[2024-12-05T02:31:19.550+0000] {taskinstance.py:340} INFO - ::group::Post task execution logs
[2024-12-05T02:31:19.551+0000] {taskinstance.py:352} INFO - Marking task as SUCCESS. dag_id=finance_data_generator, task_id=generate_and_store_data, run_id=scheduled__2024-12-04T00:00:00+00:00, execution_date=20241204T000000, start_date=20241205T023119, end_date=20241205T023119
[2024-12-05T02:31:19.568+0000] {logging_mixin.py:190} INFO - Task instance in success state
[2024-12-05T02:31:19.569+0000] {logging_mixin.py:190} INFO -  Previous state of the Task instance: running
[2024-12-05T02:31:19.569+0000] {logging_mixin.py:190} INFO - Dag name:finance_data_generator queued_at:2024-12-05 02:31:11.650883+00:00
[2024-12-05T02:31:19.570+0000] {logging_mixin.py:190} INFO - Task hostname:ce88110f1aa7 operator:PythonOperator
[2024-12-05T02:31:19.621+0000] {local_task_job_runner.py:266} INFO - Task exited with return code 0
[2024-12-05T02:31:19.649+0000] {taskinstance.py:3895} INFO - 0 downstream tasks scheduled from follow-on schedule check
[2024-12-05T02:31:19.650+0000] {local_task_job_runner.py:245} INFO - ::endgroup::
