[2024-12-02T17:48:45.824+0000] {local_task_job_runner.py:123} INFO - ::group::Pre task execution logs
[2024-12-02T17:48:46.120+0000] {taskinstance.py:2613} INFO - Dependencies all met for dep_context=non-requeueable deps ti=<TaskInstance: financial_data_generation.store_transactions scheduled__2024-01-04T00:00:00+00:00 [queued]>
[2024-12-02T17:48:46.200+0000] {taskinstance.py:2613} INFO - Dependencies all met for dep_context=requeueable deps ti=<TaskInstance: financial_data_generation.store_transactions scheduled__2024-01-04T00:00:00+00:00 [queued]>
[2024-12-02T17:48:46.201+0000] {taskinstance.py:2866} INFO - Starting attempt 1 of 1
[2024-12-02T17:48:46.254+0000] {taskinstance.py:2889} INFO - Executing <Task(PythonOperator): store_transactions> on 2024-01-04 00:00:00+00:00
[2024-12-02T17:48:46.273+0000] {warnings.py:112} WARNING - /home/airflow/.local/lib/python3.12/site-packages/airflow/task/task_runner/standard_task_runner.py:70: DeprecationWarning: This process (pid=198) is multi-threaded, use of fork() may lead to deadlocks in the child.
  pid = os.fork()

[2024-12-02T17:48:46.274+0000] {standard_task_runner.py:72} INFO - Started process 239 to run task
[2024-12-02T17:48:46.280+0000] {standard_task_runner.py:104} INFO - Running: ['airflow', 'tasks', 'run', 'financial_data_generation', 'store_transactions', 'scheduled__2024-01-04T00:00:00+00:00', '--job-id', '28', '--raw', '--subdir', 'DAGS_FOLDER/generator_dag.py', '--cfg-path', '/tmp/tmpsazbufuq']
[2024-12-02T17:48:46.282+0000] {standard_task_runner.py:105} INFO - Job 28: Subtask store_transactions
[2024-12-02T17:48:46.492+0000] {task_command.py:467} INFO - Running <TaskInstance: financial_data_generation.store_transactions scheduled__2024-01-04T00:00:00+00:00 [running]> on host ubuntu
[2024-12-02T17:48:47.127+0000] {taskinstance.py:3132} INFO - Exporting env vars: AIRFLOW_CTX_DAG_OWNER='airflow' AIRFLOW_CTX_DAG_ID='financial_data_generation' AIRFLOW_CTX_TASK_ID='store_transactions' AIRFLOW_CTX_EXECUTION_DATE='2024-01-04T00:00:00+00:00' AIRFLOW_CTX_TRY_NUMBER='1' AIRFLOW_CTX_DAG_RUN_ID='scheduled__2024-01-04T00:00:00+00:00'
[2024-12-02T17:48:47.129+0000] {logging_mixin.py:190} INFO - Task instance is in running state
[2024-12-02T17:48:47.130+0000] {logging_mixin.py:190} INFO -  Previous state of the Task instance: queued
[2024-12-02T17:48:47.130+0000] {logging_mixin.py:190} INFO - Current task name:store_transactions state:running start_date:2024-12-02 17:48:46.121535+00:00
[2024-12-02T17:48:47.131+0000] {logging_mixin.py:190} INFO - Dag name:financial_data_generation and current dag run status:running
[2024-12-02T17:48:47.132+0000] {taskinstance.py:731} INFO - ::endgroup::
[2024-12-02T17:49:01.411+0000] {python.py:240} INFO - Done. Returned value was: None
[2024-12-02T17:49:01.435+0000] {taskinstance.py:340} INFO - ::group::Post task execution logs
[2024-12-02T17:49:01.436+0000] {taskinstance.py:352} INFO - Marking task as SUCCESS. dag_id=financial_data_generation, task_id=store_transactions, run_id=scheduled__2024-01-04T00:00:00+00:00, execution_date=20240104T000000, start_date=20241202T174846, end_date=20241202T174901
[2024-12-02T17:49:01.453+0000] {logging_mixin.py:190} INFO - Task instance in success state
[2024-12-02T17:49:01.454+0000] {logging_mixin.py:190} INFO -  Previous state of the Task instance: running
[2024-12-02T17:49:01.454+0000] {logging_mixin.py:190} INFO - Dag name:financial_data_generation queued_at:2024-12-02 17:47:52.475889+00:00
[2024-12-02T17:49:01.455+0000] {logging_mixin.py:190} INFO - Task hostname:ubuntu operator:PythonOperator
[2024-12-02T17:49:01.508+0000] {local_task_job_runner.py:266} INFO - Task exited with return code 0
[2024-12-02T17:49:01.537+0000] {taskinstance.py:3895} INFO - 0 downstream tasks scheduled from follow-on schedule check
[2024-12-02T17:49:01.541+0000] {local_task_job_runner.py:245} INFO - ::endgroup::
