[2024-12-02T17:48:17.090+0000] {local_task_job_runner.py:123} INFO - ::group::Pre task execution logs
[2024-12-02T17:48:17.428+0000] {taskinstance.py:2613} INFO - Dependencies all met for dep_context=non-requeueable deps ti=<TaskInstance: financial_data_generation.generate_transactions scheduled__2024-01-15T00:00:00+00:00 [queued]>
[2024-12-02T17:48:17.456+0000] {taskinstance.py:2613} INFO - Dependencies all met for dep_context=requeueable deps ti=<TaskInstance: financial_data_generation.generate_transactions scheduled__2024-01-15T00:00:00+00:00 [queued]>
[2024-12-02T17:48:17.456+0000] {taskinstance.py:2866} INFO - Starting attempt 1 of 1
[2024-12-02T17:48:17.536+0000] {taskinstance.py:2889} INFO - Executing <Task(PythonOperator): generate_transactions> on 2024-01-15 00:00:00+00:00
[2024-12-02T17:48:17.627+0000] {warnings.py:112} WARNING - /home/airflow/.local/lib/python3.12/site-packages/airflow/task/task_runner/standard_task_runner.py:70: DeprecationWarning: This process (pid=116) is multi-threaded, use of fork() may lead to deadlocks in the child.
  pid = os.fork()

[2024-12-02T17:48:17.629+0000] {standard_task_runner.py:72} INFO - Started process 135 to run task
[2024-12-02T17:48:17.723+0000] {standard_task_runner.py:104} INFO - Running: ['airflow', 'tasks', 'run', 'financial_data_generation', 'generate_transactions', 'scheduled__2024-01-15T00:00:00+00:00', '--job-id', '17', '--raw', '--subdir', 'DAGS_FOLDER/generator_dag.py', '--cfg-path', '/tmp/tmpt0bboxun']
[2024-12-02T17:48:17.790+0000] {standard_task_runner.py:105} INFO - Job 17: Subtask generate_transactions
[2024-12-02T17:48:18.677+0000] {task_command.py:467} INFO - Running <TaskInstance: financial_data_generation.generate_transactions scheduled__2024-01-15T00:00:00+00:00 [running]> on host ubuntu
[2024-12-02T17:48:24.524+0000] {taskinstance.py:3132} INFO - Exporting env vars: AIRFLOW_CTX_DAG_OWNER='airflow' AIRFLOW_CTX_DAG_ID='financial_data_generation' AIRFLOW_CTX_TASK_ID='generate_transactions' AIRFLOW_CTX_EXECUTION_DATE='2024-01-15T00:00:00+00:00' AIRFLOW_CTX_TRY_NUMBER='1' AIRFLOW_CTX_DAG_RUN_ID='scheduled__2024-01-15T00:00:00+00:00'
[2024-12-02T17:48:24.579+0000] {logging_mixin.py:190} INFO - Task instance is in running state
[2024-12-02T17:48:24.580+0000] {logging_mixin.py:190} INFO -  Previous state of the Task instance: queued
[2024-12-02T17:48:24.580+0000] {logging_mixin.py:190} INFO - Current task name:generate_transactions state:running start_date:2024-12-02 17:48:17.428957+00:00
[2024-12-02T17:48:24.581+0000] {logging_mixin.py:190} INFO - Dag name:financial_data_generation and current dag run status:running
[2024-12-02T17:48:24.585+0000] {taskinstance.py:731} INFO - ::endgroup::
[2024-12-02T17:48:24.824+0000] {python.py:240} INFO - Done. Returned value was:       transaction_id       amount  ...  payment_method                     timestamp
0                  1  1878.955193  ...        E-Wallet 2023-01-01 00:00:00.000000000
1                  2  4754.064389  ...    Kartu Kredit 2023-01-01 00:52:25.274527452
2                  3  3662.649770  ...    Kartu Kredit 2023-01-01 01:44:50.549054905
3                  4  2997.305836  ...    Kartu Kredit 2023-01-01 02:37:15.823582358
4                  5   788.533016  ...   Transfer Bank 2023-01-01 03:29:41.098109810
...              ...          ...  ...             ...                           ...
9995            9996  4289.703381  ...           Tunai 2023-12-30 20:30:18.901890188
9996            9997  4488.569087  ...   Transfer Bank 2023-12-30 21:22:44.176417640
9997            9998  4734.072496  ...  Debit Langsung 2023-12-30 22:15:09.450945092
9998            9999  1993.465082  ...           Tunai 2023-12-30 23:07:34.725472544
9999           10000  1093.530616  ...           Tunai 2023-12-31 00:00:00.000000000

[10000 rows x 6 columns]
[2024-12-02T17:48:26.307+0000] {taskinstance.py:340} INFO - ::group::Post task execution logs
[2024-12-02T17:48:26.310+0000] {taskinstance.py:352} INFO - Marking task as SUCCESS. dag_id=financial_data_generation, task_id=generate_transactions, run_id=scheduled__2024-01-15T00:00:00+00:00, execution_date=20240115T000000, start_date=20241202T174817, end_date=20241202T174826
[2024-12-02T17:48:26.592+0000] {logging_mixin.py:190} INFO - Task instance in success state
[2024-12-02T17:48:26.597+0000] {logging_mixin.py:190} INFO -  Previous state of the Task instance: running
[2024-12-02T17:48:26.598+0000] {logging_mixin.py:190} INFO - Dag name:financial_data_generation queued_at:2024-12-02 17:47:55.181885+00:00
[2024-12-02T17:48:26.598+0000] {logging_mixin.py:190} INFO - Task hostname:ubuntu operator:PythonOperator
[2024-12-02T17:48:26.791+0000] {local_task_job_runner.py:266} INFO - Task exited with return code 0
[2024-12-02T17:48:27.064+0000] {taskinstance.py:3895} INFO - 1 downstream tasks scheduled from follow-on schedule check
[2024-12-02T17:48:27.089+0000] {local_task_job_runner.py:245} INFO - ::endgroup::
