[2024-12-02T17:48:46.316+0000] {local_task_job_runner.py:123} INFO - ::group::Pre task execution logs
[2024-12-02T17:48:46.662+0000] {taskinstance.py:2613} INFO - Dependencies all met for dep_context=non-requeueable deps ti=<TaskInstance: financial_data_generation.store_transactions scheduled__2024-01-08T00:00:00+00:00 [queued]>
[2024-12-02T17:48:46.718+0000] {taskinstance.py:2613} INFO - Dependencies all met for dep_context=requeueable deps ti=<TaskInstance: financial_data_generation.store_transactions scheduled__2024-01-08T00:00:00+00:00 [queued]>
[2024-12-02T17:48:46.718+0000] {taskinstance.py:2866} INFO - Starting attempt 1 of 1
[2024-12-02T17:48:46.925+0000] {taskinstance.py:2889} INFO - Executing <Task(PythonOperator): store_transactions> on 2024-01-08 00:00:00+00:00
[2024-12-02T17:48:46.987+0000] {warnings.py:112} WARNING - /home/airflow/.local/lib/python3.12/site-packages/airflow/task/task_runner/standard_task_runner.py:70: DeprecationWarning: This process (pid=208) is multi-threaded, use of fork() may lead to deadlocks in the child.
  pid = os.fork()

[2024-12-02T17:48:47.008+0000] {standard_task_runner.py:72} INFO - Started process 247 to run task
[2024-12-02T17:48:47.022+0000] {standard_task_runner.py:104} INFO - Running: ['airflow', 'tasks', 'run', 'financial_data_generation', 'store_transactions', 'scheduled__2024-01-08T00:00:00+00:00', '--job-id', '31', '--raw', '--subdir', 'DAGS_FOLDER/generator_dag.py', '--cfg-path', '/tmp/tmpi7v5riy1']
[2024-12-02T17:48:47.024+0000] {standard_task_runner.py:105} INFO - Job 31: Subtask store_transactions
[2024-12-02T17:48:47.388+0000] {task_command.py:467} INFO - Running <TaskInstance: financial_data_generation.store_transactions scheduled__2024-01-08T00:00:00+00:00 [running]> on host ubuntu
[2024-12-02T17:48:47.970+0000] {taskinstance.py:3132} INFO - Exporting env vars: AIRFLOW_CTX_DAG_OWNER='airflow' AIRFLOW_CTX_DAG_ID='financial_data_generation' AIRFLOW_CTX_TASK_ID='store_transactions' AIRFLOW_CTX_EXECUTION_DATE='2024-01-08T00:00:00+00:00' AIRFLOW_CTX_TRY_NUMBER='1' AIRFLOW_CTX_DAG_RUN_ID='scheduled__2024-01-08T00:00:00+00:00'
[2024-12-02T17:48:47.972+0000] {logging_mixin.py:190} INFO - Task instance is in running state
[2024-12-02T17:48:47.972+0000] {logging_mixin.py:190} INFO -  Previous state of the Task instance: queued
[2024-12-02T17:48:47.973+0000] {logging_mixin.py:190} INFO - Current task name:store_transactions state:running start_date:2024-12-02 17:48:46.664679+00:00
[2024-12-02T17:48:47.973+0000] {logging_mixin.py:190} INFO - Dag name:financial_data_generation and current dag run status:running
[2024-12-02T17:48:47.973+0000] {taskinstance.py:731} INFO - ::endgroup::
[2024-12-02T17:49:04.015+0000] {python.py:240} INFO - Done. Returned value was: None
[2024-12-02T17:49:04.036+0000] {taskinstance.py:340} INFO - ::group::Post task execution logs
[2024-12-02T17:49:04.037+0000] {taskinstance.py:352} INFO - Marking task as SUCCESS. dag_id=financial_data_generation, task_id=store_transactions, run_id=scheduled__2024-01-08T00:00:00+00:00, execution_date=20240108T000000, start_date=20241202T174846, end_date=20241202T174904
[2024-12-02T17:49:04.058+0000] {logging_mixin.py:190} INFO - Task instance in success state
[2024-12-02T17:49:04.058+0000] {logging_mixin.py:190} INFO -  Previous state of the Task instance: running
[2024-12-02T17:49:04.058+0000] {logging_mixin.py:190} INFO - Dag name:financial_data_generation queued_at:2024-12-02 17:47:53.282417+00:00
[2024-12-02T17:49:04.059+0000] {logging_mixin.py:190} INFO - Task hostname:ubuntu operator:PythonOperator
[2024-12-02T17:49:04.125+0000] {local_task_job_runner.py:266} INFO - Task exited with return code 0
[2024-12-02T17:49:04.151+0000] {taskinstance.py:3895} INFO - 0 downstream tasks scheduled from follow-on schedule check
[2024-12-02T17:49:04.155+0000] {local_task_job_runner.py:245} INFO - ::endgroup::
