[2024-12-02T17:46:05.013+0000] {processor.py:186} INFO - Started process (PID=91) to work on /home/airflow/.local/lib/python3.12/site-packages/airflow/example_dags/example_complex.py
[2024-12-02T17:46:05.014+0000] {processor.py:914} INFO - Processing file /home/airflow/.local/lib/python3.12/site-packages/airflow/example_dags/example_complex.py for tasks to queue
[2024-12-02T17:46:05.016+0000] {logging_mixin.py:190} INFO - [2024-12-02T17:46:05.015+0000] {dagbag.py:588} INFO - Filling up the DagBag from /home/airflow/.local/lib/python3.12/site-packages/airflow/example_dags/example_complex.py
[2024-12-02T17:46:05.031+0000] {processor.py:925} INFO - DAG(s) 'example_complex' retrieved from /home/airflow/.local/lib/python3.12/site-packages/airflow/example_dags/example_complex.py
[2024-12-02T17:46:05.208+0000] {logging_mixin.py:190} INFO - [2024-12-02T17:46:05.207+0000] {override.py:1911} INFO - Created Permission View: can read on DAG:example_complex
[2024-12-02T17:46:05.224+0000] {logging_mixin.py:190} INFO - [2024-12-02T17:46:05.224+0000] {override.py:1911} INFO - Created Permission View: can edit on DAG:example_complex
[2024-12-02T17:46:05.236+0000] {logging_mixin.py:190} INFO - [2024-12-02T17:46:05.235+0000] {override.py:1911} INFO - Created Permission View: can delete on DAG:example_complex
[2024-12-02T17:46:05.246+0000] {logging_mixin.py:190} INFO - [2024-12-02T17:46:05.246+0000] {override.py:1911} INFO - Created Permission View: can read on DAG Run:example_complex
[2024-12-02T17:46:05.255+0000] {logging_mixin.py:190} INFO - [2024-12-02T17:46:05.255+0000] {override.py:1911} INFO - Created Permission View: can delete on DAG Run:example_complex
[2024-12-02T17:46:05.264+0000] {logging_mixin.py:190} INFO - [2024-12-02T17:46:05.264+0000] {override.py:1911} INFO - Created Permission View: can create on DAG Run:example_complex
[2024-12-02T17:46:05.272+0000] {logging_mixin.py:190} INFO - [2024-12-02T17:46:05.272+0000] {override.py:1911} INFO - Created Permission View: menu access on DAG Run:example_complex
[2024-12-02T17:46:05.273+0000] {logging_mixin.py:190} INFO - [2024-12-02T17:46:05.273+0000] {dag.py:3239} INFO - Sync 1 DAGs
[2024-12-02T17:46:05.292+0000] {logging_mixin.py:190} INFO - [2024-12-02T17:46:05.291+0000] {dag.py:3262} INFO - Creating ORM DAG for example_complex
[2024-12-02T17:46:05.293+0000] {logging_mixin.py:190} INFO - [2024-12-02T17:46:05.292+0000] {dag.py:4180} INFO - Setting next_dagrun for example_complex to None, run_after=None
[2024-12-02T17:46:05.320+0000] {processor.py:208} INFO - Processing /home/airflow/.local/lib/python3.12/site-packages/airflow/example_dags/example_complex.py took 0.313 seconds
[2024-12-02T17:46:36.401+0000] {processor.py:186} INFO - Started process (PID=156) to work on /home/airflow/.local/lib/python3.12/site-packages/airflow/example_dags/example_complex.py
[2024-12-02T17:46:36.402+0000] {processor.py:914} INFO - Processing file /home/airflow/.local/lib/python3.12/site-packages/airflow/example_dags/example_complex.py for tasks to queue
[2024-12-02T17:46:36.404+0000] {logging_mixin.py:190} INFO - [2024-12-02T17:46:36.403+0000] {dagbag.py:588} INFO - Filling up the DagBag from /home/airflow/.local/lib/python3.12/site-packages/airflow/example_dags/example_complex.py
[2024-12-02T17:46:36.418+0000] {processor.py:925} INFO - DAG(s) 'example_complex' retrieved from /home/airflow/.local/lib/python3.12/site-packages/airflow/example_dags/example_complex.py
[2024-12-02T17:46:36.463+0000] {logging_mixin.py:190} INFO - [2024-12-02T17:46:36.463+0000] {dag.py:3239} INFO - Sync 1 DAGs
[2024-12-02T17:46:36.479+0000] {logging_mixin.py:190} INFO - [2024-12-02T17:46:36.479+0000] {dag.py:4180} INFO - Setting next_dagrun for example_complex to None, run_after=None
[2024-12-02T17:46:36.497+0000] {processor.py:208} INFO - Processing /home/airflow/.local/lib/python3.12/site-packages/airflow/example_dags/example_complex.py took 0.104 seconds
[2024-12-02T17:47:07.657+0000] {processor.py:186} INFO - Started process (PID=221) to work on /home/airflow/.local/lib/python3.12/site-packages/airflow/example_dags/example_complex.py
[2024-12-02T17:47:07.658+0000] {processor.py:914} INFO - Processing file /home/airflow/.local/lib/python3.12/site-packages/airflow/example_dags/example_complex.py for tasks to queue
[2024-12-02T17:47:07.660+0000] {logging_mixin.py:190} INFO - [2024-12-02T17:47:07.660+0000] {dagbag.py:588} INFO - Filling up the DagBag from /home/airflow/.local/lib/python3.12/site-packages/airflow/example_dags/example_complex.py
[2024-12-02T17:47:07.676+0000] {processor.py:925} INFO - DAG(s) 'example_complex' retrieved from /home/airflow/.local/lib/python3.12/site-packages/airflow/example_dags/example_complex.py
[2024-12-02T17:47:07.715+0000] {logging_mixin.py:190} INFO - [2024-12-02T17:47:07.715+0000] {dag.py:3239} INFO - Sync 1 DAGs
[2024-12-02T17:47:07.731+0000] {logging_mixin.py:190} INFO - [2024-12-02T17:47:07.731+0000] {dag.py:4180} INFO - Setting next_dagrun for example_complex to None, run_after=None
[2024-12-02T17:47:07.756+0000] {processor.py:208} INFO - Processing /home/airflow/.local/lib/python3.12/site-packages/airflow/example_dags/example_complex.py took 0.106 seconds
[2024-12-02T17:47:38.671+0000] {processor.py:186} INFO - Started process (PID=286) to work on /home/airflow/.local/lib/python3.12/site-packages/airflow/example_dags/example_complex.py
[2024-12-02T17:47:38.672+0000] {processor.py:914} INFO - Processing file /home/airflow/.local/lib/python3.12/site-packages/airflow/example_dags/example_complex.py for tasks to queue
[2024-12-02T17:47:38.675+0000] {logging_mixin.py:190} INFO - [2024-12-02T17:47:38.675+0000] {dagbag.py:588} INFO - Filling up the DagBag from /home/airflow/.local/lib/python3.12/site-packages/airflow/example_dags/example_complex.py
[2024-12-02T17:47:38.697+0000] {processor.py:925} INFO - DAG(s) 'example_complex' retrieved from /home/airflow/.local/lib/python3.12/site-packages/airflow/example_dags/example_complex.py
[2024-12-02T17:47:38.746+0000] {logging_mixin.py:190} INFO - [2024-12-02T17:47:38.745+0000] {dag.py:3239} INFO - Sync 1 DAGs
[2024-12-02T17:47:38.767+0000] {logging_mixin.py:190} INFO - [2024-12-02T17:47:38.767+0000] {dag.py:4180} INFO - Setting next_dagrun for example_complex to None, run_after=None
[2024-12-02T17:47:38.787+0000] {processor.py:208} INFO - Processing /home/airflow/.local/lib/python3.12/site-packages/airflow/example_dags/example_complex.py took 0.124 seconds
[2024-12-02T17:48:13.929+0000] {processor.py:186} INFO - Started process (PID=355) to work on /home/airflow/.local/lib/python3.12/site-packages/airflow/example_dags/example_complex.py
[2024-12-02T17:48:13.934+0000] {processor.py:914} INFO - Processing file /home/airflow/.local/lib/python3.12/site-packages/airflow/example_dags/example_complex.py for tasks to queue
[2024-12-02T17:48:13.939+0000] {logging_mixin.py:190} INFO - [2024-12-02T17:48:13.938+0000] {dagbag.py:588} INFO - Filling up the DagBag from /home/airflow/.local/lib/python3.12/site-packages/airflow/example_dags/example_complex.py
[2024-12-02T17:48:13.993+0000] {processor.py:925} INFO - DAG(s) 'example_complex' retrieved from /home/airflow/.local/lib/python3.12/site-packages/airflow/example_dags/example_complex.py
[2024-12-02T17:48:14.117+0000] {logging_mixin.py:190} INFO - [2024-12-02T17:48:14.117+0000] {dag.py:3239} INFO - Sync 1 DAGs
[2024-12-02T17:48:14.192+0000] {logging_mixin.py:190} INFO - [2024-12-02T17:48:14.191+0000] {dag.py:4180} INFO - Setting next_dagrun for example_complex to None, run_after=None
[2024-12-02T17:48:14.244+0000] {processor.py:208} INFO - Processing /home/airflow/.local/lib/python3.12/site-packages/airflow/example_dags/example_complex.py took 0.336 seconds
[2024-12-02T17:48:47.006+0000] {processor.py:186} INFO - Started process (PID=423) to work on /home/airflow/.local/lib/python3.12/site-packages/airflow/example_dags/example_complex.py
[2024-12-02T17:48:47.012+0000] {processor.py:914} INFO - Processing file /home/airflow/.local/lib/python3.12/site-packages/airflow/example_dags/example_complex.py for tasks to queue
[2024-12-02T17:48:47.023+0000] {logging_mixin.py:190} INFO - [2024-12-02T17:48:47.022+0000] {dagbag.py:588} INFO - Filling up the DagBag from /home/airflow/.local/lib/python3.12/site-packages/airflow/example_dags/example_complex.py
[2024-12-02T17:48:47.072+0000] {processor.py:925} INFO - DAG(s) 'example_complex' retrieved from /home/airflow/.local/lib/python3.12/site-packages/airflow/example_dags/example_complex.py
[2024-12-02T17:48:47.196+0000] {logging_mixin.py:190} INFO - [2024-12-02T17:48:47.196+0000] {dag.py:3239} INFO - Sync 1 DAGs
[2024-12-02T17:48:47.245+0000] {logging_mixin.py:190} INFO - [2024-12-02T17:48:47.241+0000] {dag.py:4180} INFO - Setting next_dagrun for example_complex to None, run_after=None
[2024-12-02T17:48:47.314+0000] {processor.py:208} INFO - Processing /home/airflow/.local/lib/python3.12/site-packages/airflow/example_dags/example_complex.py took 0.338 seconds
[2024-12-02T17:49:18.511+0000] {processor.py:186} INFO - Started process (PID=481) to work on /home/airflow/.local/lib/python3.12/site-packages/airflow/example_dags/example_complex.py
[2024-12-02T17:49:18.512+0000] {processor.py:914} INFO - Processing file /home/airflow/.local/lib/python3.12/site-packages/airflow/example_dags/example_complex.py for tasks to queue
[2024-12-02T17:49:18.515+0000] {logging_mixin.py:190} INFO - [2024-12-02T17:49:18.514+0000] {dagbag.py:588} INFO - Filling up the DagBag from /home/airflow/.local/lib/python3.12/site-packages/airflow/example_dags/example_complex.py
[2024-12-02T17:49:18.532+0000] {processor.py:925} INFO - DAG(s) 'example_complex' retrieved from /home/airflow/.local/lib/python3.12/site-packages/airflow/example_dags/example_complex.py
[2024-12-02T17:49:18.593+0000] {logging_mixin.py:190} INFO - [2024-12-02T17:49:18.593+0000] {dag.py:3239} INFO - Sync 1 DAGs
[2024-12-02T17:49:18.619+0000] {logging_mixin.py:190} INFO - [2024-12-02T17:49:18.618+0000] {dag.py:4180} INFO - Setting next_dagrun for example_complex to None, run_after=None
[2024-12-02T17:49:18.643+0000] {processor.py:208} INFO - Processing /home/airflow/.local/lib/python3.12/site-packages/airflow/example_dags/example_complex.py took 0.138 seconds
[2024-12-02T17:49:49.915+0000] {processor.py:186} INFO - Started process (PID=546) to work on /home/airflow/.local/lib/python3.12/site-packages/airflow/example_dags/example_complex.py
[2024-12-02T17:49:49.916+0000] {processor.py:914} INFO - Processing file /home/airflow/.local/lib/python3.12/site-packages/airflow/example_dags/example_complex.py for tasks to queue
[2024-12-02T17:49:49.918+0000] {logging_mixin.py:190} INFO - [2024-12-02T17:49:49.918+0000] {dagbag.py:588} INFO - Filling up the DagBag from /home/airflow/.local/lib/python3.12/site-packages/airflow/example_dags/example_complex.py
[2024-12-02T17:49:49.937+0000] {processor.py:925} INFO - DAG(s) 'example_complex' retrieved from /home/airflow/.local/lib/python3.12/site-packages/airflow/example_dags/example_complex.py
[2024-12-02T17:49:49.998+0000] {logging_mixin.py:190} INFO - [2024-12-02T17:49:49.998+0000] {dag.py:3239} INFO - Sync 1 DAGs
[2024-12-02T17:49:50.019+0000] {logging_mixin.py:190} INFO - [2024-12-02T17:49:50.018+0000] {dag.py:4180} INFO - Setting next_dagrun for example_complex to None, run_after=None
[2024-12-02T17:49:50.042+0000] {processor.py:208} INFO - Processing /home/airflow/.local/lib/python3.12/site-packages/airflow/example_dags/example_complex.py took 0.136 seconds
[2024-12-02T17:50:21.236+0000] {processor.py:186} INFO - Started process (PID=611) to work on /home/airflow/.local/lib/python3.12/site-packages/airflow/example_dags/example_complex.py
[2024-12-02T17:50:21.237+0000] {processor.py:914} INFO - Processing file /home/airflow/.local/lib/python3.12/site-packages/airflow/example_dags/example_complex.py for tasks to queue
[2024-12-02T17:50:21.242+0000] {logging_mixin.py:190} INFO - [2024-12-02T17:50:21.241+0000] {dagbag.py:588} INFO - Filling up the DagBag from /home/airflow/.local/lib/python3.12/site-packages/airflow/example_dags/example_complex.py
[2024-12-02T17:50:21.269+0000] {processor.py:925} INFO - DAG(s) 'example_complex' retrieved from /home/airflow/.local/lib/python3.12/site-packages/airflow/example_dags/example_complex.py
[2024-12-02T17:50:21.333+0000] {logging_mixin.py:190} INFO - [2024-12-02T17:50:21.333+0000] {dag.py:3239} INFO - Sync 1 DAGs
[2024-12-02T17:50:21.357+0000] {logging_mixin.py:190} INFO - [2024-12-02T17:50:21.357+0000] {dag.py:4180} INFO - Setting next_dagrun for example_complex to None, run_after=None
[2024-12-02T17:50:21.380+0000] {processor.py:208} INFO - Processing /home/airflow/.local/lib/python3.12/site-packages/airflow/example_dags/example_complex.py took 0.157 seconds
