[2024-12-02T17:46:05.351+0000] {processor.py:186} INFO - Started process (PID=93) to work on /home/airflow/.local/lib/python3.12/site-packages/airflow/example_dags/example_sla_dag.py
[2024-12-02T17:46:05.352+0000] {processor.py:914} INFO - Processing file /home/airflow/.local/lib/python3.12/site-packages/airflow/example_dags/example_sla_dag.py for tasks to queue
[2024-12-02T17:46:05.355+0000] {logging_mixin.py:190} INFO - [2024-12-02T17:46:05.355+0000] {dagbag.py:588} INFO - Filling up the DagBag from /home/airflow/.local/lib/python3.12/site-packages/airflow/example_dags/example_sla_dag.py
[2024-12-02T17:46:05.370+0000] {processor.py:925} INFO - DAG(s) 'example_sla_dag' retrieved from /home/airflow/.local/lib/python3.12/site-packages/airflow/example_dags/example_sla_dag.py
[2024-12-02T17:46:05.552+0000] {logging_mixin.py:190} INFO - [2024-12-02T17:46:05.551+0000] {override.py:1911} INFO - Created Permission View: can read on DAG:example_sla_dag
[2024-12-02T17:46:05.574+0000] {logging_mixin.py:190} INFO - [2024-12-02T17:46:05.574+0000] {override.py:1911} INFO - Created Permission View: can edit on DAG:example_sla_dag
[2024-12-02T17:46:05.590+0000] {logging_mixin.py:190} INFO - [2024-12-02T17:46:05.590+0000] {override.py:1911} INFO - Created Permission View: can delete on DAG:example_sla_dag
[2024-12-02T17:46:05.611+0000] {logging_mixin.py:190} INFO - [2024-12-02T17:46:05.611+0000] {override.py:1911} INFO - Created Permission View: can read on DAG Run:example_sla_dag
[2024-12-02T17:46:05.625+0000] {logging_mixin.py:190} INFO - [2024-12-02T17:46:05.624+0000] {override.py:1911} INFO - Created Permission View: can delete on DAG Run:example_sla_dag
[2024-12-02T17:46:05.635+0000] {logging_mixin.py:190} INFO - [2024-12-02T17:46:05.635+0000] {override.py:1911} INFO - Created Permission View: can create on DAG Run:example_sla_dag
[2024-12-02T17:46:05.644+0000] {logging_mixin.py:190} INFO - [2024-12-02T17:46:05.644+0000] {override.py:1911} INFO - Created Permission View: menu access on DAG Run:example_sla_dag
[2024-12-02T17:46:05.645+0000] {logging_mixin.py:190} INFO - [2024-12-02T17:46:05.645+0000] {dag.py:3239} INFO - Sync 1 DAGs
[2024-12-02T17:46:05.665+0000] {logging_mixin.py:190} INFO - [2024-12-02T17:46:05.664+0000] {dag.py:3262} INFO - Creating ORM DAG for example_sla_dag
[2024-12-02T17:46:05.687+0000] {logging_mixin.py:190} INFO - [2024-12-02T17:46:05.687+0000] {dag.py:4180} INFO - Setting next_dagrun for example_sla_dag to 2024-12-02 17:44:00+00:00, run_after=2024-12-02 17:46:00+00:00
[2024-12-02T17:46:05.707+0000] {processor.py:208} INFO - Processing /home/airflow/.local/lib/python3.12/site-packages/airflow/example_dags/example_sla_dag.py took 0.364 seconds
[2024-12-02T17:46:36.526+0000] {processor.py:186} INFO - Started process (PID=158) to work on /home/airflow/.local/lib/python3.12/site-packages/airflow/example_dags/example_sla_dag.py
[2024-12-02T17:46:36.527+0000] {processor.py:914} INFO - Processing file /home/airflow/.local/lib/python3.12/site-packages/airflow/example_dags/example_sla_dag.py for tasks to queue
[2024-12-02T17:46:36.529+0000] {logging_mixin.py:190} INFO - [2024-12-02T17:46:36.529+0000] {dagbag.py:588} INFO - Filling up the DagBag from /home/airflow/.local/lib/python3.12/site-packages/airflow/example_dags/example_sla_dag.py
[2024-12-02T17:46:36.541+0000] {processor.py:925} INFO - DAG(s) 'example_sla_dag' retrieved from /home/airflow/.local/lib/python3.12/site-packages/airflow/example_dags/example_sla_dag.py
[2024-12-02T17:46:36.562+0000] {logging_mixin.py:190} INFO - [2024-12-02T17:46:36.562+0000] {dag.py:3239} INFO - Sync 1 DAGs
[2024-12-02T17:46:36.594+0000] {logging_mixin.py:190} INFO - [2024-12-02T17:46:36.593+0000] {dag.py:4180} INFO - Setting next_dagrun for example_sla_dag to 2024-12-02 17:44:00+00:00, run_after=2024-12-02 17:46:00+00:00
[2024-12-02T17:46:36.614+0000] {processor.py:208} INFO - Processing /home/airflow/.local/lib/python3.12/site-packages/airflow/example_dags/example_sla_dag.py took 0.095 seconds
[2024-12-02T17:47:07.798+0000] {processor.py:186} INFO - Started process (PID=223) to work on /home/airflow/.local/lib/python3.12/site-packages/airflow/example_dags/example_sla_dag.py
[2024-12-02T17:47:07.799+0000] {processor.py:914} INFO - Processing file /home/airflow/.local/lib/python3.12/site-packages/airflow/example_dags/example_sla_dag.py for tasks to queue
[2024-12-02T17:47:07.802+0000] {logging_mixin.py:190} INFO - [2024-12-02T17:47:07.802+0000] {dagbag.py:588} INFO - Filling up the DagBag from /home/airflow/.local/lib/python3.12/site-packages/airflow/example_dags/example_sla_dag.py
[2024-12-02T17:47:07.818+0000] {processor.py:925} INFO - DAG(s) 'example_sla_dag' retrieved from /home/airflow/.local/lib/python3.12/site-packages/airflow/example_dags/example_sla_dag.py
[2024-12-02T17:47:07.840+0000] {logging_mixin.py:190} INFO - [2024-12-02T17:47:07.839+0000] {dag.py:3239} INFO - Sync 1 DAGs
[2024-12-02T17:47:07.873+0000] {logging_mixin.py:190} INFO - [2024-12-02T17:47:07.873+0000] {dag.py:4180} INFO - Setting next_dagrun for example_sla_dag to 2024-12-02 17:44:00+00:00, run_after=2024-12-02 17:46:00+00:00
[2024-12-02T17:47:07.893+0000] {processor.py:208} INFO - Processing /home/airflow/.local/lib/python3.12/site-packages/airflow/example_dags/example_sla_dag.py took 0.104 seconds
[2024-12-02T17:47:38.823+0000] {processor.py:186} INFO - Started process (PID=288) to work on /home/airflow/.local/lib/python3.12/site-packages/airflow/example_dags/example_sla_dag.py
[2024-12-02T17:47:38.824+0000] {processor.py:914} INFO - Processing file /home/airflow/.local/lib/python3.12/site-packages/airflow/example_dags/example_sla_dag.py for tasks to queue
[2024-12-02T17:47:38.827+0000] {logging_mixin.py:190} INFO - [2024-12-02T17:47:38.826+0000] {dagbag.py:588} INFO - Filling up the DagBag from /home/airflow/.local/lib/python3.12/site-packages/airflow/example_dags/example_sla_dag.py
[2024-12-02T17:47:38.840+0000] {processor.py:925} INFO - DAG(s) 'example_sla_dag' retrieved from /home/airflow/.local/lib/python3.12/site-packages/airflow/example_dags/example_sla_dag.py
[2024-12-02T17:47:38.867+0000] {logging_mixin.py:190} INFO - [2024-12-02T17:47:38.866+0000] {dag.py:3239} INFO - Sync 1 DAGs
[2024-12-02T17:47:38.910+0000] {logging_mixin.py:190} INFO - [2024-12-02T17:47:38.910+0000] {dag.py:4180} INFO - Setting next_dagrun for example_sla_dag to 2024-12-02 17:44:00+00:00, run_after=2024-12-02 17:46:00+00:00
[2024-12-02T17:47:38.939+0000] {processor.py:208} INFO - Processing /home/airflow/.local/lib/python3.12/site-packages/airflow/example_dags/example_sla_dag.py took 0.126 seconds
[2024-12-02T17:48:14.594+0000] {processor.py:186} INFO - Started process (PID=357) to work on /home/airflow/.local/lib/python3.12/site-packages/airflow/example_dags/example_sla_dag.py
[2024-12-02T17:48:14.601+0000] {processor.py:914} INFO - Processing file /home/airflow/.local/lib/python3.12/site-packages/airflow/example_dags/example_sla_dag.py for tasks to queue
[2024-12-02T17:48:14.605+0000] {logging_mixin.py:190} INFO - [2024-12-02T17:48:14.604+0000] {dagbag.py:588} INFO - Filling up the DagBag from /home/airflow/.local/lib/python3.12/site-packages/airflow/example_dags/example_sla_dag.py
[2024-12-02T17:48:14.648+0000] {processor.py:925} INFO - DAG(s) 'example_sla_dag' retrieved from /home/airflow/.local/lib/python3.12/site-packages/airflow/example_dags/example_sla_dag.py
[2024-12-02T17:48:14.709+0000] {logging_mixin.py:190} INFO - [2024-12-02T17:48:14.708+0000] {dag.py:3239} INFO - Sync 1 DAGs
[2024-12-02T17:48:14.839+0000] {logging_mixin.py:190} INFO - [2024-12-02T17:48:14.839+0000] {dag.py:4180} INFO - Setting next_dagrun for example_sla_dag to 2024-12-02 17:46:00+00:00, run_after=2024-12-02 17:48:00+00:00
[2024-12-02T17:48:14.895+0000] {processor.py:208} INFO - Processing /home/airflow/.local/lib/python3.12/site-packages/airflow/example_dags/example_sla_dag.py took 0.322 seconds
[2024-12-02T17:48:48.030+0000] {processor.py:186} INFO - Started process (PID=425) to work on /home/airflow/.local/lib/python3.12/site-packages/airflow/example_dags/example_sla_dag.py
[2024-12-02T17:48:48.033+0000] {processor.py:914} INFO - Processing file /home/airflow/.local/lib/python3.12/site-packages/airflow/example_dags/example_sla_dag.py for tasks to queue
[2024-12-02T17:48:48.044+0000] {logging_mixin.py:190} INFO - [2024-12-02T17:48:48.036+0000] {dagbag.py:588} INFO - Filling up the DagBag from /home/airflow/.local/lib/python3.12/site-packages/airflow/example_dags/example_sla_dag.py
[2024-12-02T17:48:48.082+0000] {processor.py:925} INFO - DAG(s) 'example_sla_dag' retrieved from /home/airflow/.local/lib/python3.12/site-packages/airflow/example_dags/example_sla_dag.py
[2024-12-02T17:48:48.194+0000] {logging_mixin.py:190} INFO - [2024-12-02T17:48:48.194+0000] {dag.py:3239} INFO - Sync 1 DAGs
[2024-12-02T17:48:48.332+0000] {logging_mixin.py:190} INFO - [2024-12-02T17:48:48.332+0000] {dag.py:4180} INFO - Setting next_dagrun for example_sla_dag to 2024-12-02 17:46:00+00:00, run_after=2024-12-02 17:48:00+00:00
[2024-12-02T17:48:48.384+0000] {processor.py:208} INFO - Processing /home/airflow/.local/lib/python3.12/site-packages/airflow/example_dags/example_sla_dag.py took 0.373 seconds
[2024-12-02T17:49:18.677+0000] {processor.py:186} INFO - Started process (PID=483) to work on /home/airflow/.local/lib/python3.12/site-packages/airflow/example_dags/example_sla_dag.py
[2024-12-02T17:49:18.678+0000] {processor.py:914} INFO - Processing file /home/airflow/.local/lib/python3.12/site-packages/airflow/example_dags/example_sla_dag.py for tasks to queue
[2024-12-02T17:49:18.680+0000] {logging_mixin.py:190} INFO - [2024-12-02T17:49:18.680+0000] {dagbag.py:588} INFO - Filling up the DagBag from /home/airflow/.local/lib/python3.12/site-packages/airflow/example_dags/example_sla_dag.py
[2024-12-02T17:49:18.695+0000] {processor.py:925} INFO - DAG(s) 'example_sla_dag' retrieved from /home/airflow/.local/lib/python3.12/site-packages/airflow/example_dags/example_sla_dag.py
[2024-12-02T17:49:18.723+0000] {logging_mixin.py:190} INFO - [2024-12-02T17:49:18.723+0000] {dag.py:3239} INFO - Sync 1 DAGs
[2024-12-02T17:49:18.771+0000] {logging_mixin.py:190} INFO - [2024-12-02T17:49:18.770+0000] {dag.py:4180} INFO - Setting next_dagrun for example_sla_dag to 2024-12-02 17:46:00+00:00, run_after=2024-12-02 17:48:00+00:00
[2024-12-02T17:49:18.795+0000] {processor.py:208} INFO - Processing /home/airflow/.local/lib/python3.12/site-packages/airflow/example_dags/example_sla_dag.py took 0.126 seconds
[2024-12-02T17:49:50.080+0000] {processor.py:186} INFO - Started process (PID=548) to work on /home/airflow/.local/lib/python3.12/site-packages/airflow/example_dags/example_sla_dag.py
[2024-12-02T17:49:50.081+0000] {processor.py:914} INFO - Processing file /home/airflow/.local/lib/python3.12/site-packages/airflow/example_dags/example_sla_dag.py for tasks to queue
[2024-12-02T17:49:50.084+0000] {logging_mixin.py:190} INFO - [2024-12-02T17:49:50.083+0000] {dagbag.py:588} INFO - Filling up the DagBag from /home/airflow/.local/lib/python3.12/site-packages/airflow/example_dags/example_sla_dag.py
[2024-12-02T17:49:50.096+0000] {processor.py:925} INFO - DAG(s) 'example_sla_dag' retrieved from /home/airflow/.local/lib/python3.12/site-packages/airflow/example_dags/example_sla_dag.py
[2024-12-02T17:49:50.119+0000] {logging_mixin.py:190} INFO - [2024-12-02T17:49:50.119+0000] {dag.py:3239} INFO - Sync 1 DAGs
[2024-12-02T17:49:50.160+0000] {logging_mixin.py:190} INFO - [2024-12-02T17:49:50.160+0000] {dag.py:4180} INFO - Setting next_dagrun for example_sla_dag to 2024-12-02 17:46:00+00:00, run_after=2024-12-02 17:48:00+00:00
[2024-12-02T17:49:50.182+0000] {processor.py:208} INFO - Processing /home/airflow/.local/lib/python3.12/site-packages/airflow/example_dags/example_sla_dag.py took 0.112 seconds
[2024-12-02T17:50:21.420+0000] {processor.py:186} INFO - Started process (PID=613) to work on /home/airflow/.local/lib/python3.12/site-packages/airflow/example_dags/example_sla_dag.py
[2024-12-02T17:50:21.421+0000] {processor.py:914} INFO - Processing file /home/airflow/.local/lib/python3.12/site-packages/airflow/example_dags/example_sla_dag.py for tasks to queue
[2024-12-02T17:50:21.424+0000] {logging_mixin.py:190} INFO - [2024-12-02T17:50:21.423+0000] {dagbag.py:588} INFO - Filling up the DagBag from /home/airflow/.local/lib/python3.12/site-packages/airflow/example_dags/example_sla_dag.py
[2024-12-02T17:50:21.440+0000] {processor.py:925} INFO - DAG(s) 'example_sla_dag' retrieved from /home/airflow/.local/lib/python3.12/site-packages/airflow/example_dags/example_sla_dag.py
[2024-12-02T17:50:21.466+0000] {logging_mixin.py:190} INFO - [2024-12-02T17:50:21.466+0000] {dag.py:3239} INFO - Sync 1 DAGs
[2024-12-02T17:50:21.502+0000] {logging_mixin.py:190} INFO - [2024-12-02T17:50:21.502+0000] {dag.py:4180} INFO - Setting next_dagrun for example_sla_dag to 2024-12-02 17:48:00+00:00, run_after=2024-12-02 17:50:00+00:00
[2024-12-02T17:50:21.527+0000] {processor.py:208} INFO - Processing /home/airflow/.local/lib/python3.12/site-packages/airflow/example_dags/example_sla_dag.py took 0.117 seconds
