[2024-12-02T17:46:08.423+0000] {processor.py:186} INFO - Started process (PID=108) to work on /home/airflow/.local/lib/python3.12/site-packages/airflow/example_dags/example_bash_decorator.py
[2024-12-02T17:46:08.424+0000] {processor.py:914} INFO - Processing file /home/airflow/.local/lib/python3.12/site-packages/airflow/example_dags/example_bash_decorator.py for tasks to queue
[2024-12-02T17:46:08.426+0000] {logging_mixin.py:190} INFO - [2024-12-02T17:46:08.426+0000] {dagbag.py:588} INFO - Filling up the DagBag from /home/airflow/.local/lib/python3.12/site-packages/airflow/example_dags/example_bash_decorator.py
[2024-12-02T17:46:08.448+0000] {processor.py:925} INFO - DAG(s) 'example_bash_decorator' retrieved from /home/airflow/.local/lib/python3.12/site-packages/airflow/example_dags/example_bash_decorator.py
[2024-12-02T17:46:08.595+0000] {logging_mixin.py:190} INFO - [2024-12-02T17:46:08.594+0000] {override.py:1911} INFO - Created Permission View: can read on DAG:example_bash_decorator
[2024-12-02T17:46:08.612+0000] {logging_mixin.py:190} INFO - [2024-12-02T17:46:08.612+0000] {override.py:1911} INFO - Created Permission View: can edit on DAG:example_bash_decorator
[2024-12-02T17:46:08.624+0000] {logging_mixin.py:190} INFO - [2024-12-02T17:46:08.624+0000] {override.py:1911} INFO - Created Permission View: can delete on DAG:example_bash_decorator
[2024-12-02T17:46:08.641+0000] {logging_mixin.py:190} INFO - [2024-12-02T17:46:08.640+0000] {override.py:1911} INFO - Created Permission View: can read on DAG Run:example_bash_decorator
[2024-12-02T17:46:08.649+0000] {logging_mixin.py:190} INFO - [2024-12-02T17:46:08.649+0000] {override.py:1911} INFO - Created Permission View: can delete on DAG Run:example_bash_decorator
[2024-12-02T17:46:08.658+0000] {logging_mixin.py:190} INFO - [2024-12-02T17:46:08.657+0000] {override.py:1911} INFO - Created Permission View: can create on DAG Run:example_bash_decorator
[2024-12-02T17:46:08.666+0000] {logging_mixin.py:190} INFO - [2024-12-02T17:46:08.666+0000] {override.py:1911} INFO - Created Permission View: menu access on DAG Run:example_bash_decorator
[2024-12-02T17:46:08.667+0000] {logging_mixin.py:190} INFO - [2024-12-02T17:46:08.667+0000] {dag.py:3239} INFO - Sync 1 DAGs
[2024-12-02T17:46:08.682+0000] {logging_mixin.py:190} INFO - [2024-12-02T17:46:08.682+0000] {dag.py:3262} INFO - Creating ORM DAG for example_bash_decorator
[2024-12-02T17:46:08.683+0000] {logging_mixin.py:190} INFO - [2024-12-02T17:46:08.683+0000] {dag.py:4180} INFO - Setting next_dagrun for example_bash_decorator to None, run_after=None
[2024-12-02T17:46:08.701+0000] {processor.py:208} INFO - Processing /home/airflow/.local/lib/python3.12/site-packages/airflow/example_dags/example_bash_decorator.py took 0.286 seconds
[2024-12-02T17:46:39.159+0000] {processor.py:186} INFO - Started process (PID=173) to work on /home/airflow/.local/lib/python3.12/site-packages/airflow/example_dags/example_bash_decorator.py
[2024-12-02T17:46:39.159+0000] {processor.py:914} INFO - Processing file /home/airflow/.local/lib/python3.12/site-packages/airflow/example_dags/example_bash_decorator.py for tasks to queue
[2024-12-02T17:46:39.162+0000] {logging_mixin.py:190} INFO - [2024-12-02T17:46:39.161+0000] {dagbag.py:588} INFO - Filling up the DagBag from /home/airflow/.local/lib/python3.12/site-packages/airflow/example_dags/example_bash_decorator.py
[2024-12-02T17:46:39.179+0000] {processor.py:925} INFO - DAG(s) 'example_bash_decorator' retrieved from /home/airflow/.local/lib/python3.12/site-packages/airflow/example_dags/example_bash_decorator.py
[2024-12-02T17:46:39.208+0000] {logging_mixin.py:190} INFO - [2024-12-02T17:46:39.208+0000] {dag.py:3239} INFO - Sync 1 DAGs
[2024-12-02T17:46:39.227+0000] {logging_mixin.py:190} INFO - [2024-12-02T17:46:39.227+0000] {dag.py:4180} INFO - Setting next_dagrun for example_bash_decorator to None, run_after=None
[2024-12-02T17:46:39.250+0000] {processor.py:208} INFO - Processing /home/airflow/.local/lib/python3.12/site-packages/airflow/example_dags/example_bash_decorator.py took 0.098 seconds
[2024-12-02T17:47:10.089+0000] {processor.py:186} INFO - Started process (PID=238) to work on /home/airflow/.local/lib/python3.12/site-packages/airflow/example_dags/example_bash_decorator.py
[2024-12-02T17:47:10.090+0000] {processor.py:914} INFO - Processing file /home/airflow/.local/lib/python3.12/site-packages/airflow/example_dags/example_bash_decorator.py for tasks to queue
[2024-12-02T17:47:10.092+0000] {logging_mixin.py:190} INFO - [2024-12-02T17:47:10.091+0000] {dagbag.py:588} INFO - Filling up the DagBag from /home/airflow/.local/lib/python3.12/site-packages/airflow/example_dags/example_bash_decorator.py
[2024-12-02T17:47:10.109+0000] {processor.py:925} INFO - DAG(s) 'example_bash_decorator' retrieved from /home/airflow/.local/lib/python3.12/site-packages/airflow/example_dags/example_bash_decorator.py
[2024-12-02T17:47:10.134+0000] {logging_mixin.py:190} INFO - [2024-12-02T17:47:10.134+0000] {dag.py:3239} INFO - Sync 1 DAGs
[2024-12-02T17:47:10.152+0000] {logging_mixin.py:190} INFO - [2024-12-02T17:47:10.152+0000] {dag.py:4180} INFO - Setting next_dagrun for example_bash_decorator to None, run_after=None
[2024-12-02T17:47:10.178+0000] {processor.py:208} INFO - Processing /home/airflow/.local/lib/python3.12/site-packages/airflow/example_dags/example_bash_decorator.py took 0.096 seconds
[2024-12-02T17:47:40.725+0000] {processor.py:186} INFO - Started process (PID=302) to work on /home/airflow/.local/lib/python3.12/site-packages/airflow/example_dags/example_bash_decorator.py
[2024-12-02T17:47:40.726+0000] {processor.py:914} INFO - Processing file /home/airflow/.local/lib/python3.12/site-packages/airflow/example_dags/example_bash_decorator.py for tasks to queue
[2024-12-02T17:47:40.729+0000] {logging_mixin.py:190} INFO - [2024-12-02T17:47:40.728+0000] {dagbag.py:588} INFO - Filling up the DagBag from /home/airflow/.local/lib/python3.12/site-packages/airflow/example_dags/example_bash_decorator.py
[2024-12-02T17:47:40.746+0000] {processor.py:925} INFO - DAG(s) 'example_bash_decorator' retrieved from /home/airflow/.local/lib/python3.12/site-packages/airflow/example_dags/example_bash_decorator.py
[2024-12-02T17:47:40.775+0000] {logging_mixin.py:190} INFO - [2024-12-02T17:47:40.775+0000] {dag.py:3239} INFO - Sync 1 DAGs
[2024-12-02T17:47:40.794+0000] {logging_mixin.py:190} INFO - [2024-12-02T17:47:40.794+0000] {dag.py:4180} INFO - Setting next_dagrun for example_bash_decorator to None, run_after=None
[2024-12-02T17:47:40.813+0000] {processor.py:208} INFO - Processing /home/airflow/.local/lib/python3.12/site-packages/airflow/example_dags/example_bash_decorator.py took 0.094 seconds
[2024-12-02T17:48:20.072+0000] {processor.py:186} INFO - Started process (PID=372) to work on /home/airflow/.local/lib/python3.12/site-packages/airflow/example_dags/example_bash_decorator.py
[2024-12-02T17:48:20.077+0000] {processor.py:914} INFO - Processing file /home/airflow/.local/lib/python3.12/site-packages/airflow/example_dags/example_bash_decorator.py for tasks to queue
[2024-12-02T17:48:20.090+0000] {logging_mixin.py:190} INFO - [2024-12-02T17:48:20.089+0000] {dagbag.py:588} INFO - Filling up the DagBag from /home/airflow/.local/lib/python3.12/site-packages/airflow/example_dags/example_bash_decorator.py
[2024-12-02T17:48:20.267+0000] {processor.py:925} INFO - DAG(s) 'example_bash_decorator' retrieved from /home/airflow/.local/lib/python3.12/site-packages/airflow/example_dags/example_bash_decorator.py
[2024-12-02T17:48:20.462+0000] {logging_mixin.py:190} INFO - [2024-12-02T17:48:20.461+0000] {dag.py:3239} INFO - Sync 1 DAGs
[2024-12-02T17:48:20.601+0000] {logging_mixin.py:190} INFO - [2024-12-02T17:48:20.601+0000] {dag.py:4180} INFO - Setting next_dagrun for example_bash_decorator to None, run_after=None
[2024-12-02T17:48:20.694+0000] {processor.py:208} INFO - Processing /home/airflow/.local/lib/python3.12/site-packages/airflow/example_dags/example_bash_decorator.py took 0.641 seconds
[2024-12-02T17:48:52.720+0000] {processor.py:186} INFO - Started process (PID=440) to work on /home/airflow/.local/lib/python3.12/site-packages/airflow/example_dags/example_bash_decorator.py
[2024-12-02T17:48:52.728+0000] {processor.py:914} INFO - Processing file /home/airflow/.local/lib/python3.12/site-packages/airflow/example_dags/example_bash_decorator.py for tasks to queue
[2024-12-02T17:48:52.733+0000] {logging_mixin.py:190} INFO - [2024-12-02T17:48:52.732+0000] {dagbag.py:588} INFO - Filling up the DagBag from /home/airflow/.local/lib/python3.12/site-packages/airflow/example_dags/example_bash_decorator.py
[2024-12-02T17:48:52.777+0000] {processor.py:925} INFO - DAG(s) 'example_bash_decorator' retrieved from /home/airflow/.local/lib/python3.12/site-packages/airflow/example_dags/example_bash_decorator.py
[2024-12-02T17:48:52.828+0000] {logging_mixin.py:190} INFO - [2024-12-02T17:48:52.827+0000] {dag.py:3239} INFO - Sync 1 DAGs
[2024-12-02T17:48:52.867+0000] {logging_mixin.py:190} INFO - [2024-12-02T17:48:52.866+0000] {dag.py:4180} INFO - Setting next_dagrun for example_bash_decorator to None, run_after=None
[2024-12-02T17:48:52.910+0000] {processor.py:208} INFO - Processing /home/airflow/.local/lib/python3.12/site-packages/airflow/example_dags/example_bash_decorator.py took 0.201 seconds
[2024-12-02T17:49:23.655+0000] {processor.py:186} INFO - Started process (PID=499) to work on /home/airflow/.local/lib/python3.12/site-packages/airflow/example_dags/example_bash_decorator.py
[2024-12-02T17:49:23.655+0000] {processor.py:914} INFO - Processing file /home/airflow/.local/lib/python3.12/site-packages/airflow/example_dags/example_bash_decorator.py for tasks to queue
[2024-12-02T17:49:23.658+0000] {logging_mixin.py:190} INFO - [2024-12-02T17:49:23.658+0000] {dagbag.py:588} INFO - Filling up the DagBag from /home/airflow/.local/lib/python3.12/site-packages/airflow/example_dags/example_bash_decorator.py
[2024-12-02T17:49:23.685+0000] {processor.py:925} INFO - DAG(s) 'example_bash_decorator' retrieved from /home/airflow/.local/lib/python3.12/site-packages/airflow/example_dags/example_bash_decorator.py
[2024-12-02T17:49:23.730+0000] {logging_mixin.py:190} INFO - [2024-12-02T17:49:23.730+0000] {dag.py:3239} INFO - Sync 1 DAGs
[2024-12-02T17:49:23.760+0000] {logging_mixin.py:190} INFO - [2024-12-02T17:49:23.760+0000] {dag.py:4180} INFO - Setting next_dagrun for example_bash_decorator to None, run_after=None
[2024-12-02T17:49:23.790+0000] {processor.py:208} INFO - Processing /home/airflow/.local/lib/python3.12/site-packages/airflow/example_dags/example_bash_decorator.py took 0.145 seconds
[2024-12-02T17:49:54.796+0000] {processor.py:186} INFO - Started process (PID=564) to work on /home/airflow/.local/lib/python3.12/site-packages/airflow/example_dags/example_bash_decorator.py
[2024-12-02T17:49:54.797+0000] {processor.py:914} INFO - Processing file /home/airflow/.local/lib/python3.12/site-packages/airflow/example_dags/example_bash_decorator.py for tasks to queue
[2024-12-02T17:49:54.800+0000] {logging_mixin.py:190} INFO - [2024-12-02T17:49:54.800+0000] {dagbag.py:588} INFO - Filling up the DagBag from /home/airflow/.local/lib/python3.12/site-packages/airflow/example_dags/example_bash_decorator.py
[2024-12-02T17:49:54.820+0000] {processor.py:925} INFO - DAG(s) 'example_bash_decorator' retrieved from /home/airflow/.local/lib/python3.12/site-packages/airflow/example_dags/example_bash_decorator.py
[2024-12-02T17:49:54.846+0000] {logging_mixin.py:190} INFO - [2024-12-02T17:49:54.846+0000] {dag.py:3239} INFO - Sync 1 DAGs
[2024-12-02T17:49:54.862+0000] {logging_mixin.py:190} INFO - [2024-12-02T17:49:54.862+0000] {dag.py:4180} INFO - Setting next_dagrun for example_bash_decorator to None, run_after=None
[2024-12-02T17:49:54.883+0000] {processor.py:208} INFO - Processing /home/airflow/.local/lib/python3.12/site-packages/airflow/example_dags/example_bash_decorator.py took 0.096 seconds
[2024-12-02T17:50:25.140+0000] {processor.py:186} INFO - Started process (PID=628) to work on /home/airflow/.local/lib/python3.12/site-packages/airflow/example_dags/example_bash_decorator.py
[2024-12-02T17:50:25.141+0000] {processor.py:914} INFO - Processing file /home/airflow/.local/lib/python3.12/site-packages/airflow/example_dags/example_bash_decorator.py for tasks to queue
[2024-12-02T17:50:25.143+0000] {logging_mixin.py:190} INFO - [2024-12-02T17:50:25.143+0000] {dagbag.py:588} INFO - Filling up the DagBag from /home/airflow/.local/lib/python3.12/site-packages/airflow/example_dags/example_bash_decorator.py
[2024-12-02T17:50:25.168+0000] {processor.py:925} INFO - DAG(s) 'example_bash_decorator' retrieved from /home/airflow/.local/lib/python3.12/site-packages/airflow/example_dags/example_bash_decorator.py
[2024-12-02T17:50:25.201+0000] {logging_mixin.py:190} INFO - [2024-12-02T17:50:25.200+0000] {dag.py:3239} INFO - Sync 1 DAGs
[2024-12-02T17:50:25.223+0000] {logging_mixin.py:190} INFO - [2024-12-02T17:50:25.223+0000] {dag.py:4180} INFO - Setting next_dagrun for example_bash_decorator to None, run_after=None
[2024-12-02T17:50:25.248+0000] {processor.py:208} INFO - Processing /home/airflow/.local/lib/python3.12/site-packages/airflow/example_dags/example_bash_decorator.py took 0.118 seconds
