[2024-12-02T17:46:07.130+0000] {processor.py:186} INFO - Started process (PID=102) to work on /home/airflow/.local/lib/python3.12/site-packages/airflow/example_dags/example_task_group_decorator.py
[2024-12-02T17:46:07.131+0000] {processor.py:914} INFO - Processing file /home/airflow/.local/lib/python3.12/site-packages/airflow/example_dags/example_task_group_decorator.py for tasks to queue
[2024-12-02T17:46:07.133+0000] {logging_mixin.py:190} INFO - [2024-12-02T17:46:07.133+0000] {dagbag.py:588} INFO - Filling up the DagBag from /home/airflow/.local/lib/python3.12/site-packages/airflow/example_dags/example_task_group_decorator.py
[2024-12-02T17:46:07.153+0000] {processor.py:925} INFO - DAG(s) 'example_task_group_decorator' retrieved from /home/airflow/.local/lib/python3.12/site-packages/airflow/example_dags/example_task_group_decorator.py
[2024-12-02T17:46:07.320+0000] {logging_mixin.py:190} INFO - [2024-12-02T17:46:07.319+0000] {override.py:1911} INFO - Created Permission View: can read on DAG:example_task_group_decorator
[2024-12-02T17:46:07.337+0000] {logging_mixin.py:190} INFO - [2024-12-02T17:46:07.337+0000] {override.py:1911} INFO - Created Permission View: can edit on DAG:example_task_group_decorator
[2024-12-02T17:46:07.349+0000] {logging_mixin.py:190} INFO - [2024-12-02T17:46:07.349+0000] {override.py:1911} INFO - Created Permission View: can delete on DAG:example_task_group_decorator
[2024-12-02T17:46:07.364+0000] {logging_mixin.py:190} INFO - [2024-12-02T17:46:07.363+0000] {override.py:1911} INFO - Created Permission View: can read on DAG Run:example_task_group_decorator
[2024-12-02T17:46:07.373+0000] {logging_mixin.py:190} INFO - [2024-12-02T17:46:07.372+0000] {override.py:1911} INFO - Created Permission View: can delete on DAG Run:example_task_group_decorator
[2024-12-02T17:46:07.382+0000] {logging_mixin.py:190} INFO - [2024-12-02T17:46:07.382+0000] {override.py:1911} INFO - Created Permission View: can create on DAG Run:example_task_group_decorator
[2024-12-02T17:46:07.392+0000] {logging_mixin.py:190} INFO - [2024-12-02T17:46:07.391+0000] {override.py:1911} INFO - Created Permission View: menu access on DAG Run:example_task_group_decorator
[2024-12-02T17:46:07.392+0000] {logging_mixin.py:190} INFO - [2024-12-02T17:46:07.392+0000] {dag.py:3239} INFO - Sync 1 DAGs
[2024-12-02T17:46:07.411+0000] {logging_mixin.py:190} INFO - [2024-12-02T17:46:07.411+0000] {dag.py:3262} INFO - Creating ORM DAG for example_task_group_decorator
[2024-12-02T17:46:07.412+0000] {logging_mixin.py:190} INFO - [2024-12-02T17:46:07.412+0000] {dag.py:4180} INFO - Setting next_dagrun for example_task_group_decorator to None, run_after=None
[2024-12-02T17:46:07.434+0000] {processor.py:208} INFO - Processing /home/airflow/.local/lib/python3.12/site-packages/airflow/example_dags/example_task_group_decorator.py took 0.312 seconds
[2024-12-02T17:46:38.282+0000] {processor.py:186} INFO - Started process (PID=167) to work on /home/airflow/.local/lib/python3.12/site-packages/airflow/example_dags/example_task_group_decorator.py
[2024-12-02T17:46:38.283+0000] {processor.py:914} INFO - Processing file /home/airflow/.local/lib/python3.12/site-packages/airflow/example_dags/example_task_group_decorator.py for tasks to queue
[2024-12-02T17:46:38.287+0000] {logging_mixin.py:190} INFO - [2024-12-02T17:46:38.286+0000] {dagbag.py:588} INFO - Filling up the DagBag from /home/airflow/.local/lib/python3.12/site-packages/airflow/example_dags/example_task_group_decorator.py
[2024-12-02T17:46:38.312+0000] {processor.py:925} INFO - DAG(s) 'example_task_group_decorator' retrieved from /home/airflow/.local/lib/python3.12/site-packages/airflow/example_dags/example_task_group_decorator.py
[2024-12-02T17:46:38.347+0000] {logging_mixin.py:190} INFO - [2024-12-02T17:46:38.346+0000] {dag.py:3239} INFO - Sync 1 DAGs
[2024-12-02T17:46:38.370+0000] {logging_mixin.py:190} INFO - [2024-12-02T17:46:38.370+0000] {dag.py:4180} INFO - Setting next_dagrun for example_task_group_decorator to None, run_after=None
[2024-12-02T17:46:38.394+0000] {processor.py:208} INFO - Processing /home/airflow/.local/lib/python3.12/site-packages/airflow/example_dags/example_task_group_decorator.py took 0.123 seconds
[2024-12-02T17:47:08.478+0000] {processor.py:186} INFO - Started process (PID=231) to work on /home/airflow/.local/lib/python3.12/site-packages/airflow/example_dags/example_task_group_decorator.py
[2024-12-02T17:47:08.479+0000] {processor.py:914} INFO - Processing file /home/airflow/.local/lib/python3.12/site-packages/airflow/example_dags/example_task_group_decorator.py for tasks to queue
[2024-12-02T17:47:08.482+0000] {logging_mixin.py:190} INFO - [2024-12-02T17:47:08.482+0000] {dagbag.py:588} INFO - Filling up the DagBag from /home/airflow/.local/lib/python3.12/site-packages/airflow/example_dags/example_task_group_decorator.py
[2024-12-02T17:47:08.505+0000] {processor.py:925} INFO - DAG(s) 'example_task_group_decorator' retrieved from /home/airflow/.local/lib/python3.12/site-packages/airflow/example_dags/example_task_group_decorator.py
[2024-12-02T17:47:08.534+0000] {logging_mixin.py:190} INFO - [2024-12-02T17:47:08.534+0000] {dag.py:3239} INFO - Sync 1 DAGs
[2024-12-02T17:47:08.549+0000] {logging_mixin.py:190} INFO - [2024-12-02T17:47:08.549+0000] {dag.py:4180} INFO - Setting next_dagrun for example_task_group_decorator to None, run_after=None
[2024-12-02T17:47:08.568+0000] {processor.py:208} INFO - Processing /home/airflow/.local/lib/python3.12/site-packages/airflow/example_dags/example_task_group_decorator.py took 0.098 seconds
[2024-12-02T17:47:39.441+0000] {processor.py:186} INFO - Started process (PID=296) to work on /home/airflow/.local/lib/python3.12/site-packages/airflow/example_dags/example_task_group_decorator.py
[2024-12-02T17:47:39.442+0000] {processor.py:914} INFO - Processing file /home/airflow/.local/lib/python3.12/site-packages/airflow/example_dags/example_task_group_decorator.py for tasks to queue
[2024-12-02T17:47:39.444+0000] {logging_mixin.py:190} INFO - [2024-12-02T17:47:39.443+0000] {dagbag.py:588} INFO - Filling up the DagBag from /home/airflow/.local/lib/python3.12/site-packages/airflow/example_dags/example_task_group_decorator.py
[2024-12-02T17:47:39.463+0000] {processor.py:925} INFO - DAG(s) 'example_task_group_decorator' retrieved from /home/airflow/.local/lib/python3.12/site-packages/airflow/example_dags/example_task_group_decorator.py
[2024-12-02T17:47:39.492+0000] {logging_mixin.py:190} INFO - [2024-12-02T17:47:39.491+0000] {dag.py:3239} INFO - Sync 1 DAGs
[2024-12-02T17:47:39.509+0000] {logging_mixin.py:190} INFO - [2024-12-02T17:47:39.509+0000] {dag.py:4180} INFO - Setting next_dagrun for example_task_group_decorator to None, run_after=None
[2024-12-02T17:47:39.529+0000] {processor.py:208} INFO - Processing /home/airflow/.local/lib/python3.12/site-packages/airflow/example_dags/example_task_group_decorator.py took 0.095 seconds
[2024-12-02T17:48:17.665+0000] {processor.py:186} INFO - Started process (PID=366) to work on /home/airflow/.local/lib/python3.12/site-packages/airflow/example_dags/example_task_group_decorator.py
[2024-12-02T17:48:17.701+0000] {processor.py:914} INFO - Processing file /home/airflow/.local/lib/python3.12/site-packages/airflow/example_dags/example_task_group_decorator.py for tasks to queue
[2024-12-02T17:48:17.706+0000] {logging_mixin.py:190} INFO - [2024-12-02T17:48:17.705+0000] {dagbag.py:588} INFO - Filling up the DagBag from /home/airflow/.local/lib/python3.12/site-packages/airflow/example_dags/example_task_group_decorator.py
[2024-12-02T17:48:17.804+0000] {processor.py:925} INFO - DAG(s) 'example_task_group_decorator' retrieved from /home/airflow/.local/lib/python3.12/site-packages/airflow/example_dags/example_task_group_decorator.py
[2024-12-02T17:48:17.994+0000] {logging_mixin.py:190} INFO - [2024-12-02T17:48:17.993+0000] {dag.py:3239} INFO - Sync 1 DAGs
[2024-12-02T17:48:18.082+0000] {logging_mixin.py:190} INFO - [2024-12-02T17:48:18.082+0000] {dag.py:4180} INFO - Setting next_dagrun for example_task_group_decorator to None, run_after=None
[2024-12-02T17:48:18.151+0000] {processor.py:208} INFO - Processing /home/airflow/.local/lib/python3.12/site-packages/airflow/example_dags/example_task_group_decorator.py took 0.508 seconds
[2024-12-02T17:48:50.896+0000] {processor.py:186} INFO - Started process (PID=434) to work on /home/airflow/.local/lib/python3.12/site-packages/airflow/example_dags/example_task_group_decorator.py
[2024-12-02T17:48:50.912+0000] {processor.py:914} INFO - Processing file /home/airflow/.local/lib/python3.12/site-packages/airflow/example_dags/example_task_group_decorator.py for tasks to queue
[2024-12-02T17:48:50.916+0000] {logging_mixin.py:190} INFO - [2024-12-02T17:48:50.916+0000] {dagbag.py:588} INFO - Filling up the DagBag from /home/airflow/.local/lib/python3.12/site-packages/airflow/example_dags/example_task_group_decorator.py
[2024-12-02T17:48:50.963+0000] {processor.py:925} INFO - DAG(s) 'example_task_group_decorator' retrieved from /home/airflow/.local/lib/python3.12/site-packages/airflow/example_dags/example_task_group_decorator.py
[2024-12-02T17:48:51.025+0000] {logging_mixin.py:190} INFO - [2024-12-02T17:48:51.025+0000] {dag.py:3239} INFO - Sync 1 DAGs
[2024-12-02T17:48:51.095+0000] {logging_mixin.py:190} INFO - [2024-12-02T17:48:51.094+0000] {dag.py:4180} INFO - Setting next_dagrun for example_task_group_decorator to None, run_after=None
[2024-12-02T17:48:51.208+0000] {processor.py:208} INFO - Processing /home/airflow/.local/lib/python3.12/site-packages/airflow/example_dags/example_task_group_decorator.py took 0.332 seconds
[2024-12-02T17:49:22.015+0000] {processor.py:186} INFO - Started process (PID=492) to work on /home/airflow/.local/lib/python3.12/site-packages/airflow/example_dags/example_task_group_decorator.py
[2024-12-02T17:49:22.016+0000] {processor.py:914} INFO - Processing file /home/airflow/.local/lib/python3.12/site-packages/airflow/example_dags/example_task_group_decorator.py for tasks to queue
[2024-12-02T17:49:22.019+0000] {logging_mixin.py:190} INFO - [2024-12-02T17:49:22.019+0000] {dagbag.py:588} INFO - Filling up the DagBag from /home/airflow/.local/lib/python3.12/site-packages/airflow/example_dags/example_task_group_decorator.py
[2024-12-02T17:49:22.042+0000] {processor.py:925} INFO - DAG(s) 'example_task_group_decorator' retrieved from /home/airflow/.local/lib/python3.12/site-packages/airflow/example_dags/example_task_group_decorator.py
[2024-12-02T17:49:22.076+0000] {logging_mixin.py:190} INFO - [2024-12-02T17:49:22.075+0000] {dag.py:3239} INFO - Sync 1 DAGs
[2024-12-02T17:49:22.097+0000] {logging_mixin.py:190} INFO - [2024-12-02T17:49:22.096+0000] {dag.py:4180} INFO - Setting next_dagrun for example_task_group_decorator to None, run_after=None
[2024-12-02T17:49:22.116+0000] {processor.py:208} INFO - Processing /home/airflow/.local/lib/python3.12/site-packages/airflow/example_dags/example_task_group_decorator.py took 0.109 seconds
[2024-12-02T17:49:52.365+0000] {processor.py:186} INFO - Started process (PID=557) to work on /home/airflow/.local/lib/python3.12/site-packages/airflow/example_dags/example_task_group_decorator.py
[2024-12-02T17:49:52.366+0000] {processor.py:914} INFO - Processing file /home/airflow/.local/lib/python3.12/site-packages/airflow/example_dags/example_task_group_decorator.py for tasks to queue
[2024-12-02T17:49:52.368+0000] {logging_mixin.py:190} INFO - [2024-12-02T17:49:52.368+0000] {dagbag.py:588} INFO - Filling up the DagBag from /home/airflow/.local/lib/python3.12/site-packages/airflow/example_dags/example_task_group_decorator.py
[2024-12-02T17:49:52.389+0000] {processor.py:925} INFO - DAG(s) 'example_task_group_decorator' retrieved from /home/airflow/.local/lib/python3.12/site-packages/airflow/example_dags/example_task_group_decorator.py
[2024-12-02T17:49:52.424+0000] {logging_mixin.py:190} INFO - [2024-12-02T17:49:52.424+0000] {dag.py:3239} INFO - Sync 1 DAGs
[2024-12-02T17:49:52.441+0000] {logging_mixin.py:190} INFO - [2024-12-02T17:49:52.441+0000] {dag.py:4180} INFO - Setting next_dagrun for example_task_group_decorator to None, run_after=None
[2024-12-02T17:49:52.460+0000] {processor.py:208} INFO - Processing /home/airflow/.local/lib/python3.12/site-packages/airflow/example_dags/example_task_group_decorator.py took 0.103 seconds
[2024-12-02T17:50:22.946+0000] {processor.py:186} INFO - Started process (PID=622) to work on /home/airflow/.local/lib/python3.12/site-packages/airflow/example_dags/example_task_group_decorator.py
[2024-12-02T17:50:22.947+0000] {processor.py:914} INFO - Processing file /home/airflow/.local/lib/python3.12/site-packages/airflow/example_dags/example_task_group_decorator.py for tasks to queue
[2024-12-02T17:50:22.950+0000] {logging_mixin.py:190} INFO - [2024-12-02T17:50:22.950+0000] {dagbag.py:588} INFO - Filling up the DagBag from /home/airflow/.local/lib/python3.12/site-packages/airflow/example_dags/example_task_group_decorator.py
[2024-12-02T17:50:22.980+0000] {processor.py:925} INFO - DAG(s) 'example_task_group_decorator' retrieved from /home/airflow/.local/lib/python3.12/site-packages/airflow/example_dags/example_task_group_decorator.py
[2024-12-02T17:50:23.025+0000] {logging_mixin.py:190} INFO - [2024-12-02T17:50:23.024+0000] {dag.py:3239} INFO - Sync 1 DAGs
[2024-12-02T17:50:23.049+0000] {logging_mixin.py:190} INFO - [2024-12-02T17:50:23.049+0000] {dag.py:4180} INFO - Setting next_dagrun for example_task_group_decorator to None, run_after=None
[2024-12-02T17:50:23.075+0000] {processor.py:208} INFO - Processing /home/airflow/.local/lib/python3.12/site-packages/airflow/example_dags/example_task_group_decorator.py took 0.141 seconds
