[2024-12-02T17:46:10.978+0000] {processor.py:186} INFO - Started process (PID=123) to work on /home/airflow/.local/lib/python3.12/site-packages/airflow/example_dags/example_branch_labels.py
[2024-12-02T17:46:10.979+0000] {processor.py:914} INFO - Processing file /home/airflow/.local/lib/python3.12/site-packages/airflow/example_dags/example_branch_labels.py for tasks to queue
[2024-12-02T17:46:10.982+0000] {logging_mixin.py:190} INFO - [2024-12-02T17:46:10.981+0000] {dagbag.py:588} INFO - Filling up the DagBag from /home/airflow/.local/lib/python3.12/site-packages/airflow/example_dags/example_branch_labels.py
[2024-12-02T17:46:10.996+0000] {processor.py:925} INFO - DAG(s) 'example_branch_labels' retrieved from /home/airflow/.local/lib/python3.12/site-packages/airflow/example_dags/example_branch_labels.py
[2024-12-02T17:46:11.179+0000] {logging_mixin.py:190} INFO - [2024-12-02T17:46:11.178+0000] {override.py:1911} INFO - Created Permission View: can read on DAG:example_branch_labels
[2024-12-02T17:46:11.200+0000] {logging_mixin.py:190} INFO - [2024-12-02T17:46:11.200+0000] {override.py:1911} INFO - Created Permission View: can edit on DAG:example_branch_labels
[2024-12-02T17:46:11.214+0000] {logging_mixin.py:190} INFO - [2024-12-02T17:46:11.213+0000] {override.py:1911} INFO - Created Permission View: can delete on DAG:example_branch_labels
[2024-12-02T17:46:11.232+0000] {logging_mixin.py:190} INFO - [2024-12-02T17:46:11.232+0000] {override.py:1911} INFO - Created Permission View: can read on DAG Run:example_branch_labels
[2024-12-02T17:46:11.244+0000] {logging_mixin.py:190} INFO - [2024-12-02T17:46:11.244+0000] {override.py:1911} INFO - Created Permission View: can delete on DAG Run:example_branch_labels
[2024-12-02T17:46:11.258+0000] {logging_mixin.py:190} INFO - [2024-12-02T17:46:11.258+0000] {override.py:1911} INFO - Created Permission View: can create on DAG Run:example_branch_labels
[2024-12-02T17:46:11.268+0000] {logging_mixin.py:190} INFO - [2024-12-02T17:46:11.268+0000] {override.py:1911} INFO - Created Permission View: menu access on DAG Run:example_branch_labels
[2024-12-02T17:46:11.269+0000] {logging_mixin.py:190} INFO - [2024-12-02T17:46:11.268+0000] {dag.py:3239} INFO - Sync 1 DAGs
[2024-12-02T17:46:11.288+0000] {logging_mixin.py:190} INFO - [2024-12-02T17:46:11.287+0000] {dag.py:3262} INFO - Creating ORM DAG for example_branch_labels
[2024-12-02T17:46:11.304+0000] {logging_mixin.py:190} INFO - [2024-12-02T17:46:11.304+0000] {dag.py:4180} INFO - Setting next_dagrun for example_branch_labels to 2024-12-01 00:00:00+00:00, run_after=2024-12-02 00:00:00+00:00
[2024-12-02T17:46:11.326+0000] {processor.py:208} INFO - Processing /home/airflow/.local/lib/python3.12/site-packages/airflow/example_dags/example_branch_labels.py took 0.357 seconds
[2024-12-02T17:46:41.381+0000] {processor.py:186} INFO - Started process (PID=187) to work on /home/airflow/.local/lib/python3.12/site-packages/airflow/example_dags/example_branch_labels.py
[2024-12-02T17:46:41.382+0000] {processor.py:914} INFO - Processing file /home/airflow/.local/lib/python3.12/site-packages/airflow/example_dags/example_branch_labels.py for tasks to queue
[2024-12-02T17:46:41.385+0000] {logging_mixin.py:190} INFO - [2024-12-02T17:46:41.385+0000] {dagbag.py:588} INFO - Filling up the DagBag from /home/airflow/.local/lib/python3.12/site-packages/airflow/example_dags/example_branch_labels.py
[2024-12-02T17:46:41.397+0000] {processor.py:925} INFO - DAG(s) 'example_branch_labels' retrieved from /home/airflow/.local/lib/python3.12/site-packages/airflow/example_dags/example_branch_labels.py
[2024-12-02T17:46:41.424+0000] {logging_mixin.py:190} INFO - [2024-12-02T17:46:41.424+0000] {dag.py:3239} INFO - Sync 1 DAGs
[2024-12-02T17:46:41.458+0000] {logging_mixin.py:190} INFO - [2024-12-02T17:46:41.458+0000] {dag.py:4180} INFO - Setting next_dagrun for example_branch_labels to 2024-12-01 00:00:00+00:00, run_after=2024-12-02 00:00:00+00:00
[2024-12-02T17:46:41.476+0000] {processor.py:208} INFO - Processing /home/airflow/.local/lib/python3.12/site-packages/airflow/example_dags/example_branch_labels.py took 0.102 seconds
[2024-12-02T17:47:12.208+0000] {processor.py:186} INFO - Started process (PID=252) to work on /home/airflow/.local/lib/python3.12/site-packages/airflow/example_dags/example_branch_labels.py
[2024-12-02T17:47:12.209+0000] {processor.py:914} INFO - Processing file /home/airflow/.local/lib/python3.12/site-packages/airflow/example_dags/example_branch_labels.py for tasks to queue
[2024-12-02T17:47:12.212+0000] {logging_mixin.py:190} INFO - [2024-12-02T17:47:12.211+0000] {dagbag.py:588} INFO - Filling up the DagBag from /home/airflow/.local/lib/python3.12/site-packages/airflow/example_dags/example_branch_labels.py
[2024-12-02T17:47:12.227+0000] {processor.py:925} INFO - DAG(s) 'example_branch_labels' retrieved from /home/airflow/.local/lib/python3.12/site-packages/airflow/example_dags/example_branch_labels.py
[2024-12-02T17:47:12.260+0000] {logging_mixin.py:190} INFO - [2024-12-02T17:47:12.260+0000] {dag.py:3239} INFO - Sync 1 DAGs
[2024-12-02T17:47:12.303+0000] {logging_mixin.py:190} INFO - [2024-12-02T17:47:12.303+0000] {dag.py:4180} INFO - Setting next_dagrun for example_branch_labels to 2024-12-01 00:00:00+00:00, run_after=2024-12-02 00:00:00+00:00
[2024-12-02T17:47:12.330+0000] {processor.py:208} INFO - Processing /home/airflow/.local/lib/python3.12/site-packages/airflow/example_dags/example_branch_labels.py took 0.131 seconds
[2024-12-02T17:47:43.102+0000] {processor.py:186} INFO - Started process (PID=317) to work on /home/airflow/.local/lib/python3.12/site-packages/airflow/example_dags/example_branch_labels.py
[2024-12-02T17:47:43.103+0000] {processor.py:914} INFO - Processing file /home/airflow/.local/lib/python3.12/site-packages/airflow/example_dags/example_branch_labels.py for tasks to queue
[2024-12-02T17:47:43.106+0000] {logging_mixin.py:190} INFO - [2024-12-02T17:47:43.105+0000] {dagbag.py:588} INFO - Filling up the DagBag from /home/airflow/.local/lib/python3.12/site-packages/airflow/example_dags/example_branch_labels.py
[2024-12-02T17:47:43.118+0000] {processor.py:925} INFO - DAG(s) 'example_branch_labels' retrieved from /home/airflow/.local/lib/python3.12/site-packages/airflow/example_dags/example_branch_labels.py
[2024-12-02T17:47:43.148+0000] {logging_mixin.py:190} INFO - [2024-12-02T17:47:43.147+0000] {dag.py:3239} INFO - Sync 1 DAGs
[2024-12-02T17:47:43.198+0000] {logging_mixin.py:190} INFO - [2024-12-02T17:47:43.198+0000] {dag.py:4180} INFO - Setting next_dagrun for example_branch_labels to 2024-12-01 00:00:00+00:00, run_after=2024-12-02 00:00:00+00:00
[2024-12-02T17:47:43.233+0000] {processor.py:208} INFO - Processing /home/airflow/.local/lib/python3.12/site-packages/airflow/example_dags/example_branch_labels.py took 0.140 seconds
[2024-12-02T17:48:28.256+0000] {processor.py:186} INFO - Started process (PID=395) to work on /home/airflow/.local/lib/python3.12/site-packages/airflow/example_dags/example_branch_labels.py
[2024-12-02T17:48:28.268+0000] {processor.py:914} INFO - Processing file /home/airflow/.local/lib/python3.12/site-packages/airflow/example_dags/example_branch_labels.py for tasks to queue
[2024-12-02T17:48:28.273+0000] {logging_mixin.py:190} INFO - [2024-12-02T17:48:28.272+0000] {dagbag.py:588} INFO - Filling up the DagBag from /home/airflow/.local/lib/python3.12/site-packages/airflow/example_dags/example_branch_labels.py
[2024-12-02T17:48:28.340+0000] {processor.py:925} INFO - DAG(s) 'example_branch_labels' retrieved from /home/airflow/.local/lib/python3.12/site-packages/airflow/example_dags/example_branch_labels.py
[2024-12-02T17:48:28.395+0000] {logging_mixin.py:190} INFO - [2024-12-02T17:48:28.395+0000] {dag.py:3239} INFO - Sync 1 DAGs
[2024-12-02T17:48:28.495+0000] {logging_mixin.py:190} INFO - [2024-12-02T17:48:28.494+0000] {dag.py:4180} INFO - Setting next_dagrun for example_branch_labels to 2024-12-01 00:00:00+00:00, run_after=2024-12-02 00:00:00+00:00
[2024-12-02T17:48:28.656+0000] {processor.py:208} INFO - Processing /home/airflow/.local/lib/python3.12/site-packages/airflow/example_dags/example_branch_labels.py took 0.418 seconds
[2024-12-02T17:48:58.737+0000] {processor.py:186} INFO - Started process (PID=455) to work on /home/airflow/.local/lib/python3.12/site-packages/airflow/example_dags/example_branch_labels.py
[2024-12-02T17:48:58.739+0000] {processor.py:914} INFO - Processing file /home/airflow/.local/lib/python3.12/site-packages/airflow/example_dags/example_branch_labels.py for tasks to queue
[2024-12-02T17:48:58.742+0000] {logging_mixin.py:190} INFO - [2024-12-02T17:48:58.742+0000] {dagbag.py:588} INFO - Filling up the DagBag from /home/airflow/.local/lib/python3.12/site-packages/airflow/example_dags/example_branch_labels.py
[2024-12-02T17:48:58.757+0000] {processor.py:925} INFO - DAG(s) 'example_branch_labels' retrieved from /home/airflow/.local/lib/python3.12/site-packages/airflow/example_dags/example_branch_labels.py
[2024-12-02T17:48:58.791+0000] {logging_mixin.py:190} INFO - [2024-12-02T17:48:58.791+0000] {dag.py:3239} INFO - Sync 1 DAGs
[2024-12-02T17:48:58.829+0000] {logging_mixin.py:190} INFO - [2024-12-02T17:48:58.829+0000] {dag.py:4180} INFO - Setting next_dagrun for example_branch_labels to 2024-12-01 00:00:00+00:00, run_after=2024-12-02 00:00:00+00:00
[2024-12-02T17:48:58.854+0000] {processor.py:208} INFO - Processing /home/airflow/.local/lib/python3.12/site-packages/airflow/example_dags/example_branch_labels.py took 0.126 seconds
[2024-12-02T17:49:29.500+0000] {processor.py:186} INFO - Started process (PID=520) to work on /home/airflow/.local/lib/python3.12/site-packages/airflow/example_dags/example_branch_labels.py
[2024-12-02T17:49:29.501+0000] {processor.py:914} INFO - Processing file /home/airflow/.local/lib/python3.12/site-packages/airflow/example_dags/example_branch_labels.py for tasks to queue
[2024-12-02T17:49:29.504+0000] {logging_mixin.py:190} INFO - [2024-12-02T17:49:29.504+0000] {dagbag.py:588} INFO - Filling up the DagBag from /home/airflow/.local/lib/python3.12/site-packages/airflow/example_dags/example_branch_labels.py
[2024-12-02T17:49:29.521+0000] {processor.py:925} INFO - DAG(s) 'example_branch_labels' retrieved from /home/airflow/.local/lib/python3.12/site-packages/airflow/example_dags/example_branch_labels.py
[2024-12-02T17:49:29.555+0000] {logging_mixin.py:190} INFO - [2024-12-02T17:49:29.555+0000] {dag.py:3239} INFO - Sync 1 DAGs
[2024-12-02T17:49:29.600+0000] {logging_mixin.py:190} INFO - [2024-12-02T17:49:29.599+0000] {dag.py:4180} INFO - Setting next_dagrun for example_branch_labels to 2024-12-01 00:00:00+00:00, run_after=2024-12-02 00:00:00+00:00
[2024-12-02T17:49:29.627+0000] {processor.py:208} INFO - Processing /home/airflow/.local/lib/python3.12/site-packages/airflow/example_dags/example_branch_labels.py took 0.139 seconds
[2024-12-02T17:49:59.661+0000] {processor.py:186} INFO - Started process (PID=579) to work on /home/airflow/.local/lib/python3.12/site-packages/airflow/example_dags/example_branch_labels.py
[2024-12-02T17:49:59.662+0000] {processor.py:914} INFO - Processing file /home/airflow/.local/lib/python3.12/site-packages/airflow/example_dags/example_branch_labels.py for tasks to queue
[2024-12-02T17:49:59.665+0000] {logging_mixin.py:190} INFO - [2024-12-02T17:49:59.665+0000] {dagbag.py:588} INFO - Filling up the DagBag from /home/airflow/.local/lib/python3.12/site-packages/airflow/example_dags/example_branch_labels.py
[2024-12-02T17:49:59.680+0000] {processor.py:925} INFO - DAG(s) 'example_branch_labels' retrieved from /home/airflow/.local/lib/python3.12/site-packages/airflow/example_dags/example_branch_labels.py
[2024-12-02T17:49:59.706+0000] {logging_mixin.py:190} INFO - [2024-12-02T17:49:59.706+0000] {dag.py:3239} INFO - Sync 1 DAGs
[2024-12-02T17:49:59.742+0000] {logging_mixin.py:190} INFO - [2024-12-02T17:49:59.742+0000] {dag.py:4180} INFO - Setting next_dagrun for example_branch_labels to 2024-12-01 00:00:00+00:00, run_after=2024-12-02 00:00:00+00:00
[2024-12-02T17:49:59.763+0000] {processor.py:208} INFO - Processing /home/airflow/.local/lib/python3.12/site-packages/airflow/example_dags/example_branch_labels.py took 0.112 seconds
[2024-12-02T17:50:30.011+0000] {processor.py:186} INFO - Started process (PID=644) to work on /home/airflow/.local/lib/python3.12/site-packages/airflow/example_dags/example_branch_labels.py
[2024-12-02T17:50:30.011+0000] {processor.py:914} INFO - Processing file /home/airflow/.local/lib/python3.12/site-packages/airflow/example_dags/example_branch_labels.py for tasks to queue
[2024-12-02T17:50:30.014+0000] {logging_mixin.py:190} INFO - [2024-12-02T17:50:30.014+0000] {dagbag.py:588} INFO - Filling up the DagBag from /home/airflow/.local/lib/python3.12/site-packages/airflow/example_dags/example_branch_labels.py
[2024-12-02T17:50:30.029+0000] {processor.py:925} INFO - DAG(s) 'example_branch_labels' retrieved from /home/airflow/.local/lib/python3.12/site-packages/airflow/example_dags/example_branch_labels.py
[2024-12-02T17:50:30.052+0000] {logging_mixin.py:190} INFO - [2024-12-02T17:50:30.051+0000] {dag.py:3239} INFO - Sync 1 DAGs
[2024-12-02T17:50:30.098+0000] {logging_mixin.py:190} INFO - [2024-12-02T17:50:30.098+0000] {dag.py:4180} INFO - Setting next_dagrun for example_branch_labels to 2024-12-01 00:00:00+00:00, run_after=2024-12-02 00:00:00+00:00
[2024-12-02T17:50:30.126+0000] {processor.py:208} INFO - Processing /home/airflow/.local/lib/python3.12/site-packages/airflow/example_dags/example_branch_labels.py took 0.125 seconds
