[2024-12-02T17:46:00.155+0000] {processor.py:186} INFO - Started process (PID=77) to work on /home/airflow/.local/lib/python3.12/site-packages/airflow/example_dags/example_skip_dag.py
[2024-12-02T17:46:00.156+0000] {processor.py:914} INFO - Processing file /home/airflow/.local/lib/python3.12/site-packages/airflow/example_dags/example_skip_dag.py for tasks to queue
[2024-12-02T17:46:00.158+0000] {logging_mixin.py:190} INFO - [2024-12-02T17:46:00.158+0000] {dagbag.py:588} INFO - Filling up the DagBag from /home/airflow/.local/lib/python3.12/site-packages/airflow/example_dags/example_skip_dag.py
[2024-12-02T17:46:00.176+0000] {processor.py:925} INFO - DAG(s) 'example_skip_dag' retrieved from /home/airflow/.local/lib/python3.12/site-packages/airflow/example_dags/example_skip_dag.py
[2024-12-02T17:46:00.333+0000] {logging_mixin.py:190} INFO - [2024-12-02T17:46:00.332+0000] {override.py:1911} INFO - Created Permission View: can read on DAG:example_skip_dag
[2024-12-02T17:46:00.348+0000] {logging_mixin.py:190} INFO - [2024-12-02T17:46:00.348+0000] {override.py:1911} INFO - Created Permission View: can edit on DAG:example_skip_dag
[2024-12-02T17:46:00.358+0000] {logging_mixin.py:190} INFO - [2024-12-02T17:46:00.358+0000] {override.py:1911} INFO - Created Permission View: can delete on DAG:example_skip_dag
[2024-12-02T17:46:00.376+0000] {logging_mixin.py:190} INFO - [2024-12-02T17:46:00.375+0000] {override.py:1911} INFO - Created Permission View: can read on DAG Run:example_skip_dag
[2024-12-02T17:46:00.388+0000] {logging_mixin.py:190} INFO - [2024-12-02T17:46:00.388+0000] {override.py:1911} INFO - Created Permission View: can delete on DAG Run:example_skip_dag
[2024-12-02T17:46:00.401+0000] {logging_mixin.py:190} INFO - [2024-12-02T17:46:00.400+0000] {override.py:1911} INFO - Created Permission View: can create on DAG Run:example_skip_dag
[2024-12-02T17:46:00.412+0000] {logging_mixin.py:190} INFO - [2024-12-02T17:46:00.412+0000] {override.py:1911} INFO - Created Permission View: menu access on DAG Run:example_skip_dag
[2024-12-02T17:46:00.412+0000] {logging_mixin.py:190} INFO - [2024-12-02T17:46:00.412+0000] {dag.py:3239} INFO - Sync 1 DAGs
[2024-12-02T17:46:00.427+0000] {logging_mixin.py:190} INFO - [2024-12-02T17:46:00.427+0000] {dag.py:3262} INFO - Creating ORM DAG for example_skip_dag
[2024-12-02T17:46:00.438+0000] {logging_mixin.py:190} INFO - [2024-12-02T17:46:00.438+0000] {dag.py:4180} INFO - Setting next_dagrun for example_skip_dag to 2024-12-01 00:00:00+00:00, run_after=2024-12-02 00:00:00+00:00
[2024-12-02T17:46:00.456+0000] {processor.py:208} INFO - Processing /home/airflow/.local/lib/python3.12/site-packages/airflow/example_dags/example_skip_dag.py took 0.307 seconds
[2024-12-02T17:46:30.970+0000] {processor.py:186} INFO - Started process (PID=142) to work on /home/airflow/.local/lib/python3.12/site-packages/airflow/example_dags/example_skip_dag.py
[2024-12-02T17:46:30.971+0000] {processor.py:914} INFO - Processing file /home/airflow/.local/lib/python3.12/site-packages/airflow/example_dags/example_skip_dag.py for tasks to queue
[2024-12-02T17:46:30.974+0000] {logging_mixin.py:190} INFO - [2024-12-02T17:46:30.974+0000] {dagbag.py:588} INFO - Filling up the DagBag from /home/airflow/.local/lib/python3.12/site-packages/airflow/example_dags/example_skip_dag.py
[2024-12-02T17:46:30.985+0000] {processor.py:925} INFO - DAG(s) 'example_skip_dag' retrieved from /home/airflow/.local/lib/python3.12/site-packages/airflow/example_dags/example_skip_dag.py
[2024-12-02T17:46:31.010+0000] {logging_mixin.py:190} INFO - [2024-12-02T17:46:31.010+0000] {dag.py:3239} INFO - Sync 1 DAGs
[2024-12-02T17:46:31.042+0000] {logging_mixin.py:190} INFO - [2024-12-02T17:46:31.042+0000] {dag.py:4180} INFO - Setting next_dagrun for example_skip_dag to 2024-12-01 00:00:00+00:00, run_after=2024-12-02 00:00:00+00:00
[2024-12-02T17:46:31.065+0000] {processor.py:208} INFO - Processing /home/airflow/.local/lib/python3.12/site-packages/airflow/example_dags/example_skip_dag.py took 0.101 seconds
[2024-12-02T17:47:01.149+0000] {processor.py:186} INFO - Started process (PID=207) to work on /home/airflow/.local/lib/python3.12/site-packages/airflow/example_dags/example_skip_dag.py
[2024-12-02T17:47:01.150+0000] {processor.py:914} INFO - Processing file /home/airflow/.local/lib/python3.12/site-packages/airflow/example_dags/example_skip_dag.py for tasks to queue
[2024-12-02T17:47:01.152+0000] {logging_mixin.py:190} INFO - [2024-12-02T17:47:01.152+0000] {dagbag.py:588} INFO - Filling up the DagBag from /home/airflow/.local/lib/python3.12/site-packages/airflow/example_dags/example_skip_dag.py
[2024-12-02T17:47:01.163+0000] {processor.py:925} INFO - DAG(s) 'example_skip_dag' retrieved from /home/airflow/.local/lib/python3.12/site-packages/airflow/example_dags/example_skip_dag.py
[2024-12-02T17:47:01.191+0000] {logging_mixin.py:190} INFO - [2024-12-02T17:47:01.191+0000] {dag.py:3239} INFO - Sync 1 DAGs
[2024-12-02T17:47:01.222+0000] {logging_mixin.py:190} INFO - [2024-12-02T17:47:01.222+0000] {dag.py:4180} INFO - Setting next_dagrun for example_skip_dag to 2024-12-01 00:00:00+00:00, run_after=2024-12-02 00:00:00+00:00
[2024-12-02T17:47:01.243+0000] {processor.py:208} INFO - Processing /home/airflow/.local/lib/python3.12/site-packages/airflow/example_dags/example_skip_dag.py took 0.103 seconds
[2024-12-02T17:47:31.971+0000] {processor.py:186} INFO - Started process (PID=272) to work on /home/airflow/.local/lib/python3.12/site-packages/airflow/example_dags/example_skip_dag.py
[2024-12-02T17:47:31.972+0000] {processor.py:914} INFO - Processing file /home/airflow/.local/lib/python3.12/site-packages/airflow/example_dags/example_skip_dag.py for tasks to queue
[2024-12-02T17:47:31.974+0000] {logging_mixin.py:190} INFO - [2024-12-02T17:47:31.974+0000] {dagbag.py:588} INFO - Filling up the DagBag from /home/airflow/.local/lib/python3.12/site-packages/airflow/example_dags/example_skip_dag.py
[2024-12-02T17:47:31.983+0000] {processor.py:925} INFO - DAG(s) 'example_skip_dag' retrieved from /home/airflow/.local/lib/python3.12/site-packages/airflow/example_dags/example_skip_dag.py
[2024-12-02T17:47:32.011+0000] {logging_mixin.py:190} INFO - [2024-12-02T17:47:32.010+0000] {dag.py:3239} INFO - Sync 1 DAGs
[2024-12-02T17:47:32.046+0000] {logging_mixin.py:190} INFO - [2024-12-02T17:47:32.046+0000] {dag.py:4180} INFO - Setting next_dagrun for example_skip_dag to 2024-12-01 00:00:00+00:00, run_after=2024-12-02 00:00:00+00:00
[2024-12-02T17:47:32.073+0000] {processor.py:208} INFO - Processing /home/airflow/.local/lib/python3.12/site-packages/airflow/example_dags/example_skip_dag.py took 0.110 seconds
[2024-12-02T17:48:02.537+0000] {processor.py:186} INFO - Started process (PID=341) to work on /home/airflow/.local/lib/python3.12/site-packages/airflow/example_dags/example_skip_dag.py
[2024-12-02T17:48:02.538+0000] {processor.py:914} INFO - Processing file /home/airflow/.local/lib/python3.12/site-packages/airflow/example_dags/example_skip_dag.py for tasks to queue
[2024-12-02T17:48:02.571+0000] {logging_mixin.py:190} INFO - [2024-12-02T17:48:02.570+0000] {dagbag.py:588} INFO - Filling up the DagBag from /home/airflow/.local/lib/python3.12/site-packages/airflow/example_dags/example_skip_dag.py
[2024-12-02T17:48:02.800+0000] {processor.py:925} INFO - DAG(s) 'example_skip_dag' retrieved from /home/airflow/.local/lib/python3.12/site-packages/airflow/example_dags/example_skip_dag.py
[2024-12-02T17:48:02.852+0000] {logging_mixin.py:190} INFO - [2024-12-02T17:48:02.852+0000] {dag.py:3239} INFO - Sync 1 DAGs
[2024-12-02T17:48:02.895+0000] {logging_mixin.py:190} INFO - [2024-12-02T17:48:02.894+0000] {dag.py:4180} INFO - Setting next_dagrun for example_skip_dag to 2024-12-01 00:00:00+00:00, run_after=2024-12-02 00:00:00+00:00
[2024-12-02T17:48:03.106+0000] {processor.py:208} INFO - Processing /home/airflow/.local/lib/python3.12/site-packages/airflow/example_dags/example_skip_dag.py took 0.584 seconds
[2024-12-02T17:48:33.866+0000] {processor.py:186} INFO - Started process (PID=409) to work on /home/airflow/.local/lib/python3.12/site-packages/airflow/example_dags/example_skip_dag.py
[2024-12-02T17:48:33.870+0000] {processor.py:914} INFO - Processing file /home/airflow/.local/lib/python3.12/site-packages/airflow/example_dags/example_skip_dag.py for tasks to queue
[2024-12-02T17:48:33.875+0000] {logging_mixin.py:190} INFO - [2024-12-02T17:48:33.874+0000] {dagbag.py:588} INFO - Filling up the DagBag from /home/airflow/.local/lib/python3.12/site-packages/airflow/example_dags/example_skip_dag.py
[2024-12-02T17:48:33.905+0000] {processor.py:925} INFO - DAG(s) 'example_skip_dag' retrieved from /home/airflow/.local/lib/python3.12/site-packages/airflow/example_dags/example_skip_dag.py
[2024-12-02T17:48:33.981+0000] {logging_mixin.py:190} INFO - [2024-12-02T17:48:33.981+0000] {dag.py:3239} INFO - Sync 1 DAGs
[2024-12-02T17:48:34.047+0000] {logging_mixin.py:190} INFO - [2024-12-02T17:48:34.041+0000] {dag.py:4180} INFO - Setting next_dagrun for example_skip_dag to 2024-12-01 00:00:00+00:00, run_after=2024-12-02 00:00:00+00:00
[2024-12-02T17:48:34.117+0000] {processor.py:208} INFO - Processing /home/airflow/.local/lib/python3.12/site-packages/airflow/example_dags/example_skip_dag.py took 0.275 seconds
[2024-12-02T17:49:04.959+0000] {processor.py:186} INFO - Started process (PID=468) to work on /home/airflow/.local/lib/python3.12/site-packages/airflow/example_dags/example_skip_dag.py
[2024-12-02T17:49:04.965+0000] {processor.py:914} INFO - Processing file /home/airflow/.local/lib/python3.12/site-packages/airflow/example_dags/example_skip_dag.py for tasks to queue
[2024-12-02T17:49:04.968+0000] {logging_mixin.py:190} INFO - [2024-12-02T17:49:04.968+0000] {dagbag.py:588} INFO - Filling up the DagBag from /home/airflow/.local/lib/python3.12/site-packages/airflow/example_dags/example_skip_dag.py
[2024-12-02T17:49:04.988+0000] {processor.py:925} INFO - DAG(s) 'example_skip_dag' retrieved from /home/airflow/.local/lib/python3.12/site-packages/airflow/example_dags/example_skip_dag.py
[2024-12-02T17:49:05.029+0000] {logging_mixin.py:190} INFO - [2024-12-02T17:49:05.028+0000] {dag.py:3239} INFO - Sync 1 DAGs
[2024-12-02T17:49:05.075+0000] {logging_mixin.py:190} INFO - [2024-12-02T17:49:05.074+0000] {dag.py:4180} INFO - Setting next_dagrun for example_skip_dag to 2024-12-01 00:00:00+00:00, run_after=2024-12-02 00:00:00+00:00
[2024-12-02T17:49:05.126+0000] {processor.py:208} INFO - Processing /home/airflow/.local/lib/python3.12/site-packages/airflow/example_dags/example_skip_dag.py took 0.177 seconds
[2024-12-02T17:49:35.293+0000] {processor.py:186} INFO - Started process (PID=533) to work on /home/airflow/.local/lib/python3.12/site-packages/airflow/example_dags/example_skip_dag.py
[2024-12-02T17:49:35.294+0000] {processor.py:914} INFO - Processing file /home/airflow/.local/lib/python3.12/site-packages/airflow/example_dags/example_skip_dag.py for tasks to queue
[2024-12-02T17:49:35.297+0000] {logging_mixin.py:190} INFO - [2024-12-02T17:49:35.296+0000] {dagbag.py:588} INFO - Filling up the DagBag from /home/airflow/.local/lib/python3.12/site-packages/airflow/example_dags/example_skip_dag.py
[2024-12-02T17:49:35.306+0000] {processor.py:925} INFO - DAG(s) 'example_skip_dag' retrieved from /home/airflow/.local/lib/python3.12/site-packages/airflow/example_dags/example_skip_dag.py
[2024-12-02T17:49:35.329+0000] {logging_mixin.py:190} INFO - [2024-12-02T17:49:35.328+0000] {dag.py:3239} INFO - Sync 1 DAGs
[2024-12-02T17:49:35.354+0000] {logging_mixin.py:190} INFO - [2024-12-02T17:49:35.353+0000] {dag.py:4180} INFO - Setting next_dagrun for example_skip_dag to 2024-12-01 00:00:00+00:00, run_after=2024-12-02 00:00:00+00:00
[2024-12-02T17:49:35.375+0000] {processor.py:208} INFO - Processing /home/airflow/.local/lib/python3.12/site-packages/airflow/example_dags/example_skip_dag.py took 0.090 seconds
[2024-12-02T17:50:05.425+0000] {processor.py:186} INFO - Started process (PID=597) to work on /home/airflow/.local/lib/python3.12/site-packages/airflow/example_dags/example_skip_dag.py
[2024-12-02T17:50:05.426+0000] {processor.py:914} INFO - Processing file /home/airflow/.local/lib/python3.12/site-packages/airflow/example_dags/example_skip_dag.py for tasks to queue
[2024-12-02T17:50:05.428+0000] {logging_mixin.py:190} INFO - [2024-12-02T17:50:05.428+0000] {dagbag.py:588} INFO - Filling up the DagBag from /home/airflow/.local/lib/python3.12/site-packages/airflow/example_dags/example_skip_dag.py
[2024-12-02T17:50:05.437+0000] {processor.py:925} INFO - DAG(s) 'example_skip_dag' retrieved from /home/airflow/.local/lib/python3.12/site-packages/airflow/example_dags/example_skip_dag.py
[2024-12-02T17:50:05.459+0000] {logging_mixin.py:190} INFO - [2024-12-02T17:50:05.459+0000] {dag.py:3239} INFO - Sync 1 DAGs
[2024-12-02T17:50:05.489+0000] {logging_mixin.py:190} INFO - [2024-12-02T17:50:05.489+0000] {dag.py:4180} INFO - Setting next_dagrun for example_skip_dag to 2024-12-01 00:00:00+00:00, run_after=2024-12-02 00:00:00+00:00
[2024-12-02T17:50:05.515+0000] {processor.py:208} INFO - Processing /home/airflow/.local/lib/python3.12/site-packages/airflow/example_dags/example_skip_dag.py took 0.097 seconds
[2024-12-02T17:50:35.711+0000] {processor.py:186} INFO - Started process (PID=662) to work on /home/airflow/.local/lib/python3.12/site-packages/airflow/example_dags/example_skip_dag.py
[2024-12-02T17:50:35.712+0000] {processor.py:914} INFO - Processing file /home/airflow/.local/lib/python3.12/site-packages/airflow/example_dags/example_skip_dag.py for tasks to queue
[2024-12-02T17:50:35.715+0000] {logging_mixin.py:190} INFO - [2024-12-02T17:50:35.715+0000] {dagbag.py:588} INFO - Filling up the DagBag from /home/airflow/.local/lib/python3.12/site-packages/airflow/example_dags/example_skip_dag.py
[2024-12-02T17:50:35.725+0000] {processor.py:925} INFO - DAG(s) 'example_skip_dag' retrieved from /home/airflow/.local/lib/python3.12/site-packages/airflow/example_dags/example_skip_dag.py
[2024-12-02T17:50:35.755+0000] {logging_mixin.py:190} INFO - [2024-12-02T17:50:35.755+0000] {dag.py:3239} INFO - Sync 1 DAGs
[2024-12-02T17:50:35.798+0000] {logging_mixin.py:190} INFO - [2024-12-02T17:50:35.798+0000] {dag.py:4180} INFO - Setting next_dagrun for example_skip_dag to 2024-12-01 00:00:00+00:00, run_after=2024-12-02 00:00:00+00:00
[2024-12-02T17:50:35.829+0000] {processor.py:208} INFO - Processing /home/airflow/.local/lib/python3.12/site-packages/airflow/example_dags/example_skip_dag.py took 0.125 seconds
