[2024-12-02T17:46:07.462+0000] {processor.py:186} INFO - Started process (PID=103) to work on /home/airflow/.local/lib/python3.12/site-packages/airflow/example_dags/example_dynamic_task_mapping.py
[2024-12-02T17:46:07.462+0000] {processor.py:914} INFO - Processing file /home/airflow/.local/lib/python3.12/site-packages/airflow/example_dags/example_dynamic_task_mapping.py for tasks to queue
[2024-12-02T17:46:07.464+0000] {logging_mixin.py:190} INFO - [2024-12-02T17:46:07.464+0000] {dagbag.py:588} INFO - Filling up the DagBag from /home/airflow/.local/lib/python3.12/site-packages/airflow/example_dags/example_dynamic_task_mapping.py
[2024-12-02T17:46:07.473+0000] {processor.py:925} INFO - DAG(s) 'example_dynamic_task_mapping' retrieved from /home/airflow/.local/lib/python3.12/site-packages/airflow/example_dags/example_dynamic_task_mapping.py
[2024-12-02T17:46:07.638+0000] {logging_mixin.py:190} INFO - [2024-12-02T17:46:07.637+0000] {override.py:1911} INFO - Created Permission View: can read on DAG:example_dynamic_task_mapping
[2024-12-02T17:46:07.655+0000] {logging_mixin.py:190} INFO - [2024-12-02T17:46:07.655+0000] {override.py:1911} INFO - Created Permission View: can edit on DAG:example_dynamic_task_mapping
[2024-12-02T17:46:07.668+0000] {logging_mixin.py:190} INFO - [2024-12-02T17:46:07.668+0000] {override.py:1911} INFO - Created Permission View: can delete on DAG:example_dynamic_task_mapping
[2024-12-02T17:46:07.680+0000] {logging_mixin.py:190} INFO - [2024-12-02T17:46:07.680+0000] {override.py:1911} INFO - Created Permission View: can read on DAG Run:example_dynamic_task_mapping
[2024-12-02T17:46:07.690+0000] {logging_mixin.py:190} INFO - [2024-12-02T17:46:07.689+0000] {override.py:1911} INFO - Created Permission View: can delete on DAG Run:example_dynamic_task_mapping
[2024-12-02T17:46:07.704+0000] {logging_mixin.py:190} INFO - [2024-12-02T17:46:07.704+0000] {override.py:1911} INFO - Created Permission View: can create on DAG Run:example_dynamic_task_mapping
[2024-12-02T17:46:07.717+0000] {logging_mixin.py:190} INFO - [2024-12-02T17:46:07.717+0000] {override.py:1911} INFO - Created Permission View: menu access on DAG Run:example_dynamic_task_mapping
[2024-12-02T17:46:07.718+0000] {logging_mixin.py:190} INFO - [2024-12-02T17:46:07.718+0000] {dag.py:3239} INFO - Sync 1 DAGs
[2024-12-02T17:46:07.736+0000] {logging_mixin.py:190} INFO - [2024-12-02T17:46:07.736+0000] {dag.py:3262} INFO - Creating ORM DAG for example_dynamic_task_mapping
[2024-12-02T17:46:07.737+0000] {logging_mixin.py:190} INFO - [2024-12-02T17:46:07.737+0000] {dag.py:4180} INFO - Setting next_dagrun for example_dynamic_task_mapping to None, run_after=None
[2024-12-02T17:46:07.761+0000] {processor.py:208} INFO - Processing /home/airflow/.local/lib/python3.12/site-packages/airflow/example_dags/example_dynamic_task_mapping.py took 0.306 seconds
[2024-12-02T17:46:38.429+0000] {processor.py:186} INFO - Started process (PID=168) to work on /home/airflow/.local/lib/python3.12/site-packages/airflow/example_dags/example_dynamic_task_mapping.py
[2024-12-02T17:46:38.430+0000] {processor.py:914} INFO - Processing file /home/airflow/.local/lib/python3.12/site-packages/airflow/example_dags/example_dynamic_task_mapping.py for tasks to queue
[2024-12-02T17:46:38.432+0000] {logging_mixin.py:190} INFO - [2024-12-02T17:46:38.432+0000] {dagbag.py:588} INFO - Filling up the DagBag from /home/airflow/.local/lib/python3.12/site-packages/airflow/example_dags/example_dynamic_task_mapping.py
[2024-12-02T17:46:38.445+0000] {processor.py:925} INFO - DAG(s) 'example_dynamic_task_mapping' retrieved from /home/airflow/.local/lib/python3.12/site-packages/airflow/example_dags/example_dynamic_task_mapping.py
[2024-12-02T17:46:38.470+0000] {logging_mixin.py:190} INFO - [2024-12-02T17:46:38.469+0000] {dag.py:3239} INFO - Sync 1 DAGs
[2024-12-02T17:46:38.497+0000] {logging_mixin.py:190} INFO - [2024-12-02T17:46:38.497+0000] {dag.py:4180} INFO - Setting next_dagrun for example_dynamic_task_mapping to None, run_after=None
[2024-12-02T17:46:38.530+0000] {processor.py:208} INFO - Processing /home/airflow/.local/lib/python3.12/site-packages/airflow/example_dags/example_dynamic_task_mapping.py took 0.111 seconds
[2024-12-02T17:47:08.598+0000] {processor.py:186} INFO - Started process (PID=232) to work on /home/airflow/.local/lib/python3.12/site-packages/airflow/example_dags/example_dynamic_task_mapping.py
[2024-12-02T17:47:08.599+0000] {processor.py:914} INFO - Processing file /home/airflow/.local/lib/python3.12/site-packages/airflow/example_dags/example_dynamic_task_mapping.py for tasks to queue
[2024-12-02T17:47:08.601+0000] {logging_mixin.py:190} INFO - [2024-12-02T17:47:08.601+0000] {dagbag.py:588} INFO - Filling up the DagBag from /home/airflow/.local/lib/python3.12/site-packages/airflow/example_dags/example_dynamic_task_mapping.py
[2024-12-02T17:47:08.611+0000] {processor.py:925} INFO - DAG(s) 'example_dynamic_task_mapping' retrieved from /home/airflow/.local/lib/python3.12/site-packages/airflow/example_dags/example_dynamic_task_mapping.py
[2024-12-02T17:47:08.631+0000] {logging_mixin.py:190} INFO - [2024-12-02T17:47:08.631+0000] {dag.py:3239} INFO - Sync 1 DAGs
[2024-12-02T17:47:08.650+0000] {logging_mixin.py:190} INFO - [2024-12-02T17:47:08.650+0000] {dag.py:4180} INFO - Setting next_dagrun for example_dynamic_task_mapping to None, run_after=None
[2024-12-02T17:47:08.668+0000] {processor.py:208} INFO - Processing /home/airflow/.local/lib/python3.12/site-packages/airflow/example_dags/example_dynamic_task_mapping.py took 0.078 seconds
[2024-12-02T17:47:39.449+0000] {processor.py:186} INFO - Started process (PID=297) to work on /home/airflow/.local/lib/python3.12/site-packages/airflow/example_dags/example_dynamic_task_mapping.py
[2024-12-02T17:47:39.450+0000] {processor.py:914} INFO - Processing file /home/airflow/.local/lib/python3.12/site-packages/airflow/example_dags/example_dynamic_task_mapping.py for tasks to queue
[2024-12-02T17:47:39.453+0000] {logging_mixin.py:190} INFO - [2024-12-02T17:47:39.452+0000] {dagbag.py:588} INFO - Filling up the DagBag from /home/airflow/.local/lib/python3.12/site-packages/airflow/example_dags/example_dynamic_task_mapping.py
[2024-12-02T17:47:39.464+0000] {processor.py:925} INFO - DAG(s) 'example_dynamic_task_mapping' retrieved from /home/airflow/.local/lib/python3.12/site-packages/airflow/example_dags/example_dynamic_task_mapping.py
[2024-12-02T17:47:39.486+0000] {logging_mixin.py:190} INFO - [2024-12-02T17:47:39.485+0000] {dag.py:3239} INFO - Sync 1 DAGs
[2024-12-02T17:47:39.505+0000] {logging_mixin.py:190} INFO - [2024-12-02T17:47:39.505+0000] {dag.py:4180} INFO - Setting next_dagrun for example_dynamic_task_mapping to None, run_after=None
[2024-12-02T17:47:39.529+0000] {processor.py:208} INFO - Processing /home/airflow/.local/lib/python3.12/site-packages/airflow/example_dags/example_dynamic_task_mapping.py took 0.087 seconds
[2024-12-02T17:48:18.235+0000] {processor.py:186} INFO - Started process (PID=367) to work on /home/airflow/.local/lib/python3.12/site-packages/airflow/example_dags/example_dynamic_task_mapping.py
[2024-12-02T17:48:18.243+0000] {processor.py:914} INFO - Processing file /home/airflow/.local/lib/python3.12/site-packages/airflow/example_dags/example_dynamic_task_mapping.py for tasks to queue
[2024-12-02T17:48:18.248+0000] {logging_mixin.py:190} INFO - [2024-12-02T17:48:18.247+0000] {dagbag.py:588} INFO - Filling up the DagBag from /home/airflow/.local/lib/python3.12/site-packages/airflow/example_dags/example_dynamic_task_mapping.py
[2024-12-02T17:48:18.289+0000] {processor.py:925} INFO - DAG(s) 'example_dynamic_task_mapping' retrieved from /home/airflow/.local/lib/python3.12/site-packages/airflow/example_dags/example_dynamic_task_mapping.py
[2024-12-02T17:48:18.343+0000] {logging_mixin.py:190} INFO - [2024-12-02T17:48:18.342+0000] {dag.py:3239} INFO - Sync 1 DAGs
[2024-12-02T17:48:18.400+0000] {logging_mixin.py:190} INFO - [2024-12-02T17:48:18.399+0000] {dag.py:4180} INFO - Setting next_dagrun for example_dynamic_task_mapping to None, run_after=None
[2024-12-02T17:48:18.476+0000] {processor.py:208} INFO - Processing /home/airflow/.local/lib/python3.12/site-packages/airflow/example_dags/example_dynamic_task_mapping.py took 0.269 seconds
[2024-12-02T17:48:51.372+0000] {processor.py:186} INFO - Started process (PID=435) to work on /home/airflow/.local/lib/python3.12/site-packages/airflow/example_dags/example_dynamic_task_mapping.py
[2024-12-02T17:48:51.397+0000] {processor.py:914} INFO - Processing file /home/airflow/.local/lib/python3.12/site-packages/airflow/example_dags/example_dynamic_task_mapping.py for tasks to queue
[2024-12-02T17:48:51.428+0000] {logging_mixin.py:190} INFO - [2024-12-02T17:48:51.409+0000] {dagbag.py:588} INFO - Filling up the DagBag from /home/airflow/.local/lib/python3.12/site-packages/airflow/example_dags/example_dynamic_task_mapping.py
[2024-12-02T17:48:51.487+0000] {processor.py:925} INFO - DAG(s) 'example_dynamic_task_mapping' retrieved from /home/airflow/.local/lib/python3.12/site-packages/airflow/example_dags/example_dynamic_task_mapping.py
[2024-12-02T17:48:51.600+0000] {logging_mixin.py:190} INFO - [2024-12-02T17:48:51.600+0000] {dag.py:3239} INFO - Sync 1 DAGs
[2024-12-02T17:48:51.660+0000] {logging_mixin.py:190} INFO - [2024-12-02T17:48:51.659+0000] {dag.py:4180} INFO - Setting next_dagrun for example_dynamic_task_mapping to None, run_after=None
[2024-12-02T17:48:51.712+0000] {processor.py:208} INFO - Processing /home/airflow/.local/lib/python3.12/site-packages/airflow/example_dags/example_dynamic_task_mapping.py took 0.368 seconds
[2024-12-02T17:49:22.021+0000] {processor.py:186} INFO - Started process (PID=493) to work on /home/airflow/.local/lib/python3.12/site-packages/airflow/example_dags/example_dynamic_task_mapping.py
[2024-12-02T17:49:22.022+0000] {processor.py:914} INFO - Processing file /home/airflow/.local/lib/python3.12/site-packages/airflow/example_dags/example_dynamic_task_mapping.py for tasks to queue
[2024-12-02T17:49:22.024+0000] {logging_mixin.py:190} INFO - [2024-12-02T17:49:22.023+0000] {dagbag.py:588} INFO - Filling up the DagBag from /home/airflow/.local/lib/python3.12/site-packages/airflow/example_dags/example_dynamic_task_mapping.py
[2024-12-02T17:49:22.033+0000] {processor.py:925} INFO - DAG(s) 'example_dynamic_task_mapping' retrieved from /home/airflow/.local/lib/python3.12/site-packages/airflow/example_dags/example_dynamic_task_mapping.py
[2024-12-02T17:49:22.054+0000] {logging_mixin.py:190} INFO - [2024-12-02T17:49:22.053+0000] {dag.py:3239} INFO - Sync 1 DAGs
[2024-12-02T17:49:22.072+0000] {logging_mixin.py:190} INFO - [2024-12-02T17:49:22.071+0000] {dag.py:4180} INFO - Setting next_dagrun for example_dynamic_task_mapping to None, run_after=None
[2024-12-02T17:49:22.093+0000] {processor.py:208} INFO - Processing /home/airflow/.local/lib/python3.12/site-packages/airflow/example_dags/example_dynamic_task_mapping.py took 0.078 seconds
[2024-12-02T17:49:52.374+0000] {processor.py:186} INFO - Started process (PID=558) to work on /home/airflow/.local/lib/python3.12/site-packages/airflow/example_dags/example_dynamic_task_mapping.py
[2024-12-02T17:49:52.375+0000] {processor.py:914} INFO - Processing file /home/airflow/.local/lib/python3.12/site-packages/airflow/example_dags/example_dynamic_task_mapping.py for tasks to queue
[2024-12-02T17:49:52.378+0000] {logging_mixin.py:190} INFO - [2024-12-02T17:49:52.377+0000] {dagbag.py:588} INFO - Filling up the DagBag from /home/airflow/.local/lib/python3.12/site-packages/airflow/example_dags/example_dynamic_task_mapping.py
[2024-12-02T17:49:52.388+0000] {processor.py:925} INFO - DAG(s) 'example_dynamic_task_mapping' retrieved from /home/airflow/.local/lib/python3.12/site-packages/airflow/example_dags/example_dynamic_task_mapping.py
[2024-12-02T17:49:52.412+0000] {logging_mixin.py:190} INFO - [2024-12-02T17:49:52.412+0000] {dag.py:3239} INFO - Sync 1 DAGs
[2024-12-02T17:49:52.431+0000] {logging_mixin.py:190} INFO - [2024-12-02T17:49:52.430+0000] {dag.py:4180} INFO - Setting next_dagrun for example_dynamic_task_mapping to None, run_after=None
[2024-12-02T17:49:52.448+0000] {processor.py:208} INFO - Processing /home/airflow/.local/lib/python3.12/site-packages/airflow/example_dags/example_dynamic_task_mapping.py took 0.083 seconds
[2024-12-02T17:50:23.116+0000] {processor.py:186} INFO - Started process (PID=623) to work on /home/airflow/.local/lib/python3.12/site-packages/airflow/example_dags/example_dynamic_task_mapping.py
[2024-12-02T17:50:23.117+0000] {processor.py:914} INFO - Processing file /home/airflow/.local/lib/python3.12/site-packages/airflow/example_dags/example_dynamic_task_mapping.py for tasks to queue
[2024-12-02T17:50:23.121+0000] {logging_mixin.py:190} INFO - [2024-12-02T17:50:23.120+0000] {dagbag.py:588} INFO - Filling up the DagBag from /home/airflow/.local/lib/python3.12/site-packages/airflow/example_dags/example_dynamic_task_mapping.py
[2024-12-02T17:50:23.132+0000] {processor.py:925} INFO - DAG(s) 'example_dynamic_task_mapping' retrieved from /home/airflow/.local/lib/python3.12/site-packages/airflow/example_dags/example_dynamic_task_mapping.py
[2024-12-02T17:50:23.155+0000] {logging_mixin.py:190} INFO - [2024-12-02T17:50:23.155+0000] {dag.py:3239} INFO - Sync 1 DAGs
[2024-12-02T17:50:23.174+0000] {logging_mixin.py:190} INFO - [2024-12-02T17:50:23.173+0000] {dag.py:4180} INFO - Setting next_dagrun for example_dynamic_task_mapping to None, run_after=None
[2024-12-02T17:50:23.197+0000] {processor.py:208} INFO - Processing /home/airflow/.local/lib/python3.12/site-packages/airflow/example_dags/example_dynamic_task_mapping.py took 0.090 seconds
