[2024-12-02T17:46:06.103+0000] {processor.py:186} INFO - Started process (PID=97) to work on /home/airflow/.local/lib/python3.12/site-packages/airflow/example_dags/example_time_delta_sensor_async.py
[2024-12-02T17:46:06.104+0000] {processor.py:914} INFO - Processing file /home/airflow/.local/lib/python3.12/site-packages/airflow/example_dags/example_time_delta_sensor_async.py for tasks to queue
[2024-12-02T17:46:06.107+0000] {logging_mixin.py:190} INFO - [2024-12-02T17:46:06.106+0000] {dagbag.py:588} INFO - Filling up the DagBag from /home/airflow/.local/lib/python3.12/site-packages/airflow/example_dags/example_time_delta_sensor_async.py
[2024-12-02T17:46:06.115+0000] {processor.py:925} INFO - DAG(s) 'example_time_delta_sensor_async' retrieved from /home/airflow/.local/lib/python3.12/site-packages/airflow/example_dags/example_time_delta_sensor_async.py
[2024-12-02T17:46:06.255+0000] {logging_mixin.py:190} INFO - [2024-12-02T17:46:06.255+0000] {override.py:1911} INFO - Created Permission View: can read on DAG:example_time_delta_sensor_async
[2024-12-02T17:46:06.271+0000] {logging_mixin.py:190} INFO - [2024-12-02T17:46:06.271+0000] {override.py:1911} INFO - Created Permission View: can edit on DAG:example_time_delta_sensor_async
[2024-12-02T17:46:06.279+0000] {logging_mixin.py:190} INFO - [2024-12-02T17:46:06.279+0000] {override.py:1911} INFO - Created Permission View: can delete on DAG:example_time_delta_sensor_async
[2024-12-02T17:46:06.290+0000] {logging_mixin.py:190} INFO - [2024-12-02T17:46:06.290+0000] {override.py:1911} INFO - Created Permission View: can read on DAG Run:example_time_delta_sensor_async
[2024-12-02T17:46:06.300+0000] {logging_mixin.py:190} INFO - [2024-12-02T17:46:06.300+0000] {override.py:1911} INFO - Created Permission View: can delete on DAG Run:example_time_delta_sensor_async
[2024-12-02T17:46:06.310+0000] {logging_mixin.py:190} INFO - [2024-12-02T17:46:06.309+0000] {override.py:1911} INFO - Created Permission View: can create on DAG Run:example_time_delta_sensor_async
[2024-12-02T17:46:06.319+0000] {logging_mixin.py:190} INFO - [2024-12-02T17:46:06.318+0000] {override.py:1911} INFO - Created Permission View: menu access on DAG Run:example_time_delta_sensor_async
[2024-12-02T17:46:06.319+0000] {logging_mixin.py:190} INFO - [2024-12-02T17:46:06.319+0000] {dag.py:3239} INFO - Sync 1 DAGs
[2024-12-02T17:46:06.339+0000] {logging_mixin.py:190} INFO - [2024-12-02T17:46:06.339+0000] {dag.py:3262} INFO - Creating ORM DAG for example_time_delta_sensor_async
[2024-12-02T17:46:06.340+0000] {logging_mixin.py:190} INFO - [2024-12-02T17:46:06.340+0000] {dag.py:4180} INFO - Setting next_dagrun for example_time_delta_sensor_async to None, run_after=None
[2024-12-02T17:46:06.364+0000] {processor.py:208} INFO - Processing /home/airflow/.local/lib/python3.12/site-packages/airflow/example_dags/example_time_delta_sensor_async.py took 0.268 seconds
[2024-12-02T17:46:36.804+0000] {processor.py:186} INFO - Started process (PID=162) to work on /home/airflow/.local/lib/python3.12/site-packages/airflow/example_dags/example_time_delta_sensor_async.py
[2024-12-02T17:46:36.806+0000] {processor.py:914} INFO - Processing file /home/airflow/.local/lib/python3.12/site-packages/airflow/example_dags/example_time_delta_sensor_async.py for tasks to queue
[2024-12-02T17:46:36.810+0000] {logging_mixin.py:190} INFO - [2024-12-02T17:46:36.809+0000] {dagbag.py:588} INFO - Filling up the DagBag from /home/airflow/.local/lib/python3.12/site-packages/airflow/example_dags/example_time_delta_sensor_async.py
[2024-12-02T17:46:36.822+0000] {processor.py:925} INFO - DAG(s) 'example_time_delta_sensor_async' retrieved from /home/airflow/.local/lib/python3.12/site-packages/airflow/example_dags/example_time_delta_sensor_async.py
[2024-12-02T17:46:36.856+0000] {logging_mixin.py:190} INFO - [2024-12-02T17:46:36.856+0000] {dag.py:3239} INFO - Sync 1 DAGs
[2024-12-02T17:46:36.886+0000] {logging_mixin.py:190} INFO - [2024-12-02T17:46:36.886+0000] {dag.py:4180} INFO - Setting next_dagrun for example_time_delta_sensor_async to None, run_after=None
[2024-12-02T17:46:36.911+0000] {processor.py:208} INFO - Processing /home/airflow/.local/lib/python3.12/site-packages/airflow/example_dags/example_time_delta_sensor_async.py took 0.124 seconds
[2024-12-02T17:47:08.151+0000] {processor.py:186} INFO - Started process (PID=227) to work on /home/airflow/.local/lib/python3.12/site-packages/airflow/example_dags/example_time_delta_sensor_async.py
[2024-12-02T17:47:08.152+0000] {processor.py:914} INFO - Processing file /home/airflow/.local/lib/python3.12/site-packages/airflow/example_dags/example_time_delta_sensor_async.py for tasks to queue
[2024-12-02T17:47:08.154+0000] {logging_mixin.py:190} INFO - [2024-12-02T17:47:08.154+0000] {dagbag.py:588} INFO - Filling up the DagBag from /home/airflow/.local/lib/python3.12/site-packages/airflow/example_dags/example_time_delta_sensor_async.py
[2024-12-02T17:47:08.162+0000] {processor.py:925} INFO - DAG(s) 'example_time_delta_sensor_async' retrieved from /home/airflow/.local/lib/python3.12/site-packages/airflow/example_dags/example_time_delta_sensor_async.py
[2024-12-02T17:47:08.182+0000] {logging_mixin.py:190} INFO - [2024-12-02T17:47:08.182+0000] {dag.py:3239} INFO - Sync 1 DAGs
[2024-12-02T17:47:08.199+0000] {logging_mixin.py:190} INFO - [2024-12-02T17:47:08.199+0000] {dag.py:4180} INFO - Setting next_dagrun for example_time_delta_sensor_async to None, run_after=None
[2024-12-02T17:47:08.218+0000] {processor.py:208} INFO - Processing /home/airflow/.local/lib/python3.12/site-packages/airflow/example_dags/example_time_delta_sensor_async.py took 0.074 seconds
[2024-12-02T17:47:39.095+0000] {processor.py:186} INFO - Started process (PID=292) to work on /home/airflow/.local/lib/python3.12/site-packages/airflow/example_dags/example_time_delta_sensor_async.py
[2024-12-02T17:47:39.096+0000] {processor.py:914} INFO - Processing file /home/airflow/.local/lib/python3.12/site-packages/airflow/example_dags/example_time_delta_sensor_async.py for tasks to queue
[2024-12-02T17:47:39.098+0000] {logging_mixin.py:190} INFO - [2024-12-02T17:47:39.098+0000] {dagbag.py:588} INFO - Filling up the DagBag from /home/airflow/.local/lib/python3.12/site-packages/airflow/example_dags/example_time_delta_sensor_async.py
[2024-12-02T17:47:39.105+0000] {processor.py:925} INFO - DAG(s) 'example_time_delta_sensor_async' retrieved from /home/airflow/.local/lib/python3.12/site-packages/airflow/example_dags/example_time_delta_sensor_async.py
[2024-12-02T17:47:39.125+0000] {logging_mixin.py:190} INFO - [2024-12-02T17:47:39.125+0000] {dag.py:3239} INFO - Sync 1 DAGs
[2024-12-02T17:47:39.144+0000] {logging_mixin.py:190} INFO - [2024-12-02T17:47:39.144+0000] {dag.py:4180} INFO - Setting next_dagrun for example_time_delta_sensor_async to None, run_after=None
[2024-12-02T17:47:39.168+0000] {processor.py:208} INFO - Processing /home/airflow/.local/lib/python3.12/site-packages/airflow/example_dags/example_time_delta_sensor_async.py took 0.080 seconds
[2024-12-02T17:48:16.139+0000] {processor.py:186} INFO - Started process (PID=361) to work on /home/airflow/.local/lib/python3.12/site-packages/airflow/example_dags/example_time_delta_sensor_async.py
[2024-12-02T17:48:16.141+0000] {processor.py:914} INFO - Processing file /home/airflow/.local/lib/python3.12/site-packages/airflow/example_dags/example_time_delta_sensor_async.py for tasks to queue
[2024-12-02T17:48:16.145+0000] {logging_mixin.py:190} INFO - [2024-12-02T17:48:16.144+0000] {dagbag.py:588} INFO - Filling up the DagBag from /home/airflow/.local/lib/python3.12/site-packages/airflow/example_dags/example_time_delta_sensor_async.py
[2024-12-02T17:48:16.167+0000] {processor.py:925} INFO - DAG(s) 'example_time_delta_sensor_async' retrieved from /home/airflow/.local/lib/python3.12/site-packages/airflow/example_dags/example_time_delta_sensor_async.py
[2024-12-02T17:48:16.221+0000] {logging_mixin.py:190} INFO - [2024-12-02T17:48:16.221+0000] {dag.py:3239} INFO - Sync 1 DAGs
[2024-12-02T17:48:16.322+0000] {logging_mixin.py:190} INFO - [2024-12-02T17:48:16.322+0000] {dag.py:4180} INFO - Setting next_dagrun for example_time_delta_sensor_async to None, run_after=None
[2024-12-02T17:48:16.409+0000] {processor.py:208} INFO - Processing /home/airflow/.local/lib/python3.12/site-packages/airflow/example_dags/example_time_delta_sensor_async.py took 0.290 seconds
[2024-12-02T17:48:49.604+0000] {processor.py:186} INFO - Started process (PID=429) to work on /home/airflow/.local/lib/python3.12/site-packages/airflow/example_dags/example_time_delta_sensor_async.py
[2024-12-02T17:48:49.609+0000] {processor.py:914} INFO - Processing file /home/airflow/.local/lib/python3.12/site-packages/airflow/example_dags/example_time_delta_sensor_async.py for tasks to queue
[2024-12-02T17:48:49.613+0000] {logging_mixin.py:190} INFO - [2024-12-02T17:48:49.612+0000] {dagbag.py:588} INFO - Filling up the DagBag from /home/airflow/.local/lib/python3.12/site-packages/airflow/example_dags/example_time_delta_sensor_async.py
[2024-12-02T17:48:49.633+0000] {processor.py:925} INFO - DAG(s) 'example_time_delta_sensor_async' retrieved from /home/airflow/.local/lib/python3.12/site-packages/airflow/example_dags/example_time_delta_sensor_async.py
[2024-12-02T17:48:49.686+0000] {logging_mixin.py:190} INFO - [2024-12-02T17:48:49.686+0000] {dag.py:3239} INFO - Sync 1 DAGs
[2024-12-02T17:48:49.756+0000] {logging_mixin.py:190} INFO - [2024-12-02T17:48:49.756+0000] {dag.py:4180} INFO - Setting next_dagrun for example_time_delta_sensor_async to None, run_after=None
[2024-12-02T17:48:49.866+0000] {processor.py:208} INFO - Processing /home/airflow/.local/lib/python3.12/site-packages/airflow/example_dags/example_time_delta_sensor_async.py took 0.285 seconds
[2024-12-02T17:49:20.095+0000] {processor.py:186} INFO - Started process (PID=488) to work on /home/airflow/.local/lib/python3.12/site-packages/airflow/example_dags/example_time_delta_sensor_async.py
[2024-12-02T17:49:20.096+0000] {processor.py:914} INFO - Processing file /home/airflow/.local/lib/python3.12/site-packages/airflow/example_dags/example_time_delta_sensor_async.py for tasks to queue
[2024-12-02T17:49:20.099+0000] {logging_mixin.py:190} INFO - [2024-12-02T17:49:20.098+0000] {dagbag.py:588} INFO - Filling up the DagBag from /home/airflow/.local/lib/python3.12/site-packages/airflow/example_dags/example_time_delta_sensor_async.py
[2024-12-02T17:49:20.109+0000] {processor.py:925} INFO - DAG(s) 'example_time_delta_sensor_async' retrieved from /home/airflow/.local/lib/python3.12/site-packages/airflow/example_dags/example_time_delta_sensor_async.py
[2024-12-02T17:49:20.135+0000] {logging_mixin.py:190} INFO - [2024-12-02T17:49:20.135+0000] {dag.py:3239} INFO - Sync 1 DAGs
[2024-12-02T17:49:20.159+0000] {logging_mixin.py:190} INFO - [2024-12-02T17:49:20.158+0000] {dag.py:4180} INFO - Setting next_dagrun for example_time_delta_sensor_async to None, run_after=None
[2024-12-02T17:49:20.186+0000] {processor.py:208} INFO - Processing /home/airflow/.local/lib/python3.12/site-packages/airflow/example_dags/example_time_delta_sensor_async.py took 0.098 seconds
[2024-12-02T17:49:50.334+0000] {processor.py:186} INFO - Started process (PID=552) to work on /home/airflow/.local/lib/python3.12/site-packages/airflow/example_dags/example_time_delta_sensor_async.py
[2024-12-02T17:49:50.335+0000] {processor.py:914} INFO - Processing file /home/airflow/.local/lib/python3.12/site-packages/airflow/example_dags/example_time_delta_sensor_async.py for tasks to queue
[2024-12-02T17:49:50.338+0000] {logging_mixin.py:190} INFO - [2024-12-02T17:49:50.337+0000] {dagbag.py:588} INFO - Filling up the DagBag from /home/airflow/.local/lib/python3.12/site-packages/airflow/example_dags/example_time_delta_sensor_async.py
[2024-12-02T17:49:50.347+0000] {processor.py:925} INFO - DAG(s) 'example_time_delta_sensor_async' retrieved from /home/airflow/.local/lib/python3.12/site-packages/airflow/example_dags/example_time_delta_sensor_async.py
[2024-12-02T17:49:50.370+0000] {logging_mixin.py:190} INFO - [2024-12-02T17:49:50.370+0000] {dag.py:3239} INFO - Sync 1 DAGs
[2024-12-02T17:49:50.390+0000] {logging_mixin.py:190} INFO - [2024-12-02T17:49:50.389+0000] {dag.py:4180} INFO - Setting next_dagrun for example_time_delta_sensor_async to None, run_after=None
[2024-12-02T17:49:50.413+0000] {processor.py:208} INFO - Processing /home/airflow/.local/lib/python3.12/site-packages/airflow/example_dags/example_time_delta_sensor_async.py took 0.088 seconds
[2024-12-02T17:50:21.704+0000] {processor.py:186} INFO - Started process (PID=617) to work on /home/airflow/.local/lib/python3.12/site-packages/airflow/example_dags/example_time_delta_sensor_async.py
[2024-12-02T17:50:21.705+0000] {processor.py:914} INFO - Processing file /home/airflow/.local/lib/python3.12/site-packages/airflow/example_dags/example_time_delta_sensor_async.py for tasks to queue
[2024-12-02T17:50:21.708+0000] {logging_mixin.py:190} INFO - [2024-12-02T17:50:21.708+0000] {dagbag.py:588} INFO - Filling up the DagBag from /home/airflow/.local/lib/python3.12/site-packages/airflow/example_dags/example_time_delta_sensor_async.py
[2024-12-02T17:50:21.720+0000] {processor.py:925} INFO - DAG(s) 'example_time_delta_sensor_async' retrieved from /home/airflow/.local/lib/python3.12/site-packages/airflow/example_dags/example_time_delta_sensor_async.py
[2024-12-02T17:50:21.750+0000] {logging_mixin.py:190} INFO - [2024-12-02T17:50:21.749+0000] {dag.py:3239} INFO - Sync 1 DAGs
[2024-12-02T17:50:21.779+0000] {logging_mixin.py:190} INFO - [2024-12-02T17:50:21.778+0000] {dag.py:4180} INFO - Setting next_dagrun for example_time_delta_sensor_async to None, run_after=None
[2024-12-02T17:50:21.804+0000] {processor.py:208} INFO - Processing /home/airflow/.local/lib/python3.12/site-packages/airflow/example_dags/example_time_delta_sensor_async.py took 0.110 seconds
