[2024-12-02T17:46:05.742+0000] {processor.py:186} INFO - Started process (PID=95) to work on /home/airflow/.local/lib/python3.12/site-packages/airflow/example_dags/example_python_operator.py
[2024-12-02T17:46:05.743+0000] {processor.py:914} INFO - Processing file /home/airflow/.local/lib/python3.12/site-packages/airflow/example_dags/example_python_operator.py for tasks to queue
[2024-12-02T17:46:05.746+0000] {logging_mixin.py:190} INFO - [2024-12-02T17:46:05.745+0000] {dagbag.py:588} INFO - Filling up the DagBag from /home/airflow/.local/lib/python3.12/site-packages/airflow/example_dags/example_python_operator.py
[2024-12-02T17:46:05.767+0000] {processor.py:925} INFO - DAG(s) 'example_python_operator' retrieved from /home/airflow/.local/lib/python3.12/site-packages/airflow/example_dags/example_python_operator.py
[2024-12-02T17:46:05.946+0000] {logging_mixin.py:190} INFO - [2024-12-02T17:46:05.945+0000] {override.py:1911} INFO - Created Permission View: can read on DAG:example_python_operator
[2024-12-02T17:46:05.961+0000] {logging_mixin.py:190} INFO - [2024-12-02T17:46:05.960+0000] {override.py:1911} INFO - Created Permission View: can edit on DAG:example_python_operator
[2024-12-02T17:46:05.970+0000] {logging_mixin.py:190} INFO - [2024-12-02T17:46:05.970+0000] {override.py:1911} INFO - Created Permission View: can delete on DAG:example_python_operator
[2024-12-02T17:46:05.985+0000] {logging_mixin.py:190} INFO - [2024-12-02T17:46:05.985+0000] {override.py:1911} INFO - Created Permission View: can read on DAG Run:example_python_operator
[2024-12-02T17:46:05.997+0000] {logging_mixin.py:190} INFO - [2024-12-02T17:46:05.997+0000] {override.py:1911} INFO - Created Permission View: can delete on DAG Run:example_python_operator
[2024-12-02T17:46:06.010+0000] {logging_mixin.py:190} INFO - [2024-12-02T17:46:06.009+0000] {override.py:1911} INFO - Created Permission View: can create on DAG Run:example_python_operator
[2024-12-02T17:46:06.022+0000] {logging_mixin.py:190} INFO - [2024-12-02T17:46:06.021+0000] {override.py:1911} INFO - Created Permission View: menu access on DAG Run:example_python_operator
[2024-12-02T17:46:06.022+0000] {logging_mixin.py:190} INFO - [2024-12-02T17:46:06.022+0000] {dag.py:3239} INFO - Sync 1 DAGs
[2024-12-02T17:46:06.039+0000] {logging_mixin.py:190} INFO - [2024-12-02T17:46:06.039+0000] {dag.py:3262} INFO - Creating ORM DAG for example_python_operator
[2024-12-02T17:46:06.040+0000] {logging_mixin.py:190} INFO - [2024-12-02T17:46:06.040+0000] {dag.py:4180} INFO - Setting next_dagrun for example_python_operator to None, run_after=None
[2024-12-02T17:46:06.067+0000] {processor.py:208} INFO - Processing /home/airflow/.local/lib/python3.12/site-packages/airflow/example_dags/example_python_operator.py took 0.332 seconds
[2024-12-02T17:46:36.648+0000] {processor.py:186} INFO - Started process (PID=160) to work on /home/airflow/.local/lib/python3.12/site-packages/airflow/example_dags/example_python_operator.py
[2024-12-02T17:46:36.648+0000] {processor.py:914} INFO - Processing file /home/airflow/.local/lib/python3.12/site-packages/airflow/example_dags/example_python_operator.py for tasks to queue
[2024-12-02T17:46:36.651+0000] {logging_mixin.py:190} INFO - [2024-12-02T17:46:36.650+0000] {dagbag.py:588} INFO - Filling up the DagBag from /home/airflow/.local/lib/python3.12/site-packages/airflow/example_dags/example_python_operator.py
[2024-12-02T17:46:36.666+0000] {processor.py:925} INFO - DAG(s) 'example_python_operator' retrieved from /home/airflow/.local/lib/python3.12/site-packages/airflow/example_dags/example_python_operator.py
[2024-12-02T17:46:36.697+0000] {logging_mixin.py:190} INFO - [2024-12-02T17:46:36.696+0000] {dag.py:3239} INFO - Sync 1 DAGs
[2024-12-02T17:46:36.720+0000] {logging_mixin.py:190} INFO - [2024-12-02T17:46:36.720+0000] {dag.py:4180} INFO - Setting next_dagrun for example_python_operator to None, run_after=None
[2024-12-02T17:46:36.747+0000] {processor.py:208} INFO - Processing /home/airflow/.local/lib/python3.12/site-packages/airflow/example_dags/example_python_operator.py took 0.107 seconds
[2024-12-02T17:47:08.036+0000] {processor.py:186} INFO - Started process (PID=225) to work on /home/airflow/.local/lib/python3.12/site-packages/airflow/example_dags/example_python_operator.py
[2024-12-02T17:47:08.037+0000] {processor.py:914} INFO - Processing file /home/airflow/.local/lib/python3.12/site-packages/airflow/example_dags/example_python_operator.py for tasks to queue
[2024-12-02T17:47:08.040+0000] {logging_mixin.py:190} INFO - [2024-12-02T17:47:08.039+0000] {dagbag.py:588} INFO - Filling up the DagBag from /home/airflow/.local/lib/python3.12/site-packages/airflow/example_dags/example_python_operator.py
[2024-12-02T17:47:08.055+0000] {processor.py:925} INFO - DAG(s) 'example_python_operator' retrieved from /home/airflow/.local/lib/python3.12/site-packages/airflow/example_dags/example_python_operator.py
[2024-12-02T17:47:08.082+0000] {logging_mixin.py:190} INFO - [2024-12-02T17:47:08.082+0000] {dag.py:3239} INFO - Sync 1 DAGs
[2024-12-02T17:47:08.102+0000] {logging_mixin.py:190} INFO - [2024-12-02T17:47:08.102+0000] {dag.py:4180} INFO - Setting next_dagrun for example_python_operator to None, run_after=None
[2024-12-02T17:47:08.122+0000] {processor.py:208} INFO - Processing /home/airflow/.local/lib/python3.12/site-packages/airflow/example_dags/example_python_operator.py took 0.094 seconds
[2024-12-02T17:47:38.979+0000] {processor.py:186} INFO - Started process (PID=290) to work on /home/airflow/.local/lib/python3.12/site-packages/airflow/example_dags/example_python_operator.py
[2024-12-02T17:47:38.980+0000] {processor.py:914} INFO - Processing file /home/airflow/.local/lib/python3.12/site-packages/airflow/example_dags/example_python_operator.py for tasks to queue
[2024-12-02T17:47:38.982+0000] {logging_mixin.py:190} INFO - [2024-12-02T17:47:38.982+0000] {dagbag.py:588} INFO - Filling up the DagBag from /home/airflow/.local/lib/python3.12/site-packages/airflow/example_dags/example_python_operator.py
[2024-12-02T17:47:39.000+0000] {processor.py:925} INFO - DAG(s) 'example_python_operator' retrieved from /home/airflow/.local/lib/python3.12/site-packages/airflow/example_dags/example_python_operator.py
[2024-12-02T17:47:39.026+0000] {logging_mixin.py:190} INFO - [2024-12-02T17:47:39.026+0000] {dag.py:3239} INFO - Sync 1 DAGs
[2024-12-02T17:47:39.045+0000] {logging_mixin.py:190} INFO - [2024-12-02T17:47:39.044+0000] {dag.py:4180} INFO - Setting next_dagrun for example_python_operator to None, run_after=None
[2024-12-02T17:47:39.065+0000] {processor.py:208} INFO - Processing /home/airflow/.local/lib/python3.12/site-packages/airflow/example_dags/example_python_operator.py took 0.096 seconds
[2024-12-02T17:48:15.290+0000] {processor.py:186} INFO - Started process (PID=359) to work on /home/airflow/.local/lib/python3.12/site-packages/airflow/example_dags/example_python_operator.py
[2024-12-02T17:48:15.292+0000] {processor.py:914} INFO - Processing file /home/airflow/.local/lib/python3.12/site-packages/airflow/example_dags/example_python_operator.py for tasks to queue
[2024-12-02T17:48:15.305+0000] {logging_mixin.py:190} INFO - [2024-12-02T17:48:15.304+0000] {dagbag.py:588} INFO - Filling up the DagBag from /home/airflow/.local/lib/python3.12/site-packages/airflow/example_dags/example_python_operator.py
[2024-12-02T17:48:15.376+0000] {processor.py:925} INFO - DAG(s) 'example_python_operator' retrieved from /home/airflow/.local/lib/python3.12/site-packages/airflow/example_dags/example_python_operator.py
[2024-12-02T17:48:15.478+0000] {logging_mixin.py:190} INFO - [2024-12-02T17:48:15.478+0000] {dag.py:3239} INFO - Sync 1 DAGs
[2024-12-02T17:48:15.593+0000] {logging_mixin.py:190} INFO - [2024-12-02T17:48:15.581+0000] {dag.py:4180} INFO - Setting next_dagrun for example_python_operator to None, run_after=None
[2024-12-02T17:48:15.666+0000] {processor.py:208} INFO - Processing /home/airflow/.local/lib/python3.12/site-packages/airflow/example_dags/example_python_operator.py took 0.407 seconds
[2024-12-02T17:48:48.775+0000] {processor.py:186} INFO - Started process (PID=427) to work on /home/airflow/.local/lib/python3.12/site-packages/airflow/example_dags/example_python_operator.py
[2024-12-02T17:48:48.779+0000] {processor.py:914} INFO - Processing file /home/airflow/.local/lib/python3.12/site-packages/airflow/example_dags/example_python_operator.py for tasks to queue
[2024-12-02T17:48:48.792+0000] {logging_mixin.py:190} INFO - [2024-12-02T17:48:48.782+0000] {dagbag.py:588} INFO - Filling up the DagBag from /home/airflow/.local/lib/python3.12/site-packages/airflow/example_dags/example_python_operator.py
[2024-12-02T17:48:48.835+0000] {processor.py:925} INFO - DAG(s) 'example_python_operator' retrieved from /home/airflow/.local/lib/python3.12/site-packages/airflow/example_dags/example_python_operator.py
[2024-12-02T17:48:48.933+0000] {logging_mixin.py:190} INFO - [2024-12-02T17:48:48.917+0000] {dag.py:3239} INFO - Sync 1 DAGs
[2024-12-02T17:48:49.001+0000] {logging_mixin.py:190} INFO - [2024-12-02T17:48:49.001+0000] {dag.py:4180} INFO - Setting next_dagrun for example_python_operator to None, run_after=None
[2024-12-02T17:48:49.084+0000] {processor.py:208} INFO - Processing /home/airflow/.local/lib/python3.12/site-packages/airflow/example_dags/example_python_operator.py took 0.347 seconds
[2024-12-02T17:49:19.845+0000] {processor.py:186} INFO - Started process (PID=486) to work on /home/airflow/.local/lib/python3.12/site-packages/airflow/example_dags/example_python_operator.py
[2024-12-02T17:49:19.847+0000] {processor.py:914} INFO - Processing file /home/airflow/.local/lib/python3.12/site-packages/airflow/example_dags/example_python_operator.py for tasks to queue
[2024-12-02T17:49:19.849+0000] {logging_mixin.py:190} INFO - [2024-12-02T17:49:19.849+0000] {dagbag.py:588} INFO - Filling up the DagBag from /home/airflow/.local/lib/python3.12/site-packages/airflow/example_dags/example_python_operator.py
[2024-12-02T17:49:19.866+0000] {processor.py:925} INFO - DAG(s) 'example_python_operator' retrieved from /home/airflow/.local/lib/python3.12/site-packages/airflow/example_dags/example_python_operator.py
[2024-12-02T17:49:19.895+0000] {logging_mixin.py:190} INFO - [2024-12-02T17:49:19.895+0000] {dag.py:3239} INFO - Sync 1 DAGs
[2024-12-02T17:49:19.911+0000] {logging_mixin.py:190} INFO - [2024-12-02T17:49:19.910+0000] {dag.py:4180} INFO - Setting next_dagrun for example_python_operator to None, run_after=None
[2024-12-02T17:49:19.930+0000] {processor.py:208} INFO - Processing /home/airflow/.local/lib/python3.12/site-packages/airflow/example_dags/example_python_operator.py took 0.093 seconds
[2024-12-02T17:49:50.218+0000] {processor.py:186} INFO - Started process (PID=550) to work on /home/airflow/.local/lib/python3.12/site-packages/airflow/example_dags/example_python_operator.py
[2024-12-02T17:49:50.219+0000] {processor.py:914} INFO - Processing file /home/airflow/.local/lib/python3.12/site-packages/airflow/example_dags/example_python_operator.py for tasks to queue
[2024-12-02T17:49:50.222+0000] {logging_mixin.py:190} INFO - [2024-12-02T17:49:50.221+0000] {dagbag.py:588} INFO - Filling up the DagBag from /home/airflow/.local/lib/python3.12/site-packages/airflow/example_dags/example_python_operator.py
[2024-12-02T17:49:50.235+0000] {processor.py:925} INFO - DAG(s) 'example_python_operator' retrieved from /home/airflow/.local/lib/python3.12/site-packages/airflow/example_dags/example_python_operator.py
[2024-12-02T17:49:50.258+0000] {logging_mixin.py:190} INFO - [2024-12-02T17:49:50.258+0000] {dag.py:3239} INFO - Sync 1 DAGs
[2024-12-02T17:49:50.277+0000] {logging_mixin.py:190} INFO - [2024-12-02T17:49:50.277+0000] {dag.py:4180} INFO - Setting next_dagrun for example_python_operator to None, run_after=None
[2024-12-02T17:49:50.297+0000] {processor.py:208} INFO - Processing /home/airflow/.local/lib/python3.12/site-packages/airflow/example_dags/example_python_operator.py took 0.086 seconds
[2024-12-02T17:50:21.566+0000] {processor.py:186} INFO - Started process (PID=615) to work on /home/airflow/.local/lib/python3.12/site-packages/airflow/example_dags/example_python_operator.py
[2024-12-02T17:50:21.567+0000] {processor.py:914} INFO - Processing file /home/airflow/.local/lib/python3.12/site-packages/airflow/example_dags/example_python_operator.py for tasks to queue
[2024-12-02T17:50:21.570+0000] {logging_mixin.py:190} INFO - [2024-12-02T17:50:21.569+0000] {dagbag.py:588} INFO - Filling up the DagBag from /home/airflow/.local/lib/python3.12/site-packages/airflow/example_dags/example_python_operator.py
[2024-12-02T17:50:21.587+0000] {processor.py:925} INFO - DAG(s) 'example_python_operator' retrieved from /home/airflow/.local/lib/python3.12/site-packages/airflow/example_dags/example_python_operator.py
[2024-12-02T17:50:21.618+0000] {logging_mixin.py:190} INFO - [2024-12-02T17:50:21.617+0000] {dag.py:3239} INFO - Sync 1 DAGs
[2024-12-02T17:50:21.641+0000] {logging_mixin.py:190} INFO - [2024-12-02T17:50:21.641+0000] {dag.py:4180} INFO - Setting next_dagrun for example_python_operator to None, run_after=None
[2024-12-02T17:50:21.667+0000] {processor.py:208} INFO - Processing /home/airflow/.local/lib/python3.12/site-packages/airflow/example_dags/example_python_operator.py took 0.109 seconds
