[2024-12-02T17:46:07.821+0000] {processor.py:186} INFO - Started process (PID=105) to work on /home/airflow/.local/lib/python3.12/site-packages/airflow/example_dags/example_params_trigger_ui.py
[2024-12-02T17:46:07.822+0000] {processor.py:914} INFO - Processing file /home/airflow/.local/lib/python3.12/site-packages/airflow/example_dags/example_params_trigger_ui.py for tasks to queue
[2024-12-02T17:46:07.824+0000] {logging_mixin.py:190} INFO - [2024-12-02T17:46:07.824+0000] {dagbag.py:588} INFO - Filling up the DagBag from /home/airflow/.local/lib/python3.12/site-packages/airflow/example_dags/example_params_trigger_ui.py
[2024-12-02T17:46:07.837+0000] {processor.py:925} INFO - DAG(s) 'example_params_trigger_ui' retrieved from /home/airflow/.local/lib/python3.12/site-packages/airflow/example_dags/example_params_trigger_ui.py
[2024-12-02T17:46:08.027+0000] {logging_mixin.py:190} INFO - [2024-12-02T17:46:08.027+0000] {override.py:1911} INFO - Created Permission View: can read on DAG:example_params_trigger_ui
[2024-12-02T17:46:08.041+0000] {logging_mixin.py:190} INFO - [2024-12-02T17:46:08.041+0000] {override.py:1911} INFO - Created Permission View: can edit on DAG:example_params_trigger_ui
[2024-12-02T17:46:08.051+0000] {logging_mixin.py:190} INFO - [2024-12-02T17:46:08.051+0000] {override.py:1911} INFO - Created Permission View: can delete on DAG:example_params_trigger_ui
[2024-12-02T17:46:08.066+0000] {logging_mixin.py:190} INFO - [2024-12-02T17:46:08.065+0000] {override.py:1911} INFO - Created Permission View: can read on DAG Run:example_params_trigger_ui
[2024-12-02T17:46:08.077+0000] {logging_mixin.py:190} INFO - [2024-12-02T17:46:08.077+0000] {override.py:1911} INFO - Created Permission View: can delete on DAG Run:example_params_trigger_ui
[2024-12-02T17:46:08.089+0000] {logging_mixin.py:190} INFO - [2024-12-02T17:46:08.088+0000] {override.py:1911} INFO - Created Permission View: can create on DAG Run:example_params_trigger_ui
[2024-12-02T17:46:08.101+0000] {logging_mixin.py:190} INFO - [2024-12-02T17:46:08.101+0000] {override.py:1911} INFO - Created Permission View: menu access on DAG Run:example_params_trigger_ui
[2024-12-02T17:46:08.101+0000] {logging_mixin.py:190} INFO - [2024-12-02T17:46:08.101+0000] {dag.py:3239} INFO - Sync 1 DAGs
[2024-12-02T17:46:08.117+0000] {logging_mixin.py:190} INFO - [2024-12-02T17:46:08.117+0000] {dag.py:3262} INFO - Creating ORM DAG for example_params_trigger_ui
[2024-12-02T17:46:08.117+0000] {logging_mixin.py:190} INFO - [2024-12-02T17:46:08.117+0000] {dag.py:4180} INFO - Setting next_dagrun for example_params_trigger_ui to None, run_after=None
[2024-12-02T17:46:08.139+0000] {processor.py:208} INFO - Processing /home/airflow/.local/lib/python3.12/site-packages/airflow/example_dags/example_params_trigger_ui.py took 0.324 seconds
[2024-12-02T17:46:38.765+0000] {processor.py:186} INFO - Started process (PID=170) to work on /home/airflow/.local/lib/python3.12/site-packages/airflow/example_dags/example_params_trigger_ui.py
[2024-12-02T17:46:38.767+0000] {processor.py:914} INFO - Processing file /home/airflow/.local/lib/python3.12/site-packages/airflow/example_dags/example_params_trigger_ui.py for tasks to queue
[2024-12-02T17:46:38.771+0000] {logging_mixin.py:190} INFO - [2024-12-02T17:46:38.770+0000] {dagbag.py:588} INFO - Filling up the DagBag from /home/airflow/.local/lib/python3.12/site-packages/airflow/example_dags/example_params_trigger_ui.py
[2024-12-02T17:46:38.790+0000] {processor.py:925} INFO - DAG(s) 'example_params_trigger_ui' retrieved from /home/airflow/.local/lib/python3.12/site-packages/airflow/example_dags/example_params_trigger_ui.py
[2024-12-02T17:46:38.849+0000] {logging_mixin.py:190} INFO - [2024-12-02T17:46:38.849+0000] {dag.py:3239} INFO - Sync 1 DAGs
[2024-12-02T17:46:38.870+0000] {logging_mixin.py:190} INFO - [2024-12-02T17:46:38.870+0000] {dag.py:4180} INFO - Setting next_dagrun for example_params_trigger_ui to None, run_after=None
[2024-12-02T17:46:38.898+0000] {processor.py:208} INFO - Processing /home/airflow/.local/lib/python3.12/site-packages/airflow/example_dags/example_params_trigger_ui.py took 0.142 seconds
[2024-12-02T17:47:09.734+0000] {processor.py:186} INFO - Started process (PID=235) to work on /home/airflow/.local/lib/python3.12/site-packages/airflow/example_dags/example_params_trigger_ui.py
[2024-12-02T17:47:09.735+0000] {processor.py:914} INFO - Processing file /home/airflow/.local/lib/python3.12/site-packages/airflow/example_dags/example_params_trigger_ui.py for tasks to queue
[2024-12-02T17:47:09.737+0000] {logging_mixin.py:190} INFO - [2024-12-02T17:47:09.737+0000] {dagbag.py:588} INFO - Filling up the DagBag from /home/airflow/.local/lib/python3.12/site-packages/airflow/example_dags/example_params_trigger_ui.py
[2024-12-02T17:47:09.749+0000] {processor.py:925} INFO - DAG(s) 'example_params_trigger_ui' retrieved from /home/airflow/.local/lib/python3.12/site-packages/airflow/example_dags/example_params_trigger_ui.py
[2024-12-02T17:47:09.808+0000] {logging_mixin.py:190} INFO - [2024-12-02T17:47:09.807+0000] {dag.py:3239} INFO - Sync 1 DAGs
[2024-12-02T17:47:09.825+0000] {logging_mixin.py:190} INFO - [2024-12-02T17:47:09.825+0000] {dag.py:4180} INFO - Setting next_dagrun for example_params_trigger_ui to None, run_after=None
[2024-12-02T17:47:09.848+0000] {processor.py:208} INFO - Processing /home/airflow/.local/lib/python3.12/site-packages/airflow/example_dags/example_params_trigger_ui.py took 0.120 seconds
[2024-12-02T17:47:40.496+0000] {processor.py:186} INFO - Started process (PID=299) to work on /home/airflow/.local/lib/python3.12/site-packages/airflow/example_dags/example_params_trigger_ui.py
[2024-12-02T17:47:40.497+0000] {processor.py:914} INFO - Processing file /home/airflow/.local/lib/python3.12/site-packages/airflow/example_dags/example_params_trigger_ui.py for tasks to queue
[2024-12-02T17:47:40.499+0000] {logging_mixin.py:190} INFO - [2024-12-02T17:47:40.499+0000] {dagbag.py:588} INFO - Filling up the DagBag from /home/airflow/.local/lib/python3.12/site-packages/airflow/example_dags/example_params_trigger_ui.py
[2024-12-02T17:47:40.516+0000] {processor.py:925} INFO - DAG(s) 'example_params_trigger_ui' retrieved from /home/airflow/.local/lib/python3.12/site-packages/airflow/example_dags/example_params_trigger_ui.py
[2024-12-02T17:47:40.570+0000] {logging_mixin.py:190} INFO - [2024-12-02T17:47:40.570+0000] {dag.py:3239} INFO - Sync 1 DAGs
[2024-12-02T17:47:40.589+0000] {logging_mixin.py:190} INFO - [2024-12-02T17:47:40.589+0000] {dag.py:4180} INFO - Setting next_dagrun for example_params_trigger_ui to None, run_after=None
[2024-12-02T17:47:40.610+0000] {processor.py:208} INFO - Processing /home/airflow/.local/lib/python3.12/site-packages/airflow/example_dags/example_params_trigger_ui.py took 0.123 seconds
[2024-12-02T17:48:19.121+0000] {processor.py:186} INFO - Started process (PID=369) to work on /home/airflow/.local/lib/python3.12/site-packages/airflow/example_dags/example_params_trigger_ui.py
[2024-12-02T17:48:19.123+0000] {processor.py:914} INFO - Processing file /home/airflow/.local/lib/python3.12/site-packages/airflow/example_dags/example_params_trigger_ui.py for tasks to queue
[2024-12-02T17:48:19.128+0000] {logging_mixin.py:190} INFO - [2024-12-02T17:48:19.127+0000] {dagbag.py:588} INFO - Filling up the DagBag from /home/airflow/.local/lib/python3.12/site-packages/airflow/example_dags/example_params_trigger_ui.py
[2024-12-02T17:48:19.174+0000] {processor.py:925} INFO - DAG(s) 'example_params_trigger_ui' retrieved from /home/airflow/.local/lib/python3.12/site-packages/airflow/example_dags/example_params_trigger_ui.py
[2024-12-02T17:48:19.332+0000] {logging_mixin.py:190} INFO - [2024-12-02T17:48:19.331+0000] {dag.py:3239} INFO - Sync 1 DAGs
[2024-12-02T17:48:19.371+0000] {logging_mixin.py:190} INFO - [2024-12-02T17:48:19.371+0000] {dag.py:4180} INFO - Setting next_dagrun for example_params_trigger_ui to None, run_after=None
[2024-12-02T17:48:19.419+0000] {processor.py:208} INFO - Processing /home/airflow/.local/lib/python3.12/site-packages/airflow/example_dags/example_params_trigger_ui.py took 0.333 seconds
[2024-12-02T17:48:52.166+0000] {processor.py:186} INFO - Started process (PID=437) to work on /home/airflow/.local/lib/python3.12/site-packages/airflow/example_dags/example_params_trigger_ui.py
[2024-12-02T17:48:52.167+0000] {processor.py:914} INFO - Processing file /home/airflow/.local/lib/python3.12/site-packages/airflow/example_dags/example_params_trigger_ui.py for tasks to queue
[2024-12-02T17:48:52.171+0000] {logging_mixin.py:190} INFO - [2024-12-02T17:48:52.171+0000] {dagbag.py:588} INFO - Filling up the DagBag from /home/airflow/.local/lib/python3.12/site-packages/airflow/example_dags/example_params_trigger_ui.py
[2024-12-02T17:48:52.201+0000] {processor.py:925} INFO - DAG(s) 'example_params_trigger_ui' retrieved from /home/airflow/.local/lib/python3.12/site-packages/airflow/example_dags/example_params_trigger_ui.py
[2024-12-02T17:48:52.359+0000] {logging_mixin.py:190} INFO - [2024-12-02T17:48:52.358+0000] {dag.py:3239} INFO - Sync 1 DAGs
[2024-12-02T17:48:52.397+0000] {logging_mixin.py:190} INFO - [2024-12-02T17:48:52.397+0000] {dag.py:4180} INFO - Setting next_dagrun for example_params_trigger_ui to None, run_after=None
[2024-12-02T17:48:52.440+0000] {processor.py:208} INFO - Processing /home/airflow/.local/lib/python3.12/site-packages/airflow/example_dags/example_params_trigger_ui.py took 0.290 seconds
[2024-12-02T17:49:23.171+0000] {processor.py:186} INFO - Started process (PID=496) to work on /home/airflow/.local/lib/python3.12/site-packages/airflow/example_dags/example_params_trigger_ui.py
[2024-12-02T17:49:23.172+0000] {processor.py:914} INFO - Processing file /home/airflow/.local/lib/python3.12/site-packages/airflow/example_dags/example_params_trigger_ui.py for tasks to queue
[2024-12-02T17:49:23.175+0000] {logging_mixin.py:190} INFO - [2024-12-02T17:49:23.174+0000] {dagbag.py:588} INFO - Filling up the DagBag from /home/airflow/.local/lib/python3.12/site-packages/airflow/example_dags/example_params_trigger_ui.py
[2024-12-02T17:49:23.190+0000] {processor.py:925} INFO - DAG(s) 'example_params_trigger_ui' retrieved from /home/airflow/.local/lib/python3.12/site-packages/airflow/example_dags/example_params_trigger_ui.py
[2024-12-02T17:49:23.265+0000] {logging_mixin.py:190} INFO - [2024-12-02T17:49:23.264+0000] {dag.py:3239} INFO - Sync 1 DAGs
[2024-12-02T17:49:23.288+0000] {logging_mixin.py:190} INFO - [2024-12-02T17:49:23.288+0000] {dag.py:4180} INFO - Setting next_dagrun for example_params_trigger_ui to None, run_after=None
[2024-12-02T17:49:23.316+0000] {processor.py:208} INFO - Processing /home/airflow/.local/lib/python3.12/site-packages/airflow/example_dags/example_params_trigger_ui.py took 0.153 seconds
[2024-12-02T17:49:53.517+0000] {processor.py:186} INFO - Started process (PID=560) to work on /home/airflow/.local/lib/python3.12/site-packages/airflow/example_dags/example_params_trigger_ui.py
[2024-12-02T17:49:53.518+0000] {processor.py:914} INFO - Processing file /home/airflow/.local/lib/python3.12/site-packages/airflow/example_dags/example_params_trigger_ui.py for tasks to queue
[2024-12-02T17:49:53.521+0000] {logging_mixin.py:190} INFO - [2024-12-02T17:49:53.521+0000] {dagbag.py:588} INFO - Filling up the DagBag from /home/airflow/.local/lib/python3.12/site-packages/airflow/example_dags/example_params_trigger_ui.py
[2024-12-02T17:49:53.537+0000] {processor.py:925} INFO - DAG(s) 'example_params_trigger_ui' retrieved from /home/airflow/.local/lib/python3.12/site-packages/airflow/example_dags/example_params_trigger_ui.py
[2024-12-02T17:49:53.610+0000] {logging_mixin.py:190} INFO - [2024-12-02T17:49:53.610+0000] {dag.py:3239} INFO - Sync 1 DAGs
[2024-12-02T17:49:53.627+0000] {logging_mixin.py:190} INFO - [2024-12-02T17:49:53.627+0000] {dag.py:4180} INFO - Setting next_dagrun for example_params_trigger_ui to None, run_after=None
[2024-12-02T17:49:53.649+0000] {processor.py:208} INFO - Processing /home/airflow/.local/lib/python3.12/site-packages/airflow/example_dags/example_params_trigger_ui.py took 0.140 seconds
[2024-12-02T17:50:23.944+0000] {processor.py:186} INFO - Started process (PID=625) to work on /home/airflow/.local/lib/python3.12/site-packages/airflow/example_dags/example_params_trigger_ui.py
[2024-12-02T17:50:23.945+0000] {processor.py:914} INFO - Processing file /home/airflow/.local/lib/python3.12/site-packages/airflow/example_dags/example_params_trigger_ui.py for tasks to queue
[2024-12-02T17:50:23.949+0000] {logging_mixin.py:190} INFO - [2024-12-02T17:50:23.948+0000] {dagbag.py:588} INFO - Filling up the DagBag from /home/airflow/.local/lib/python3.12/site-packages/airflow/example_dags/example_params_trigger_ui.py
[2024-12-02T17:50:23.968+0000] {processor.py:925} INFO - DAG(s) 'example_params_trigger_ui' retrieved from /home/airflow/.local/lib/python3.12/site-packages/airflow/example_dags/example_params_trigger_ui.py
[2024-12-02T17:50:24.034+0000] {logging_mixin.py:190} INFO - [2024-12-02T17:50:24.034+0000] {dag.py:3239} INFO - Sync 1 DAGs
[2024-12-02T17:50:24.055+0000] {logging_mixin.py:190} INFO - [2024-12-02T17:50:24.055+0000] {dag.py:4180} INFO - Setting next_dagrun for example_params_trigger_ui to None, run_after=None
[2024-12-02T17:50:24.079+0000] {processor.py:208} INFO - Processing /home/airflow/.local/lib/python3.12/site-packages/airflow/example_dags/example_params_trigger_ui.py took 0.143 seconds
