[2024-12-02T17:46:08.171+0000] {processor.py:186} INFO - Started process (PID=107) to work on /home/airflow/.local/lib/python3.12/site-packages/airflow/example_dags/example_external_task_marker_dag.py
[2024-12-02T17:46:08.171+0000] {processor.py:914} INFO - Processing file /home/airflow/.local/lib/python3.12/site-packages/airflow/example_dags/example_external_task_marker_dag.py for tasks to queue
[2024-12-02T17:46:08.173+0000] {logging_mixin.py:190} INFO - [2024-12-02T17:46:08.173+0000] {dagbag.py:588} INFO - Filling up the DagBag from /home/airflow/.local/lib/python3.12/site-packages/airflow/example_dags/example_external_task_marker_dag.py
[2024-12-02T17:46:08.182+0000] {processor.py:925} INFO - DAG(s) 'example_external_task_marker_parent', 'example_external_task_marker_child' retrieved from /home/airflow/.local/lib/python3.12/site-packages/airflow/example_dags/example_external_task_marker_dag.py
[2024-12-02T17:46:08.322+0000] {logging_mixin.py:190} INFO - [2024-12-02T17:46:08.321+0000] {override.py:1911} INFO - Created Permission View: can read on DAG:example_external_task_marker_parent
[2024-12-02T17:46:08.338+0000] {logging_mixin.py:190} INFO - [2024-12-02T17:46:08.337+0000] {override.py:1911} INFO - Created Permission View: can edit on DAG:example_external_task_marker_parent
[2024-12-02T17:46:08.349+0000] {logging_mixin.py:190} INFO - [2024-12-02T17:46:08.349+0000] {override.py:1911} INFO - Created Permission View: can delete on DAG:example_external_task_marker_parent
[2024-12-02T17:46:08.360+0000] {logging_mixin.py:190} INFO - [2024-12-02T17:46:08.360+0000] {override.py:1911} INFO - Created Permission View: can read on DAG Run:example_external_task_marker_parent
[2024-12-02T17:46:08.370+0000] {logging_mixin.py:190} INFO - [2024-12-02T17:46:08.369+0000] {override.py:1911} INFO - Created Permission View: can delete on DAG Run:example_external_task_marker_parent
[2024-12-02T17:46:08.378+0000] {logging_mixin.py:190} INFO - [2024-12-02T17:46:08.378+0000] {override.py:1911} INFO - Created Permission View: can create on DAG Run:example_external_task_marker_parent
[2024-12-02T17:46:08.390+0000] {logging_mixin.py:190} INFO - [2024-12-02T17:46:08.390+0000] {override.py:1911} INFO - Created Permission View: menu access on DAG Run:example_external_task_marker_parent
[2024-12-02T17:46:08.418+0000] {logging_mixin.py:190} INFO - [2024-12-02T17:46:08.418+0000] {override.py:1911} INFO - Created Permission View: can read on DAG:example_external_task_marker_child
[2024-12-02T17:46:08.431+0000] {logging_mixin.py:190} INFO - [2024-12-02T17:46:08.430+0000] {override.py:1911} INFO - Created Permission View: can edit on DAG:example_external_task_marker_child
[2024-12-02T17:46:08.443+0000] {logging_mixin.py:190} INFO - [2024-12-02T17:46:08.442+0000] {override.py:1911} INFO - Created Permission View: can delete on DAG:example_external_task_marker_child
[2024-12-02T17:46:08.457+0000] {logging_mixin.py:190} INFO - [2024-12-02T17:46:08.457+0000] {override.py:1911} INFO - Created Permission View: can read on DAG Run:example_external_task_marker_child
[2024-12-02T17:46:08.467+0000] {logging_mixin.py:190} INFO - [2024-12-02T17:46:08.467+0000] {override.py:1911} INFO - Created Permission View: can delete on DAG Run:example_external_task_marker_child
[2024-12-02T17:46:08.477+0000] {logging_mixin.py:190} INFO - [2024-12-02T17:46:08.476+0000] {override.py:1911} INFO - Created Permission View: can create on DAG Run:example_external_task_marker_child
[2024-12-02T17:46:08.487+0000] {logging_mixin.py:190} INFO - [2024-12-02T17:46:08.486+0000] {override.py:1911} INFO - Created Permission View: menu access on DAG Run:example_external_task_marker_child
[2024-12-02T17:46:08.487+0000] {logging_mixin.py:190} INFO - [2024-12-02T17:46:08.487+0000] {dag.py:3239} INFO - Sync 2 DAGs
[2024-12-02T17:46:08.511+0000] {logging_mixin.py:190} INFO - [2024-12-02T17:46:08.511+0000] {dag.py:3262} INFO - Creating ORM DAG for example_external_task_marker_parent
[2024-12-02T17:46:08.512+0000] {logging_mixin.py:190} INFO - [2024-12-02T17:46:08.512+0000] {dag.py:3262} INFO - Creating ORM DAG for example_external_task_marker_child
[2024-12-02T17:46:08.513+0000] {logging_mixin.py:190} INFO - [2024-12-02T17:46:08.512+0000] {dag.py:4180} INFO - Setting next_dagrun for example_external_task_marker_child to None, run_after=None
[2024-12-02T17:46:08.514+0000] {logging_mixin.py:190} INFO - [2024-12-02T17:46:08.513+0000] {dag.py:4180} INFO - Setting next_dagrun for example_external_task_marker_parent to None, run_after=None
[2024-12-02T17:46:08.537+0000] {processor.py:208} INFO - Processing /home/airflow/.local/lib/python3.12/site-packages/airflow/example_dags/example_external_task_marker_dag.py took 0.373 seconds
[2024-12-02T17:46:39.053+0000] {processor.py:186} INFO - Started process (PID=172) to work on /home/airflow/.local/lib/python3.12/site-packages/airflow/example_dags/example_external_task_marker_dag.py
[2024-12-02T17:46:39.054+0000] {processor.py:914} INFO - Processing file /home/airflow/.local/lib/python3.12/site-packages/airflow/example_dags/example_external_task_marker_dag.py for tasks to queue
[2024-12-02T17:46:39.056+0000] {logging_mixin.py:190} INFO - [2024-12-02T17:46:39.056+0000] {dagbag.py:588} INFO - Filling up the DagBag from /home/airflow/.local/lib/python3.12/site-packages/airflow/example_dags/example_external_task_marker_dag.py
[2024-12-02T17:46:39.064+0000] {processor.py:925} INFO - DAG(s) 'example_external_task_marker_child', 'example_external_task_marker_parent' retrieved from /home/airflow/.local/lib/python3.12/site-packages/airflow/example_dags/example_external_task_marker_dag.py
[2024-12-02T17:46:39.088+0000] {logging_mixin.py:190} INFO - [2024-12-02T17:46:39.088+0000] {dag.py:3239} INFO - Sync 2 DAGs
[2024-12-02T17:46:39.103+0000] {logging_mixin.py:190} INFO - [2024-12-02T17:46:39.103+0000] {dag.py:4180} INFO - Setting next_dagrun for example_external_task_marker_child to None, run_after=None
[2024-12-02T17:46:39.107+0000] {logging_mixin.py:190} INFO - [2024-12-02T17:46:39.107+0000] {dag.py:4180} INFO - Setting next_dagrun for example_external_task_marker_parent to None, run_after=None
[2024-12-02T17:46:39.129+0000] {processor.py:208} INFO - Processing /home/airflow/.local/lib/python3.12/site-packages/airflow/example_dags/example_external_task_marker_dag.py took 0.082 seconds
[2024-12-02T17:47:09.988+0000] {processor.py:186} INFO - Started process (PID=237) to work on /home/airflow/.local/lib/python3.12/site-packages/airflow/example_dags/example_external_task_marker_dag.py
[2024-12-02T17:47:09.989+0000] {processor.py:914} INFO - Processing file /home/airflow/.local/lib/python3.12/site-packages/airflow/example_dags/example_external_task_marker_dag.py for tasks to queue
[2024-12-02T17:47:09.991+0000] {logging_mixin.py:190} INFO - [2024-12-02T17:47:09.991+0000] {dagbag.py:588} INFO - Filling up the DagBag from /home/airflow/.local/lib/python3.12/site-packages/airflow/example_dags/example_external_task_marker_dag.py
[2024-12-02T17:47:09.999+0000] {processor.py:925} INFO - DAG(s) 'example_external_task_marker_child', 'example_external_task_marker_parent' retrieved from /home/airflow/.local/lib/python3.12/site-packages/airflow/example_dags/example_external_task_marker_dag.py
[2024-12-02T17:47:10.024+0000] {logging_mixin.py:190} INFO - [2024-12-02T17:47:10.024+0000] {dag.py:3239} INFO - Sync 2 DAGs
[2024-12-02T17:47:10.040+0000] {logging_mixin.py:190} INFO - [2024-12-02T17:47:10.040+0000] {dag.py:4180} INFO - Setting next_dagrun for example_external_task_marker_child to None, run_after=None
[2024-12-02T17:47:10.044+0000] {logging_mixin.py:190} INFO - [2024-12-02T17:47:10.044+0000] {dag.py:4180} INFO - Setting next_dagrun for example_external_task_marker_parent to None, run_after=None
[2024-12-02T17:47:10.060+0000] {processor.py:208} INFO - Processing /home/airflow/.local/lib/python3.12/site-packages/airflow/example_dags/example_external_task_marker_dag.py took 0.078 seconds
[2024-12-02T17:47:40.643+0000] {processor.py:186} INFO - Started process (PID=301) to work on /home/airflow/.local/lib/python3.12/site-packages/airflow/example_dags/example_external_task_marker_dag.py
[2024-12-02T17:47:40.644+0000] {processor.py:914} INFO - Processing file /home/airflow/.local/lib/python3.12/site-packages/airflow/example_dags/example_external_task_marker_dag.py for tasks to queue
[2024-12-02T17:47:40.646+0000] {logging_mixin.py:190} INFO - [2024-12-02T17:47:40.646+0000] {dagbag.py:588} INFO - Filling up the DagBag from /home/airflow/.local/lib/python3.12/site-packages/airflow/example_dags/example_external_task_marker_dag.py
[2024-12-02T17:47:40.655+0000] {processor.py:925} INFO - DAG(s) 'example_external_task_marker_parent', 'example_external_task_marker_child' retrieved from /home/airflow/.local/lib/python3.12/site-packages/airflow/example_dags/example_external_task_marker_dag.py
[2024-12-02T17:47:40.684+0000] {logging_mixin.py:190} INFO - [2024-12-02T17:47:40.684+0000] {dag.py:3239} INFO - Sync 2 DAGs
[2024-12-02T17:47:40.706+0000] {logging_mixin.py:190} INFO - [2024-12-02T17:47:40.706+0000] {dag.py:4180} INFO - Setting next_dagrun for example_external_task_marker_child to None, run_after=None
[2024-12-02T17:47:40.711+0000] {logging_mixin.py:190} INFO - [2024-12-02T17:47:40.711+0000] {dag.py:4180} INFO - Setting next_dagrun for example_external_task_marker_parent to None, run_after=None
[2024-12-02T17:47:40.729+0000] {processor.py:208} INFO - Processing /home/airflow/.local/lib/python3.12/site-packages/airflow/example_dags/example_external_task_marker_dag.py took 0.094 seconds
[2024-12-02T17:48:19.948+0000] {processor.py:186} INFO - Started process (PID=371) to work on /home/airflow/.local/lib/python3.12/site-packages/airflow/example_dags/example_external_task_marker_dag.py
[2024-12-02T17:48:19.950+0000] {processor.py:914} INFO - Processing file /home/airflow/.local/lib/python3.12/site-packages/airflow/example_dags/example_external_task_marker_dag.py for tasks to queue
[2024-12-02T17:48:19.956+0000] {logging_mixin.py:190} INFO - [2024-12-02T17:48:19.956+0000] {dagbag.py:588} INFO - Filling up the DagBag from /home/airflow/.local/lib/python3.12/site-packages/airflow/example_dags/example_external_task_marker_dag.py
[2024-12-02T17:48:19.996+0000] {processor.py:925} INFO - DAG(s) 'example_external_task_marker_child', 'example_external_task_marker_parent' retrieved from /home/airflow/.local/lib/python3.12/site-packages/airflow/example_dags/example_external_task_marker_dag.py
[2024-12-02T17:48:20.057+0000] {logging_mixin.py:190} INFO - [2024-12-02T17:48:20.056+0000] {dag.py:3239} INFO - Sync 2 DAGs
[2024-12-02T17:48:20.254+0000] {logging_mixin.py:190} INFO - [2024-12-02T17:48:20.254+0000] {dag.py:4180} INFO - Setting next_dagrun for example_external_task_marker_child to None, run_after=None
[2024-12-02T17:48:20.332+0000] {logging_mixin.py:190} INFO - [2024-12-02T17:48:20.330+0000] {dag.py:4180} INFO - Setting next_dagrun for example_external_task_marker_parent to None, run_after=None
[2024-12-02T17:48:20.533+0000] {processor.py:208} INFO - Processing /home/airflow/.local/lib/python3.12/site-packages/airflow/example_dags/example_external_task_marker_dag.py took 0.655 seconds
[2024-12-02T17:48:52.707+0000] {processor.py:186} INFO - Started process (PID=439) to work on /home/airflow/.local/lib/python3.12/site-packages/airflow/example_dags/example_external_task_marker_dag.py
[2024-12-02T17:48:52.709+0000] {processor.py:914} INFO - Processing file /home/airflow/.local/lib/python3.12/site-packages/airflow/example_dags/example_external_task_marker_dag.py for tasks to queue
[2024-12-02T17:48:52.713+0000] {logging_mixin.py:190} INFO - [2024-12-02T17:48:52.712+0000] {dagbag.py:588} INFO - Filling up the DagBag from /home/airflow/.local/lib/python3.12/site-packages/airflow/example_dags/example_external_task_marker_dag.py
[2024-12-02T17:48:52.732+0000] {processor.py:925} INFO - DAG(s) 'example_external_task_marker_child', 'example_external_task_marker_parent' retrieved from /home/airflow/.local/lib/python3.12/site-packages/airflow/example_dags/example_external_task_marker_dag.py
[2024-12-02T17:48:52.799+0000] {logging_mixin.py:190} INFO - [2024-12-02T17:48:52.798+0000] {dag.py:3239} INFO - Sync 2 DAGs
[2024-12-02T17:48:52.835+0000] {logging_mixin.py:190} INFO - [2024-12-02T17:48:52.835+0000] {dag.py:4180} INFO - Setting next_dagrun for example_external_task_marker_child to None, run_after=None
[2024-12-02T17:48:52.842+0000] {logging_mixin.py:190} INFO - [2024-12-02T17:48:52.842+0000] {dag.py:4180} INFO - Setting next_dagrun for example_external_task_marker_parent to None, run_after=None
[2024-12-02T17:48:52.885+0000] {processor.py:208} INFO - Processing /home/airflow/.local/lib/python3.12/site-packages/airflow/example_dags/example_external_task_marker_dag.py took 0.190 seconds
[2024-12-02T17:49:23.515+0000] {processor.py:186} INFO - Started process (PID=498) to work on /home/airflow/.local/lib/python3.12/site-packages/airflow/example_dags/example_external_task_marker_dag.py
[2024-12-02T17:49:23.516+0000] {processor.py:914} INFO - Processing file /home/airflow/.local/lib/python3.12/site-packages/airflow/example_dags/example_external_task_marker_dag.py for tasks to queue
[2024-12-02T17:49:23.519+0000] {logging_mixin.py:190} INFO - [2024-12-02T17:49:23.519+0000] {dagbag.py:588} INFO - Filling up the DagBag from /home/airflow/.local/lib/python3.12/site-packages/airflow/example_dags/example_external_task_marker_dag.py
[2024-12-02T17:49:23.530+0000] {processor.py:925} INFO - DAG(s) 'example_external_task_marker_child', 'example_external_task_marker_parent' retrieved from /home/airflow/.local/lib/python3.12/site-packages/airflow/example_dags/example_external_task_marker_dag.py
[2024-12-02T17:49:23.562+0000] {logging_mixin.py:190} INFO - [2024-12-02T17:49:23.562+0000] {dag.py:3239} INFO - Sync 2 DAGs
[2024-12-02T17:49:23.589+0000] {logging_mixin.py:190} INFO - [2024-12-02T17:49:23.589+0000] {dag.py:4180} INFO - Setting next_dagrun for example_external_task_marker_child to None, run_after=None
[2024-12-02T17:49:23.595+0000] {logging_mixin.py:190} INFO - [2024-12-02T17:49:23.594+0000] {dag.py:4180} INFO - Setting next_dagrun for example_external_task_marker_parent to None, run_after=None
[2024-12-02T17:49:23.617+0000] {processor.py:208} INFO - Processing /home/airflow/.local/lib/python3.12/site-packages/airflow/example_dags/example_external_task_marker_dag.py took 0.111 seconds
[2024-12-02T17:49:53.684+0000] {processor.py:186} INFO - Started process (PID=562) to work on /home/airflow/.local/lib/python3.12/site-packages/airflow/example_dags/example_external_task_marker_dag.py
[2024-12-02T17:49:53.685+0000] {processor.py:914} INFO - Processing file /home/airflow/.local/lib/python3.12/site-packages/airflow/example_dags/example_external_task_marker_dag.py for tasks to queue
[2024-12-02T17:49:53.688+0000] {logging_mixin.py:190} INFO - [2024-12-02T17:49:53.688+0000] {dagbag.py:588} INFO - Filling up the DagBag from /home/airflow/.local/lib/python3.12/site-packages/airflow/example_dags/example_external_task_marker_dag.py
[2024-12-02T17:49:53.698+0000] {processor.py:925} INFO - DAG(s) 'example_external_task_marker_child', 'example_external_task_marker_parent' retrieved from /home/airflow/.local/lib/python3.12/site-packages/airflow/example_dags/example_external_task_marker_dag.py
[2024-12-02T17:49:53.734+0000] {logging_mixin.py:190} INFO - [2024-12-02T17:49:53.734+0000] {dag.py:3239} INFO - Sync 2 DAGs
[2024-12-02T17:49:53.756+0000] {logging_mixin.py:190} INFO - [2024-12-02T17:49:53.756+0000] {dag.py:4180} INFO - Setting next_dagrun for example_external_task_marker_child to None, run_after=None
[2024-12-02T17:49:53.762+0000] {logging_mixin.py:190} INFO - [2024-12-02T17:49:53.762+0000] {dag.py:4180} INFO - Setting next_dagrun for example_external_task_marker_parent to None, run_after=None
[2024-12-02T17:49:53.785+0000] {processor.py:208} INFO - Processing /home/airflow/.local/lib/python3.12/site-packages/airflow/example_dags/example_external_task_marker_dag.py took 0.108 seconds
[2024-12-02T17:50:24.101+0000] {processor.py:186} INFO - Started process (PID=627) to work on /home/airflow/.local/lib/python3.12/site-packages/airflow/example_dags/example_external_task_marker_dag.py
[2024-12-02T17:50:24.102+0000] {processor.py:914} INFO - Processing file /home/airflow/.local/lib/python3.12/site-packages/airflow/example_dags/example_external_task_marker_dag.py for tasks to queue
[2024-12-02T17:50:24.105+0000] {logging_mixin.py:190} INFO - [2024-12-02T17:50:24.104+0000] {dagbag.py:588} INFO - Filling up the DagBag from /home/airflow/.local/lib/python3.12/site-packages/airflow/example_dags/example_external_task_marker_dag.py
[2024-12-02T17:50:24.118+0000] {processor.py:925} INFO - DAG(s) 'example_external_task_marker_parent', 'example_external_task_marker_child' retrieved from /home/airflow/.local/lib/python3.12/site-packages/airflow/example_dags/example_external_task_marker_dag.py
[2024-12-02T17:50:24.148+0000] {logging_mixin.py:190} INFO - [2024-12-02T17:50:24.147+0000] {dag.py:3239} INFO - Sync 2 DAGs
[2024-12-02T17:50:24.167+0000] {logging_mixin.py:190} INFO - [2024-12-02T17:50:24.167+0000] {dag.py:4180} INFO - Setting next_dagrun for example_external_task_marker_child to None, run_after=None
[2024-12-02T17:50:24.173+0000] {logging_mixin.py:190} INFO - [2024-12-02T17:50:24.172+0000] {dag.py:4180} INFO - Setting next_dagrun for example_external_task_marker_parent to None, run_after=None
[2024-12-02T17:50:24.194+0000] {processor.py:208} INFO - Processing /home/airflow/.local/lib/python3.12/site-packages/airflow/example_dags/example_external_task_marker_dag.py took 0.103 seconds
