[2024-12-02T17:46:09.565+0000] {processor.py:186} INFO - Started process (PID=115) to work on /home/airflow/.local/lib/python3.12/site-packages/airflow/example_dags/example_dag_decorator.py
[2024-12-02T17:46:09.566+0000] {processor.py:914} INFO - Processing file /home/airflow/.local/lib/python3.12/site-packages/airflow/example_dags/example_dag_decorator.py for tasks to queue
[2024-12-02T17:46:09.569+0000] {logging_mixin.py:190} INFO - [2024-12-02T17:46:09.568+0000] {dagbag.py:588} INFO - Filling up the DagBag from /home/airflow/.local/lib/python3.12/site-packages/airflow/example_dags/example_dag_decorator.py
[2024-12-02T17:46:09.583+0000] {processor.py:925} INFO - DAG(s) 'example_dag_decorator' retrieved from /home/airflow/.local/lib/python3.12/site-packages/airflow/example_dags/example_dag_decorator.py
[2024-12-02T17:46:09.722+0000] {logging_mixin.py:190} INFO - [2024-12-02T17:46:09.722+0000] {override.py:1911} INFO - Created Permission View: can read on DAG:example_dag_decorator
[2024-12-02T17:46:09.737+0000] {logging_mixin.py:190} INFO - [2024-12-02T17:46:09.737+0000] {override.py:1911} INFO - Created Permission View: can edit on DAG:example_dag_decorator
[2024-12-02T17:46:09.750+0000] {logging_mixin.py:190} INFO - [2024-12-02T17:46:09.750+0000] {override.py:1911} INFO - Created Permission View: can delete on DAG:example_dag_decorator
[2024-12-02T17:46:09.769+0000] {logging_mixin.py:190} INFO - [2024-12-02T17:46:09.768+0000] {override.py:1911} INFO - Created Permission View: can read on DAG Run:example_dag_decorator
[2024-12-02T17:46:09.785+0000] {logging_mixin.py:190} INFO - [2024-12-02T17:46:09.784+0000] {override.py:1911} INFO - Created Permission View: can delete on DAG Run:example_dag_decorator
[2024-12-02T17:46:09.796+0000] {logging_mixin.py:190} INFO - [2024-12-02T17:46:09.796+0000] {override.py:1911} INFO - Created Permission View: can create on DAG Run:example_dag_decorator
[2024-12-02T17:46:09.806+0000] {logging_mixin.py:190} INFO - [2024-12-02T17:46:09.806+0000] {override.py:1911} INFO - Created Permission View: menu access on DAG Run:example_dag_decorator
[2024-12-02T17:46:09.807+0000] {logging_mixin.py:190} INFO - [2024-12-02T17:46:09.807+0000] {dag.py:3239} INFO - Sync 1 DAGs
[2024-12-02T17:46:09.828+0000] {logging_mixin.py:190} INFO - [2024-12-02T17:46:09.828+0000] {dag.py:3262} INFO - Creating ORM DAG for example_dag_decorator
[2024-12-02T17:46:09.829+0000] {logging_mixin.py:190} INFO - [2024-12-02T17:46:09.829+0000] {dag.py:4180} INFO - Setting next_dagrun for example_dag_decorator to None, run_after=None
[2024-12-02T17:46:09.852+0000] {processor.py:208} INFO - Processing /home/airflow/.local/lib/python3.12/site-packages/airflow/example_dags/example_dag_decorator.py took 0.294 seconds
[2024-12-02T17:46:40.762+0000] {processor.py:186} INFO - Started process (PID=180) to work on /home/airflow/.local/lib/python3.12/site-packages/airflow/example_dags/example_dag_decorator.py
[2024-12-02T17:46:40.764+0000] {processor.py:914} INFO - Processing file /home/airflow/.local/lib/python3.12/site-packages/airflow/example_dags/example_dag_decorator.py for tasks to queue
[2024-12-02T17:46:40.767+0000] {logging_mixin.py:190} INFO - [2024-12-02T17:46:40.767+0000] {dagbag.py:588} INFO - Filling up the DagBag from /home/airflow/.local/lib/python3.12/site-packages/airflow/example_dags/example_dag_decorator.py
[2024-12-02T17:46:40.783+0000] {processor.py:925} INFO - DAG(s) 'example_dag_decorator' retrieved from /home/airflow/.local/lib/python3.12/site-packages/airflow/example_dags/example_dag_decorator.py
[2024-12-02T17:46:40.961+0000] {logging_mixin.py:190} INFO - [2024-12-02T17:46:40.960+0000] {dag.py:3239} INFO - Sync 1 DAGs
[2024-12-02T17:46:40.981+0000] {logging_mixin.py:190} INFO - [2024-12-02T17:46:40.980+0000] {dag.py:4180} INFO - Setting next_dagrun for example_dag_decorator to None, run_after=None
[2024-12-02T17:46:41.001+0000] {processor.py:208} INFO - Processing /home/airflow/.local/lib/python3.12/site-packages/airflow/example_dags/example_dag_decorator.py took 0.251 seconds
[2024-12-02T17:47:11.668+0000] {processor.py:186} INFO - Started process (PID=245) to work on /home/airflow/.local/lib/python3.12/site-packages/airflow/example_dags/example_dag_decorator.py
[2024-12-02T17:47:11.673+0000] {processor.py:914} INFO - Processing file /home/airflow/.local/lib/python3.12/site-packages/airflow/example_dags/example_dag_decorator.py for tasks to queue
[2024-12-02T17:47:11.677+0000] {logging_mixin.py:190} INFO - [2024-12-02T17:47:11.676+0000] {dagbag.py:588} INFO - Filling up the DagBag from /home/airflow/.local/lib/python3.12/site-packages/airflow/example_dags/example_dag_decorator.py
[2024-12-02T17:47:11.696+0000] {processor.py:925} INFO - DAG(s) 'example_dag_decorator' retrieved from /home/airflow/.local/lib/python3.12/site-packages/airflow/example_dags/example_dag_decorator.py
[2024-12-02T17:47:11.866+0000] {logging_mixin.py:190} INFO - [2024-12-02T17:47:11.866+0000] {dag.py:3239} INFO - Sync 1 DAGs
[2024-12-02T17:47:11.883+0000] {logging_mixin.py:190} INFO - [2024-12-02T17:47:11.883+0000] {dag.py:4180} INFO - Setting next_dagrun for example_dag_decorator to None, run_after=None
[2024-12-02T17:47:11.904+0000] {processor.py:208} INFO - Processing /home/airflow/.local/lib/python3.12/site-packages/airflow/example_dags/example_dag_decorator.py took 0.248 seconds
[2024-12-02T17:47:42.465+0000] {processor.py:186} INFO - Started process (PID=310) to work on /home/airflow/.local/lib/python3.12/site-packages/airflow/example_dags/example_dag_decorator.py
[2024-12-02T17:47:42.466+0000] {processor.py:914} INFO - Processing file /home/airflow/.local/lib/python3.12/site-packages/airflow/example_dags/example_dag_decorator.py for tasks to queue
[2024-12-02T17:47:42.469+0000] {logging_mixin.py:190} INFO - [2024-12-02T17:47:42.468+0000] {dagbag.py:588} INFO - Filling up the DagBag from /home/airflow/.local/lib/python3.12/site-packages/airflow/example_dags/example_dag_decorator.py
[2024-12-02T17:47:42.483+0000] {processor.py:925} INFO - DAG(s) 'example_dag_decorator' retrieved from /home/airflow/.local/lib/python3.12/site-packages/airflow/example_dags/example_dag_decorator.py
[2024-12-02T17:47:42.645+0000] {logging_mixin.py:190} INFO - [2024-12-02T17:47:42.645+0000] {dag.py:3239} INFO - Sync 1 DAGs
[2024-12-02T17:47:42.664+0000] {logging_mixin.py:190} INFO - [2024-12-02T17:47:42.663+0000] {dag.py:4180} INFO - Setting next_dagrun for example_dag_decorator to None, run_after=None
[2024-12-02T17:47:42.688+0000] {processor.py:208} INFO - Processing /home/airflow/.local/lib/python3.12/site-packages/airflow/example_dags/example_dag_decorator.py took 0.231 seconds
[2024-12-02T17:48:26.540+0000] {processor.py:186} INFO - Started process (PID=379) to work on /home/airflow/.local/lib/python3.12/site-packages/airflow/example_dags/example_dag_decorator.py
[2024-12-02T17:48:26.544+0000] {processor.py:914} INFO - Processing file /home/airflow/.local/lib/python3.12/site-packages/airflow/example_dags/example_dag_decorator.py for tasks to queue
[2024-12-02T17:48:26.549+0000] {logging_mixin.py:190} INFO - [2024-12-02T17:48:26.548+0000] {dagbag.py:588} INFO - Filling up the DagBag from /home/airflow/.local/lib/python3.12/site-packages/airflow/example_dags/example_dag_decorator.py
[2024-12-02T17:48:26.618+0000] {processor.py:925} INFO - DAG(s) 'example_dag_decorator' retrieved from /home/airflow/.local/lib/python3.12/site-packages/airflow/example_dags/example_dag_decorator.py
[2024-12-02T17:48:27.266+0000] {logging_mixin.py:190} INFO - [2024-12-02T17:48:27.266+0000] {dag.py:3239} INFO - Sync 1 DAGs
[2024-12-02T17:48:27.319+0000] {logging_mixin.py:190} INFO - [2024-12-02T17:48:27.318+0000] {dag.py:4180} INFO - Setting next_dagrun for example_dag_decorator to None, run_after=None
[2024-12-02T17:48:27.411+0000] {processor.py:208} INFO - Processing /home/airflow/.local/lib/python3.12/site-packages/airflow/example_dags/example_dag_decorator.py took 0.897 seconds
[2024-12-02T17:48:57.607+0000] {processor.py:186} INFO - Started process (PID=448) to work on /home/airflow/.local/lib/python3.12/site-packages/airflow/example_dags/example_dag_decorator.py
[2024-12-02T17:48:57.609+0000] {processor.py:914} INFO - Processing file /home/airflow/.local/lib/python3.12/site-packages/airflow/example_dags/example_dag_decorator.py for tasks to queue
[2024-12-02T17:48:57.613+0000] {logging_mixin.py:190} INFO - [2024-12-02T17:48:57.612+0000] {dagbag.py:588} INFO - Filling up the DagBag from /home/airflow/.local/lib/python3.12/site-packages/airflow/example_dags/example_dag_decorator.py
[2024-12-02T17:48:57.633+0000] {processor.py:925} INFO - DAG(s) 'example_dag_decorator' retrieved from /home/airflow/.local/lib/python3.12/site-packages/airflow/example_dags/example_dag_decorator.py
[2024-12-02T17:48:57.940+0000] {logging_mixin.py:190} INFO - [2024-12-02T17:48:57.940+0000] {dag.py:3239} INFO - Sync 1 DAGs
[2024-12-02T17:48:57.969+0000] {logging_mixin.py:190} INFO - [2024-12-02T17:48:57.968+0000] {dag.py:4180} INFO - Setting next_dagrun for example_dag_decorator to None, run_after=None
[2024-12-02T17:48:58.007+0000] {processor.py:208} INFO - Processing /home/airflow/.local/lib/python3.12/site-packages/airflow/example_dags/example_dag_decorator.py took 0.410 seconds
[2024-12-02T17:49:28.731+0000] {processor.py:186} INFO - Started process (PID=506) to work on /home/airflow/.local/lib/python3.12/site-packages/airflow/example_dags/example_dag_decorator.py
[2024-12-02T17:49:28.732+0000] {processor.py:914} INFO - Processing file /home/airflow/.local/lib/python3.12/site-packages/airflow/example_dags/example_dag_decorator.py for tasks to queue
[2024-12-02T17:49:28.735+0000] {logging_mixin.py:190} INFO - [2024-12-02T17:49:28.735+0000] {dagbag.py:588} INFO - Filling up the DagBag from /home/airflow/.local/lib/python3.12/site-packages/airflow/example_dags/example_dag_decorator.py
[2024-12-02T17:49:28.750+0000] {processor.py:925} INFO - DAG(s) 'example_dag_decorator' retrieved from /home/airflow/.local/lib/python3.12/site-packages/airflow/example_dags/example_dag_decorator.py
[2024-12-02T17:49:28.915+0000] {logging_mixin.py:190} INFO - [2024-12-02T17:49:28.915+0000] {dag.py:3239} INFO - Sync 1 DAGs
[2024-12-02T17:49:28.935+0000] {logging_mixin.py:190} INFO - [2024-12-02T17:49:28.934+0000] {dag.py:4180} INFO - Setting next_dagrun for example_dag_decorator to None, run_after=None
[2024-12-02T17:49:28.961+0000] {processor.py:208} INFO - Processing /home/airflow/.local/lib/python3.12/site-packages/airflow/example_dags/example_dag_decorator.py took 0.237 seconds
[2024-12-02T17:49:59.049+0000] {processor.py:186} INFO - Started process (PID=571) to work on /home/airflow/.local/lib/python3.12/site-packages/airflow/example_dags/example_dag_decorator.py
[2024-12-02T17:49:59.054+0000] {processor.py:914} INFO - Processing file /home/airflow/.local/lib/python3.12/site-packages/airflow/example_dags/example_dag_decorator.py for tasks to queue
[2024-12-02T17:49:59.058+0000] {logging_mixin.py:190} INFO - [2024-12-02T17:49:59.057+0000] {dagbag.py:588} INFO - Filling up the DagBag from /home/airflow/.local/lib/python3.12/site-packages/airflow/example_dags/example_dag_decorator.py
[2024-12-02T17:49:59.074+0000] {processor.py:925} INFO - DAG(s) 'example_dag_decorator' retrieved from /home/airflow/.local/lib/python3.12/site-packages/airflow/example_dags/example_dag_decorator.py
[2024-12-02T17:49:59.214+0000] {logging_mixin.py:190} INFO - [2024-12-02T17:49:59.213+0000] {dag.py:3239} INFO - Sync 1 DAGs
[2024-12-02T17:49:59.228+0000] {logging_mixin.py:190} INFO - [2024-12-02T17:49:59.228+0000] {dag.py:4180} INFO - Setting next_dagrun for example_dag_decorator to None, run_after=None
[2024-12-02T17:49:59.249+0000] {processor.py:208} INFO - Processing /home/airflow/.local/lib/python3.12/site-packages/airflow/example_dags/example_dag_decorator.py took 0.209 seconds
[2024-12-02T17:50:29.331+0000] {processor.py:186} INFO - Started process (PID=636) to work on /home/airflow/.local/lib/python3.12/site-packages/airflow/example_dags/example_dag_decorator.py
[2024-12-02T17:50:29.332+0000] {processor.py:914} INFO - Processing file /home/airflow/.local/lib/python3.12/site-packages/airflow/example_dags/example_dag_decorator.py for tasks to queue
[2024-12-02T17:50:29.336+0000] {logging_mixin.py:190} INFO - [2024-12-02T17:50:29.336+0000] {dagbag.py:588} INFO - Filling up the DagBag from /home/airflow/.local/lib/python3.12/site-packages/airflow/example_dags/example_dag_decorator.py
[2024-12-02T17:50:29.358+0000] {processor.py:925} INFO - DAG(s) 'example_dag_decorator' retrieved from /home/airflow/.local/lib/python3.12/site-packages/airflow/example_dags/example_dag_decorator.py
[2024-12-02T17:50:29.599+0000] {logging_mixin.py:190} INFO - [2024-12-02T17:50:29.598+0000] {dag.py:3239} INFO - Sync 1 DAGs
[2024-12-02T17:50:29.623+0000] {logging_mixin.py:190} INFO - [2024-12-02T17:50:29.622+0000] {dag.py:4180} INFO - Setting next_dagrun for example_dag_decorator to None, run_after=None
[2024-12-02T17:50:29.650+0000] {processor.py:208} INFO - Processing /home/airflow/.local/lib/python3.12/site-packages/airflow/example_dags/example_dag_decorator.py took 0.329 seconds
