[2024-12-02T17:46:01.109+0000] {processor.py:186} INFO - Started process (PID=82) to work on /home/airflow/.local/lib/python3.12/site-packages/airflow/example_dags/example_branch_datetime_operator.py
[2024-12-02T17:46:01.109+0000] {processor.py:914} INFO - Processing file /home/airflow/.local/lib/python3.12/site-packages/airflow/example_dags/example_branch_datetime_operator.py for tasks to queue
[2024-12-02T17:46:01.112+0000] {logging_mixin.py:190} INFO - [2024-12-02T17:46:01.111+0000] {dagbag.py:588} INFO - Filling up the DagBag from /home/airflow/.local/lib/python3.12/site-packages/airflow/example_dags/example_branch_datetime_operator.py
[2024-12-02T17:46:01.130+0000] {processor.py:925} INFO - DAG(s) 'example_branch_datetime_operator_3', 'example_branch_datetime_operator_2', 'example_branch_datetime_operator' retrieved from /home/airflow/.local/lib/python3.12/site-packages/airflow/example_dags/example_branch_datetime_operator.py
[2024-12-02T17:46:01.292+0000] {logging_mixin.py:190} INFO - [2024-12-02T17:46:01.291+0000] {override.py:1911} INFO - Created Permission View: can read on DAG:example_branch_datetime_operator_3
[2024-12-02T17:46:01.321+0000] {logging_mixin.py:190} INFO - [2024-12-02T17:46:01.321+0000] {override.py:1911} INFO - Created Permission View: can edit on DAG:example_branch_datetime_operator_3
[2024-12-02T17:46:01.333+0000] {logging_mixin.py:190} INFO - [2024-12-02T17:46:01.333+0000] {override.py:1911} INFO - Created Permission View: can delete on DAG:example_branch_datetime_operator_3
[2024-12-02T17:46:01.357+0000] {logging_mixin.py:190} INFO - [2024-12-02T17:46:01.357+0000] {override.py:1911} INFO - Created Permission View: can read on DAG Run:example_branch_datetime_operator_3
[2024-12-02T17:46:01.372+0000] {logging_mixin.py:190} INFO - [2024-12-02T17:46:01.371+0000] {override.py:1911} INFO - Created Permission View: can delete on DAG Run:example_branch_datetime_operator_3
[2024-12-02T17:46:01.386+0000] {logging_mixin.py:190} INFO - [2024-12-02T17:46:01.385+0000] {override.py:1911} INFO - Created Permission View: can create on DAG Run:example_branch_datetime_operator_3
[2024-12-02T17:46:01.398+0000] {logging_mixin.py:190} INFO - [2024-12-02T17:46:01.398+0000] {override.py:1911} INFO - Created Permission View: menu access on DAG Run:example_branch_datetime_operator_3
[2024-12-02T17:46:01.416+0000] {logging_mixin.py:190} INFO - [2024-12-02T17:46:01.416+0000] {override.py:1911} INFO - Created Permission View: can read on DAG:example_branch_datetime_operator_2
[2024-12-02T17:46:01.426+0000] {logging_mixin.py:190} INFO - [2024-12-02T17:46:01.425+0000] {override.py:1911} INFO - Created Permission View: can edit on DAG:example_branch_datetime_operator_2
[2024-12-02T17:46:01.434+0000] {logging_mixin.py:190} INFO - [2024-12-02T17:46:01.434+0000] {override.py:1911} INFO - Created Permission View: can delete on DAG:example_branch_datetime_operator_2
[2024-12-02T17:46:01.445+0000] {logging_mixin.py:190} INFO - [2024-12-02T17:46:01.445+0000] {override.py:1911} INFO - Created Permission View: can read on DAG Run:example_branch_datetime_operator_2
[2024-12-02T17:46:01.458+0000] {logging_mixin.py:190} INFO - [2024-12-02T17:46:01.458+0000] {override.py:1911} INFO - Created Permission View: can delete on DAG Run:example_branch_datetime_operator_2
[2024-12-02T17:46:01.470+0000] {logging_mixin.py:190} INFO - [2024-12-02T17:46:01.470+0000] {override.py:1911} INFO - Created Permission View: can create on DAG Run:example_branch_datetime_operator_2
[2024-12-02T17:46:01.482+0000] {logging_mixin.py:190} INFO - [2024-12-02T17:46:01.482+0000] {override.py:1911} INFO - Created Permission View: menu access on DAG Run:example_branch_datetime_operator_2
[2024-12-02T17:46:01.507+0000] {logging_mixin.py:190} INFO - [2024-12-02T17:46:01.506+0000] {override.py:1911} INFO - Created Permission View: can read on DAG:example_branch_datetime_operator
[2024-12-02T17:46:01.519+0000] {logging_mixin.py:190} INFO - [2024-12-02T17:46:01.519+0000] {override.py:1911} INFO - Created Permission View: can edit on DAG:example_branch_datetime_operator
[2024-12-02T17:46:01.529+0000] {logging_mixin.py:190} INFO - [2024-12-02T17:46:01.528+0000] {override.py:1911} INFO - Created Permission View: can delete on DAG:example_branch_datetime_operator
[2024-12-02T17:46:01.540+0000] {logging_mixin.py:190} INFO - [2024-12-02T17:46:01.539+0000] {override.py:1911} INFO - Created Permission View: can read on DAG Run:example_branch_datetime_operator
[2024-12-02T17:46:01.547+0000] {logging_mixin.py:190} INFO - [2024-12-02T17:46:01.547+0000] {override.py:1911} INFO - Created Permission View: can delete on DAG Run:example_branch_datetime_operator
[2024-12-02T17:46:01.556+0000] {logging_mixin.py:190} INFO - [2024-12-02T17:46:01.555+0000] {override.py:1911} INFO - Created Permission View: can create on DAG Run:example_branch_datetime_operator
[2024-12-02T17:46:01.565+0000] {logging_mixin.py:190} INFO - [2024-12-02T17:46:01.564+0000] {override.py:1911} INFO - Created Permission View: menu access on DAG Run:example_branch_datetime_operator
[2024-12-02T17:46:01.565+0000] {logging_mixin.py:190} INFO - [2024-12-02T17:46:01.565+0000] {dag.py:3239} INFO - Sync 3 DAGs
[2024-12-02T17:46:01.585+0000] {logging_mixin.py:190} INFO - [2024-12-02T17:46:01.585+0000] {dag.py:3262} INFO - Creating ORM DAG for example_branch_datetime_operator_3
[2024-12-02T17:46:01.586+0000] {logging_mixin.py:190} INFO - [2024-12-02T17:46:01.586+0000] {dag.py:3262} INFO - Creating ORM DAG for example_branch_datetime_operator_2
[2024-12-02T17:46:01.587+0000] {logging_mixin.py:190} INFO - [2024-12-02T17:46:01.587+0000] {dag.py:3262} INFO - Creating ORM DAG for example_branch_datetime_operator
[2024-12-02T17:46:01.601+0000] {logging_mixin.py:190} INFO - [2024-12-02T17:46:01.601+0000] {dag.py:4180} INFO - Setting next_dagrun for example_branch_datetime_operator to 2024-12-01 00:00:00+00:00, run_after=2024-12-02 00:00:00+00:00
[2024-12-02T17:46:01.603+0000] {logging_mixin.py:190} INFO - [2024-12-02T17:46:01.603+0000] {dag.py:4180} INFO - Setting next_dagrun for example_branch_datetime_operator_2 to 2024-12-01 00:00:00+00:00, run_after=2024-12-02 00:00:00+00:00
[2024-12-02T17:46:01.605+0000] {logging_mixin.py:190} INFO - [2024-12-02T17:46:01.605+0000] {dag.py:4180} INFO - Setting next_dagrun for example_branch_datetime_operator_3 to 2024-12-01 00:00:00+00:00, run_after=2024-12-02 00:00:00+00:00
[2024-12-02T17:46:01.631+0000] {processor.py:208} INFO - Processing /home/airflow/.local/lib/python3.12/site-packages/airflow/example_dags/example_branch_datetime_operator.py took 0.530 seconds
[2024-12-02T17:46:32.221+0000] {processor.py:186} INFO - Started process (PID=146) to work on /home/airflow/.local/lib/python3.12/site-packages/airflow/example_dags/example_branch_datetime_operator.py
[2024-12-02T17:46:32.225+0000] {processor.py:914} INFO - Processing file /home/airflow/.local/lib/python3.12/site-packages/airflow/example_dags/example_branch_datetime_operator.py for tasks to queue
[2024-12-02T17:46:32.228+0000] {logging_mixin.py:190} INFO - [2024-12-02T17:46:32.228+0000] {dagbag.py:588} INFO - Filling up the DagBag from /home/airflow/.local/lib/python3.12/site-packages/airflow/example_dags/example_branch_datetime_operator.py
[2024-12-02T17:46:32.246+0000] {processor.py:925} INFO - DAG(s) 'example_branch_datetime_operator', 'example_branch_datetime_operator_3', 'example_branch_datetime_operator_2' retrieved from /home/airflow/.local/lib/python3.12/site-packages/airflow/example_dags/example_branch_datetime_operator.py
[2024-12-02T17:46:32.284+0000] {logging_mixin.py:190} INFO - [2024-12-02T17:46:32.284+0000] {dag.py:3239} INFO - Sync 3 DAGs
[2024-12-02T17:46:32.321+0000] {logging_mixin.py:190} INFO - [2024-12-02T17:46:32.321+0000] {dag.py:4180} INFO - Setting next_dagrun for example_branch_datetime_operator to 2024-12-01 00:00:00+00:00, run_after=2024-12-02 00:00:00+00:00
[2024-12-02T17:46:32.329+0000] {logging_mixin.py:190} INFO - [2024-12-02T17:46:32.329+0000] {dag.py:4180} INFO - Setting next_dagrun for example_branch_datetime_operator_2 to 2024-12-01 00:00:00+00:00, run_after=2024-12-02 00:00:00+00:00
[2024-12-02T17:46:32.335+0000] {logging_mixin.py:190} INFO - [2024-12-02T17:46:32.334+0000] {dag.py:4180} INFO - Setting next_dagrun for example_branch_datetime_operator_3 to 2024-12-01 00:00:00+00:00, run_after=2024-12-02 00:00:00+00:00
[2024-12-02T17:46:32.351+0000] {processor.py:208} INFO - Processing /home/airflow/.local/lib/python3.12/site-packages/airflow/example_dags/example_branch_datetime_operator.py took 0.138 seconds
[2024-12-02T17:47:02.426+0000] {processor.py:186} INFO - Started process (PID=211) to work on /home/airflow/.local/lib/python3.12/site-packages/airflow/example_dags/example_branch_datetime_operator.py
[2024-12-02T17:47:02.431+0000] {processor.py:914} INFO - Processing file /home/airflow/.local/lib/python3.12/site-packages/airflow/example_dags/example_branch_datetime_operator.py for tasks to queue
[2024-12-02T17:47:02.434+0000] {logging_mixin.py:190} INFO - [2024-12-02T17:47:02.433+0000] {dagbag.py:588} INFO - Filling up the DagBag from /home/airflow/.local/lib/python3.12/site-packages/airflow/example_dags/example_branch_datetime_operator.py
[2024-12-02T17:47:02.451+0000] {processor.py:925} INFO - DAG(s) 'example_branch_datetime_operator_2', 'example_branch_datetime_operator_3', 'example_branch_datetime_operator' retrieved from /home/airflow/.local/lib/python3.12/site-packages/airflow/example_dags/example_branch_datetime_operator.py
[2024-12-02T17:47:02.482+0000] {logging_mixin.py:190} INFO - [2024-12-02T17:47:02.481+0000] {dag.py:3239} INFO - Sync 3 DAGs
[2024-12-02T17:47:02.509+0000] {logging_mixin.py:190} INFO - [2024-12-02T17:47:02.508+0000] {dag.py:4180} INFO - Setting next_dagrun for example_branch_datetime_operator to 2024-12-01 00:00:00+00:00, run_after=2024-12-02 00:00:00+00:00
[2024-12-02T17:47:02.514+0000] {logging_mixin.py:190} INFO - [2024-12-02T17:47:02.514+0000] {dag.py:4180} INFO - Setting next_dagrun for example_branch_datetime_operator_2 to 2024-12-01 00:00:00+00:00, run_after=2024-12-02 00:00:00+00:00
[2024-12-02T17:47:02.518+0000] {logging_mixin.py:190} INFO - [2024-12-02T17:47:02.518+0000] {dag.py:4180} INFO - Setting next_dagrun for example_branch_datetime_operator_3 to 2024-12-01 00:00:00+00:00, run_after=2024-12-02 00:00:00+00:00
[2024-12-02T17:47:02.538+0000] {processor.py:208} INFO - Processing /home/airflow/.local/lib/python3.12/site-packages/airflow/example_dags/example_branch_datetime_operator.py took 0.122 seconds
[2024-12-02T17:47:33.264+0000] {processor.py:186} INFO - Started process (PID=276) to work on /home/airflow/.local/lib/python3.12/site-packages/airflow/example_dags/example_branch_datetime_operator.py
[2024-12-02T17:47:33.265+0000] {processor.py:914} INFO - Processing file /home/airflow/.local/lib/python3.12/site-packages/airflow/example_dags/example_branch_datetime_operator.py for tasks to queue
[2024-12-02T17:47:33.268+0000] {logging_mixin.py:190} INFO - [2024-12-02T17:47:33.267+0000] {dagbag.py:588} INFO - Filling up the DagBag from /home/airflow/.local/lib/python3.12/site-packages/airflow/example_dags/example_branch_datetime_operator.py
[2024-12-02T17:47:33.295+0000] {processor.py:925} INFO - DAG(s) 'example_branch_datetime_operator_2', 'example_branch_datetime_operator_3', 'example_branch_datetime_operator' retrieved from /home/airflow/.local/lib/python3.12/site-packages/airflow/example_dags/example_branch_datetime_operator.py
[2024-12-02T17:47:33.341+0000] {logging_mixin.py:190} INFO - [2024-12-02T17:47:33.340+0000] {dag.py:3239} INFO - Sync 3 DAGs
[2024-12-02T17:47:33.388+0000] {logging_mixin.py:190} INFO - [2024-12-02T17:47:33.388+0000] {dag.py:4180} INFO - Setting next_dagrun for example_branch_datetime_operator to 2024-12-01 00:00:00+00:00, run_after=2024-12-02 00:00:00+00:00
[2024-12-02T17:47:33.398+0000] {logging_mixin.py:190} INFO - [2024-12-02T17:47:33.398+0000] {dag.py:4180} INFO - Setting next_dagrun for example_branch_datetime_operator_2 to 2024-12-01 00:00:00+00:00, run_after=2024-12-02 00:00:00+00:00
[2024-12-02T17:47:33.404+0000] {logging_mixin.py:190} INFO - [2024-12-02T17:47:33.403+0000] {dag.py:4180} INFO - Setting next_dagrun for example_branch_datetime_operator_3 to 2024-12-01 00:00:00+00:00, run_after=2024-12-02 00:00:00+00:00
[2024-12-02T17:47:33.425+0000] {processor.py:208} INFO - Processing /home/airflow/.local/lib/python3.12/site-packages/airflow/example_dags/example_branch_datetime_operator.py took 0.171 seconds
[2024-12-02T17:48:03.759+0000] {processor.py:186} INFO - Started process (PID=345) to work on /home/airflow/.local/lib/python3.12/site-packages/airflow/example_dags/example_branch_datetime_operator.py
[2024-12-02T17:48:03.766+0000] {processor.py:914} INFO - Processing file /home/airflow/.local/lib/python3.12/site-packages/airflow/example_dags/example_branch_datetime_operator.py for tasks to queue
[2024-12-02T17:48:03.772+0000] {logging_mixin.py:190} INFO - [2024-12-02T17:48:03.771+0000] {dagbag.py:588} INFO - Filling up the DagBag from /home/airflow/.local/lib/python3.12/site-packages/airflow/example_dags/example_branch_datetime_operator.py
[2024-12-02T17:48:03.832+0000] {processor.py:925} INFO - DAG(s) 'example_branch_datetime_operator', 'example_branch_datetime_operator_3', 'example_branch_datetime_operator_2' retrieved from /home/airflow/.local/lib/python3.12/site-packages/airflow/example_dags/example_branch_datetime_operator.py
[2024-12-02T17:48:03.964+0000] {logging_mixin.py:190} INFO - [2024-12-02T17:48:03.964+0000] {dag.py:3239} INFO - Sync 3 DAGs
[2024-12-02T17:48:04.107+0000] {logging_mixin.py:190} INFO - [2024-12-02T17:48:04.107+0000] {dag.py:4180} INFO - Setting next_dagrun for example_branch_datetime_operator to 2024-12-01 00:00:00+00:00, run_after=2024-12-02 00:00:00+00:00
[2024-12-02T17:48:04.127+0000] {logging_mixin.py:190} INFO - [2024-12-02T17:48:04.126+0000] {dag.py:4180} INFO - Setting next_dagrun for example_branch_datetime_operator_2 to 2024-12-01 00:00:00+00:00, run_after=2024-12-02 00:00:00+00:00
[2024-12-02T17:48:04.143+0000] {logging_mixin.py:190} INFO - [2024-12-02T17:48:04.142+0000] {dag.py:4180} INFO - Setting next_dagrun for example_branch_datetime_operator_3 to 2024-12-01 00:00:00+00:00, run_after=2024-12-02 00:00:00+00:00
[2024-12-02T17:48:04.179+0000] {processor.py:208} INFO - Processing /home/airflow/.local/lib/python3.12/site-packages/airflow/example_dags/example_branch_datetime_operator.py took 0.430 seconds
[2024-12-02T17:48:34.615+0000] {processor.py:186} INFO - Started process (PID=413) to work on /home/airflow/.local/lib/python3.12/site-packages/airflow/example_dags/example_branch_datetime_operator.py
[2024-12-02T17:48:34.617+0000] {processor.py:914} INFO - Processing file /home/airflow/.local/lib/python3.12/site-packages/airflow/example_dags/example_branch_datetime_operator.py for tasks to queue
[2024-12-02T17:48:34.621+0000] {logging_mixin.py:190} INFO - [2024-12-02T17:48:34.620+0000] {dagbag.py:588} INFO - Filling up the DagBag from /home/airflow/.local/lib/python3.12/site-packages/airflow/example_dags/example_branch_datetime_operator.py
[2024-12-02T17:48:34.656+0000] {processor.py:925} INFO - DAG(s) 'example_branch_datetime_operator_3', 'example_branch_datetime_operator', 'example_branch_datetime_operator_2' retrieved from /home/airflow/.local/lib/python3.12/site-packages/airflow/example_dags/example_branch_datetime_operator.py
[2024-12-02T17:48:34.736+0000] {logging_mixin.py:190} INFO - [2024-12-02T17:48:34.736+0000] {dag.py:3239} INFO - Sync 3 DAGs
[2024-12-02T17:48:34.830+0000] {logging_mixin.py:190} INFO - [2024-12-02T17:48:34.830+0000] {dag.py:4180} INFO - Setting next_dagrun for example_branch_datetime_operator to 2024-12-01 00:00:00+00:00, run_after=2024-12-02 00:00:00+00:00
[2024-12-02T17:48:34.845+0000] {logging_mixin.py:190} INFO - [2024-12-02T17:48:34.845+0000] {dag.py:4180} INFO - Setting next_dagrun for example_branch_datetime_operator_2 to 2024-12-01 00:00:00+00:00, run_after=2024-12-02 00:00:00+00:00
[2024-12-02T17:48:34.857+0000] {logging_mixin.py:190} INFO - [2024-12-02T17:48:34.857+0000] {dag.py:4180} INFO - Setting next_dagrun for example_branch_datetime_operator_3 to 2024-12-01 00:00:00+00:00, run_after=2024-12-02 00:00:00+00:00
[2024-12-02T17:48:34.894+0000] {processor.py:208} INFO - Processing /home/airflow/.local/lib/python3.12/site-packages/airflow/example_dags/example_branch_datetime_operator.py took 0.296 seconds
[2024-12-02T17:49:05.624+0000] {processor.py:186} INFO - Started process (PID=472) to work on /home/airflow/.local/lib/python3.12/site-packages/airflow/example_dags/example_branch_datetime_operator.py
[2024-12-02T17:49:05.625+0000] {processor.py:914} INFO - Processing file /home/airflow/.local/lib/python3.12/site-packages/airflow/example_dags/example_branch_datetime_operator.py for tasks to queue
[2024-12-02T17:49:05.629+0000] {logging_mixin.py:190} INFO - [2024-12-02T17:49:05.628+0000] {dagbag.py:588} INFO - Filling up the DagBag from /home/airflow/.local/lib/python3.12/site-packages/airflow/example_dags/example_branch_datetime_operator.py
[2024-12-02T17:49:05.664+0000] {processor.py:925} INFO - DAG(s) 'example_branch_datetime_operator_2', 'example_branch_datetime_operator', 'example_branch_datetime_operator_3' retrieved from /home/airflow/.local/lib/python3.12/site-packages/airflow/example_dags/example_branch_datetime_operator.py
[2024-12-02T17:49:05.715+0000] {logging_mixin.py:190} INFO - [2024-12-02T17:49:05.714+0000] {dag.py:3239} INFO - Sync 3 DAGs
[2024-12-02T17:49:05.779+0000] {logging_mixin.py:190} INFO - [2024-12-02T17:49:05.778+0000] {dag.py:4180} INFO - Setting next_dagrun for example_branch_datetime_operator to 2024-12-01 00:00:00+00:00, run_after=2024-12-02 00:00:00+00:00
[2024-12-02T17:49:05.790+0000] {logging_mixin.py:190} INFO - [2024-12-02T17:49:05.789+0000] {dag.py:4180} INFO - Setting next_dagrun for example_branch_datetime_operator_2 to 2024-12-01 00:00:00+00:00, run_after=2024-12-02 00:00:00+00:00
[2024-12-02T17:49:05.795+0000] {logging_mixin.py:190} INFO - [2024-12-02T17:49:05.795+0000] {dag.py:4180} INFO - Setting next_dagrun for example_branch_datetime_operator_3 to 2024-12-01 00:00:00+00:00, run_after=2024-12-02 00:00:00+00:00
[2024-12-02T17:49:05.822+0000] {processor.py:208} INFO - Processing /home/airflow/.local/lib/python3.12/site-packages/airflow/example_dags/example_branch_datetime_operator.py took 0.210 seconds
[2024-12-02T17:49:36.254+0000] {processor.py:186} INFO - Started process (PID=537) to work on /home/airflow/.local/lib/python3.12/site-packages/airflow/example_dags/example_branch_datetime_operator.py
[2024-12-02T17:49:36.255+0000] {processor.py:914} INFO - Processing file /home/airflow/.local/lib/python3.12/site-packages/airflow/example_dags/example_branch_datetime_operator.py for tasks to queue
[2024-12-02T17:49:36.257+0000] {logging_mixin.py:190} INFO - [2024-12-02T17:49:36.257+0000] {dagbag.py:588} INFO - Filling up the DagBag from /home/airflow/.local/lib/python3.12/site-packages/airflow/example_dags/example_branch_datetime_operator.py
[2024-12-02T17:49:36.272+0000] {processor.py:925} INFO - DAG(s) 'example_branch_datetime_operator_2', 'example_branch_datetime_operator', 'example_branch_datetime_operator_3' retrieved from /home/airflow/.local/lib/python3.12/site-packages/airflow/example_dags/example_branch_datetime_operator.py
[2024-12-02T17:49:36.307+0000] {logging_mixin.py:190} INFO - [2024-12-02T17:49:36.307+0000] {dag.py:3239} INFO - Sync 3 DAGs
[2024-12-02T17:49:36.344+0000] {logging_mixin.py:190} INFO - [2024-12-02T17:49:36.344+0000] {dag.py:4180} INFO - Setting next_dagrun for example_branch_datetime_operator to 2024-12-01 00:00:00+00:00, run_after=2024-12-02 00:00:00+00:00
[2024-12-02T17:49:36.352+0000] {logging_mixin.py:190} INFO - [2024-12-02T17:49:36.352+0000] {dag.py:4180} INFO - Setting next_dagrun for example_branch_datetime_operator_2 to 2024-12-01 00:00:00+00:00, run_after=2024-12-02 00:00:00+00:00
[2024-12-02T17:49:36.356+0000] {logging_mixin.py:190} INFO - [2024-12-02T17:49:36.356+0000] {dag.py:4180} INFO - Setting next_dagrun for example_branch_datetime_operator_3 to 2024-12-01 00:00:00+00:00, run_after=2024-12-02 00:00:00+00:00
[2024-12-02T17:49:36.373+0000] {processor.py:208} INFO - Processing /home/airflow/.local/lib/python3.12/site-packages/airflow/example_dags/example_branch_datetime_operator.py took 0.126 seconds
[2024-12-02T17:50:06.678+0000] {processor.py:186} INFO - Started process (PID=601) to work on /home/airflow/.local/lib/python3.12/site-packages/airflow/example_dags/example_branch_datetime_operator.py
[2024-12-02T17:50:06.680+0000] {processor.py:914} INFO - Processing file /home/airflow/.local/lib/python3.12/site-packages/airflow/example_dags/example_branch_datetime_operator.py for tasks to queue
[2024-12-02T17:50:06.683+0000] {logging_mixin.py:190} INFO - [2024-12-02T17:50:06.682+0000] {dagbag.py:588} INFO - Filling up the DagBag from /home/airflow/.local/lib/python3.12/site-packages/airflow/example_dags/example_branch_datetime_operator.py
[2024-12-02T17:50:06.700+0000] {processor.py:925} INFO - DAG(s) 'example_branch_datetime_operator_2', 'example_branch_datetime_operator', 'example_branch_datetime_operator_3' retrieved from /home/airflow/.local/lib/python3.12/site-packages/airflow/example_dags/example_branch_datetime_operator.py
[2024-12-02T17:50:06.733+0000] {logging_mixin.py:190} INFO - [2024-12-02T17:50:06.733+0000] {dag.py:3239} INFO - Sync 3 DAGs
[2024-12-02T17:50:06.768+0000] {logging_mixin.py:190} INFO - [2024-12-02T17:50:06.768+0000] {dag.py:4180} INFO - Setting next_dagrun for example_branch_datetime_operator to 2024-12-01 00:00:00+00:00, run_after=2024-12-02 00:00:00+00:00
[2024-12-02T17:50:06.776+0000] {logging_mixin.py:190} INFO - [2024-12-02T17:50:06.776+0000] {dag.py:4180} INFO - Setting next_dagrun for example_branch_datetime_operator_2 to 2024-12-01 00:00:00+00:00, run_after=2024-12-02 00:00:00+00:00
[2024-12-02T17:50:06.780+0000] {logging_mixin.py:190} INFO - [2024-12-02T17:50:06.780+0000] {dag.py:4180} INFO - Setting next_dagrun for example_branch_datetime_operator_3 to 2024-12-01 00:00:00+00:00, run_after=2024-12-02 00:00:00+00:00
[2024-12-02T17:50:06.801+0000] {processor.py:208} INFO - Processing /home/airflow/.local/lib/python3.12/site-packages/airflow/example_dags/example_branch_datetime_operator.py took 0.132 seconds
[2024-12-02T17:50:37.025+0000] {processor.py:186} INFO - Started process (PID=666) to work on /home/airflow/.local/lib/python3.12/site-packages/airflow/example_dags/example_branch_datetime_operator.py
[2024-12-02T17:50:37.026+0000] {processor.py:914} INFO - Processing file /home/airflow/.local/lib/python3.12/site-packages/airflow/example_dags/example_branch_datetime_operator.py for tasks to queue
[2024-12-02T17:50:37.028+0000] {logging_mixin.py:190} INFO - [2024-12-02T17:50:37.028+0000] {dagbag.py:588} INFO - Filling up the DagBag from /home/airflow/.local/lib/python3.12/site-packages/airflow/example_dags/example_branch_datetime_operator.py
[2024-12-02T17:50:37.051+0000] {processor.py:925} INFO - DAG(s) 'example_branch_datetime_operator_3', 'example_branch_datetime_operator_2', 'example_branch_datetime_operator' retrieved from /home/airflow/.local/lib/python3.12/site-packages/airflow/example_dags/example_branch_datetime_operator.py
[2024-12-02T17:50:37.101+0000] {logging_mixin.py:190} INFO - [2024-12-02T17:50:37.100+0000] {dag.py:3239} INFO - Sync 3 DAGs
[2024-12-02T17:50:37.140+0000] {logging_mixin.py:190} INFO - [2024-12-02T17:50:37.139+0000] {dag.py:4180} INFO - Setting next_dagrun for example_branch_datetime_operator to 2024-12-01 00:00:00+00:00, run_after=2024-12-02 00:00:00+00:00
[2024-12-02T17:50:37.153+0000] {logging_mixin.py:190} INFO - [2024-12-02T17:50:37.152+0000] {dag.py:4180} INFO - Setting next_dagrun for example_branch_datetime_operator_2 to 2024-12-01 00:00:00+00:00, run_after=2024-12-02 00:00:00+00:00
[2024-12-02T17:50:37.159+0000] {logging_mixin.py:190} INFO - [2024-12-02T17:50:37.159+0000] {dag.py:4180} INFO - Setting next_dagrun for example_branch_datetime_operator_3 to 2024-12-01 00:00:00+00:00, run_after=2024-12-02 00:00:00+00:00
[2024-12-02T17:50:37.182+0000] {processor.py:208} INFO - Processing /home/airflow/.local/lib/python3.12/site-packages/airflow/example_dags/example_branch_datetime_operator.py took 0.169 seconds
