[2024-12-02T17:46:10.560+0000] {processor.py:186} INFO - Started process (PID=121) to work on /home/airflow/.local/lib/python3.12/site-packages/airflow/example_dags/example_datasets.py
[2024-12-02T17:46:10.561+0000] {processor.py:914} INFO - Processing file /home/airflow/.local/lib/python3.12/site-packages/airflow/example_dags/example_datasets.py for tasks to queue
[2024-12-02T17:46:10.563+0000] {logging_mixin.py:190} INFO - [2024-12-02T17:46:10.563+0000] {dagbag.py:588} INFO - Filling up the DagBag from /home/airflow/.local/lib/python3.12/site-packages/airflow/example_dags/example_datasets.py
[2024-12-02T17:46:11.336+0000] {processor.py:925} INFO - DAG(s) 'dataset_consumes_1_and_2', 'consume_1_and_2_with_dataset_expressions', 'consume_1_or_both_2_and_3_with_dataset_expressions', 'conditional_dataset_and_time_based_timetable', 'dataset_produces_2', 'dataset_consumes_unknown_never_scheduled', 'dataset_consumes_1_never_scheduled', 'consume_1_or_2_with_dataset_expressions', 'dataset_produces_1', 'dataset_consumes_1' retrieved from /home/airflow/.local/lib/python3.12/site-packages/airflow/example_dags/example_datasets.py
[2024-12-02T17:46:11.497+0000] {logging_mixin.py:190} INFO - [2024-12-02T17:46:11.496+0000] {override.py:1911} INFO - Created Permission View: can read on DAG:dataset_consumes_1_and_2
[2024-12-02T17:46:11.513+0000] {logging_mixin.py:190} INFO - [2024-12-02T17:46:11.513+0000] {override.py:1911} INFO - Created Permission View: can edit on DAG:dataset_consumes_1_and_2
[2024-12-02T17:46:11.525+0000] {logging_mixin.py:190} INFO - [2024-12-02T17:46:11.525+0000] {override.py:1911} INFO - Created Permission View: can delete on DAG:dataset_consumes_1_and_2
[2024-12-02T17:46:11.539+0000] {logging_mixin.py:190} INFO - [2024-12-02T17:46:11.539+0000] {override.py:1911} INFO - Created Permission View: can read on DAG Run:dataset_consumes_1_and_2
[2024-12-02T17:46:11.549+0000] {logging_mixin.py:190} INFO - [2024-12-02T17:46:11.549+0000] {override.py:1911} INFO - Created Permission View: can delete on DAG Run:dataset_consumes_1_and_2
[2024-12-02T17:46:11.559+0000] {logging_mixin.py:190} INFO - [2024-12-02T17:46:11.558+0000] {override.py:1911} INFO - Created Permission View: can create on DAG Run:dataset_consumes_1_and_2
[2024-12-02T17:46:11.568+0000] {logging_mixin.py:190} INFO - [2024-12-02T17:46:11.567+0000] {override.py:1911} INFO - Created Permission View: menu access on DAG Run:dataset_consumes_1_and_2
[2024-12-02T17:46:11.588+0000] {logging_mixin.py:190} INFO - [2024-12-02T17:46:11.588+0000] {override.py:1911} INFO - Created Permission View: can read on DAG:consume_1_and_2_with_dataset_expressions
[2024-12-02T17:46:11.605+0000] {logging_mixin.py:190} INFO - [2024-12-02T17:46:11.604+0000] {override.py:1911} INFO - Created Permission View: can edit on DAG:consume_1_and_2_with_dataset_expressions
[2024-12-02T17:46:11.616+0000] {logging_mixin.py:190} INFO - [2024-12-02T17:46:11.616+0000] {override.py:1911} INFO - Created Permission View: can delete on DAG:consume_1_and_2_with_dataset_expressions
[2024-12-02T17:46:11.636+0000] {logging_mixin.py:190} INFO - [2024-12-02T17:46:11.635+0000] {override.py:1911} INFO - Created Permission View: can read on DAG Run:consume_1_and_2_with_dataset_expressions
[2024-12-02T17:46:11.645+0000] {logging_mixin.py:190} INFO - [2024-12-02T17:46:11.645+0000] {override.py:1911} INFO - Created Permission View: can delete on DAG Run:consume_1_and_2_with_dataset_expressions
[2024-12-02T17:46:11.654+0000] {logging_mixin.py:190} INFO - [2024-12-02T17:46:11.654+0000] {override.py:1911} INFO - Created Permission View: can create on DAG Run:consume_1_and_2_with_dataset_expressions
[2024-12-02T17:46:11.663+0000] {logging_mixin.py:190} INFO - [2024-12-02T17:46:11.663+0000] {override.py:1911} INFO - Created Permission View: menu access on DAG Run:consume_1_and_2_with_dataset_expressions
[2024-12-02T17:46:11.680+0000] {logging_mixin.py:190} INFO - [2024-12-02T17:46:11.680+0000] {override.py:1911} INFO - Created Permission View: can read on DAG:consume_1_or_both_2_and_3_with_dataset_expressions
[2024-12-02T17:46:11.690+0000] {logging_mixin.py:190} INFO - [2024-12-02T17:46:11.689+0000] {override.py:1911} INFO - Created Permission View: can edit on DAG:consume_1_or_both_2_and_3_with_dataset_expressions
[2024-12-02T17:46:11.701+0000] {logging_mixin.py:190} INFO - [2024-12-02T17:46:11.701+0000] {override.py:1911} INFO - Created Permission View: can delete on DAG:consume_1_or_both_2_and_3_with_dataset_expressions
[2024-12-02T17:46:11.718+0000] {logging_mixin.py:190} INFO - [2024-12-02T17:46:11.718+0000] {override.py:1911} INFO - Created Permission View: can read on DAG Run:consume_1_or_both_2_and_3_with_dataset_expressions
[2024-12-02T17:46:11.731+0000] {logging_mixin.py:190} INFO - [2024-12-02T17:46:11.731+0000] {override.py:1911} INFO - Created Permission View: can delete on DAG Run:consume_1_or_both_2_and_3_with_dataset_expressions
[2024-12-02T17:46:11.744+0000] {logging_mixin.py:190} INFO - [2024-12-02T17:46:11.744+0000] {override.py:1911} INFO - Created Permission View: can create on DAG Run:consume_1_or_both_2_and_3_with_dataset_expressions
[2024-12-02T17:46:11.757+0000] {logging_mixin.py:190} INFO - [2024-12-02T17:46:11.757+0000] {override.py:1911} INFO - Created Permission View: menu access on DAG Run:consume_1_or_both_2_and_3_with_dataset_expressions
[2024-12-02T17:46:11.780+0000] {logging_mixin.py:190} INFO - [2024-12-02T17:46:11.779+0000] {override.py:1911} INFO - Created Permission View: can read on DAG:conditional_dataset_and_time_based_timetable
[2024-12-02T17:46:11.789+0000] {logging_mixin.py:190} INFO - [2024-12-02T17:46:11.788+0000] {override.py:1911} INFO - Created Permission View: can edit on DAG:conditional_dataset_and_time_based_timetable
[2024-12-02T17:46:11.797+0000] {logging_mixin.py:190} INFO - [2024-12-02T17:46:11.797+0000] {override.py:1911} INFO - Created Permission View: can delete on DAG:conditional_dataset_and_time_based_timetable
[2024-12-02T17:46:11.808+0000] {logging_mixin.py:190} INFO - [2024-12-02T17:46:11.807+0000] {override.py:1911} INFO - Created Permission View: can read on DAG Run:conditional_dataset_and_time_based_timetable
[2024-12-02T17:46:11.819+0000] {logging_mixin.py:190} INFO - [2024-12-02T17:46:11.819+0000] {override.py:1911} INFO - Created Permission View: can delete on DAG Run:conditional_dataset_and_time_based_timetable
[2024-12-02T17:46:11.830+0000] {logging_mixin.py:190} INFO - [2024-12-02T17:46:11.830+0000] {override.py:1911} INFO - Created Permission View: can create on DAG Run:conditional_dataset_and_time_based_timetable
[2024-12-02T17:46:11.842+0000] {logging_mixin.py:190} INFO - [2024-12-02T17:46:11.841+0000] {override.py:1911} INFO - Created Permission View: menu access on DAG Run:conditional_dataset_and_time_based_timetable
[2024-12-02T17:46:11.863+0000] {logging_mixin.py:190} INFO - [2024-12-02T17:46:11.862+0000] {override.py:1911} INFO - Created Permission View: can read on DAG:dataset_produces_2
[2024-12-02T17:46:11.874+0000] {logging_mixin.py:190} INFO - [2024-12-02T17:46:11.873+0000] {override.py:1911} INFO - Created Permission View: can edit on DAG:dataset_produces_2
[2024-12-02T17:46:11.883+0000] {logging_mixin.py:190} INFO - [2024-12-02T17:46:11.882+0000] {override.py:1911} INFO - Created Permission View: can delete on DAG:dataset_produces_2
[2024-12-02T17:46:11.893+0000] {logging_mixin.py:190} INFO - [2024-12-02T17:46:11.893+0000] {override.py:1911} INFO - Created Permission View: can read on DAG Run:dataset_produces_2
[2024-12-02T17:46:11.902+0000] {logging_mixin.py:190} INFO - [2024-12-02T17:46:11.902+0000] {override.py:1911} INFO - Created Permission View: can delete on DAG Run:dataset_produces_2
[2024-12-02T17:46:11.910+0000] {logging_mixin.py:190} INFO - [2024-12-02T17:46:11.910+0000] {override.py:1911} INFO - Created Permission View: can create on DAG Run:dataset_produces_2
[2024-12-02T17:46:11.919+0000] {logging_mixin.py:190} INFO - [2024-12-02T17:46:11.919+0000] {override.py:1911} INFO - Created Permission View: menu access on DAG Run:dataset_produces_2
[2024-12-02T17:46:11.941+0000] {logging_mixin.py:190} INFO - [2024-12-02T17:46:11.941+0000] {override.py:1911} INFO - Created Permission View: can read on DAG:dataset_consumes_unknown_never_scheduled
[2024-12-02T17:46:11.953+0000] {logging_mixin.py:190} INFO - [2024-12-02T17:46:11.953+0000] {override.py:1911} INFO - Created Permission View: can edit on DAG:dataset_consumes_unknown_never_scheduled
[2024-12-02T17:46:11.964+0000] {logging_mixin.py:190} INFO - [2024-12-02T17:46:11.964+0000] {override.py:1911} INFO - Created Permission View: can delete on DAG:dataset_consumes_unknown_never_scheduled
[2024-12-02T17:46:11.980+0000] {logging_mixin.py:190} INFO - [2024-12-02T17:46:11.980+0000] {override.py:1911} INFO - Created Permission View: can read on DAG Run:dataset_consumes_unknown_never_scheduled
[2024-12-02T17:46:11.989+0000] {logging_mixin.py:190} INFO - [2024-12-02T17:46:11.989+0000] {override.py:1911} INFO - Created Permission View: can delete on DAG Run:dataset_consumes_unknown_never_scheduled
[2024-12-02T17:46:11.998+0000] {logging_mixin.py:190} INFO - [2024-12-02T17:46:11.997+0000] {override.py:1911} INFO - Created Permission View: can create on DAG Run:dataset_consumes_unknown_never_scheduled
[2024-12-02T17:46:12.007+0000] {logging_mixin.py:190} INFO - [2024-12-02T17:46:12.007+0000] {override.py:1911} INFO - Created Permission View: menu access on DAG Run:dataset_consumes_unknown_never_scheduled
[2024-12-02T17:46:12.022+0000] {logging_mixin.py:190} INFO - [2024-12-02T17:46:12.022+0000] {override.py:1911} INFO - Created Permission View: can read on DAG:dataset_consumes_1_never_scheduled
[2024-12-02T17:46:12.030+0000] {logging_mixin.py:190} INFO - [2024-12-02T17:46:12.030+0000] {override.py:1911} INFO - Created Permission View: can edit on DAG:dataset_consumes_1_never_scheduled
[2024-12-02T17:46:12.041+0000] {logging_mixin.py:190} INFO - [2024-12-02T17:46:12.041+0000] {override.py:1911} INFO - Created Permission View: can delete on DAG:dataset_consumes_1_never_scheduled
[2024-12-02T17:46:12.056+0000] {logging_mixin.py:190} INFO - [2024-12-02T17:46:12.055+0000] {override.py:1911} INFO - Created Permission View: can read on DAG Run:dataset_consumes_1_never_scheduled
[2024-12-02T17:46:12.066+0000] {logging_mixin.py:190} INFO - [2024-12-02T17:46:12.066+0000] {override.py:1911} INFO - Created Permission View: can delete on DAG Run:dataset_consumes_1_never_scheduled
[2024-12-02T17:46:12.076+0000] {logging_mixin.py:190} INFO - [2024-12-02T17:46:12.076+0000] {override.py:1911} INFO - Created Permission View: can create on DAG Run:dataset_consumes_1_never_scheduled
[2024-12-02T17:46:12.086+0000] {logging_mixin.py:190} INFO - [2024-12-02T17:46:12.086+0000] {override.py:1911} INFO - Created Permission View: menu access on DAG Run:dataset_consumes_1_never_scheduled
[2024-12-02T17:46:12.102+0000] {logging_mixin.py:190} INFO - [2024-12-02T17:46:12.101+0000] {override.py:1911} INFO - Created Permission View: can read on DAG:consume_1_or_2_with_dataset_expressions
[2024-12-02T17:46:12.110+0000] {logging_mixin.py:190} INFO - [2024-12-02T17:46:12.110+0000] {override.py:1911} INFO - Created Permission View: can edit on DAG:consume_1_or_2_with_dataset_expressions
[2024-12-02T17:46:12.119+0000] {logging_mixin.py:190} INFO - [2024-12-02T17:46:12.118+0000] {override.py:1911} INFO - Created Permission View: can delete on DAG:consume_1_or_2_with_dataset_expressions
[2024-12-02T17:46:12.129+0000] {logging_mixin.py:190} INFO - [2024-12-02T17:46:12.129+0000] {override.py:1911} INFO - Created Permission View: can read on DAG Run:consume_1_or_2_with_dataset_expressions
[2024-12-02T17:46:12.139+0000] {logging_mixin.py:190} INFO - [2024-12-02T17:46:12.139+0000] {override.py:1911} INFO - Created Permission View: can delete on DAG Run:consume_1_or_2_with_dataset_expressions
[2024-12-02T17:46:12.149+0000] {logging_mixin.py:190} INFO - [2024-12-02T17:46:12.148+0000] {override.py:1911} INFO - Created Permission View: can create on DAG Run:consume_1_or_2_with_dataset_expressions
[2024-12-02T17:46:12.159+0000] {logging_mixin.py:190} INFO - [2024-12-02T17:46:12.159+0000] {override.py:1911} INFO - Created Permission View: menu access on DAG Run:consume_1_or_2_with_dataset_expressions
[2024-12-02T17:46:12.179+0000] {logging_mixin.py:190} INFO - [2024-12-02T17:46:12.179+0000] {override.py:1911} INFO - Created Permission View: can read on DAG:dataset_produces_1
[2024-12-02T17:46:12.190+0000] {logging_mixin.py:190} INFO - [2024-12-02T17:46:12.189+0000] {override.py:1911} INFO - Created Permission View: can edit on DAG:dataset_produces_1
[2024-12-02T17:46:12.198+0000] {logging_mixin.py:190} INFO - [2024-12-02T17:46:12.197+0000] {override.py:1911} INFO - Created Permission View: can delete on DAG:dataset_produces_1
[2024-12-02T17:46:12.208+0000] {logging_mixin.py:190} INFO - [2024-12-02T17:46:12.208+0000] {override.py:1911} INFO - Created Permission View: can read on DAG Run:dataset_produces_1
[2024-12-02T17:46:12.217+0000] {logging_mixin.py:190} INFO - [2024-12-02T17:46:12.216+0000] {override.py:1911} INFO - Created Permission View: can delete on DAG Run:dataset_produces_1
[2024-12-02T17:46:12.225+0000] {logging_mixin.py:190} INFO - [2024-12-02T17:46:12.225+0000] {override.py:1911} INFO - Created Permission View: can create on DAG Run:dataset_produces_1
[2024-12-02T17:46:12.234+0000] {logging_mixin.py:190} INFO - [2024-12-02T17:46:12.234+0000] {override.py:1911} INFO - Created Permission View: menu access on DAG Run:dataset_produces_1
[2024-12-02T17:46:12.255+0000] {logging_mixin.py:190} INFO - [2024-12-02T17:46:12.254+0000] {override.py:1911} INFO - Created Permission View: can read on DAG:dataset_consumes_1
[2024-12-02T17:46:12.266+0000] {logging_mixin.py:190} INFO - [2024-12-02T17:46:12.266+0000] {override.py:1911} INFO - Created Permission View: can edit on DAG:dataset_consumes_1
[2024-12-02T17:46:12.277+0000] {logging_mixin.py:190} INFO - [2024-12-02T17:46:12.277+0000] {override.py:1911} INFO - Created Permission View: can delete on DAG:dataset_consumes_1
[2024-12-02T17:46:12.293+0000] {logging_mixin.py:190} INFO - [2024-12-02T17:46:12.293+0000] {override.py:1911} INFO - Created Permission View: can read on DAG Run:dataset_consumes_1
[2024-12-02T17:46:12.302+0000] {logging_mixin.py:190} INFO - [2024-12-02T17:46:12.302+0000] {override.py:1911} INFO - Created Permission View: can delete on DAG Run:dataset_consumes_1
[2024-12-02T17:46:12.311+0000] {logging_mixin.py:190} INFO - [2024-12-02T17:46:12.310+0000] {override.py:1911} INFO - Created Permission View: can create on DAG Run:dataset_consumes_1
[2024-12-02T17:46:12.319+0000] {logging_mixin.py:190} INFO - [2024-12-02T17:46:12.319+0000] {override.py:1911} INFO - Created Permission View: menu access on DAG Run:dataset_consumes_1
[2024-12-02T17:46:12.319+0000] {logging_mixin.py:190} INFO - [2024-12-02T17:46:12.319+0000] {dag.py:3239} INFO - Sync 10 DAGs
[2024-12-02T17:46:12.335+0000] {logging_mixin.py:190} INFO - [2024-12-02T17:46:12.334+0000] {dag.py:3262} INFO - Creating ORM DAG for dataset_produces_2
[2024-12-02T17:46:12.335+0000] {logging_mixin.py:190} INFO - [2024-12-02T17:46:12.335+0000] {dag.py:3262} INFO - Creating ORM DAG for consume_1_or_both_2_and_3_with_dataset_expressions
[2024-12-02T17:46:12.336+0000] {logging_mixin.py:190} INFO - [2024-12-02T17:46:12.336+0000] {dag.py:3262} INFO - Creating ORM DAG for dataset_consumes_1_and_2
[2024-12-02T17:46:12.337+0000] {logging_mixin.py:190} INFO - [2024-12-02T17:46:12.337+0000] {dag.py:3262} INFO - Creating ORM DAG for conditional_dataset_and_time_based_timetable
[2024-12-02T17:46:12.337+0000] {logging_mixin.py:190} INFO - [2024-12-02T17:46:12.337+0000] {dag.py:3262} INFO - Creating ORM DAG for dataset_consumes_unknown_never_scheduled
[2024-12-02T17:46:12.338+0000] {logging_mixin.py:190} INFO - [2024-12-02T17:46:12.338+0000] {dag.py:3262} INFO - Creating ORM DAG for consume_1_and_2_with_dataset_expressions
[2024-12-02T17:46:12.339+0000] {logging_mixin.py:190} INFO - [2024-12-02T17:46:12.338+0000] {dag.py:3262} INFO - Creating ORM DAG for consume_1_or_2_with_dataset_expressions
[2024-12-02T17:46:12.339+0000] {logging_mixin.py:190} INFO - [2024-12-02T17:46:12.339+0000] {dag.py:3262} INFO - Creating ORM DAG for dataset_consumes_1
[2024-12-02T17:46:12.340+0000] {logging_mixin.py:190} INFO - [2024-12-02T17:46:12.340+0000] {dag.py:3262} INFO - Creating ORM DAG for dataset_consumes_1_never_scheduled
[2024-12-02T17:46:12.340+0000] {logging_mixin.py:190} INFO - [2024-12-02T17:46:12.340+0000] {dag.py:3262} INFO - Creating ORM DAG for dataset_produces_1
[2024-12-02T17:46:12.352+0000] {logging_mixin.py:190} INFO - [2024-12-02T17:46:12.351+0000] {dag.py:4180} INFO - Setting next_dagrun for conditional_dataset_and_time_based_timetable to 2024-11-27 01:00:00+00:00, run_after=2024-11-27 01:00:00+00:00
[2024-12-02T17:46:12.352+0000] {logging_mixin.py:190} INFO - [2024-12-02T17:46:12.352+0000] {dag.py:4180} INFO - Setting next_dagrun for consume_1_and_2_with_dataset_expressions to None, run_after=None
[2024-12-02T17:46:12.353+0000] {logging_mixin.py:190} INFO - [2024-12-02T17:46:12.353+0000] {dag.py:4180} INFO - Setting next_dagrun for consume_1_or_2_with_dataset_expressions to None, run_after=None
[2024-12-02T17:46:12.353+0000] {logging_mixin.py:190} INFO - [2024-12-02T17:46:12.353+0000] {dag.py:4180} INFO - Setting next_dagrun for consume_1_or_both_2_and_3_with_dataset_expressions to None, run_after=None
[2024-12-02T17:46:12.354+0000] {logging_mixin.py:190} INFO - [2024-12-02T17:46:12.353+0000] {dag.py:4180} INFO - Setting next_dagrun for dataset_consumes_1 to None, run_after=None
[2024-12-02T17:46:12.354+0000] {logging_mixin.py:190} INFO - [2024-12-02T17:46:12.354+0000] {dag.py:4180} INFO - Setting next_dagrun for dataset_consumes_1_and_2 to None, run_after=None
[2024-12-02T17:46:12.355+0000] {logging_mixin.py:190} INFO - [2024-12-02T17:46:12.355+0000] {dag.py:4180} INFO - Setting next_dagrun for dataset_consumes_1_never_scheduled to None, run_after=None
[2024-12-02T17:46:12.355+0000] {logging_mixin.py:190} INFO - [2024-12-02T17:46:12.355+0000] {dag.py:4180} INFO - Setting next_dagrun for dataset_consumes_unknown_never_scheduled to None, run_after=None
[2024-12-02T17:46:12.358+0000] {logging_mixin.py:190} INFO - [2024-12-02T17:46:12.357+0000] {dag.py:4180} INFO - Setting next_dagrun for dataset_produces_1 to 2024-12-01 00:00:00+00:00, run_after=2024-12-02 00:00:00+00:00
[2024-12-02T17:46:12.358+0000] {logging_mixin.py:190} INFO - [2024-12-02T17:46:12.358+0000] {dag.py:4180} INFO - Setting next_dagrun for dataset_produces_2 to None, run_after=None
[2024-12-02T17:46:12.411+0000] {processor.py:208} INFO - Processing /home/airflow/.local/lib/python3.12/site-packages/airflow/example_dags/example_datasets.py took 1.858 seconds
[2024-12-02T17:46:42.703+0000] {processor.py:186} INFO - Started process (PID=193) to work on /home/airflow/.local/lib/python3.12/site-packages/airflow/example_dags/example_datasets.py
[2024-12-02T17:46:42.704+0000] {processor.py:914} INFO - Processing file /home/airflow/.local/lib/python3.12/site-packages/airflow/example_dags/example_datasets.py for tasks to queue
[2024-12-02T17:46:42.707+0000] {logging_mixin.py:190} INFO - [2024-12-02T17:46:42.706+0000] {dagbag.py:588} INFO - Filling up the DagBag from /home/airflow/.local/lib/python3.12/site-packages/airflow/example_dags/example_datasets.py
[2024-12-02T17:46:43.446+0000] {processor.py:925} INFO - DAG(s) 'conditional_dataset_and_time_based_timetable', 'dataset_consumes_1_never_scheduled', 'dataset_consumes_unknown_never_scheduled', 'dataset_consumes_1', 'dataset_produces_2', 'dataset_produces_1', 'consume_1_or_2_with_dataset_expressions', 'consume_1_or_both_2_and_3_with_dataset_expressions', 'dataset_consumes_1_and_2', 'consume_1_and_2_with_dataset_expressions' retrieved from /home/airflow/.local/lib/python3.12/site-packages/airflow/example_dags/example_datasets.py
[2024-12-02T17:46:43.491+0000] {logging_mixin.py:190} INFO - [2024-12-02T17:46:43.491+0000] {dag.py:3239} INFO - Sync 10 DAGs
[2024-12-02T17:46:43.527+0000] {logging_mixin.py:190} INFO - [2024-12-02T17:46:43.527+0000] {dag.py:4180} INFO - Setting next_dagrun for conditional_dataset_and_time_based_timetable to 2024-11-27 01:00:00+00:00, run_after=2024-11-27 01:00:00+00:00
[2024-12-02T17:46:43.532+0000] {logging_mixin.py:190} INFO - [2024-12-02T17:46:43.532+0000] {dag.py:4180} INFO - Setting next_dagrun for consume_1_and_2_with_dataset_expressions to None, run_after=None
[2024-12-02T17:46:43.534+0000] {logging_mixin.py:190} INFO - [2024-12-02T17:46:43.534+0000] {dag.py:4180} INFO - Setting next_dagrun for consume_1_or_2_with_dataset_expressions to None, run_after=None
[2024-12-02T17:46:43.535+0000] {logging_mixin.py:190} INFO - [2024-12-02T17:46:43.535+0000] {dag.py:4180} INFO - Setting next_dagrun for consume_1_or_both_2_and_3_with_dataset_expressions to None, run_after=None
[2024-12-02T17:46:43.537+0000] {logging_mixin.py:190} INFO - [2024-12-02T17:46:43.536+0000] {dag.py:4180} INFO - Setting next_dagrun for dataset_consumes_1 to None, run_after=None
[2024-12-02T17:46:43.538+0000] {logging_mixin.py:190} INFO - [2024-12-02T17:46:43.538+0000] {dag.py:4180} INFO - Setting next_dagrun for dataset_consumes_1_and_2 to None, run_after=None
[2024-12-02T17:46:43.540+0000] {logging_mixin.py:190} INFO - [2024-12-02T17:46:43.540+0000] {dag.py:4180} INFO - Setting next_dagrun for dataset_consumes_1_never_scheduled to None, run_after=None
[2024-12-02T17:46:43.542+0000] {logging_mixin.py:190} INFO - [2024-12-02T17:46:43.542+0000] {dag.py:4180} INFO - Setting next_dagrun for dataset_consumes_unknown_never_scheduled to None, run_after=None
[2024-12-02T17:46:43.546+0000] {logging_mixin.py:190} INFO - [2024-12-02T17:46:43.546+0000] {dag.py:4180} INFO - Setting next_dagrun for dataset_produces_1 to 2024-12-01 00:00:00+00:00, run_after=2024-12-02 00:00:00+00:00
[2024-12-02T17:46:43.548+0000] {logging_mixin.py:190} INFO - [2024-12-02T17:46:43.548+0000] {dag.py:4180} INFO - Setting next_dagrun for dataset_produces_2 to None, run_after=None
[2024-12-02T17:46:43.588+0000] {processor.py:208} INFO - Processing /home/airflow/.local/lib/python3.12/site-packages/airflow/example_dags/example_datasets.py took 0.895 seconds
[2024-12-02T17:47:14.494+0000] {processor.py:186} INFO - Started process (PID=258) to work on /home/airflow/.local/lib/python3.12/site-packages/airflow/example_dags/example_datasets.py
[2024-12-02T17:47:14.495+0000] {processor.py:914} INFO - Processing file /home/airflow/.local/lib/python3.12/site-packages/airflow/example_dags/example_datasets.py for tasks to queue
[2024-12-02T17:47:14.498+0000] {logging_mixin.py:190} INFO - [2024-12-02T17:47:14.498+0000] {dagbag.py:588} INFO - Filling up the DagBag from /home/airflow/.local/lib/python3.12/site-packages/airflow/example_dags/example_datasets.py
[2024-12-02T17:47:15.281+0000] {processor.py:925} INFO - DAG(s) 'consume_1_or_both_2_and_3_with_dataset_expressions', 'consume_1_and_2_with_dataset_expressions', 'consume_1_or_2_with_dataset_expressions', 'dataset_consumes_1_never_scheduled', 'dataset_consumes_1', 'dataset_produces_1', 'conditional_dataset_and_time_based_timetable', 'dataset_produces_2', 'dataset_consumes_unknown_never_scheduled', 'dataset_consumes_1_and_2' retrieved from /home/airflow/.local/lib/python3.12/site-packages/airflow/example_dags/example_datasets.py
[2024-12-02T17:47:15.346+0000] {logging_mixin.py:190} INFO - [2024-12-02T17:47:15.346+0000] {dag.py:3239} INFO - Sync 10 DAGs
[2024-12-02T17:47:15.380+0000] {logging_mixin.py:190} INFO - [2024-12-02T17:47:15.380+0000] {dag.py:4180} INFO - Setting next_dagrun for conditional_dataset_and_time_based_timetable to 2024-11-27 01:00:00+00:00, run_after=2024-11-27 01:00:00+00:00
[2024-12-02T17:47:15.385+0000] {logging_mixin.py:190} INFO - [2024-12-02T17:47:15.384+0000] {dag.py:4180} INFO - Setting next_dagrun for consume_1_and_2_with_dataset_expressions to None, run_after=None
[2024-12-02T17:47:15.386+0000] {logging_mixin.py:190} INFO - [2024-12-02T17:47:15.386+0000] {dag.py:4180} INFO - Setting next_dagrun for consume_1_or_2_with_dataset_expressions to None, run_after=None
[2024-12-02T17:47:15.388+0000] {logging_mixin.py:190} INFO - [2024-12-02T17:47:15.388+0000] {dag.py:4180} INFO - Setting next_dagrun for consume_1_or_both_2_and_3_with_dataset_expressions to None, run_after=None
[2024-12-02T17:47:15.389+0000] {logging_mixin.py:190} INFO - [2024-12-02T17:47:15.389+0000] {dag.py:4180} INFO - Setting next_dagrun for dataset_consumes_1 to None, run_after=None
[2024-12-02T17:47:15.391+0000] {logging_mixin.py:190} INFO - [2024-12-02T17:47:15.391+0000] {dag.py:4180} INFO - Setting next_dagrun for dataset_consumes_1_and_2 to None, run_after=None
[2024-12-02T17:47:15.392+0000] {logging_mixin.py:190} INFO - [2024-12-02T17:47:15.392+0000] {dag.py:4180} INFO - Setting next_dagrun for dataset_consumes_1_never_scheduled to None, run_after=None
[2024-12-02T17:47:15.393+0000] {logging_mixin.py:190} INFO - [2024-12-02T17:47:15.393+0000] {dag.py:4180} INFO - Setting next_dagrun for dataset_consumes_unknown_never_scheduled to None, run_after=None
[2024-12-02T17:47:15.396+0000] {logging_mixin.py:190} INFO - [2024-12-02T17:47:15.396+0000] {dag.py:4180} INFO - Setting next_dagrun for dataset_produces_1 to 2024-12-01 00:00:00+00:00, run_after=2024-12-02 00:00:00+00:00
[2024-12-02T17:47:15.398+0000] {logging_mixin.py:190} INFO - [2024-12-02T17:47:15.397+0000] {dag.py:4180} INFO - Setting next_dagrun for dataset_produces_2 to None, run_after=None
[2024-12-02T17:47:15.439+0000] {processor.py:208} INFO - Processing /home/airflow/.local/lib/python3.12/site-packages/airflow/example_dags/example_datasets.py took 0.956 seconds
[2024-12-02T17:47:46.396+0000] {processor.py:186} INFO - Started process (PID=323) to work on /home/airflow/.local/lib/python3.12/site-packages/airflow/example_dags/example_datasets.py
[2024-12-02T17:47:46.400+0000] {processor.py:914} INFO - Processing file /home/airflow/.local/lib/python3.12/site-packages/airflow/example_dags/example_datasets.py for tasks to queue
[2024-12-02T17:47:46.404+0000] {logging_mixin.py:190} INFO - [2024-12-02T17:47:46.403+0000] {dagbag.py:588} INFO - Filling up the DagBag from /home/airflow/.local/lib/python3.12/site-packages/airflow/example_dags/example_datasets.py
[2024-12-02T17:47:47.074+0000] {processor.py:925} INFO - DAG(s) 'dataset_produces_1', 'conditional_dataset_and_time_based_timetable', 'consume_1_or_2_with_dataset_expressions', 'dataset_produces_2', 'dataset_consumes_1_never_scheduled', 'dataset_consumes_1_and_2', 'consume_1_and_2_with_dataset_expressions', 'dataset_consumes_1', 'consume_1_or_both_2_and_3_with_dataset_expressions', 'dataset_consumes_unknown_never_scheduled' retrieved from /home/airflow/.local/lib/python3.12/site-packages/airflow/example_dags/example_datasets.py
[2024-12-02T17:47:47.119+0000] {logging_mixin.py:190} INFO - [2024-12-02T17:47:47.119+0000] {dag.py:3239} INFO - Sync 10 DAGs
[2024-12-02T17:47:47.147+0000] {logging_mixin.py:190} INFO - [2024-12-02T17:47:47.146+0000] {dag.py:4180} INFO - Setting next_dagrun for conditional_dataset_and_time_based_timetable to 2024-11-27 01:00:00+00:00, run_after=2024-11-27 01:00:00+00:00
[2024-12-02T17:47:47.151+0000] {logging_mixin.py:190} INFO - [2024-12-02T17:47:47.150+0000] {dag.py:4180} INFO - Setting next_dagrun for consume_1_and_2_with_dataset_expressions to None, run_after=None
[2024-12-02T17:47:47.152+0000] {logging_mixin.py:190} INFO - [2024-12-02T17:47:47.152+0000] {dag.py:4180} INFO - Setting next_dagrun for consume_1_or_2_with_dataset_expressions to None, run_after=None
[2024-12-02T17:47:47.153+0000] {logging_mixin.py:190} INFO - [2024-12-02T17:47:47.153+0000] {dag.py:4180} INFO - Setting next_dagrun for consume_1_or_both_2_and_3_with_dataset_expressions to None, run_after=None
[2024-12-02T17:47:47.154+0000] {logging_mixin.py:190} INFO - [2024-12-02T17:47:47.154+0000] {dag.py:4180} INFO - Setting next_dagrun for dataset_consumes_1 to None, run_after=None
[2024-12-02T17:47:47.156+0000] {logging_mixin.py:190} INFO - [2024-12-02T17:47:47.155+0000] {dag.py:4180} INFO - Setting next_dagrun for dataset_consumes_1_and_2 to None, run_after=None
[2024-12-02T17:47:47.157+0000] {logging_mixin.py:190} INFO - [2024-12-02T17:47:47.157+0000] {dag.py:4180} INFO - Setting next_dagrun for dataset_consumes_1_never_scheduled to None, run_after=None
[2024-12-02T17:47:47.158+0000] {logging_mixin.py:190} INFO - [2024-12-02T17:47:47.158+0000] {dag.py:4180} INFO - Setting next_dagrun for dataset_consumes_unknown_never_scheduled to None, run_after=None
[2024-12-02T17:47:47.161+0000] {logging_mixin.py:190} INFO - [2024-12-02T17:47:47.161+0000] {dag.py:4180} INFO - Setting next_dagrun for dataset_produces_1 to 2024-12-01 00:00:00+00:00, run_after=2024-12-02 00:00:00+00:00
[2024-12-02T17:47:47.163+0000] {logging_mixin.py:190} INFO - [2024-12-02T17:47:47.162+0000] {dag.py:4180} INFO - Setting next_dagrun for dataset_produces_2 to None, run_after=None
[2024-12-02T17:47:47.202+0000] {processor.py:208} INFO - Processing /home/airflow/.local/lib/python3.12/site-packages/airflow/example_dags/example_datasets.py took 0.816 seconds
[2024-12-02T17:48:29.123+0000] {processor.py:186} INFO - Started process (PID=401) to work on /home/airflow/.local/lib/python3.12/site-packages/airflow/example_dags/example_datasets.py
[2024-12-02T17:48:29.133+0000] {processor.py:914} INFO - Processing file /home/airflow/.local/lib/python3.12/site-packages/airflow/example_dags/example_datasets.py for tasks to queue
[2024-12-02T17:48:29.139+0000] {logging_mixin.py:190} INFO - [2024-12-02T17:48:29.139+0000] {dagbag.py:588} INFO - Filling up the DagBag from /home/airflow/.local/lib/python3.12/site-packages/airflow/example_dags/example_datasets.py
[2024-12-02T17:48:31.753+0000] {processor.py:925} INFO - DAG(s) 'conditional_dataset_and_time_based_timetable', 'consume_1_or_both_2_and_3_with_dataset_expressions', 'consume_1_and_2_with_dataset_expressions', 'dataset_consumes_1', 'dataset_consumes_1_never_scheduled', 'consume_1_or_2_with_dataset_expressions', 'dataset_produces_1', 'dataset_produces_2', 'dataset_consumes_unknown_never_scheduled', 'dataset_consumes_1_and_2' retrieved from /home/airflow/.local/lib/python3.12/site-packages/airflow/example_dags/example_datasets.py
[2024-12-02T17:48:31.902+0000] {logging_mixin.py:190} INFO - [2024-12-02T17:48:31.901+0000] {dag.py:3239} INFO - Sync 10 DAGs
[2024-12-02T17:48:31.988+0000] {logging_mixin.py:190} INFO - [2024-12-02T17:48:31.987+0000] {dag.py:4180} INFO - Setting next_dagrun for conditional_dataset_and_time_based_timetable to 2024-11-27 01:00:00+00:00, run_after=2024-11-27 01:00:00+00:00
[2024-12-02T17:48:31.999+0000] {logging_mixin.py:190} INFO - [2024-12-02T17:48:31.999+0000] {dag.py:4180} INFO - Setting next_dagrun for consume_1_and_2_with_dataset_expressions to None, run_after=None
[2024-12-02T17:48:32.002+0000] {logging_mixin.py:190} INFO - [2024-12-02T17:48:32.002+0000] {dag.py:4180} INFO - Setting next_dagrun for consume_1_or_2_with_dataset_expressions to None, run_after=None
[2024-12-02T17:48:32.006+0000] {logging_mixin.py:190} INFO - [2024-12-02T17:48:32.006+0000] {dag.py:4180} INFO - Setting next_dagrun for consume_1_or_both_2_and_3_with_dataset_expressions to None, run_after=None
[2024-12-02T17:48:32.010+0000] {logging_mixin.py:190} INFO - [2024-12-02T17:48:32.010+0000] {dag.py:4180} INFO - Setting next_dagrun for dataset_consumes_1 to None, run_after=None
[2024-12-02T17:48:32.013+0000] {logging_mixin.py:190} INFO - [2024-12-02T17:48:32.013+0000] {dag.py:4180} INFO - Setting next_dagrun for dataset_consumes_1_and_2 to None, run_after=None
[2024-12-02T17:48:32.016+0000] {logging_mixin.py:190} INFO - [2024-12-02T17:48:32.016+0000] {dag.py:4180} INFO - Setting next_dagrun for dataset_consumes_1_never_scheduled to None, run_after=None
[2024-12-02T17:48:32.019+0000] {logging_mixin.py:190} INFO - [2024-12-02T17:48:32.019+0000] {dag.py:4180} INFO - Setting next_dagrun for dataset_consumes_unknown_never_scheduled to None, run_after=None
[2024-12-02T17:48:32.030+0000] {logging_mixin.py:190} INFO - [2024-12-02T17:48:32.029+0000] {dag.py:4180} INFO - Setting next_dagrun for dataset_produces_1 to 2024-12-01 00:00:00+00:00, run_after=2024-12-02 00:00:00+00:00
[2024-12-02T17:48:32.032+0000] {logging_mixin.py:190} INFO - [2024-12-02T17:48:32.032+0000] {dag.py:4180} INFO - Setting next_dagrun for dataset_produces_2 to None, run_after=None
[2024-12-02T17:48:32.114+0000] {processor.py:208} INFO - Processing /home/airflow/.local/lib/python3.12/site-packages/airflow/example_dags/example_datasets.py took 3.066 seconds
[2024-12-02T17:49:03.272+0000] {processor.py:186} INFO - Started process (PID=463) to work on /home/airflow/.local/lib/python3.12/site-packages/airflow/example_dags/example_datasets.py
[2024-12-02T17:49:03.273+0000] {processor.py:914} INFO - Processing file /home/airflow/.local/lib/python3.12/site-packages/airflow/example_dags/example_datasets.py for tasks to queue
[2024-12-02T17:49:03.277+0000] {logging_mixin.py:190} INFO - [2024-12-02T17:49:03.276+0000] {dagbag.py:588} INFO - Filling up the DagBag from /home/airflow/.local/lib/python3.12/site-packages/airflow/example_dags/example_datasets.py
[2024-12-02T17:49:04.495+0000] {processor.py:925} INFO - DAG(s) 'dataset_consumes_unknown_never_scheduled', 'dataset_produces_2', 'consume_1_or_both_2_and_3_with_dataset_expressions', 'consume_1_or_2_with_dataset_expressions', 'consume_1_and_2_with_dataset_expressions', 'dataset_produces_1', 'dataset_consumes_1', 'dataset_consumes_1_and_2', 'conditional_dataset_and_time_based_timetable', 'dataset_consumes_1_never_scheduled' retrieved from /home/airflow/.local/lib/python3.12/site-packages/airflow/example_dags/example_datasets.py
[2024-12-02T17:49:04.616+0000] {logging_mixin.py:190} INFO - [2024-12-02T17:49:04.616+0000] {dag.py:3239} INFO - Sync 10 DAGs
[2024-12-02T17:49:04.683+0000] {logging_mixin.py:190} INFO - [2024-12-02T17:49:04.682+0000] {dag.py:4180} INFO - Setting next_dagrun for conditional_dataset_and_time_based_timetable to 2024-11-27 01:00:00+00:00, run_after=2024-11-27 01:00:00+00:00
[2024-12-02T17:49:04.695+0000] {logging_mixin.py:190} INFO - [2024-12-02T17:49:04.695+0000] {dag.py:4180} INFO - Setting next_dagrun for consume_1_and_2_with_dataset_expressions to None, run_after=None
[2024-12-02T17:49:04.699+0000] {logging_mixin.py:190} INFO - [2024-12-02T17:49:04.698+0000] {dag.py:4180} INFO - Setting next_dagrun for consume_1_or_2_with_dataset_expressions to None, run_after=None
[2024-12-02T17:49:04.701+0000] {logging_mixin.py:190} INFO - [2024-12-02T17:49:04.700+0000] {dag.py:4180} INFO - Setting next_dagrun for consume_1_or_both_2_and_3_with_dataset_expressions to None, run_after=None
[2024-12-02T17:49:04.705+0000] {logging_mixin.py:190} INFO - [2024-12-02T17:49:04.704+0000] {dag.py:4180} INFO - Setting next_dagrun for dataset_consumes_1 to None, run_after=None
[2024-12-02T17:49:04.715+0000] {logging_mixin.py:190} INFO - [2024-12-02T17:49:04.714+0000] {dag.py:4180} INFO - Setting next_dagrun for dataset_consumes_1_and_2 to None, run_after=None
[2024-12-02T17:49:04.717+0000] {logging_mixin.py:190} INFO - [2024-12-02T17:49:04.717+0000] {dag.py:4180} INFO - Setting next_dagrun for dataset_consumes_1_never_scheduled to None, run_after=None
[2024-12-02T17:49:04.719+0000] {logging_mixin.py:190} INFO - [2024-12-02T17:49:04.719+0000] {dag.py:4180} INFO - Setting next_dagrun for dataset_consumes_unknown_never_scheduled to None, run_after=None
[2024-12-02T17:49:04.724+0000] {logging_mixin.py:190} INFO - [2024-12-02T17:49:04.724+0000] {dag.py:4180} INFO - Setting next_dagrun for dataset_produces_1 to 2024-12-01 00:00:00+00:00, run_after=2024-12-02 00:00:00+00:00
[2024-12-02T17:49:04.727+0000] {logging_mixin.py:190} INFO - [2024-12-02T17:49:04.727+0000] {dag.py:4180} INFO - Setting next_dagrun for dataset_produces_2 to None, run_after=None
[2024-12-02T17:49:04.873+0000] {processor.py:208} INFO - Processing /home/airflow/.local/lib/python3.12/site-packages/airflow/example_dags/example_datasets.py took 1.613 seconds
[2024-12-02T17:49:35.274+0000] {processor.py:186} INFO - Started process (PID=532) to work on /home/airflow/.local/lib/python3.12/site-packages/airflow/example_dags/example_datasets.py
[2024-12-02T17:49:35.275+0000] {processor.py:914} INFO - Processing file /home/airflow/.local/lib/python3.12/site-packages/airflow/example_dags/example_datasets.py for tasks to queue
[2024-12-02T17:49:35.277+0000] {logging_mixin.py:190} INFO - [2024-12-02T17:49:35.277+0000] {dagbag.py:588} INFO - Filling up the DagBag from /home/airflow/.local/lib/python3.12/site-packages/airflow/example_dags/example_datasets.py
[2024-12-02T17:49:35.972+0000] {processor.py:925} INFO - DAG(s) 'dataset_produces_2', 'conditional_dataset_and_time_based_timetable', 'consume_1_or_both_2_and_3_with_dataset_expressions', 'dataset_consumes_1_never_scheduled', 'consume_1_and_2_with_dataset_expressions', 'dataset_consumes_1', 'dataset_produces_1', 'dataset_consumes_unknown_never_scheduled', 'consume_1_or_2_with_dataset_expressions', 'dataset_consumes_1_and_2' retrieved from /home/airflow/.local/lib/python3.12/site-packages/airflow/example_dags/example_datasets.py
[2024-12-02T17:49:36.025+0000] {logging_mixin.py:190} INFO - [2024-12-02T17:49:36.025+0000] {dag.py:3239} INFO - Sync 10 DAGs
[2024-12-02T17:49:36.055+0000] {logging_mixin.py:190} INFO - [2024-12-02T17:49:36.055+0000] {dag.py:4180} INFO - Setting next_dagrun for conditional_dataset_and_time_based_timetable to 2024-11-27 01:00:00+00:00, run_after=2024-11-27 01:00:00+00:00
[2024-12-02T17:49:36.060+0000] {logging_mixin.py:190} INFO - [2024-12-02T17:49:36.060+0000] {dag.py:4180} INFO - Setting next_dagrun for consume_1_and_2_with_dataset_expressions to None, run_after=None
[2024-12-02T17:49:36.062+0000] {logging_mixin.py:190} INFO - [2024-12-02T17:49:36.062+0000] {dag.py:4180} INFO - Setting next_dagrun for consume_1_or_2_with_dataset_expressions to None, run_after=None
[2024-12-02T17:49:36.063+0000] {logging_mixin.py:190} INFO - [2024-12-02T17:49:36.063+0000] {dag.py:4180} INFO - Setting next_dagrun for consume_1_or_both_2_and_3_with_dataset_expressions to None, run_after=None
[2024-12-02T17:49:36.065+0000] {logging_mixin.py:190} INFO - [2024-12-02T17:49:36.065+0000] {dag.py:4180} INFO - Setting next_dagrun for dataset_consumes_1 to None, run_after=None
[2024-12-02T17:49:36.066+0000] {logging_mixin.py:190} INFO - [2024-12-02T17:49:36.066+0000] {dag.py:4180} INFO - Setting next_dagrun for dataset_consumes_1_and_2 to None, run_after=None
[2024-12-02T17:49:36.068+0000] {logging_mixin.py:190} INFO - [2024-12-02T17:49:36.068+0000] {dag.py:4180} INFO - Setting next_dagrun for dataset_consumes_1_never_scheduled to None, run_after=None
[2024-12-02T17:49:36.069+0000] {logging_mixin.py:190} INFO - [2024-12-02T17:49:36.069+0000] {dag.py:4180} INFO - Setting next_dagrun for dataset_consumes_unknown_never_scheduled to None, run_after=None
[2024-12-02T17:49:36.073+0000] {logging_mixin.py:190} INFO - [2024-12-02T17:49:36.073+0000] {dag.py:4180} INFO - Setting next_dagrun for dataset_produces_1 to 2024-12-01 00:00:00+00:00, run_after=2024-12-02 00:00:00+00:00
[2024-12-02T17:49:36.074+0000] {logging_mixin.py:190} INFO - [2024-12-02T17:49:36.074+0000] {dag.py:4180} INFO - Setting next_dagrun for dataset_produces_2 to None, run_after=None
[2024-12-02T17:49:36.111+0000] {processor.py:208} INFO - Processing /home/airflow/.local/lib/python3.12/site-packages/airflow/example_dags/example_datasets.py took 0.844 seconds
[2024-12-02T17:50:06.834+0000] {processor.py:186} INFO - Started process (PID=603) to work on /home/airflow/.local/lib/python3.12/site-packages/airflow/example_dags/example_datasets.py
[2024-12-02T17:50:06.835+0000] {processor.py:914} INFO - Processing file /home/airflow/.local/lib/python3.12/site-packages/airflow/example_dags/example_datasets.py for tasks to queue
[2024-12-02T17:50:06.837+0000] {logging_mixin.py:190} INFO - [2024-12-02T17:50:06.837+0000] {dagbag.py:588} INFO - Filling up the DagBag from /home/airflow/.local/lib/python3.12/site-packages/airflow/example_dags/example_datasets.py
[2024-12-02T17:50:07.515+0000] {processor.py:925} INFO - DAG(s) 'dataset_produces_1', 'dataset_consumes_unknown_never_scheduled', 'consume_1_or_both_2_and_3_with_dataset_expressions', 'dataset_consumes_1_never_scheduled', 'consume_1_and_2_with_dataset_expressions', 'dataset_consumes_1', 'conditional_dataset_and_time_based_timetable', 'dataset_produces_2', 'consume_1_or_2_with_dataset_expressions', 'dataset_consumes_1_and_2' retrieved from /home/airflow/.local/lib/python3.12/site-packages/airflow/example_dags/example_datasets.py
[2024-12-02T17:50:07.573+0000] {logging_mixin.py:190} INFO - [2024-12-02T17:50:07.572+0000] {dag.py:3239} INFO - Sync 10 DAGs
[2024-12-02T17:50:07.603+0000] {logging_mixin.py:190} INFO - [2024-12-02T17:50:07.603+0000] {dag.py:4180} INFO - Setting next_dagrun for conditional_dataset_and_time_based_timetable to 2024-11-27 01:00:00+00:00, run_after=2024-11-27 01:00:00+00:00
[2024-12-02T17:50:07.608+0000] {logging_mixin.py:190} INFO - [2024-12-02T17:50:07.608+0000] {dag.py:4180} INFO - Setting next_dagrun for consume_1_and_2_with_dataset_expressions to None, run_after=None
[2024-12-02T17:50:07.610+0000] {logging_mixin.py:190} INFO - [2024-12-02T17:50:07.609+0000] {dag.py:4180} INFO - Setting next_dagrun for consume_1_or_2_with_dataset_expressions to None, run_after=None
[2024-12-02T17:50:07.611+0000] {logging_mixin.py:190} INFO - [2024-12-02T17:50:07.611+0000] {dag.py:4180} INFO - Setting next_dagrun for consume_1_or_both_2_and_3_with_dataset_expressions to None, run_after=None
[2024-12-02T17:50:07.613+0000] {logging_mixin.py:190} INFO - [2024-12-02T17:50:07.612+0000] {dag.py:4180} INFO - Setting next_dagrun for dataset_consumes_1 to None, run_after=None
[2024-12-02T17:50:07.614+0000] {logging_mixin.py:190} INFO - [2024-12-02T17:50:07.614+0000] {dag.py:4180} INFO - Setting next_dagrun for dataset_consumes_1_and_2 to None, run_after=None
[2024-12-02T17:50:07.615+0000] {logging_mixin.py:190} INFO - [2024-12-02T17:50:07.615+0000] {dag.py:4180} INFO - Setting next_dagrun for dataset_consumes_1_never_scheduled to None, run_after=None
[2024-12-02T17:50:07.617+0000] {logging_mixin.py:190} INFO - [2024-12-02T17:50:07.617+0000] {dag.py:4180} INFO - Setting next_dagrun for dataset_consumes_unknown_never_scheduled to None, run_after=None
[2024-12-02T17:50:07.620+0000] {logging_mixin.py:190} INFO - [2024-12-02T17:50:07.620+0000] {dag.py:4180} INFO - Setting next_dagrun for dataset_produces_1 to 2024-12-01 00:00:00+00:00, run_after=2024-12-02 00:00:00+00:00
[2024-12-02T17:50:07.622+0000] {logging_mixin.py:190} INFO - [2024-12-02T17:50:07.621+0000] {dag.py:4180} INFO - Setting next_dagrun for dataset_produces_2 to None, run_after=None
[2024-12-02T17:50:07.662+0000] {processor.py:208} INFO - Processing /home/airflow/.local/lib/python3.12/site-packages/airflow/example_dags/example_datasets.py took 0.835 seconds
[2024-12-02T17:50:38.464+0000] {processor.py:186} INFO - Started process (PID=672) to work on /home/airflow/.local/lib/python3.12/site-packages/airflow/example_dags/example_datasets.py
[2024-12-02T17:50:38.464+0000] {processor.py:914} INFO - Processing file /home/airflow/.local/lib/python3.12/site-packages/airflow/example_dags/example_datasets.py for tasks to queue
[2024-12-02T17:50:38.467+0000] {logging_mixin.py:190} INFO - [2024-12-02T17:50:38.467+0000] {dagbag.py:588} INFO - Filling up the DagBag from /home/airflow/.local/lib/python3.12/site-packages/airflow/example_dags/example_datasets.py
[2024-12-02T17:50:39.248+0000] {processor.py:925} INFO - DAG(s) 'dataset_consumes_1_and_2', 'consume_1_and_2_with_dataset_expressions', 'dataset_consumes_1_never_scheduled', 'consume_1_or_both_2_and_3_with_dataset_expressions', 'dataset_produces_2', 'dataset_consumes_1', 'conditional_dataset_and_time_based_timetable', 'consume_1_or_2_with_dataset_expressions', 'dataset_consumes_unknown_never_scheduled', 'dataset_produces_1' retrieved from /home/airflow/.local/lib/python3.12/site-packages/airflow/example_dags/example_datasets.py
[2024-12-02T17:50:39.327+0000] {logging_mixin.py:190} INFO - [2024-12-02T17:50:39.327+0000] {dag.py:3239} INFO - Sync 10 DAGs
[2024-12-02T17:50:39.378+0000] {logging_mixin.py:190} INFO - [2024-12-02T17:50:39.377+0000] {dag.py:4180} INFO - Setting next_dagrun for conditional_dataset_and_time_based_timetable to 2024-11-27 01:00:00+00:00, run_after=2024-11-27 01:00:00+00:00
[2024-12-02T17:50:39.386+0000] {logging_mixin.py:190} INFO - [2024-12-02T17:50:39.386+0000] {dag.py:4180} INFO - Setting next_dagrun for consume_1_and_2_with_dataset_expressions to None, run_after=None
[2024-12-02T17:50:39.389+0000] {logging_mixin.py:190} INFO - [2024-12-02T17:50:39.389+0000] {dag.py:4180} INFO - Setting next_dagrun for consume_1_or_2_with_dataset_expressions to None, run_after=None
[2024-12-02T17:50:39.392+0000] {logging_mixin.py:190} INFO - [2024-12-02T17:50:39.392+0000] {dag.py:4180} INFO - Setting next_dagrun for consume_1_or_both_2_and_3_with_dataset_expressions to None, run_after=None
[2024-12-02T17:50:39.396+0000] {logging_mixin.py:190} INFO - [2024-12-02T17:50:39.396+0000] {dag.py:4180} INFO - Setting next_dagrun for dataset_consumes_1 to None, run_after=None
[2024-12-02T17:50:39.399+0000] {logging_mixin.py:190} INFO - [2024-12-02T17:50:39.399+0000] {dag.py:4180} INFO - Setting next_dagrun for dataset_consumes_1_and_2 to None, run_after=None
[2024-12-02T17:50:39.403+0000] {logging_mixin.py:190} INFO - [2024-12-02T17:50:39.403+0000] {dag.py:4180} INFO - Setting next_dagrun for dataset_consumes_1_never_scheduled to None, run_after=None
[2024-12-02T17:50:39.406+0000] {logging_mixin.py:190} INFO - [2024-12-02T17:50:39.405+0000] {dag.py:4180} INFO - Setting next_dagrun for dataset_consumes_unknown_never_scheduled to None, run_after=None
[2024-12-02T17:50:39.412+0000] {logging_mixin.py:190} INFO - [2024-12-02T17:50:39.412+0000] {dag.py:4180} INFO - Setting next_dagrun for dataset_produces_1 to 2024-12-01 00:00:00+00:00, run_after=2024-12-02 00:00:00+00:00
[2024-12-02T17:50:39.416+0000] {logging_mixin.py:190} INFO - [2024-12-02T17:50:39.415+0000] {dag.py:4180} INFO - Setting next_dagrun for dataset_produces_2 to None, run_after=None
[2024-12-02T17:50:39.485+0000] {processor.py:208} INFO - Processing /home/airflow/.local/lib/python3.12/site-packages/airflow/example_dags/example_datasets.py took 1.028 seconds
