[2024-12-02T17:46:03.539+0000] {processor.py:186} INFO - Started process (PID=89) to work on /home/airflow/.local/lib/python3.12/site-packages/airflow/example_dags/example_outlet_event_extra.py
[2024-12-02T17:46:03.540+0000] {processor.py:914} INFO - Processing file /home/airflow/.local/lib/python3.12/site-packages/airflow/example_dags/example_outlet_event_extra.py for tasks to queue
[2024-12-02T17:46:03.542+0000] {logging_mixin.py:190} INFO - [2024-12-02T17:46:03.542+0000] {dagbag.py:588} INFO - Filling up the DagBag from /home/airflow/.local/lib/python3.12/site-packages/airflow/example_dags/example_outlet_event_extra.py
[2024-12-02T17:46:04.396+0000] {processor.py:925} INFO - DAG(s) 'dataset_with_extra_by_yield', 'dataset_with_extra_by_context', 'dataset_with_extra_from_classic_operator' retrieved from /home/airflow/.local/lib/python3.12/site-packages/airflow/example_dags/example_outlet_event_extra.py
[2024-12-02T17:46:04.521+0000] {logging_mixin.py:190} INFO - [2024-12-02T17:46:04.521+0000] {override.py:1911} INFO - Created Permission View: can read on DAG:dataset_with_extra_by_yield
[2024-12-02T17:46:04.536+0000] {logging_mixin.py:190} INFO - [2024-12-02T17:46:04.536+0000] {override.py:1911} INFO - Created Permission View: can edit on DAG:dataset_with_extra_by_yield
[2024-12-02T17:46:04.550+0000] {logging_mixin.py:190} INFO - [2024-12-02T17:46:04.550+0000] {override.py:1911} INFO - Created Permission View: can delete on DAG:dataset_with_extra_by_yield
[2024-12-02T17:46:04.562+0000] {logging_mixin.py:190} INFO - [2024-12-02T17:46:04.561+0000] {override.py:1911} INFO - Created Permission View: can read on DAG Run:dataset_with_extra_by_yield
[2024-12-02T17:46:04.571+0000] {logging_mixin.py:190} INFO - [2024-12-02T17:46:04.571+0000] {override.py:1911} INFO - Created Permission View: can delete on DAG Run:dataset_with_extra_by_yield
[2024-12-02T17:46:04.586+0000] {logging_mixin.py:190} INFO - [2024-12-02T17:46:04.585+0000] {override.py:1911} INFO - Created Permission View: can create on DAG Run:dataset_with_extra_by_yield
[2024-12-02T17:46:04.598+0000] {logging_mixin.py:190} INFO - [2024-12-02T17:46:04.598+0000] {override.py:1911} INFO - Created Permission View: menu access on DAG Run:dataset_with_extra_by_yield
[2024-12-02T17:46:04.620+0000] {logging_mixin.py:190} INFO - [2024-12-02T17:46:04.620+0000] {override.py:1911} INFO - Created Permission View: can read on DAG:dataset_with_extra_by_context
[2024-12-02T17:46:04.630+0000] {logging_mixin.py:190} INFO - [2024-12-02T17:46:04.630+0000] {override.py:1911} INFO - Created Permission View: can edit on DAG:dataset_with_extra_by_context
[2024-12-02T17:46:04.640+0000] {logging_mixin.py:190} INFO - [2024-12-02T17:46:04.640+0000] {override.py:1911} INFO - Created Permission View: can delete on DAG:dataset_with_extra_by_context
[2024-12-02T17:46:04.661+0000] {logging_mixin.py:190} INFO - [2024-12-02T17:46:04.660+0000] {override.py:1911} INFO - Created Permission View: can read on DAG Run:dataset_with_extra_by_context
[2024-12-02T17:46:04.673+0000] {logging_mixin.py:190} INFO - [2024-12-02T17:46:04.673+0000] {override.py:1911} INFO - Created Permission View: can delete on DAG Run:dataset_with_extra_by_context
[2024-12-02T17:46:04.683+0000] {logging_mixin.py:190} INFO - [2024-12-02T17:46:04.683+0000] {override.py:1911} INFO - Created Permission View: can create on DAG Run:dataset_with_extra_by_context
[2024-12-02T17:46:04.693+0000] {logging_mixin.py:190} INFO - [2024-12-02T17:46:04.693+0000] {override.py:1911} INFO - Created Permission View: menu access on DAG Run:dataset_with_extra_by_context
[2024-12-02T17:46:04.721+0000] {logging_mixin.py:190} INFO - [2024-12-02T17:46:04.721+0000] {override.py:1911} INFO - Created Permission View: can read on DAG:dataset_with_extra_from_classic_operator
[2024-12-02T17:46:04.734+0000] {logging_mixin.py:190} INFO - [2024-12-02T17:46:04.734+0000] {override.py:1911} INFO - Created Permission View: can edit on DAG:dataset_with_extra_from_classic_operator
[2024-12-02T17:46:04.748+0000] {logging_mixin.py:190} INFO - [2024-12-02T17:46:04.748+0000] {override.py:1911} INFO - Created Permission View: can delete on DAG:dataset_with_extra_from_classic_operator
[2024-12-02T17:46:04.762+0000] {logging_mixin.py:190} INFO - [2024-12-02T17:46:04.762+0000] {override.py:1911} INFO - Created Permission View: can read on DAG Run:dataset_with_extra_from_classic_operator
[2024-12-02T17:46:04.775+0000] {logging_mixin.py:190} INFO - [2024-12-02T17:46:04.775+0000] {override.py:1911} INFO - Created Permission View: can delete on DAG Run:dataset_with_extra_from_classic_operator
[2024-12-02T17:46:04.792+0000] {logging_mixin.py:190} INFO - [2024-12-02T17:46:04.791+0000] {override.py:1911} INFO - Created Permission View: can create on DAG Run:dataset_with_extra_from_classic_operator
[2024-12-02T17:46:04.803+0000] {logging_mixin.py:190} INFO - [2024-12-02T17:46:04.803+0000] {override.py:1911} INFO - Created Permission View: menu access on DAG Run:dataset_with_extra_from_classic_operator
[2024-12-02T17:46:04.804+0000] {logging_mixin.py:190} INFO - [2024-12-02T17:46:04.804+0000] {dag.py:3239} INFO - Sync 3 DAGs
[2024-12-02T17:46:04.825+0000] {logging_mixin.py:190} INFO - [2024-12-02T17:46:04.824+0000] {dag.py:3262} INFO - Creating ORM DAG for dataset_with_extra_by_yield
[2024-12-02T17:46:04.826+0000] {logging_mixin.py:190} INFO - [2024-12-02T17:46:04.826+0000] {dag.py:3262} INFO - Creating ORM DAG for dataset_with_extra_by_context
[2024-12-02T17:46:04.827+0000] {logging_mixin.py:190} INFO - [2024-12-02T17:46:04.827+0000] {dag.py:3262} INFO - Creating ORM DAG for dataset_with_extra_from_classic_operator
[2024-12-02T17:46:04.844+0000] {logging_mixin.py:190} INFO - [2024-12-02T17:46:04.843+0000] {dag.py:4180} INFO - Setting next_dagrun for dataset_with_extra_by_context to 2024-12-01 00:00:00+00:00, run_after=2024-12-02 00:00:00+00:00
[2024-12-02T17:46:04.847+0000] {logging_mixin.py:190} INFO - [2024-12-02T17:46:04.846+0000] {dag.py:4180} INFO - Setting next_dagrun for dataset_with_extra_by_yield to 2024-12-01 00:00:00+00:00, run_after=2024-12-02 00:00:00+00:00
[2024-12-02T17:46:04.850+0000] {logging_mixin.py:190} INFO - [2024-12-02T17:46:04.850+0000] {dag.py:4180} INFO - Setting next_dagrun for dataset_with_extra_from_classic_operator to 2024-12-01 00:00:00+00:00, run_after=2024-12-02 00:00:00+00:00
[2024-12-02T17:46:04.888+0000] {processor.py:208} INFO - Processing /home/airflow/.local/lib/python3.12/site-packages/airflow/example_dags/example_outlet_event_extra.py took 1.355 seconds
[2024-12-02T17:46:35.445+0000] {processor.py:186} INFO - Started process (PID=154) to work on /home/airflow/.local/lib/python3.12/site-packages/airflow/example_dags/example_outlet_event_extra.py
[2024-12-02T17:46:35.446+0000] {processor.py:914} INFO - Processing file /home/airflow/.local/lib/python3.12/site-packages/airflow/example_dags/example_outlet_event_extra.py for tasks to queue
[2024-12-02T17:46:35.448+0000] {logging_mixin.py:190} INFO - [2024-12-02T17:46:35.448+0000] {dagbag.py:588} INFO - Filling up the DagBag from /home/airflow/.local/lib/python3.12/site-packages/airflow/example_dags/example_outlet_event_extra.py
[2024-12-02T17:46:36.238+0000] {processor.py:925} INFO - DAG(s) 'dataset_with_extra_by_context', 'dataset_with_extra_by_yield', 'dataset_with_extra_from_classic_operator' retrieved from /home/airflow/.local/lib/python3.12/site-packages/airflow/example_dags/example_outlet_event_extra.py
[2024-12-02T17:46:36.265+0000] {logging_mixin.py:190} INFO - [2024-12-02T17:46:36.265+0000] {dag.py:3239} INFO - Sync 3 DAGs
[2024-12-02T17:46:36.301+0000] {logging_mixin.py:190} INFO - [2024-12-02T17:46:36.301+0000] {dag.py:4180} INFO - Setting next_dagrun for dataset_with_extra_by_context to 2024-12-01 00:00:00+00:00, run_after=2024-12-02 00:00:00+00:00
[2024-12-02T17:46:36.307+0000] {logging_mixin.py:190} INFO - [2024-12-02T17:46:36.307+0000] {dag.py:4180} INFO - Setting next_dagrun for dataset_with_extra_by_yield to 2024-12-01 00:00:00+00:00, run_after=2024-12-02 00:00:00+00:00
[2024-12-02T17:46:36.311+0000] {logging_mixin.py:190} INFO - [2024-12-02T17:46:36.311+0000] {dag.py:4180} INFO - Setting next_dagrun for dataset_with_extra_from_classic_operator to 2024-12-01 00:00:00+00:00, run_after=2024-12-02 00:00:00+00:00
[2024-12-02T17:46:36.338+0000] {processor.py:208} INFO - Processing /home/airflow/.local/lib/python3.12/site-packages/airflow/example_dags/example_outlet_event_extra.py took 0.901 seconds
[2024-12-02T17:47:06.714+0000] {processor.py:186} INFO - Started process (PID=219) to work on /home/airflow/.local/lib/python3.12/site-packages/airflow/example_dags/example_outlet_event_extra.py
[2024-12-02T17:47:06.715+0000] {processor.py:914} INFO - Processing file /home/airflow/.local/lib/python3.12/site-packages/airflow/example_dags/example_outlet_event_extra.py for tasks to queue
[2024-12-02T17:47:06.719+0000] {logging_mixin.py:190} INFO - [2024-12-02T17:47:06.718+0000] {dagbag.py:588} INFO - Filling up the DagBag from /home/airflow/.local/lib/python3.12/site-packages/airflow/example_dags/example_outlet_event_extra.py
[2024-12-02T17:47:07.435+0000] {processor.py:925} INFO - DAG(s) 'dataset_with_extra_from_classic_operator', 'dataset_with_extra_by_context', 'dataset_with_extra_by_yield' retrieved from /home/airflow/.local/lib/python3.12/site-packages/airflow/example_dags/example_outlet_event_extra.py
[2024-12-02T17:47:07.463+0000] {logging_mixin.py:190} INFO - [2024-12-02T17:47:07.463+0000] {dag.py:3239} INFO - Sync 3 DAGs
[2024-12-02T17:47:07.491+0000] {logging_mixin.py:190} INFO - [2024-12-02T17:47:07.491+0000] {dag.py:4180} INFO - Setting next_dagrun for dataset_with_extra_by_context to 2024-12-01 00:00:00+00:00, run_after=2024-12-02 00:00:00+00:00
[2024-12-02T17:47:07.497+0000] {logging_mixin.py:190} INFO - [2024-12-02T17:47:07.497+0000] {dag.py:4180} INFO - Setting next_dagrun for dataset_with_extra_by_yield to 2024-12-01 00:00:00+00:00, run_after=2024-12-02 00:00:00+00:00
[2024-12-02T17:47:07.501+0000] {logging_mixin.py:190} INFO - [2024-12-02T17:47:07.500+0000] {dag.py:4180} INFO - Setting next_dagrun for dataset_with_extra_from_classic_operator to 2024-12-01 00:00:00+00:00, run_after=2024-12-02 00:00:00+00:00
[2024-12-02T17:47:07.525+0000] {processor.py:208} INFO - Processing /home/airflow/.local/lib/python3.12/site-packages/airflow/example_dags/example_outlet_event_extra.py took 0.819 seconds
[2024-12-02T17:47:37.622+0000] {processor.py:186} INFO - Started process (PID=283) to work on /home/airflow/.local/lib/python3.12/site-packages/airflow/example_dags/example_outlet_event_extra.py
[2024-12-02T17:47:37.626+0000] {processor.py:914} INFO - Processing file /home/airflow/.local/lib/python3.12/site-packages/airflow/example_dags/example_outlet_event_extra.py for tasks to queue
[2024-12-02T17:47:37.629+0000] {logging_mixin.py:190} INFO - [2024-12-02T17:47:37.629+0000] {dagbag.py:588} INFO - Filling up the DagBag from /home/airflow/.local/lib/python3.12/site-packages/airflow/example_dags/example_outlet_event_extra.py
[2024-12-02T17:47:38.404+0000] {processor.py:925} INFO - DAG(s) 'dataset_with_extra_by_yield', 'dataset_with_extra_by_context', 'dataset_with_extra_from_classic_operator' retrieved from /home/airflow/.local/lib/python3.12/site-packages/airflow/example_dags/example_outlet_event_extra.py
[2024-12-02T17:47:38.437+0000] {logging_mixin.py:190} INFO - [2024-12-02T17:47:38.436+0000] {dag.py:3239} INFO - Sync 3 DAGs
[2024-12-02T17:47:38.479+0000] {logging_mixin.py:190} INFO - [2024-12-02T17:47:38.478+0000] {dag.py:4180} INFO - Setting next_dagrun for dataset_with_extra_by_context to 2024-12-01 00:00:00+00:00, run_after=2024-12-02 00:00:00+00:00
[2024-12-02T17:47:38.485+0000] {logging_mixin.py:190} INFO - [2024-12-02T17:47:38.485+0000] {dag.py:4180} INFO - Setting next_dagrun for dataset_with_extra_by_yield to 2024-12-01 00:00:00+00:00, run_after=2024-12-02 00:00:00+00:00
[2024-12-02T17:47:38.491+0000] {logging_mixin.py:190} INFO - [2024-12-02T17:47:38.490+0000] {dag.py:4180} INFO - Setting next_dagrun for dataset_with_extra_from_classic_operator to 2024-12-01 00:00:00+00:00, run_after=2024-12-02 00:00:00+00:00
[2024-12-02T17:47:38.515+0000] {processor.py:208} INFO - Processing /home/airflow/.local/lib/python3.12/site-packages/airflow/example_dags/example_outlet_event_extra.py took 0.911 seconds
[2024-12-02T17:48:13.575+0000] {processor.py:186} INFO - Started process (PID=353) to work on /home/airflow/.local/lib/python3.12/site-packages/airflow/example_dags/example_outlet_event_extra.py
[2024-12-02T17:48:13.577+0000] {processor.py:914} INFO - Processing file /home/airflow/.local/lib/python3.12/site-packages/airflow/example_dags/example_outlet_event_extra.py for tasks to queue
[2024-12-02T17:48:13.582+0000] {logging_mixin.py:190} INFO - [2024-12-02T17:48:13.582+0000] {dagbag.py:588} INFO - Filling up the DagBag from /home/airflow/.local/lib/python3.12/site-packages/airflow/example_dags/example_outlet_event_extra.py
[2024-12-02T17:48:15.677+0000] {processor.py:925} INFO - DAG(s) 'dataset_with_extra_by_context', 'dataset_with_extra_by_yield', 'dataset_with_extra_from_classic_operator' retrieved from /home/airflow/.local/lib/python3.12/site-packages/airflow/example_dags/example_outlet_event_extra.py
[2024-12-02T17:48:15.774+0000] {logging_mixin.py:190} INFO - [2024-12-02T17:48:15.774+0000] {dag.py:3239} INFO - Sync 3 DAGs
[2024-12-02T17:48:15.855+0000] {logging_mixin.py:190} INFO - [2024-12-02T17:48:15.854+0000] {dag.py:4180} INFO - Setting next_dagrun for dataset_with_extra_by_context to 2024-12-01 00:00:00+00:00, run_after=2024-12-02 00:00:00+00:00
[2024-12-02T17:48:15.870+0000] {logging_mixin.py:190} INFO - [2024-12-02T17:48:15.869+0000] {dag.py:4180} INFO - Setting next_dagrun for dataset_with_extra_by_yield to 2024-12-01 00:00:00+00:00, run_after=2024-12-02 00:00:00+00:00
[2024-12-02T17:48:15.883+0000] {logging_mixin.py:190} INFO - [2024-12-02T17:48:15.882+0000] {dag.py:4180} INFO - Setting next_dagrun for dataset_with_extra_from_classic_operator to 2024-12-01 00:00:00+00:00, run_after=2024-12-02 00:00:00+00:00
[2024-12-02T17:48:15.930+0000] {processor.py:208} INFO - Processing /home/airflow/.local/lib/python3.12/site-packages/airflow/example_dags/example_outlet_event_extra.py took 2.384 seconds
[2024-12-02T17:48:46.950+0000] {processor.py:186} INFO - Started process (PID=422) to work on /home/airflow/.local/lib/python3.12/site-packages/airflow/example_dags/example_outlet_event_extra.py
[2024-12-02T17:48:46.953+0000] {processor.py:914} INFO - Processing file /home/airflow/.local/lib/python3.12/site-packages/airflow/example_dags/example_outlet_event_extra.py for tasks to queue
[2024-12-02T17:48:46.957+0000] {logging_mixin.py:190} INFO - [2024-12-02T17:48:46.957+0000] {dagbag.py:588} INFO - Filling up the DagBag from /home/airflow/.local/lib/python3.12/site-packages/airflow/example_dags/example_outlet_event_extra.py
[2024-12-02T17:48:49.262+0000] {processor.py:925} INFO - DAG(s) 'dataset_with_extra_from_classic_operator', 'dataset_with_extra_by_yield', 'dataset_with_extra_by_context' retrieved from /home/airflow/.local/lib/python3.12/site-packages/airflow/example_dags/example_outlet_event_extra.py
[2024-12-02T17:48:49.387+0000] {logging_mixin.py:190} INFO - [2024-12-02T17:48:49.386+0000] {dag.py:3239} INFO - Sync 3 DAGs
[2024-12-02T17:48:49.502+0000] {logging_mixin.py:190} INFO - [2024-12-02T17:48:49.502+0000] {dag.py:4180} INFO - Setting next_dagrun for dataset_with_extra_by_context to 2024-12-01 00:00:00+00:00, run_after=2024-12-02 00:00:00+00:00
[2024-12-02T17:48:49.527+0000] {logging_mixin.py:190} INFO - [2024-12-02T17:48:49.527+0000] {dag.py:4180} INFO - Setting next_dagrun for dataset_with_extra_by_yield to 2024-12-01 00:00:00+00:00, run_after=2024-12-02 00:00:00+00:00
[2024-12-02T17:48:49.534+0000] {logging_mixin.py:190} INFO - [2024-12-02T17:48:49.533+0000] {dag.py:4180} INFO - Setting next_dagrun for dataset_with_extra_from_classic_operator to 2024-12-01 00:00:00+00:00, run_after=2024-12-02 00:00:00+00:00
[2024-12-02T17:48:49.678+0000] {processor.py:208} INFO - Processing /home/airflow/.local/lib/python3.12/site-packages/airflow/example_dags/example_outlet_event_extra.py took 2.742 seconds
[2024-12-02T17:49:19.834+0000] {processor.py:186} INFO - Started process (PID=485) to work on /home/airflow/.local/lib/python3.12/site-packages/airflow/example_dags/example_outlet_event_extra.py
[2024-12-02T17:49:19.835+0000] {processor.py:914} INFO - Processing file /home/airflow/.local/lib/python3.12/site-packages/airflow/example_dags/example_outlet_event_extra.py for tasks to queue
[2024-12-02T17:49:19.837+0000] {logging_mixin.py:190} INFO - [2024-12-02T17:49:19.837+0000] {dagbag.py:588} INFO - Filling up the DagBag from /home/airflow/.local/lib/python3.12/site-packages/airflow/example_dags/example_outlet_event_extra.py
[2024-12-02T17:49:20.665+0000] {processor.py:925} INFO - DAG(s) 'dataset_with_extra_by_yield', 'dataset_with_extra_by_context', 'dataset_with_extra_from_classic_operator' retrieved from /home/airflow/.local/lib/python3.12/site-packages/airflow/example_dags/example_outlet_event_extra.py
[2024-12-02T17:49:20.691+0000] {logging_mixin.py:190} INFO - [2024-12-02T17:49:20.691+0000] {dag.py:3239} INFO - Sync 3 DAGs
[2024-12-02T17:49:20.727+0000] {logging_mixin.py:190} INFO - [2024-12-02T17:49:20.727+0000] {dag.py:4180} INFO - Setting next_dagrun for dataset_with_extra_by_context to 2024-12-01 00:00:00+00:00, run_after=2024-12-02 00:00:00+00:00
[2024-12-02T17:49:20.734+0000] {logging_mixin.py:190} INFO - [2024-12-02T17:49:20.734+0000] {dag.py:4180} INFO - Setting next_dagrun for dataset_with_extra_by_yield to 2024-12-01 00:00:00+00:00, run_after=2024-12-02 00:00:00+00:00
[2024-12-02T17:49:20.738+0000] {logging_mixin.py:190} INFO - [2024-12-02T17:49:20.738+0000] {dag.py:4180} INFO - Setting next_dagrun for dataset_with_extra_from_classic_operator to 2024-12-01 00:00:00+00:00, run_after=2024-12-02 00:00:00+00:00
[2024-12-02T17:49:20.768+0000] {processor.py:208} INFO - Processing /home/airflow/.local/lib/python3.12/site-packages/airflow/example_dags/example_outlet_event_extra.py took 0.940 seconds
[2024-12-02T17:49:51.466+0000] {processor.py:186} INFO - Started process (PID=554) to work on /home/airflow/.local/lib/python3.12/site-packages/airflow/example_dags/example_outlet_event_extra.py
[2024-12-02T17:49:51.467+0000] {processor.py:914} INFO - Processing file /home/airflow/.local/lib/python3.12/site-packages/airflow/example_dags/example_outlet_event_extra.py for tasks to queue
[2024-12-02T17:49:51.470+0000] {logging_mixin.py:190} INFO - [2024-12-02T17:49:51.470+0000] {dagbag.py:588} INFO - Filling up the DagBag from /home/airflow/.local/lib/python3.12/site-packages/airflow/example_dags/example_outlet_event_extra.py
[2024-12-02T17:49:52.239+0000] {processor.py:925} INFO - DAG(s) 'dataset_with_extra_by_context', 'dataset_with_extra_from_classic_operator', 'dataset_with_extra_by_yield' retrieved from /home/airflow/.local/lib/python3.12/site-packages/airflow/example_dags/example_outlet_event_extra.py
[2024-12-02T17:49:52.265+0000] {logging_mixin.py:190} INFO - [2024-12-02T17:49:52.265+0000] {dag.py:3239} INFO - Sync 3 DAGs
[2024-12-02T17:49:52.293+0000] {logging_mixin.py:190} INFO - [2024-12-02T17:49:52.292+0000] {dag.py:4180} INFO - Setting next_dagrun for dataset_with_extra_by_context to 2024-12-01 00:00:00+00:00, run_after=2024-12-02 00:00:00+00:00
[2024-12-02T17:49:52.298+0000] {logging_mixin.py:190} INFO - [2024-12-02T17:49:52.298+0000] {dag.py:4180} INFO - Setting next_dagrun for dataset_with_extra_by_yield to 2024-12-01 00:00:00+00:00, run_after=2024-12-02 00:00:00+00:00
[2024-12-02T17:49:52.302+0000] {logging_mixin.py:190} INFO - [2024-12-02T17:49:52.301+0000] {dag.py:4180} INFO - Setting next_dagrun for dataset_with_extra_from_classic_operator to 2024-12-01 00:00:00+00:00, run_after=2024-12-02 00:00:00+00:00
[2024-12-02T17:49:52.323+0000] {processor.py:208} INFO - Processing /home/airflow/.local/lib/python3.12/site-packages/airflow/example_dags/example_outlet_event_extra.py took 0.866 seconds
[2024-12-02T17:50:22.934+0000] {processor.py:186} INFO - Started process (PID=621) to work on /home/airflow/.local/lib/python3.12/site-packages/airflow/example_dags/example_outlet_event_extra.py
[2024-12-02T17:50:22.937+0000] {processor.py:914} INFO - Processing file /home/airflow/.local/lib/python3.12/site-packages/airflow/example_dags/example_outlet_event_extra.py for tasks to queue
[2024-12-02T17:50:22.941+0000] {logging_mixin.py:190} INFO - [2024-12-02T17:50:22.940+0000] {dagbag.py:588} INFO - Filling up the DagBag from /home/airflow/.local/lib/python3.12/site-packages/airflow/example_dags/example_outlet_event_extra.py
[2024-12-02T17:50:23.810+0000] {processor.py:925} INFO - DAG(s) 'dataset_with_extra_from_classic_operator', 'dataset_with_extra_by_context', 'dataset_with_extra_by_yield' retrieved from /home/airflow/.local/lib/python3.12/site-packages/airflow/example_dags/example_outlet_event_extra.py
[2024-12-02T17:50:23.838+0000] {logging_mixin.py:190} INFO - [2024-12-02T17:50:23.838+0000] {dag.py:3239} INFO - Sync 3 DAGs
[2024-12-02T17:50:23.868+0000] {logging_mixin.py:190} INFO - [2024-12-02T17:50:23.867+0000] {dag.py:4180} INFO - Setting next_dagrun for dataset_with_extra_by_context to 2024-12-01 00:00:00+00:00, run_after=2024-12-02 00:00:00+00:00
[2024-12-02T17:50:23.873+0000] {logging_mixin.py:190} INFO - [2024-12-02T17:50:23.873+0000] {dag.py:4180} INFO - Setting next_dagrun for dataset_with_extra_by_yield to 2024-12-01 00:00:00+00:00, run_after=2024-12-02 00:00:00+00:00
[2024-12-02T17:50:23.876+0000] {logging_mixin.py:190} INFO - [2024-12-02T17:50:23.876+0000] {dag.py:4180} INFO - Setting next_dagrun for dataset_with_extra_from_classic_operator to 2024-12-01 00:00:00+00:00, run_after=2024-12-02 00:00:00+00:00
[2024-12-02T17:50:23.904+0000] {processor.py:208} INFO - Processing /home/airflow/.local/lib/python3.12/site-packages/airflow/example_dags/example_outlet_event_extra.py took 0.979 seconds
