[2024-12-02T17:46:01.661+0000] {processor.py:186} INFO - Started process (PID=83) to work on /home/airflow/.local/lib/python3.12/site-packages/airflow/example_dags/example_xcomargs.py
[2024-12-02T17:46:01.661+0000] {processor.py:914} INFO - Processing file /home/airflow/.local/lib/python3.12/site-packages/airflow/example_dags/example_xcomargs.py for tasks to queue
[2024-12-02T17:46:01.663+0000] {logging_mixin.py:190} INFO - [2024-12-02T17:46:01.663+0000] {dagbag.py:588} INFO - Filling up the DagBag from /home/airflow/.local/lib/python3.12/site-packages/airflow/example_dags/example_xcomargs.py
[2024-12-02T17:46:01.676+0000] {processor.py:925} INFO - DAG(s) 'example_xcom_args_with_operators', 'example_xcom_args' retrieved from /home/airflow/.local/lib/python3.12/site-packages/airflow/example_dags/example_xcomargs.py
[2024-12-02T17:46:01.830+0000] {logging_mixin.py:190} INFO - [2024-12-02T17:46:01.829+0000] {override.py:1911} INFO - Created Permission View: can read on DAG:example_xcom_args_with_operators
[2024-12-02T17:46:01.846+0000] {logging_mixin.py:190} INFO - [2024-12-02T17:46:01.845+0000] {override.py:1911} INFO - Created Permission View: can edit on DAG:example_xcom_args_with_operators
[2024-12-02T17:46:01.857+0000] {logging_mixin.py:190} INFO - [2024-12-02T17:46:01.857+0000] {override.py:1911} INFO - Created Permission View: can delete on DAG:example_xcom_args_with_operators
[2024-12-02T17:46:01.868+0000] {logging_mixin.py:190} INFO - [2024-12-02T17:46:01.868+0000] {override.py:1911} INFO - Created Permission View: can read on DAG Run:example_xcom_args_with_operators
[2024-12-02T17:46:01.877+0000] {logging_mixin.py:190} INFO - [2024-12-02T17:46:01.877+0000] {override.py:1911} INFO - Created Permission View: can delete on DAG Run:example_xcom_args_with_operators
[2024-12-02T17:46:01.886+0000] {logging_mixin.py:190} INFO - [2024-12-02T17:46:01.886+0000] {override.py:1911} INFO - Created Permission View: can create on DAG Run:example_xcom_args_with_operators
[2024-12-02T17:46:01.895+0000] {logging_mixin.py:190} INFO - [2024-12-02T17:46:01.894+0000] {override.py:1911} INFO - Created Permission View: menu access on DAG Run:example_xcom_args_with_operators
[2024-12-02T17:46:01.915+0000] {logging_mixin.py:190} INFO - [2024-12-02T17:46:01.915+0000] {override.py:1911} INFO - Created Permission View: can read on DAG:example_xcom_args
[2024-12-02T17:46:01.926+0000] {logging_mixin.py:190} INFO - [2024-12-02T17:46:01.926+0000] {override.py:1911} INFO - Created Permission View: can edit on DAG:example_xcom_args
[2024-12-02T17:46:01.938+0000] {logging_mixin.py:190} INFO - [2024-12-02T17:46:01.938+0000] {override.py:1911} INFO - Created Permission View: can delete on DAG:example_xcom_args
[2024-12-02T17:46:01.955+0000] {logging_mixin.py:190} INFO - [2024-12-02T17:46:01.954+0000] {override.py:1911} INFO - Created Permission View: can read on DAG Run:example_xcom_args
[2024-12-02T17:46:01.967+0000] {logging_mixin.py:190} INFO - [2024-12-02T17:46:01.966+0000] {override.py:1911} INFO - Created Permission View: can delete on DAG Run:example_xcom_args
[2024-12-02T17:46:01.975+0000] {logging_mixin.py:190} INFO - [2024-12-02T17:46:01.975+0000] {override.py:1911} INFO - Created Permission View: can create on DAG Run:example_xcom_args
[2024-12-02T17:46:01.984+0000] {logging_mixin.py:190} INFO - [2024-12-02T17:46:01.984+0000] {override.py:1911} INFO - Created Permission View: menu access on DAG Run:example_xcom_args
[2024-12-02T17:46:01.984+0000] {logging_mixin.py:190} INFO - [2024-12-02T17:46:01.984+0000] {dag.py:3239} INFO - Sync 2 DAGs
[2024-12-02T17:46:02.001+0000] {logging_mixin.py:190} INFO - [2024-12-02T17:46:02.000+0000] {dag.py:3262} INFO - Creating ORM DAG for example_xcom_args
[2024-12-02T17:46:02.002+0000] {logging_mixin.py:190} INFO - [2024-12-02T17:46:02.001+0000] {dag.py:3262} INFO - Creating ORM DAG for example_xcom_args_with_operators
[2024-12-02T17:46:02.002+0000] {logging_mixin.py:190} INFO - [2024-12-02T17:46:02.002+0000] {dag.py:4180} INFO - Setting next_dagrun for example_xcom_args to None, run_after=None
[2024-12-02T17:46:02.003+0000] {logging_mixin.py:190} INFO - [2024-12-02T17:46:02.003+0000] {dag.py:4180} INFO - Setting next_dagrun for example_xcom_args_with_operators to None, run_after=None
[2024-12-02T17:46:02.024+0000] {processor.py:208} INFO - Processing /home/airflow/.local/lib/python3.12/site-packages/airflow/example_dags/example_xcomargs.py took 0.370 seconds
[2024-12-02T17:46:32.229+0000] {processor.py:186} INFO - Started process (PID=147) to work on /home/airflow/.local/lib/python3.12/site-packages/airflow/example_dags/example_xcomargs.py
[2024-12-02T17:46:32.230+0000] {processor.py:914} INFO - Processing file /home/airflow/.local/lib/python3.12/site-packages/airflow/example_dags/example_xcomargs.py for tasks to queue
[2024-12-02T17:46:32.233+0000] {logging_mixin.py:190} INFO - [2024-12-02T17:46:32.232+0000] {dagbag.py:588} INFO - Filling up the DagBag from /home/airflow/.local/lib/python3.12/site-packages/airflow/example_dags/example_xcomargs.py
[2024-12-02T17:46:32.246+0000] {processor.py:925} INFO - DAG(s) 'example_xcom_args_with_operators', 'example_xcom_args' retrieved from /home/airflow/.local/lib/python3.12/site-packages/airflow/example_dags/example_xcomargs.py
[2024-12-02T17:46:32.277+0000] {logging_mixin.py:190} INFO - [2024-12-02T17:46:32.276+0000] {dag.py:3239} INFO - Sync 2 DAGs
[2024-12-02T17:46:32.300+0000] {logging_mixin.py:190} INFO - [2024-12-02T17:46:32.300+0000] {dag.py:4180} INFO - Setting next_dagrun for example_xcom_args to None, run_after=None
[2024-12-02T17:46:32.306+0000] {logging_mixin.py:190} INFO - [2024-12-02T17:46:32.305+0000] {dag.py:4180} INFO - Setting next_dagrun for example_xcom_args_with_operators to None, run_after=None
[2024-12-02T17:46:32.329+0000] {processor.py:208} INFO - Processing /home/airflow/.local/lib/python3.12/site-packages/airflow/example_dags/example_xcomargs.py took 0.108 seconds
[2024-12-02T17:47:02.433+0000] {processor.py:186} INFO - Started process (PID=212) to work on /home/airflow/.local/lib/python3.12/site-packages/airflow/example_dags/example_xcomargs.py
[2024-12-02T17:47:02.434+0000] {processor.py:914} INFO - Processing file /home/airflow/.local/lib/python3.12/site-packages/airflow/example_dags/example_xcomargs.py for tasks to queue
[2024-12-02T17:47:02.437+0000] {logging_mixin.py:190} INFO - [2024-12-02T17:47:02.436+0000] {dagbag.py:588} INFO - Filling up the DagBag from /home/airflow/.local/lib/python3.12/site-packages/airflow/example_dags/example_xcomargs.py
[2024-12-02T17:47:02.449+0000] {processor.py:925} INFO - DAG(s) 'example_xcom_args', 'example_xcom_args_with_operators' retrieved from /home/airflow/.local/lib/python3.12/site-packages/airflow/example_dags/example_xcomargs.py
[2024-12-02T17:47:02.478+0000] {logging_mixin.py:190} INFO - [2024-12-02T17:47:02.478+0000] {dag.py:3239} INFO - Sync 2 DAGs
[2024-12-02T17:47:02.498+0000] {logging_mixin.py:190} INFO - [2024-12-02T17:47:02.497+0000] {dag.py:4180} INFO - Setting next_dagrun for example_xcom_args to None, run_after=None
[2024-12-02T17:47:02.503+0000] {logging_mixin.py:190} INFO - [2024-12-02T17:47:02.503+0000] {dag.py:4180} INFO - Setting next_dagrun for example_xcom_args_with_operators to None, run_after=None
[2024-12-02T17:47:02.524+0000] {processor.py:208} INFO - Processing /home/airflow/.local/lib/python3.12/site-packages/airflow/example_dags/example_xcomargs.py took 0.099 seconds
[2024-12-02T17:47:33.273+0000] {processor.py:186} INFO - Started process (PID=277) to work on /home/airflow/.local/lib/python3.12/site-packages/airflow/example_dags/example_xcomargs.py
[2024-12-02T17:47:33.274+0000] {processor.py:914} INFO - Processing file /home/airflow/.local/lib/python3.12/site-packages/airflow/example_dags/example_xcomargs.py for tasks to queue
[2024-12-02T17:47:33.278+0000] {logging_mixin.py:190} INFO - [2024-12-02T17:47:33.278+0000] {dagbag.py:588} INFO - Filling up the DagBag from /home/airflow/.local/lib/python3.12/site-packages/airflow/example_dags/example_xcomargs.py
[2024-12-02T17:47:33.295+0000] {processor.py:925} INFO - DAG(s) 'example_xcom_args', 'example_xcom_args_with_operators' retrieved from /home/airflow/.local/lib/python3.12/site-packages/airflow/example_dags/example_xcomargs.py
[2024-12-02T17:47:33.336+0000] {logging_mixin.py:190} INFO - [2024-12-02T17:47:33.336+0000] {dag.py:3239} INFO - Sync 2 DAGs
[2024-12-02T17:47:33.366+0000] {logging_mixin.py:190} INFO - [2024-12-02T17:47:33.366+0000] {dag.py:4180} INFO - Setting next_dagrun for example_xcom_args to None, run_after=None
[2024-12-02T17:47:33.373+0000] {logging_mixin.py:190} INFO - [2024-12-02T17:47:33.373+0000] {dag.py:4180} INFO - Setting next_dagrun for example_xcom_args_with_operators to None, run_after=None
[2024-12-02T17:47:33.398+0000] {processor.py:208} INFO - Processing /home/airflow/.local/lib/python3.12/site-packages/airflow/example_dags/example_xcomargs.py took 0.134 seconds
[2024-12-02T17:48:03.789+0000] {processor.py:186} INFO - Started process (PID=346) to work on /home/airflow/.local/lib/python3.12/site-packages/airflow/example_dags/example_xcomargs.py
[2024-12-02T17:48:03.795+0000] {processor.py:914} INFO - Processing file /home/airflow/.local/lib/python3.12/site-packages/airflow/example_dags/example_xcomargs.py for tasks to queue
[2024-12-02T17:48:03.800+0000] {logging_mixin.py:190} INFO - [2024-12-02T17:48:03.800+0000] {dagbag.py:588} INFO - Filling up the DagBag from /home/airflow/.local/lib/python3.12/site-packages/airflow/example_dags/example_xcomargs.py
[2024-12-02T17:48:03.826+0000] {processor.py:925} INFO - DAG(s) 'example_xcom_args_with_operators', 'example_xcom_args' retrieved from /home/airflow/.local/lib/python3.12/site-packages/airflow/example_dags/example_xcomargs.py
[2024-12-02T17:48:03.894+0000] {logging_mixin.py:190} INFO - [2024-12-02T17:48:03.893+0000] {dag.py:3239} INFO - Sync 2 DAGs
[2024-12-02T17:48:03.921+0000] {logging_mixin.py:190} INFO - [2024-12-02T17:48:03.921+0000] {dag.py:4180} INFO - Setting next_dagrun for example_xcom_args to None, run_after=None
[2024-12-02T17:48:03.932+0000] {logging_mixin.py:190} INFO - [2024-12-02T17:48:03.931+0000] {dag.py:4180} INFO - Setting next_dagrun for example_xcom_args_with_operators to None, run_after=None
[2024-12-02T17:48:04.037+0000] {processor.py:208} INFO - Processing /home/airflow/.local/lib/python3.12/site-packages/airflow/example_dags/example_xcomargs.py took 0.273 seconds
[2024-12-02T17:48:34.845+0000] {processor.py:186} INFO - Started process (PID=414) to work on /home/airflow/.local/lib/python3.12/site-packages/airflow/example_dags/example_xcomargs.py
[2024-12-02T17:48:34.848+0000] {processor.py:914} INFO - Processing file /home/airflow/.local/lib/python3.12/site-packages/airflow/example_dags/example_xcomargs.py for tasks to queue
[2024-12-02T17:48:34.851+0000] {logging_mixin.py:190} INFO - [2024-12-02T17:48:34.851+0000] {dagbag.py:588} INFO - Filling up the DagBag from /home/airflow/.local/lib/python3.12/site-packages/airflow/example_dags/example_xcomargs.py
[2024-12-02T17:48:34.902+0000] {processor.py:925} INFO - DAG(s) 'example_xcom_args', 'example_xcom_args_with_operators' retrieved from /home/airflow/.local/lib/python3.12/site-packages/airflow/example_dags/example_xcomargs.py
[2024-12-02T17:48:34.980+0000] {logging_mixin.py:190} INFO - [2024-12-02T17:48:34.979+0000] {dag.py:3239} INFO - Sync 2 DAGs
[2024-12-02T17:48:35.027+0000] {logging_mixin.py:190} INFO - [2024-12-02T17:48:35.026+0000] {dag.py:4180} INFO - Setting next_dagrun for example_xcom_args to None, run_after=None
[2024-12-02T17:48:35.038+0000] {logging_mixin.py:190} INFO - [2024-12-02T17:48:35.038+0000] {dag.py:4180} INFO - Setting next_dagrun for example_xcom_args_with_operators to None, run_after=None
[2024-12-02T17:48:35.092+0000] {processor.py:208} INFO - Processing /home/airflow/.local/lib/python3.12/site-packages/airflow/example_dags/example_xcomargs.py took 0.269 seconds
[2024-12-02T17:49:05.871+0000] {processor.py:186} INFO - Started process (PID=473) to work on /home/airflow/.local/lib/python3.12/site-packages/airflow/example_dags/example_xcomargs.py
[2024-12-02T17:49:05.872+0000] {processor.py:914} INFO - Processing file /home/airflow/.local/lib/python3.12/site-packages/airflow/example_dags/example_xcomargs.py for tasks to queue
[2024-12-02T17:49:05.876+0000] {logging_mixin.py:190} INFO - [2024-12-02T17:49:05.875+0000] {dagbag.py:588} INFO - Filling up the DagBag from /home/airflow/.local/lib/python3.12/site-packages/airflow/example_dags/example_xcomargs.py
[2024-12-02T17:49:05.893+0000] {processor.py:925} INFO - DAG(s) 'example_xcom_args', 'example_xcom_args_with_operators' retrieved from /home/airflow/.local/lib/python3.12/site-packages/airflow/example_dags/example_xcomargs.py
[2024-12-02T17:49:05.936+0000] {logging_mixin.py:190} INFO - [2024-12-02T17:49:05.935+0000] {dag.py:3239} INFO - Sync 2 DAGs
[2024-12-02T17:49:05.968+0000] {logging_mixin.py:190} INFO - [2024-12-02T17:49:05.968+0000] {dag.py:4180} INFO - Setting next_dagrun for example_xcom_args to None, run_after=None
[2024-12-02T17:49:05.976+0000] {logging_mixin.py:190} INFO - [2024-12-02T17:49:05.975+0000] {dag.py:4180} INFO - Setting next_dagrun for example_xcom_args_with_operators to None, run_after=None
[2024-12-02T17:49:06.003+0000] {processor.py:208} INFO - Processing /home/airflow/.local/lib/python3.12/site-packages/airflow/example_dags/example_xcomargs.py took 0.143 seconds
[2024-12-02T17:49:36.262+0000] {processor.py:186} INFO - Started process (PID=538) to work on /home/airflow/.local/lib/python3.12/site-packages/airflow/example_dags/example_xcomargs.py
[2024-12-02T17:49:36.263+0000] {processor.py:914} INFO - Processing file /home/airflow/.local/lib/python3.12/site-packages/airflow/example_dags/example_xcomargs.py for tasks to queue
[2024-12-02T17:49:36.265+0000] {logging_mixin.py:190} INFO - [2024-12-02T17:49:36.265+0000] {dagbag.py:588} INFO - Filling up the DagBag from /home/airflow/.local/lib/python3.12/site-packages/airflow/example_dags/example_xcomargs.py
[2024-12-02T17:49:36.276+0000] {processor.py:925} INFO - DAG(s) 'example_xcom_args_with_operators', 'example_xcom_args' retrieved from /home/airflow/.local/lib/python3.12/site-packages/airflow/example_dags/example_xcomargs.py
[2024-12-02T17:49:36.304+0000] {logging_mixin.py:190} INFO - [2024-12-02T17:49:36.304+0000] {dag.py:3239} INFO - Sync 2 DAGs
[2024-12-02T17:49:36.321+0000] {logging_mixin.py:190} INFO - [2024-12-02T17:49:36.321+0000] {dag.py:4180} INFO - Setting next_dagrun for example_xcom_args to None, run_after=None
[2024-12-02T17:49:36.325+0000] {logging_mixin.py:190} INFO - [2024-12-02T17:49:36.325+0000] {dag.py:4180} INFO - Setting next_dagrun for example_xcom_args_with_operators to None, run_after=None
[2024-12-02T17:49:36.345+0000] {processor.py:208} INFO - Processing /home/airflow/.local/lib/python3.12/site-packages/airflow/example_dags/example_xcomargs.py took 0.090 seconds
[2024-12-02T17:50:06.702+0000] {processor.py:186} INFO - Started process (PID=602) to work on /home/airflow/.local/lib/python3.12/site-packages/airflow/example_dags/example_xcomargs.py
[2024-12-02T17:50:06.703+0000] {processor.py:914} INFO - Processing file /home/airflow/.local/lib/python3.12/site-packages/airflow/example_dags/example_xcomargs.py for tasks to queue
[2024-12-02T17:50:06.706+0000] {logging_mixin.py:190} INFO - [2024-12-02T17:50:06.706+0000] {dagbag.py:588} INFO - Filling up the DagBag from /home/airflow/.local/lib/python3.12/site-packages/airflow/example_dags/example_xcomargs.py
[2024-12-02T17:50:06.724+0000] {processor.py:925} INFO - DAG(s) 'example_xcom_args', 'example_xcom_args_with_operators' retrieved from /home/airflow/.local/lib/python3.12/site-packages/airflow/example_dags/example_xcomargs.py
[2024-12-02T17:50:06.760+0000] {logging_mixin.py:190} INFO - [2024-12-02T17:50:06.760+0000] {dag.py:3239} INFO - Sync 2 DAGs
[2024-12-02T17:50:06.784+0000] {logging_mixin.py:190} INFO - [2024-12-02T17:50:06.783+0000] {dag.py:4180} INFO - Setting next_dagrun for example_xcom_args to None, run_after=None
[2024-12-02T17:50:06.789+0000] {logging_mixin.py:190} INFO - [2024-12-02T17:50:06.789+0000] {dag.py:4180} INFO - Setting next_dagrun for example_xcom_args_with_operators to None, run_after=None
[2024-12-02T17:50:06.811+0000] {processor.py:208} INFO - Processing /home/airflow/.local/lib/python3.12/site-packages/airflow/example_dags/example_xcomargs.py took 0.120 seconds
[2024-12-02T17:50:37.044+0000] {processor.py:186} INFO - Started process (PID=667) to work on /home/airflow/.local/lib/python3.12/site-packages/airflow/example_dags/example_xcomargs.py
[2024-12-02T17:50:37.045+0000] {processor.py:914} INFO - Processing file /home/airflow/.local/lib/python3.12/site-packages/airflow/example_dags/example_xcomargs.py for tasks to queue
[2024-12-02T17:50:37.048+0000] {logging_mixin.py:190} INFO - [2024-12-02T17:50:37.048+0000] {dagbag.py:588} INFO - Filling up the DagBag from /home/airflow/.local/lib/python3.12/site-packages/airflow/example_dags/example_xcomargs.py
[2024-12-02T17:50:37.065+0000] {processor.py:925} INFO - DAG(s) 'example_xcom_args_with_operators', 'example_xcom_args' retrieved from /home/airflow/.local/lib/python3.12/site-packages/airflow/example_dags/example_xcomargs.py
[2024-12-02T17:50:37.105+0000] {logging_mixin.py:190} INFO - [2024-12-02T17:50:37.105+0000] {dag.py:3239} INFO - Sync 2 DAGs
[2024-12-02T17:50:37.128+0000] {logging_mixin.py:190} INFO - [2024-12-02T17:50:37.128+0000] {dag.py:4180} INFO - Setting next_dagrun for example_xcom_args to None, run_after=None
[2024-12-02T17:50:37.135+0000] {logging_mixin.py:190} INFO - [2024-12-02T17:50:37.135+0000] {dag.py:4180} INFO - Setting next_dagrun for example_xcom_args_with_operators to None, run_after=None
[2024-12-02T17:50:37.161+0000] {processor.py:208} INFO - Processing /home/airflow/.local/lib/python3.12/site-packages/airflow/example_dags/example_xcomargs.py took 0.127 seconds
