[2024-12-02T17:46:09.243+0000] {processor.py:186} INFO - Started process (PID=113) to work on /home/airflow/.local/lib/python3.12/site-packages/airflow/example_dags/example_bash_operator.py
[2024-12-02T17:46:09.244+0000] {processor.py:914} INFO - Processing file /home/airflow/.local/lib/python3.12/site-packages/airflow/example_dags/example_bash_operator.py for tasks to queue
[2024-12-02T17:46:09.247+0000] {logging_mixin.py:190} INFO - [2024-12-02T17:46:09.246+0000] {dagbag.py:588} INFO - Filling up the DagBag from /home/airflow/.local/lib/python3.12/site-packages/airflow/example_dags/example_bash_operator.py
[2024-12-02T17:46:09.265+0000] {processor.py:925} INFO - DAG(s) 'example_bash_operator' retrieved from /home/airflow/.local/lib/python3.12/site-packages/airflow/example_dags/example_bash_operator.py
[2024-12-02T17:46:09.417+0000] {logging_mixin.py:190} INFO - [2024-12-02T17:46:09.416+0000] {override.py:1911} INFO - Created Permission View: can read on DAG:example_bash_operator
[2024-12-02T17:46:09.435+0000] {logging_mixin.py:190} INFO - [2024-12-02T17:46:09.435+0000] {override.py:1911} INFO - Created Permission View: can edit on DAG:example_bash_operator
[2024-12-02T17:46:09.445+0000] {logging_mixin.py:190} INFO - [2024-12-02T17:46:09.445+0000] {override.py:1911} INFO - Created Permission View: can delete on DAG:example_bash_operator
[2024-12-02T17:46:09.457+0000] {logging_mixin.py:190} INFO - [2024-12-02T17:46:09.457+0000] {override.py:1911} INFO - Created Permission View: can read on DAG Run:example_bash_operator
[2024-12-02T17:46:09.467+0000] {logging_mixin.py:190} INFO - [2024-12-02T17:46:09.467+0000] {override.py:1911} INFO - Created Permission View: can delete on DAG Run:example_bash_operator
[2024-12-02T17:46:09.475+0000] {logging_mixin.py:190} INFO - [2024-12-02T17:46:09.475+0000] {override.py:1911} INFO - Created Permission View: can create on DAG Run:example_bash_operator
[2024-12-02T17:46:09.483+0000] {logging_mixin.py:190} INFO - [2024-12-02T17:46:09.483+0000] {override.py:1911} INFO - Created Permission View: menu access on DAG Run:example_bash_operator
[2024-12-02T17:46:09.484+0000] {logging_mixin.py:190} INFO - [2024-12-02T17:46:09.483+0000] {dag.py:3239} INFO - Sync 1 DAGs
[2024-12-02T17:46:09.499+0000] {logging_mixin.py:190} INFO - [2024-12-02T17:46:09.499+0000] {dag.py:3262} INFO - Creating ORM DAG for example_bash_operator
[2024-12-02T17:46:09.510+0000] {logging_mixin.py:190} INFO - [2024-12-02T17:46:09.510+0000] {dag.py:4180} INFO - Setting next_dagrun for example_bash_operator to 2024-12-01 00:00:00+00:00, run_after=2024-12-02 00:00:00+00:00
[2024-12-02T17:46:09.535+0000] {processor.py:208} INFO - Processing /home/airflow/.local/lib/python3.12/site-packages/airflow/example_dags/example_bash_operator.py took 0.299 seconds
[2024-12-02T17:46:39.569+0000] {processor.py:186} INFO - Started process (PID=178) to work on /home/airflow/.local/lib/python3.12/site-packages/airflow/example_dags/example_bash_operator.py
[2024-12-02T17:46:39.570+0000] {processor.py:914} INFO - Processing file /home/airflow/.local/lib/python3.12/site-packages/airflow/example_dags/example_bash_operator.py for tasks to queue
[2024-12-02T17:46:39.573+0000] {logging_mixin.py:190} INFO - [2024-12-02T17:46:39.573+0000] {dagbag.py:588} INFO - Filling up the DagBag from /home/airflow/.local/lib/python3.12/site-packages/airflow/example_dags/example_bash_operator.py
[2024-12-02T17:46:39.593+0000] {processor.py:925} INFO - DAG(s) 'example_bash_operator' retrieved from /home/airflow/.local/lib/python3.12/site-packages/airflow/example_dags/example_bash_operator.py
[2024-12-02T17:46:39.632+0000] {logging_mixin.py:190} INFO - [2024-12-02T17:46:39.631+0000] {dag.py:3239} INFO - Sync 1 DAGs
[2024-12-02T17:46:39.666+0000] {logging_mixin.py:190} INFO - [2024-12-02T17:46:39.666+0000] {dag.py:4180} INFO - Setting next_dagrun for example_bash_operator to 2024-12-01 00:00:00+00:00, run_after=2024-12-02 00:00:00+00:00
[2024-12-02T17:46:39.691+0000] {processor.py:208} INFO - Processing /home/airflow/.local/lib/python3.12/site-packages/airflow/example_dags/example_bash_operator.py took 0.131 seconds
[2024-12-02T17:47:10.588+0000] {processor.py:186} INFO - Started process (PID=243) to work on /home/airflow/.local/lib/python3.12/site-packages/airflow/example_dags/example_bash_operator.py
[2024-12-02T17:47:10.589+0000] {processor.py:914} INFO - Processing file /home/airflow/.local/lib/python3.12/site-packages/airflow/example_dags/example_bash_operator.py for tasks to queue
[2024-12-02T17:47:10.591+0000] {logging_mixin.py:190} INFO - [2024-12-02T17:47:10.591+0000] {dagbag.py:588} INFO - Filling up the DagBag from /home/airflow/.local/lib/python3.12/site-packages/airflow/example_dags/example_bash_operator.py
[2024-12-02T17:47:10.607+0000] {processor.py:925} INFO - DAG(s) 'example_bash_operator' retrieved from /home/airflow/.local/lib/python3.12/site-packages/airflow/example_dags/example_bash_operator.py
[2024-12-02T17:47:10.651+0000] {logging_mixin.py:190} INFO - [2024-12-02T17:47:10.651+0000] {dag.py:3239} INFO - Sync 1 DAGs
[2024-12-02T17:47:10.687+0000] {logging_mixin.py:190} INFO - [2024-12-02T17:47:10.687+0000] {dag.py:4180} INFO - Setting next_dagrun for example_bash_operator to 2024-12-01 00:00:00+00:00, run_after=2024-12-02 00:00:00+00:00
[2024-12-02T17:47:10.710+0000] {processor.py:208} INFO - Processing /home/airflow/.local/lib/python3.12/site-packages/airflow/example_dags/example_bash_operator.py took 0.129 seconds
[2024-12-02T17:47:41.177+0000] {processor.py:186} INFO - Started process (PID=308) to work on /home/airflow/.local/lib/python3.12/site-packages/airflow/example_dags/example_bash_operator.py
[2024-12-02T17:47:41.178+0000] {processor.py:914} INFO - Processing file /home/airflow/.local/lib/python3.12/site-packages/airflow/example_dags/example_bash_operator.py for tasks to queue
[2024-12-02T17:47:41.182+0000] {logging_mixin.py:190} INFO - [2024-12-02T17:47:41.181+0000] {dagbag.py:588} INFO - Filling up the DagBag from /home/airflow/.local/lib/python3.12/site-packages/airflow/example_dags/example_bash_operator.py
[2024-12-02T17:47:41.199+0000] {processor.py:925} INFO - DAG(s) 'example_bash_operator' retrieved from /home/airflow/.local/lib/python3.12/site-packages/airflow/example_dags/example_bash_operator.py
[2024-12-02T17:47:41.229+0000] {logging_mixin.py:190} INFO - [2024-12-02T17:47:41.229+0000] {dag.py:3239} INFO - Sync 1 DAGs
[2024-12-02T17:47:41.262+0000] {logging_mixin.py:190} INFO - [2024-12-02T17:47:41.261+0000] {dag.py:4180} INFO - Setting next_dagrun for example_bash_operator to 2024-12-01 00:00:00+00:00, run_after=2024-12-02 00:00:00+00:00
[2024-12-02T17:47:41.284+0000] {processor.py:208} INFO - Processing /home/airflow/.local/lib/python3.12/site-packages/airflow/example_dags/example_bash_operator.py took 0.114 seconds
[2024-12-02T17:48:25.712+0000] {processor.py:186} INFO - Started process (PID=377) to work on /home/airflow/.local/lib/python3.12/site-packages/airflow/example_dags/example_bash_operator.py
[2024-12-02T17:48:25.733+0000] {processor.py:914} INFO - Processing file /home/airflow/.local/lib/python3.12/site-packages/airflow/example_dags/example_bash_operator.py for tasks to queue
[2024-12-02T17:48:25.751+0000] {logging_mixin.py:190} INFO - [2024-12-02T17:48:25.750+0000] {dagbag.py:588} INFO - Filling up the DagBag from /home/airflow/.local/lib/python3.12/site-packages/airflow/example_dags/example_bash_operator.py
[2024-12-02T17:48:25.982+0000] {processor.py:925} INFO - DAG(s) 'example_bash_operator' retrieved from /home/airflow/.local/lib/python3.12/site-packages/airflow/example_dags/example_bash_operator.py
[2024-12-02T17:48:26.374+0000] {logging_mixin.py:190} INFO - [2024-12-02T17:48:26.373+0000] {dag.py:3239} INFO - Sync 1 DAGs
[2024-12-02T17:48:26.439+0000] {logging_mixin.py:190} INFO - [2024-12-02T17:48:26.438+0000] {dag.py:4180} INFO - Setting next_dagrun for example_bash_operator to 2024-12-01 00:00:00+00:00, run_after=2024-12-02 00:00:00+00:00
[2024-12-02T17:48:26.533+0000] {processor.py:208} INFO - Processing /home/airflow/.local/lib/python3.12/site-packages/airflow/example_dags/example_bash_operator.py took 0.851 seconds
[2024-12-02T17:48:57.384+0000] {processor.py:186} INFO - Started process (PID=445) to work on /home/airflow/.local/lib/python3.12/site-packages/airflow/example_dags/example_bash_operator.py
[2024-12-02T17:48:57.386+0000] {processor.py:914} INFO - Processing file /home/airflow/.local/lib/python3.12/site-packages/airflow/example_dags/example_bash_operator.py for tasks to queue
[2024-12-02T17:48:57.389+0000] {logging_mixin.py:190} INFO - [2024-12-02T17:48:57.389+0000] {dagbag.py:588} INFO - Filling up the DagBag from /home/airflow/.local/lib/python3.12/site-packages/airflow/example_dags/example_bash_operator.py
[2024-12-02T17:48:57.410+0000] {processor.py:925} INFO - DAG(s) 'example_bash_operator' retrieved from /home/airflow/.local/lib/python3.12/site-packages/airflow/example_dags/example_bash_operator.py
[2024-12-02T17:48:57.466+0000] {logging_mixin.py:190} INFO - [2024-12-02T17:48:57.466+0000] {dag.py:3239} INFO - Sync 1 DAGs
[2024-12-02T17:48:57.525+0000] {logging_mixin.py:190} INFO - [2024-12-02T17:48:57.524+0000] {dag.py:4180} INFO - Setting next_dagrun for example_bash_operator to 2024-12-01 00:00:00+00:00, run_after=2024-12-02 00:00:00+00:00
[2024-12-02T17:48:57.557+0000] {processor.py:208} INFO - Processing /home/airflow/.local/lib/python3.12/site-packages/airflow/example_dags/example_bash_operator.py took 0.184 seconds
[2024-12-02T17:49:27.626+0000] {processor.py:186} INFO - Started process (PID=504) to work on /home/airflow/.local/lib/python3.12/site-packages/airflow/example_dags/example_bash_operator.py
[2024-12-02T17:49:27.627+0000] {processor.py:914} INFO - Processing file /home/airflow/.local/lib/python3.12/site-packages/airflow/example_dags/example_bash_operator.py for tasks to queue
[2024-12-02T17:49:27.630+0000] {logging_mixin.py:190} INFO - [2024-12-02T17:49:27.630+0000] {dagbag.py:588} INFO - Filling up the DagBag from /home/airflow/.local/lib/python3.12/site-packages/airflow/example_dags/example_bash_operator.py
[2024-12-02T17:49:27.648+0000] {processor.py:925} INFO - DAG(s) 'example_bash_operator' retrieved from /home/airflow/.local/lib/python3.12/site-packages/airflow/example_dags/example_bash_operator.py
[2024-12-02T17:49:27.676+0000] {logging_mixin.py:190} INFO - [2024-12-02T17:49:27.676+0000] {dag.py:3239} INFO - Sync 1 DAGs
[2024-12-02T17:49:27.710+0000] {logging_mixin.py:190} INFO - [2024-12-02T17:49:27.710+0000] {dag.py:4180} INFO - Setting next_dagrun for example_bash_operator to 2024-12-01 00:00:00+00:00, run_after=2024-12-02 00:00:00+00:00
[2024-12-02T17:49:27.730+0000] {processor.py:208} INFO - Processing /home/airflow/.local/lib/python3.12/site-packages/airflow/example_dags/example_bash_operator.py took 0.110 seconds
[2024-12-02T17:49:57.917+0000] {processor.py:186} INFO - Started process (PID=569) to work on /home/airflow/.local/lib/python3.12/site-packages/airflow/example_dags/example_bash_operator.py
[2024-12-02T17:49:57.922+0000] {processor.py:914} INFO - Processing file /home/airflow/.local/lib/python3.12/site-packages/airflow/example_dags/example_bash_operator.py for tasks to queue
[2024-12-02T17:49:57.925+0000] {logging_mixin.py:190} INFO - [2024-12-02T17:49:57.925+0000] {dagbag.py:588} INFO - Filling up the DagBag from /home/airflow/.local/lib/python3.12/site-packages/airflow/example_dags/example_bash_operator.py
[2024-12-02T17:49:57.945+0000] {processor.py:925} INFO - DAG(s) 'example_bash_operator' retrieved from /home/airflow/.local/lib/python3.12/site-packages/airflow/example_dags/example_bash_operator.py
[2024-12-02T17:49:57.984+0000] {logging_mixin.py:190} INFO - [2024-12-02T17:49:57.984+0000] {dag.py:3239} INFO - Sync 1 DAGs
[2024-12-02T17:49:58.017+0000] {logging_mixin.py:190} INFO - [2024-12-02T17:49:58.016+0000] {dag.py:4180} INFO - Setting next_dagrun for example_bash_operator to 2024-12-01 00:00:00+00:00, run_after=2024-12-02 00:00:00+00:00
[2024-12-02T17:49:58.039+0000] {processor.py:208} INFO - Processing /home/airflow/.local/lib/python3.12/site-packages/airflow/example_dags/example_bash_operator.py took 0.133 seconds
[2024-12-02T17:50:28.157+0000] {processor.py:186} INFO - Started process (PID=634) to work on /home/airflow/.local/lib/python3.12/site-packages/airflow/example_dags/example_bash_operator.py
[2024-12-02T17:50:28.158+0000] {processor.py:914} INFO - Processing file /home/airflow/.local/lib/python3.12/site-packages/airflow/example_dags/example_bash_operator.py for tasks to queue
[2024-12-02T17:50:28.162+0000] {logging_mixin.py:190} INFO - [2024-12-02T17:50:28.161+0000] {dagbag.py:588} INFO - Filling up the DagBag from /home/airflow/.local/lib/python3.12/site-packages/airflow/example_dags/example_bash_operator.py
[2024-12-02T17:50:28.189+0000] {processor.py:925} INFO - DAG(s) 'example_bash_operator' retrieved from /home/airflow/.local/lib/python3.12/site-packages/airflow/example_dags/example_bash_operator.py
[2024-12-02T17:50:28.255+0000] {logging_mixin.py:190} INFO - [2024-12-02T17:50:28.254+0000] {dag.py:3239} INFO - Sync 1 DAGs
[2024-12-02T17:50:28.305+0000] {logging_mixin.py:190} INFO - [2024-12-02T17:50:28.304+0000] {dag.py:4180} INFO - Setting next_dagrun for example_bash_operator to 2024-12-01 00:00:00+00:00, run_after=2024-12-02 00:00:00+00:00
[2024-12-02T17:50:28.333+0000] {processor.py:208} INFO - Processing /home/airflow/.local/lib/python3.12/site-packages/airflow/example_dags/example_bash_operator.py took 0.189 seconds
