[2024-12-02T17:46:08.127+0000] {processor.py:186} INFO - Started process (PID=106) to work on /home/airflow/.local/lib/python3.12/site-packages/airflow/example_dags/example_sensors.py
[2024-12-02T17:46:08.127+0000] {processor.py:914} INFO - Processing file /home/airflow/.local/lib/python3.12/site-packages/airflow/example_dags/example_sensors.py for tasks to queue
[2024-12-02T17:46:08.130+0000] {logging_mixin.py:190} INFO - [2024-12-02T17:46:08.129+0000] {dagbag.py:588} INFO - Filling up the DagBag from /home/airflow/.local/lib/python3.12/site-packages/airflow/example_dags/example_sensors.py
[2024-12-02T17:46:08.143+0000] {processor.py:925} INFO - DAG(s) 'example_sensors' retrieved from /home/airflow/.local/lib/python3.12/site-packages/airflow/example_dags/example_sensors.py
[2024-12-02T17:46:08.284+0000] {logging_mixin.py:190} INFO - [2024-12-02T17:46:08.283+0000] {override.py:1911} INFO - Created Permission View: can read on DAG:example_sensors
[2024-12-02T17:46:08.295+0000] {logging_mixin.py:190} INFO - [2024-12-02T17:46:08.295+0000] {override.py:1911} INFO - Created Permission View: can edit on DAG:example_sensors
[2024-12-02T17:46:08.303+0000] {logging_mixin.py:190} INFO - [2024-12-02T17:46:08.303+0000] {override.py:1911} INFO - Created Permission View: can delete on DAG:example_sensors
[2024-12-02T17:46:08.317+0000] {logging_mixin.py:190} INFO - [2024-12-02T17:46:08.316+0000] {override.py:1911} INFO - Created Permission View: can read on DAG Run:example_sensors
[2024-12-02T17:46:08.329+0000] {logging_mixin.py:190} INFO - [2024-12-02T17:46:08.328+0000] {override.py:1911} INFO - Created Permission View: can delete on DAG Run:example_sensors
[2024-12-02T17:46:08.343+0000] {logging_mixin.py:190} INFO - [2024-12-02T17:46:08.342+0000] {override.py:1911} INFO - Created Permission View: can create on DAG Run:example_sensors
[2024-12-02T17:46:08.352+0000] {logging_mixin.py:190} INFO - [2024-12-02T17:46:08.352+0000] {override.py:1911} INFO - Created Permission View: menu access on DAG Run:example_sensors
[2024-12-02T17:46:08.352+0000] {logging_mixin.py:190} INFO - [2024-12-02T17:46:08.352+0000] {dag.py:3239} INFO - Sync 1 DAGs
[2024-12-02T17:46:08.368+0000] {logging_mixin.py:190} INFO - [2024-12-02T17:46:08.368+0000] {dag.py:3262} INFO - Creating ORM DAG for example_sensors
[2024-12-02T17:46:08.369+0000] {logging_mixin.py:190} INFO - [2024-12-02T17:46:08.369+0000] {dag.py:4180} INFO - Setting next_dagrun for example_sensors to None, run_after=None
[2024-12-02T17:46:08.389+0000] {processor.py:208} INFO - Processing /home/airflow/.local/lib/python3.12/site-packages/airflow/example_dags/example_sensors.py took 0.269 seconds
[2024-12-02T17:46:38.932+0000] {processor.py:186} INFO - Started process (PID=171) to work on /home/airflow/.local/lib/python3.12/site-packages/airflow/example_dags/example_sensors.py
[2024-12-02T17:46:38.933+0000] {processor.py:914} INFO - Processing file /home/airflow/.local/lib/python3.12/site-packages/airflow/example_dags/example_sensors.py for tasks to queue
[2024-12-02T17:46:38.936+0000] {logging_mixin.py:190} INFO - [2024-12-02T17:46:38.936+0000] {dagbag.py:588} INFO - Filling up the DagBag from /home/airflow/.local/lib/python3.12/site-packages/airflow/example_dags/example_sensors.py
[2024-12-02T17:46:38.951+0000] {processor.py:925} INFO - DAG(s) 'example_sensors' retrieved from /home/airflow/.local/lib/python3.12/site-packages/airflow/example_dags/example_sensors.py
[2024-12-02T17:46:38.990+0000] {logging_mixin.py:190} INFO - [2024-12-02T17:46:38.990+0000] {dag.py:3239} INFO - Sync 1 DAGs
[2024-12-02T17:46:39.007+0000] {logging_mixin.py:190} INFO - [2024-12-02T17:46:39.006+0000] {dag.py:4180} INFO - Setting next_dagrun for example_sensors to None, run_after=None
[2024-12-02T17:46:39.026+0000] {processor.py:208} INFO - Processing /home/airflow/.local/lib/python3.12/site-packages/airflow/example_dags/example_sensors.py took 0.101 seconds
[2024-12-02T17:47:09.875+0000] {processor.py:186} INFO - Started process (PID=236) to work on /home/airflow/.local/lib/python3.12/site-packages/airflow/example_dags/example_sensors.py
[2024-12-02T17:47:09.876+0000] {processor.py:914} INFO - Processing file /home/airflow/.local/lib/python3.12/site-packages/airflow/example_dags/example_sensors.py for tasks to queue
[2024-12-02T17:47:09.879+0000] {logging_mixin.py:190} INFO - [2024-12-02T17:47:09.879+0000] {dagbag.py:588} INFO - Filling up the DagBag from /home/airflow/.local/lib/python3.12/site-packages/airflow/example_dags/example_sensors.py
[2024-12-02T17:47:09.891+0000] {processor.py:925} INFO - DAG(s) 'example_sensors' retrieved from /home/airflow/.local/lib/python3.12/site-packages/airflow/example_dags/example_sensors.py
[2024-12-02T17:47:09.921+0000] {logging_mixin.py:190} INFO - [2024-12-02T17:47:09.921+0000] {dag.py:3239} INFO - Sync 1 DAGs
[2024-12-02T17:47:09.938+0000] {logging_mixin.py:190} INFO - [2024-12-02T17:47:09.937+0000] {dag.py:4180} INFO - Setting next_dagrun for example_sensors to None, run_after=None
[2024-12-02T17:47:09.960+0000] {processor.py:208} INFO - Processing /home/airflow/.local/lib/python3.12/site-packages/airflow/example_dags/example_sensors.py took 0.091 seconds
[2024-12-02T17:47:40.616+0000] {processor.py:186} INFO - Started process (PID=300) to work on /home/airflow/.local/lib/python3.12/site-packages/airflow/example_dags/example_sensors.py
[2024-12-02T17:47:40.617+0000] {processor.py:914} INFO - Processing file /home/airflow/.local/lib/python3.12/site-packages/airflow/example_dags/example_sensors.py for tasks to queue
[2024-12-02T17:47:40.619+0000] {logging_mixin.py:190} INFO - [2024-12-02T17:47:40.619+0000] {dagbag.py:588} INFO - Filling up the DagBag from /home/airflow/.local/lib/python3.12/site-packages/airflow/example_dags/example_sensors.py
[2024-12-02T17:47:40.632+0000] {processor.py:925} INFO - DAG(s) 'example_sensors' retrieved from /home/airflow/.local/lib/python3.12/site-packages/airflow/example_dags/example_sensors.py
[2024-12-02T17:47:40.662+0000] {logging_mixin.py:190} INFO - [2024-12-02T17:47:40.661+0000] {dag.py:3239} INFO - Sync 1 DAGs
[2024-12-02T17:47:40.678+0000] {logging_mixin.py:190} INFO - [2024-12-02T17:47:40.677+0000] {dag.py:4180} INFO - Setting next_dagrun for example_sensors to None, run_after=None
[2024-12-02T17:47:40.697+0000] {processor.py:208} INFO - Processing /home/airflow/.local/lib/python3.12/site-packages/airflow/example_dags/example_sensors.py took 0.089 seconds
[2024-12-02T17:48:19.531+0000] {processor.py:186} INFO - Started process (PID=370) to work on /home/airflow/.local/lib/python3.12/site-packages/airflow/example_dags/example_sensors.py
[2024-12-02T17:48:19.534+0000] {processor.py:914} INFO - Processing file /home/airflow/.local/lib/python3.12/site-packages/airflow/example_dags/example_sensors.py for tasks to queue
[2024-12-02T17:48:19.557+0000] {logging_mixin.py:190} INFO - [2024-12-02T17:48:19.543+0000] {dagbag.py:588} INFO - Filling up the DagBag from /home/airflow/.local/lib/python3.12/site-packages/airflow/example_dags/example_sensors.py
[2024-12-02T17:48:19.616+0000] {processor.py:925} INFO - DAG(s) 'example_sensors' retrieved from /home/airflow/.local/lib/python3.12/site-packages/airflow/example_dags/example_sensors.py
[2024-12-02T17:48:19.747+0000] {logging_mixin.py:190} INFO - [2024-12-02T17:48:19.746+0000] {dag.py:3239} INFO - Sync 1 DAGs
[2024-12-02T17:48:19.807+0000] {logging_mixin.py:190} INFO - [2024-12-02T17:48:19.807+0000] {dag.py:4180} INFO - Setting next_dagrun for example_sensors to None, run_after=None
[2024-12-02T17:48:19.921+0000] {processor.py:208} INFO - Processing /home/airflow/.local/lib/python3.12/site-packages/airflow/example_dags/example_sensors.py took 0.403 seconds
[2024-12-02T17:48:52.510+0000] {processor.py:186} INFO - Started process (PID=438) to work on /home/airflow/.local/lib/python3.12/site-packages/airflow/example_dags/example_sensors.py
[2024-12-02T17:48:52.511+0000] {processor.py:914} INFO - Processing file /home/airflow/.local/lib/python3.12/site-packages/airflow/example_dags/example_sensors.py for tasks to queue
[2024-12-02T17:48:52.515+0000] {logging_mixin.py:190} INFO - [2024-12-02T17:48:52.514+0000] {dagbag.py:588} INFO - Filling up the DagBag from /home/airflow/.local/lib/python3.12/site-packages/airflow/example_dags/example_sensors.py
[2024-12-02T17:48:52.541+0000] {processor.py:925} INFO - DAG(s) 'example_sensors' retrieved from /home/airflow/.local/lib/python3.12/site-packages/airflow/example_dags/example_sensors.py
[2024-12-02T17:48:52.598+0000] {logging_mixin.py:190} INFO - [2024-12-02T17:48:52.598+0000] {dag.py:3239} INFO - Sync 1 DAGs
[2024-12-02T17:48:52.627+0000] {logging_mixin.py:190} INFO - [2024-12-02T17:48:52.626+0000] {dag.py:4180} INFO - Setting next_dagrun for example_sensors to None, run_after=None
[2024-12-02T17:48:52.658+0000] {processor.py:208} INFO - Processing /home/airflow/.local/lib/python3.12/site-packages/airflow/example_dags/example_sensors.py took 0.159 seconds
[2024-12-02T17:49:23.355+0000] {processor.py:186} INFO - Started process (PID=497) to work on /home/airflow/.local/lib/python3.12/site-packages/airflow/example_dags/example_sensors.py
[2024-12-02T17:49:23.356+0000] {processor.py:914} INFO - Processing file /home/airflow/.local/lib/python3.12/site-packages/airflow/example_dags/example_sensors.py for tasks to queue
[2024-12-02T17:49:23.359+0000] {logging_mixin.py:190} INFO - [2024-12-02T17:49:23.359+0000] {dagbag.py:588} INFO - Filling up the DagBag from /home/airflow/.local/lib/python3.12/site-packages/airflow/example_dags/example_sensors.py
[2024-12-02T17:49:23.378+0000] {processor.py:925} INFO - DAG(s) 'example_sensors' retrieved from /home/airflow/.local/lib/python3.12/site-packages/airflow/example_dags/example_sensors.py
[2024-12-02T17:49:23.421+0000] {logging_mixin.py:190} INFO - [2024-12-02T17:49:23.420+0000] {dag.py:3239} INFO - Sync 1 DAGs
[2024-12-02T17:49:23.447+0000] {logging_mixin.py:190} INFO - [2024-12-02T17:49:23.447+0000] {dag.py:4180} INFO - Setting next_dagrun for example_sensors to None, run_after=None
[2024-12-02T17:49:23.474+0000] {processor.py:208} INFO - Processing /home/airflow/.local/lib/python3.12/site-packages/airflow/example_dags/example_sensors.py took 0.128 seconds
[2024-12-02T17:49:53.610+0000] {processor.py:186} INFO - Started process (PID=561) to work on /home/airflow/.local/lib/python3.12/site-packages/airflow/example_dags/example_sensors.py
[2024-12-02T17:49:53.615+0000] {processor.py:914} INFO - Processing file /home/airflow/.local/lib/python3.12/site-packages/airflow/example_dags/example_sensors.py for tasks to queue
[2024-12-02T17:49:53.617+0000] {logging_mixin.py:190} INFO - [2024-12-02T17:49:53.617+0000] {dagbag.py:588} INFO - Filling up the DagBag from /home/airflow/.local/lib/python3.12/site-packages/airflow/example_dags/example_sensors.py
[2024-12-02T17:49:53.634+0000] {processor.py:925} INFO - DAG(s) 'example_sensors' retrieved from /home/airflow/.local/lib/python3.12/site-packages/airflow/example_dags/example_sensors.py
[2024-12-02T17:49:53.668+0000] {logging_mixin.py:190} INFO - [2024-12-02T17:49:53.668+0000] {dag.py:3239} INFO - Sync 1 DAGs
[2024-12-02T17:49:53.691+0000] {logging_mixin.py:190} INFO - [2024-12-02T17:49:53.690+0000] {dag.py:4180} INFO - Setting next_dagrun for example_sensors to None, run_after=None
[2024-12-02T17:49:53.716+0000] {processor.py:208} INFO - Processing /home/airflow/.local/lib/python3.12/site-packages/airflow/example_dags/example_sensors.py took 0.113 seconds
[2024-12-02T17:50:23.958+0000] {processor.py:186} INFO - Started process (PID=626) to work on /home/airflow/.local/lib/python3.12/site-packages/airflow/example_dags/example_sensors.py
[2024-12-02T17:50:23.960+0000] {processor.py:914} INFO - Processing file /home/airflow/.local/lib/python3.12/site-packages/airflow/example_dags/example_sensors.py for tasks to queue
[2024-12-02T17:50:23.963+0000] {logging_mixin.py:190} INFO - [2024-12-02T17:50:23.962+0000] {dagbag.py:588} INFO - Filling up the DagBag from /home/airflow/.local/lib/python3.12/site-packages/airflow/example_dags/example_sensors.py
[2024-12-02T17:50:23.983+0000] {processor.py:925} INFO - DAG(s) 'example_sensors' retrieved from /home/airflow/.local/lib/python3.12/site-packages/airflow/example_dags/example_sensors.py
[2024-12-02T17:50:24.018+0000] {logging_mixin.py:190} INFO - [2024-12-02T17:50:24.018+0000] {dag.py:3239} INFO - Sync 1 DAGs
[2024-12-02T17:50:24.035+0000] {logging_mixin.py:190} INFO - [2024-12-02T17:50:24.035+0000] {dag.py:4180} INFO - Setting next_dagrun for example_sensors to None, run_after=None
[2024-12-02T17:50:24.064+0000] {processor.py:208} INFO - Processing /home/airflow/.local/lib/python3.12/site-packages/airflow/example_dags/example_sensors.py took 0.118 seconds
