[2024-12-02T17:46:07.793+0000] {processor.py:186} INFO - Started process (PID=104) to work on /home/airflow/.local/lib/python3.12/site-packages/airflow/example_dags/example_local_kubernetes_executor.py
[2024-12-02T17:46:07.793+0000] {processor.py:914} INFO - Processing file /home/airflow/.local/lib/python3.12/site-packages/airflow/example_dags/example_local_kubernetes_executor.py for tasks to queue
[2024-12-02T17:46:07.796+0000] {logging_mixin.py:190} INFO - [2024-12-02T17:46:07.795+0000] {dagbag.py:588} INFO - Filling up the DagBag from /home/airflow/.local/lib/python3.12/site-packages/airflow/example_dags/example_local_kubernetes_executor.py
[2024-12-02T17:46:07.810+0000] {processor.py:925} INFO - DAG(s) 'example_local_kubernetes_executor' retrieved from /home/airflow/.local/lib/python3.12/site-packages/airflow/example_dags/example_local_kubernetes_executor.py
[2024-12-02T17:46:07.971+0000] {logging_mixin.py:190} INFO - [2024-12-02T17:46:07.970+0000] {override.py:1911} INFO - Created Permission View: can read on DAG:example_local_kubernetes_executor
[2024-12-02T17:46:07.985+0000] {logging_mixin.py:190} INFO - [2024-12-02T17:46:07.985+0000] {override.py:1911} INFO - Created Permission View: can edit on DAG:example_local_kubernetes_executor
[2024-12-02T17:46:07.996+0000] {logging_mixin.py:190} INFO - [2024-12-02T17:46:07.996+0000] {override.py:1911} INFO - Created Permission View: can delete on DAG:example_local_kubernetes_executor
[2024-12-02T17:46:08.012+0000] {logging_mixin.py:190} INFO - [2024-12-02T17:46:08.011+0000] {override.py:1911} INFO - Created Permission View: can read on DAG Run:example_local_kubernetes_executor
[2024-12-02T17:46:08.024+0000] {logging_mixin.py:190} INFO - [2024-12-02T17:46:08.023+0000] {override.py:1911} INFO - Created Permission View: can delete on DAG Run:example_local_kubernetes_executor
[2024-12-02T17:46:08.032+0000] {logging_mixin.py:190} INFO - [2024-12-02T17:46:08.032+0000] {override.py:1911} INFO - Created Permission View: can create on DAG Run:example_local_kubernetes_executor
[2024-12-02T17:46:08.044+0000] {logging_mixin.py:190} INFO - [2024-12-02T17:46:08.044+0000] {override.py:1911} INFO - Created Permission View: menu access on DAG Run:example_local_kubernetes_executor
[2024-12-02T17:46:08.045+0000] {logging_mixin.py:190} INFO - [2024-12-02T17:46:08.045+0000] {dag.py:3239} INFO - Sync 1 DAGs
[2024-12-02T17:46:08.065+0000] {logging_mixin.py:190} INFO - [2024-12-02T17:46:08.065+0000] {dag.py:3262} INFO - Creating ORM DAG for example_local_kubernetes_executor
[2024-12-02T17:46:08.066+0000] {logging_mixin.py:190} INFO - [2024-12-02T17:46:08.065+0000] {dag.py:4180} INFO - Setting next_dagrun for example_local_kubernetes_executor to None, run_after=None
[2024-12-02T17:46:08.090+0000] {processor.py:208} INFO - Processing /home/airflow/.local/lib/python3.12/site-packages/airflow/example_dags/example_local_kubernetes_executor.py took 0.304 seconds
[2024-12-02T17:46:38.576+0000] {processor.py:186} INFO - Started process (PID=169) to work on /home/airflow/.local/lib/python3.12/site-packages/airflow/example_dags/example_local_kubernetes_executor.py
[2024-12-02T17:46:38.578+0000] {processor.py:914} INFO - Processing file /home/airflow/.local/lib/python3.12/site-packages/airflow/example_dags/example_local_kubernetes_executor.py for tasks to queue
[2024-12-02T17:46:38.582+0000] {logging_mixin.py:190} INFO - [2024-12-02T17:46:38.581+0000] {dagbag.py:588} INFO - Filling up the DagBag from /home/airflow/.local/lib/python3.12/site-packages/airflow/example_dags/example_local_kubernetes_executor.py
[2024-12-02T17:46:38.600+0000] {processor.py:925} INFO - DAG(s) 'example_local_kubernetes_executor' retrieved from /home/airflow/.local/lib/python3.12/site-packages/airflow/example_dags/example_local_kubernetes_executor.py
[2024-12-02T17:46:38.668+0000] {logging_mixin.py:190} INFO - [2024-12-02T17:46:38.667+0000] {dag.py:3239} INFO - Sync 1 DAGs
[2024-12-02T17:46:38.694+0000] {logging_mixin.py:190} INFO - [2024-12-02T17:46:38.694+0000] {dag.py:4180} INFO - Setting next_dagrun for example_local_kubernetes_executor to None, run_after=None
[2024-12-02T17:46:38.724+0000] {processor.py:208} INFO - Processing /home/airflow/.local/lib/python3.12/site-packages/airflow/example_dags/example_local_kubernetes_executor.py took 0.160 seconds
[2024-12-02T17:47:09.622+0000] {processor.py:186} INFO - Started process (PID=234) to work on /home/airflow/.local/lib/python3.12/site-packages/airflow/example_dags/example_local_kubernetes_executor.py
[2024-12-02T17:47:09.623+0000] {processor.py:914} INFO - Processing file /home/airflow/.local/lib/python3.12/site-packages/airflow/example_dags/example_local_kubernetes_executor.py for tasks to queue
[2024-12-02T17:47:09.625+0000] {logging_mixin.py:190} INFO - [2024-12-02T17:47:09.625+0000] {dagbag.py:588} INFO - Filling up the DagBag from /home/airflow/.local/lib/python3.12/site-packages/airflow/example_dags/example_local_kubernetes_executor.py
[2024-12-02T17:47:09.637+0000] {processor.py:925} INFO - DAG(s) 'example_local_kubernetes_executor' retrieved from /home/airflow/.local/lib/python3.12/site-packages/airflow/example_dags/example_local_kubernetes_executor.py
[2024-12-02T17:47:09.670+0000] {logging_mixin.py:190} INFO - [2024-12-02T17:47:09.669+0000] {dag.py:3239} INFO - Sync 1 DAGs
[2024-12-02T17:47:09.685+0000] {logging_mixin.py:190} INFO - [2024-12-02T17:47:09.685+0000] {dag.py:4180} INFO - Setting next_dagrun for example_local_kubernetes_executor to None, run_after=None
[2024-12-02T17:47:09.704+0000] {processor.py:208} INFO - Processing /home/airflow/.local/lib/python3.12/site-packages/airflow/example_dags/example_local_kubernetes_executor.py took 0.091 seconds
[2024-12-02T17:47:40.486+0000] {processor.py:186} INFO - Started process (PID=298) to work on /home/airflow/.local/lib/python3.12/site-packages/airflow/example_dags/example_local_kubernetes_executor.py
[2024-12-02T17:47:40.491+0000] {processor.py:914} INFO - Processing file /home/airflow/.local/lib/python3.12/site-packages/airflow/example_dags/example_local_kubernetes_executor.py for tasks to queue
[2024-12-02T17:47:40.494+0000] {logging_mixin.py:190} INFO - [2024-12-02T17:47:40.494+0000] {dagbag.py:588} INFO - Filling up the DagBag from /home/airflow/.local/lib/python3.12/site-packages/airflow/example_dags/example_local_kubernetes_executor.py
[2024-12-02T17:47:40.507+0000] {processor.py:925} INFO - DAG(s) 'example_local_kubernetes_executor' retrieved from /home/airflow/.local/lib/python3.12/site-packages/airflow/example_dags/example_local_kubernetes_executor.py
[2024-12-02T17:47:40.546+0000] {logging_mixin.py:190} INFO - [2024-12-02T17:47:40.546+0000] {dag.py:3239} INFO - Sync 1 DAGs
[2024-12-02T17:47:40.562+0000] {logging_mixin.py:190} INFO - [2024-12-02T17:47:40.562+0000] {dag.py:4180} INFO - Setting next_dagrun for example_local_kubernetes_executor to None, run_after=None
[2024-12-02T17:47:40.584+0000] {processor.py:208} INFO - Processing /home/airflow/.local/lib/python3.12/site-packages/airflow/example_dags/example_local_kubernetes_executor.py took 0.109 seconds
[2024-12-02T17:48:18.576+0000] {processor.py:186} INFO - Started process (PID=368) to work on /home/airflow/.local/lib/python3.12/site-packages/airflow/example_dags/example_local_kubernetes_executor.py
[2024-12-02T17:48:18.584+0000] {processor.py:914} INFO - Processing file /home/airflow/.local/lib/python3.12/site-packages/airflow/example_dags/example_local_kubernetes_executor.py for tasks to queue
[2024-12-02T17:48:18.597+0000] {logging_mixin.py:190} INFO - [2024-12-02T17:48:18.596+0000] {dagbag.py:588} INFO - Filling up the DagBag from /home/airflow/.local/lib/python3.12/site-packages/airflow/example_dags/example_local_kubernetes_executor.py
[2024-12-02T17:48:18.667+0000] {processor.py:925} INFO - DAG(s) 'example_local_kubernetes_executor' retrieved from /home/airflow/.local/lib/python3.12/site-packages/airflow/example_dags/example_local_kubernetes_executor.py
[2024-12-02T17:48:18.778+0000] {logging_mixin.py:190} INFO - [2024-12-02T17:48:18.778+0000] {dag.py:3239} INFO - Sync 1 DAGs
[2024-12-02T17:48:18.835+0000] {logging_mixin.py:190} INFO - [2024-12-02T17:48:18.835+0000] {dag.py:4180} INFO - Setting next_dagrun for example_local_kubernetes_executor to None, run_after=None
[2024-12-02T17:48:18.931+0000] {processor.py:208} INFO - Processing /home/airflow/.local/lib/python3.12/site-packages/airflow/example_dags/example_local_kubernetes_executor.py took 0.390 seconds
[2024-12-02T17:48:51.811+0000] {processor.py:186} INFO - Started process (PID=436) to work on /home/airflow/.local/lib/python3.12/site-packages/airflow/example_dags/example_local_kubernetes_executor.py
[2024-12-02T17:48:51.821+0000] {processor.py:914} INFO - Processing file /home/airflow/.local/lib/python3.12/site-packages/airflow/example_dags/example_local_kubernetes_executor.py for tasks to queue
[2024-12-02T17:48:51.825+0000] {logging_mixin.py:190} INFO - [2024-12-02T17:48:51.824+0000] {dagbag.py:588} INFO - Filling up the DagBag from /home/airflow/.local/lib/python3.12/site-packages/airflow/example_dags/example_local_kubernetes_executor.py
[2024-12-02T17:48:51.894+0000] {processor.py:925} INFO - DAG(s) 'example_local_kubernetes_executor' retrieved from /home/airflow/.local/lib/python3.12/site-packages/airflow/example_dags/example_local_kubernetes_executor.py
[2024-12-02T17:48:52.007+0000] {logging_mixin.py:190} INFO - [2024-12-02T17:48:52.006+0000] {dag.py:3239} INFO - Sync 1 DAGs
[2024-12-02T17:48:52.042+0000] {logging_mixin.py:190} INFO - [2024-12-02T17:48:52.042+0000] {dag.py:4180} INFO - Setting next_dagrun for example_local_kubernetes_executor to None, run_after=None
[2024-12-02T17:48:52.098+0000] {processor.py:208} INFO - Processing /home/airflow/.local/lib/python3.12/site-packages/airflow/example_dags/example_local_kubernetes_executor.py took 0.322 seconds
[2024-12-02T17:49:22.147+0000] {processor.py:186} INFO - Started process (PID=494) to work on /home/airflow/.local/lib/python3.12/site-packages/airflow/example_dags/example_local_kubernetes_executor.py
[2024-12-02T17:49:22.147+0000] {processor.py:914} INFO - Processing file /home/airflow/.local/lib/python3.12/site-packages/airflow/example_dags/example_local_kubernetes_executor.py for tasks to queue
[2024-12-02T17:49:22.150+0000] {logging_mixin.py:190} INFO - [2024-12-02T17:49:22.149+0000] {dagbag.py:588} INFO - Filling up the DagBag from /home/airflow/.local/lib/python3.12/site-packages/airflow/example_dags/example_local_kubernetes_executor.py
[2024-12-02T17:49:22.162+0000] {processor.py:925} INFO - DAG(s) 'example_local_kubernetes_executor' retrieved from /home/airflow/.local/lib/python3.12/site-packages/airflow/example_dags/example_local_kubernetes_executor.py
[2024-12-02T17:49:22.201+0000] {logging_mixin.py:190} INFO - [2024-12-02T17:49:22.201+0000] {dag.py:3239} INFO - Sync 1 DAGs
[2024-12-02T17:49:22.218+0000] {logging_mixin.py:190} INFO - [2024-12-02T17:49:22.218+0000] {dag.py:4180} INFO - Setting next_dagrun for example_local_kubernetes_executor to None, run_after=None
[2024-12-02T17:49:22.236+0000] {processor.py:208} INFO - Processing /home/airflow/.local/lib/python3.12/site-packages/airflow/example_dags/example_local_kubernetes_executor.py took 0.096 seconds
[2024-12-02T17:49:52.481+0000] {processor.py:186} INFO - Started process (PID=559) to work on /home/airflow/.local/lib/python3.12/site-packages/airflow/example_dags/example_local_kubernetes_executor.py
[2024-12-02T17:49:52.482+0000] {processor.py:914} INFO - Processing file /home/airflow/.local/lib/python3.12/site-packages/airflow/example_dags/example_local_kubernetes_executor.py for tasks to queue
[2024-12-02T17:49:52.484+0000] {logging_mixin.py:190} INFO - [2024-12-02T17:49:52.484+0000] {dagbag.py:588} INFO - Filling up the DagBag from /home/airflow/.local/lib/python3.12/site-packages/airflow/example_dags/example_local_kubernetes_executor.py
[2024-12-02T17:49:52.495+0000] {processor.py:925} INFO - DAG(s) 'example_local_kubernetes_executor' retrieved from /home/airflow/.local/lib/python3.12/site-packages/airflow/example_dags/example_local_kubernetes_executor.py
[2024-12-02T17:49:52.531+0000] {logging_mixin.py:190} INFO - [2024-12-02T17:49:52.530+0000] {dag.py:3239} INFO - Sync 1 DAGs
[2024-12-02T17:49:52.546+0000] {logging_mixin.py:190} INFO - [2024-12-02T17:49:52.546+0000] {dag.py:4180} INFO - Setting next_dagrun for example_local_kubernetes_executor to None, run_after=None
[2024-12-02T17:49:52.569+0000] {processor.py:208} INFO - Processing /home/airflow/.local/lib/python3.12/site-packages/airflow/example_dags/example_local_kubernetes_executor.py took 0.096 seconds
[2024-12-02T17:50:23.235+0000] {processor.py:186} INFO - Started process (PID=624) to work on /home/airflow/.local/lib/python3.12/site-packages/airflow/example_dags/example_local_kubernetes_executor.py
[2024-12-02T17:50:23.236+0000] {processor.py:914} INFO - Processing file /home/airflow/.local/lib/python3.12/site-packages/airflow/example_dags/example_local_kubernetes_executor.py for tasks to queue
[2024-12-02T17:50:23.239+0000] {logging_mixin.py:190} INFO - [2024-12-02T17:50:23.239+0000] {dagbag.py:588} INFO - Filling up the DagBag from /home/airflow/.local/lib/python3.12/site-packages/airflow/example_dags/example_local_kubernetes_executor.py
[2024-12-02T17:50:23.253+0000] {processor.py:925} INFO - DAG(s) 'example_local_kubernetes_executor' retrieved from /home/airflow/.local/lib/python3.12/site-packages/airflow/example_dags/example_local_kubernetes_executor.py
[2024-12-02T17:50:23.298+0000] {logging_mixin.py:190} INFO - [2024-12-02T17:50:23.298+0000] {dag.py:3239} INFO - Sync 1 DAGs
[2024-12-02T17:50:23.322+0000] {logging_mixin.py:190} INFO - [2024-12-02T17:50:23.321+0000] {dag.py:4180} INFO - Setting next_dagrun for example_local_kubernetes_executor to None, run_after=None
[2024-12-02T17:50:23.349+0000] {processor.py:208} INFO - Processing /home/airflow/.local/lib/python3.12/site-packages/airflow/example_dags/example_local_kubernetes_executor.py took 0.122 seconds
