[2024-12-02T17:46:10.002+0000] {processor.py:186} INFO - Started process (PID=118) to work on /home/airflow/.local/lib/python3.12/site-packages/airflow/example_dags/example_latest_only_with_trigger.py
[2024-12-02T17:46:10.003+0000] {processor.py:914} INFO - Processing file /home/airflow/.local/lib/python3.12/site-packages/airflow/example_dags/example_latest_only_with_trigger.py for tasks to queue
[2024-12-02T17:46:10.006+0000] {logging_mixin.py:190} INFO - [2024-12-02T17:46:10.005+0000] {dagbag.py:588} INFO - Filling up the DagBag from /home/airflow/.local/lib/python3.12/site-packages/airflow/example_dags/example_latest_only_with_trigger.py
[2024-12-02T17:46:10.014+0000] {processor.py:925} INFO - DAG(s) 'latest_only_with_trigger' retrieved from /home/airflow/.local/lib/python3.12/site-packages/airflow/example_dags/example_latest_only_with_trigger.py
[2024-12-02T17:46:10.171+0000] {logging_mixin.py:190} INFO - [2024-12-02T17:46:10.170+0000] {override.py:1911} INFO - Created Permission View: can read on DAG:latest_only_with_trigger
[2024-12-02T17:46:10.185+0000] {logging_mixin.py:190} INFO - [2024-12-02T17:46:10.185+0000] {override.py:1911} INFO - Created Permission View: can edit on DAG:latest_only_with_trigger
[2024-12-02T17:46:10.194+0000] {logging_mixin.py:190} INFO - [2024-12-02T17:46:10.194+0000] {override.py:1911} INFO - Created Permission View: can delete on DAG:latest_only_with_trigger
[2024-12-02T17:46:10.205+0000] {logging_mixin.py:190} INFO - [2024-12-02T17:46:10.205+0000] {override.py:1911} INFO - Created Permission View: can read on DAG Run:latest_only_with_trigger
[2024-12-02T17:46:10.217+0000] {logging_mixin.py:190} INFO - [2024-12-02T17:46:10.216+0000] {override.py:1911} INFO - Created Permission View: can delete on DAG Run:latest_only_with_trigger
[2024-12-02T17:46:10.228+0000] {logging_mixin.py:190} INFO - [2024-12-02T17:46:10.227+0000] {override.py:1911} INFO - Created Permission View: can create on DAG Run:latest_only_with_trigger
[2024-12-02T17:46:10.238+0000] {logging_mixin.py:190} INFO - [2024-12-02T17:46:10.238+0000] {override.py:1911} INFO - Created Permission View: menu access on DAG Run:latest_only_with_trigger
[2024-12-02T17:46:10.239+0000] {logging_mixin.py:190} INFO - [2024-12-02T17:46:10.238+0000] {dag.py:3239} INFO - Sync 1 DAGs
[2024-12-02T17:46:10.252+0000] {logging_mixin.py:190} INFO - [2024-12-02T17:46:10.252+0000] {dag.py:3262} INFO - Creating ORM DAG for latest_only_with_trigger
[2024-12-02T17:46:10.263+0000] {logging_mixin.py:190} INFO - [2024-12-02T17:46:10.263+0000] {dag.py:4180} INFO - Setting next_dagrun for latest_only_with_trigger to 2024-12-02 12:00:00+00:00, run_after=2024-12-02 16:00:00+00:00
[2024-12-02T17:46:10.284+0000] {processor.py:208} INFO - Processing /home/airflow/.local/lib/python3.12/site-packages/airflow/example_dags/example_latest_only_with_trigger.py took 0.288 seconds
[2024-12-02T17:46:41.029+0000] {processor.py:186} INFO - Started process (PID=183) to work on /home/airflow/.local/lib/python3.12/site-packages/airflow/example_dags/example_latest_only_with_trigger.py
[2024-12-02T17:46:41.030+0000] {processor.py:914} INFO - Processing file /home/airflow/.local/lib/python3.12/site-packages/airflow/example_dags/example_latest_only_with_trigger.py for tasks to queue
[2024-12-02T17:46:41.033+0000] {logging_mixin.py:190} INFO - [2024-12-02T17:46:41.032+0000] {dagbag.py:588} INFO - Filling up the DagBag from /home/airflow/.local/lib/python3.12/site-packages/airflow/example_dags/example_latest_only_with_trigger.py
[2024-12-02T17:46:41.041+0000] {processor.py:925} INFO - DAG(s) 'latest_only_with_trigger' retrieved from /home/airflow/.local/lib/python3.12/site-packages/airflow/example_dags/example_latest_only_with_trigger.py
[2024-12-02T17:46:41.061+0000] {logging_mixin.py:190} INFO - [2024-12-02T17:46:41.061+0000] {dag.py:3239} INFO - Sync 1 DAGs
[2024-12-02T17:46:41.090+0000] {logging_mixin.py:190} INFO - [2024-12-02T17:46:41.089+0000] {dag.py:4180} INFO - Setting next_dagrun for latest_only_with_trigger to 2024-12-02 12:00:00+00:00, run_after=2024-12-02 16:00:00+00:00
[2024-12-02T17:46:41.112+0000] {processor.py:208} INFO - Processing /home/airflow/.local/lib/python3.12/site-packages/airflow/example_dags/example_latest_only_with_trigger.py took 0.089 seconds
[2024-12-02T17:47:11.936+0000] {processor.py:186} INFO - Started process (PID=248) to work on /home/airflow/.local/lib/python3.12/site-packages/airflow/example_dags/example_latest_only_with_trigger.py
[2024-12-02T17:47:11.937+0000] {processor.py:914} INFO - Processing file /home/airflow/.local/lib/python3.12/site-packages/airflow/example_dags/example_latest_only_with_trigger.py for tasks to queue
[2024-12-02T17:47:11.939+0000] {logging_mixin.py:190} INFO - [2024-12-02T17:47:11.939+0000] {dagbag.py:588} INFO - Filling up the DagBag from /home/airflow/.local/lib/python3.12/site-packages/airflow/example_dags/example_latest_only_with_trigger.py
[2024-12-02T17:47:11.949+0000] {processor.py:925} INFO - DAG(s) 'latest_only_with_trigger' retrieved from /home/airflow/.local/lib/python3.12/site-packages/airflow/example_dags/example_latest_only_with_trigger.py
[2024-12-02T17:47:11.971+0000] {logging_mixin.py:190} INFO - [2024-12-02T17:47:11.971+0000] {dag.py:3239} INFO - Sync 1 DAGs
[2024-12-02T17:47:12.000+0000] {logging_mixin.py:190} INFO - [2024-12-02T17:47:12.000+0000] {dag.py:4180} INFO - Setting next_dagrun for latest_only_with_trigger to 2024-12-02 12:00:00+00:00, run_after=2024-12-02 16:00:00+00:00
[2024-12-02T17:47:12.021+0000] {processor.py:208} INFO - Processing /home/airflow/.local/lib/python3.12/site-packages/airflow/example_dags/example_latest_only_with_trigger.py took 0.094 seconds
[2024-12-02T17:47:42.715+0000] {processor.py:186} INFO - Started process (PID=313) to work on /home/airflow/.local/lib/python3.12/site-packages/airflow/example_dags/example_latest_only_with_trigger.py
[2024-12-02T17:47:42.716+0000] {processor.py:914} INFO - Processing file /home/airflow/.local/lib/python3.12/site-packages/airflow/example_dags/example_latest_only_with_trigger.py for tasks to queue
[2024-12-02T17:47:42.719+0000] {logging_mixin.py:190} INFO - [2024-12-02T17:47:42.718+0000] {dagbag.py:588} INFO - Filling up the DagBag from /home/airflow/.local/lib/python3.12/site-packages/airflow/example_dags/example_latest_only_with_trigger.py
[2024-12-02T17:47:42.727+0000] {processor.py:925} INFO - DAG(s) 'latest_only_with_trigger' retrieved from /home/airflow/.local/lib/python3.12/site-packages/airflow/example_dags/example_latest_only_with_trigger.py
[2024-12-02T17:47:42.756+0000] {logging_mixin.py:190} INFO - [2024-12-02T17:47:42.756+0000] {dag.py:3239} INFO - Sync 1 DAGs
[2024-12-02T17:47:42.791+0000] {logging_mixin.py:190} INFO - [2024-12-02T17:47:42.791+0000] {dag.py:4180} INFO - Setting next_dagrun for latest_only_with_trigger to 2024-12-02 12:00:00+00:00, run_after=2024-12-02 16:00:00+00:00
[2024-12-02T17:47:42.815+0000] {processor.py:208} INFO - Processing /home/airflow/.local/lib/python3.12/site-packages/airflow/example_dags/example_latest_only_with_trigger.py took 0.107 seconds
[2024-12-02T17:48:27.500+0000] {processor.py:186} INFO - Started process (PID=382) to work on /home/airflow/.local/lib/python3.12/site-packages/airflow/example_dags/example_latest_only_with_trigger.py
[2024-12-02T17:48:27.502+0000] {processor.py:914} INFO - Processing file /home/airflow/.local/lib/python3.12/site-packages/airflow/example_dags/example_latest_only_with_trigger.py for tasks to queue
[2024-12-02T17:48:27.513+0000] {logging_mixin.py:190} INFO - [2024-12-02T17:48:27.512+0000] {dagbag.py:588} INFO - Filling up the DagBag from /home/airflow/.local/lib/python3.12/site-packages/airflow/example_dags/example_latest_only_with_trigger.py
[2024-12-02T17:48:27.546+0000] {processor.py:925} INFO - DAG(s) 'latest_only_with_trigger' retrieved from /home/airflow/.local/lib/python3.12/site-packages/airflow/example_dags/example_latest_only_with_trigger.py
[2024-12-02T17:48:27.593+0000] {logging_mixin.py:190} INFO - [2024-12-02T17:48:27.593+0000] {dag.py:3239} INFO - Sync 1 DAGs
[2024-12-02T17:48:27.689+0000] {logging_mixin.py:190} INFO - [2024-12-02T17:48:27.688+0000] {dag.py:4180} INFO - Setting next_dagrun for latest_only_with_trigger to 2024-12-02 12:00:00+00:00, run_after=2024-12-02 16:00:00+00:00
[2024-12-02T17:48:27.824+0000] {processor.py:208} INFO - Processing /home/airflow/.local/lib/python3.12/site-packages/airflow/example_dags/example_latest_only_with_trigger.py took 0.337 seconds
[2024-12-02T17:48:57.981+0000] {processor.py:186} INFO - Started process (PID=450) to work on /home/airflow/.local/lib/python3.12/site-packages/airflow/example_dags/example_latest_only_with_trigger.py
[2024-12-02T17:48:57.982+0000] {processor.py:914} INFO - Processing file /home/airflow/.local/lib/python3.12/site-packages/airflow/example_dags/example_latest_only_with_trigger.py for tasks to queue
[2024-12-02T17:48:57.987+0000] {logging_mixin.py:190} INFO - [2024-12-02T17:48:57.986+0000] {dagbag.py:588} INFO - Filling up the DagBag from /home/airflow/.local/lib/python3.12/site-packages/airflow/example_dags/example_latest_only_with_trigger.py
[2024-12-02T17:48:58.002+0000] {processor.py:925} INFO - DAG(s) 'latest_only_with_trigger' retrieved from /home/airflow/.local/lib/python3.12/site-packages/airflow/example_dags/example_latest_only_with_trigger.py
[2024-12-02T17:48:58.058+0000] {logging_mixin.py:190} INFO - [2024-12-02T17:48:58.058+0000] {dag.py:3239} INFO - Sync 1 DAGs
[2024-12-02T17:48:58.109+0000] {logging_mixin.py:190} INFO - [2024-12-02T17:48:58.108+0000] {dag.py:4180} INFO - Setting next_dagrun for latest_only_with_trigger to 2024-12-02 12:00:00+00:00, run_after=2024-12-02 16:00:00+00:00
[2024-12-02T17:48:58.139+0000] {processor.py:208} INFO - Processing /home/airflow/.local/lib/python3.12/site-packages/airflow/example_dags/example_latest_only_with_trigger.py took 0.171 seconds
[2024-12-02T17:49:28.991+0000] {processor.py:186} INFO - Started process (PID=509) to work on /home/airflow/.local/lib/python3.12/site-packages/airflow/example_dags/example_latest_only_with_trigger.py
[2024-12-02T17:49:28.992+0000] {processor.py:914} INFO - Processing file /home/airflow/.local/lib/python3.12/site-packages/airflow/example_dags/example_latest_only_with_trigger.py for tasks to queue
[2024-12-02T17:49:28.995+0000] {logging_mixin.py:190} INFO - [2024-12-02T17:49:28.994+0000] {dagbag.py:588} INFO - Filling up the DagBag from /home/airflow/.local/lib/python3.12/site-packages/airflow/example_dags/example_latest_only_with_trigger.py
[2024-12-02T17:49:29.004+0000] {processor.py:925} INFO - DAG(s) 'latest_only_with_trigger' retrieved from /home/airflow/.local/lib/python3.12/site-packages/airflow/example_dags/example_latest_only_with_trigger.py
[2024-12-02T17:49:29.029+0000] {logging_mixin.py:190} INFO - [2024-12-02T17:49:29.029+0000] {dag.py:3239} INFO - Sync 1 DAGs
[2024-12-02T17:49:29.065+0000] {logging_mixin.py:190} INFO - [2024-12-02T17:49:29.065+0000] {dag.py:4180} INFO - Setting next_dagrun for latest_only_with_trigger to 2024-12-02 12:00:00+00:00, run_after=2024-12-02 16:00:00+00:00
[2024-12-02T17:49:29.088+0000] {processor.py:208} INFO - Processing /home/airflow/.local/lib/python3.12/site-packages/airflow/example_dags/example_latest_only_with_trigger.py took 0.103 seconds
[2024-12-02T17:49:59.284+0000] {processor.py:186} INFO - Started process (PID=574) to work on /home/airflow/.local/lib/python3.12/site-packages/airflow/example_dags/example_latest_only_with_trigger.py
[2024-12-02T17:49:59.285+0000] {processor.py:914} INFO - Processing file /home/airflow/.local/lib/python3.12/site-packages/airflow/example_dags/example_latest_only_with_trigger.py for tasks to queue
[2024-12-02T17:49:59.288+0000] {logging_mixin.py:190} INFO - [2024-12-02T17:49:59.288+0000] {dagbag.py:588} INFO - Filling up the DagBag from /home/airflow/.local/lib/python3.12/site-packages/airflow/example_dags/example_latest_only_with_trigger.py
[2024-12-02T17:49:59.298+0000] {processor.py:925} INFO - DAG(s) 'latest_only_with_trigger' retrieved from /home/airflow/.local/lib/python3.12/site-packages/airflow/example_dags/example_latest_only_with_trigger.py
[2024-12-02T17:49:59.326+0000] {logging_mixin.py:190} INFO - [2024-12-02T17:49:59.326+0000] {dag.py:3239} INFO - Sync 1 DAGs
[2024-12-02T17:49:59.357+0000] {logging_mixin.py:190} INFO - [2024-12-02T17:49:59.357+0000] {dag.py:4180} INFO - Setting next_dagrun for latest_only_with_trigger to 2024-12-02 12:00:00+00:00, run_after=2024-12-02 16:00:00+00:00
[2024-12-02T17:49:59.377+0000] {processor.py:208} INFO - Processing /home/airflow/.local/lib/python3.12/site-packages/airflow/example_dags/example_latest_only_with_trigger.py took 0.102 seconds
[2024-12-02T17:50:29.685+0000] {processor.py:186} INFO - Started process (PID=639) to work on /home/airflow/.local/lib/python3.12/site-packages/airflow/example_dags/example_latest_only_with_trigger.py
[2024-12-02T17:50:29.686+0000] {processor.py:914} INFO - Processing file /home/airflow/.local/lib/python3.12/site-packages/airflow/example_dags/example_latest_only_with_trigger.py for tasks to queue
[2024-12-02T17:50:29.689+0000] {logging_mixin.py:190} INFO - [2024-12-02T17:50:29.689+0000] {dagbag.py:588} INFO - Filling up the DagBag from /home/airflow/.local/lib/python3.12/site-packages/airflow/example_dags/example_latest_only_with_trigger.py
[2024-12-02T17:50:29.700+0000] {processor.py:925} INFO - DAG(s) 'latest_only_with_trigger' retrieved from /home/airflow/.local/lib/python3.12/site-packages/airflow/example_dags/example_latest_only_with_trigger.py
[2024-12-02T17:50:29.724+0000] {logging_mixin.py:190} INFO - [2024-12-02T17:50:29.724+0000] {dag.py:3239} INFO - Sync 1 DAGs
[2024-12-02T17:50:29.754+0000] {logging_mixin.py:190} INFO - [2024-12-02T17:50:29.754+0000] {dag.py:4180} INFO - Setting next_dagrun for latest_only_with_trigger to 2024-12-02 12:00:00+00:00, run_after=2024-12-02 16:00:00+00:00
[2024-12-02T17:50:29.775+0000] {processor.py:208} INFO - Processing /home/airflow/.local/lib/python3.12/site-packages/airflow/example_dags/example_latest_only_with_trigger.py took 0.097 seconds
