[2024-12-02T17:46:10.184+0000] {processor.py:186} INFO - Started process (PID=119) to work on /home/airflow/.local/lib/python3.12/site-packages/airflow/example_dags/example_branch_operator.py
[2024-12-02T17:46:10.185+0000] {processor.py:914} INFO - Processing file /home/airflow/.local/lib/python3.12/site-packages/airflow/example_dags/example_branch_operator.py for tasks to queue
[2024-12-02T17:46:10.188+0000] {logging_mixin.py:190} INFO - [2024-12-02T17:46:10.188+0000] {dagbag.py:588} INFO - Filling up the DagBag from /home/airflow/.local/lib/python3.12/site-packages/airflow/example_dags/example_branch_operator.py
[2024-12-02T17:46:10.217+0000] {processor.py:925} INFO - DAG(s) 'example_branch_operator' retrieved from /home/airflow/.local/lib/python3.12/site-packages/airflow/example_dags/example_branch_operator.py
[2024-12-02T17:46:10.395+0000] {logging_mixin.py:190} INFO - [2024-12-02T17:46:10.395+0000] {override.py:1911} INFO - Created Permission View: can read on DAG:example_branch_operator
[2024-12-02T17:46:10.414+0000] {logging_mixin.py:190} INFO - [2024-12-02T17:46:10.414+0000] {override.py:1911} INFO - Created Permission View: can edit on DAG:example_branch_operator
[2024-12-02T17:46:10.424+0000] {logging_mixin.py:190} INFO - [2024-12-02T17:46:10.424+0000] {override.py:1911} INFO - Created Permission View: can delete on DAG:example_branch_operator
[2024-12-02T17:46:10.437+0000] {logging_mixin.py:190} INFO - [2024-12-02T17:46:10.437+0000] {override.py:1911} INFO - Created Permission View: can read on DAG Run:example_branch_operator
[2024-12-02T17:46:10.448+0000] {logging_mixin.py:190} INFO - [2024-12-02T17:46:10.447+0000] {override.py:1911} INFO - Created Permission View: can delete on DAG Run:example_branch_operator
[2024-12-02T17:46:10.457+0000] {logging_mixin.py:190} INFO - [2024-12-02T17:46:10.457+0000] {override.py:1911} INFO - Created Permission View: can create on DAG Run:example_branch_operator
[2024-12-02T17:46:10.468+0000] {logging_mixin.py:190} INFO - [2024-12-02T17:46:10.467+0000] {override.py:1911} INFO - Created Permission View: menu access on DAG Run:example_branch_operator
[2024-12-02T17:46:10.468+0000] {logging_mixin.py:190} INFO - [2024-12-02T17:46:10.468+0000] {dag.py:3239} INFO - Sync 1 DAGs
[2024-12-02T17:46:10.484+0000] {logging_mixin.py:190} INFO - [2024-12-02T17:46:10.484+0000] {dag.py:3262} INFO - Creating ORM DAG for example_branch_operator
[2024-12-02T17:46:10.496+0000] {logging_mixin.py:190} INFO - [2024-12-02T17:46:10.496+0000] {dag.py:4180} INFO - Setting next_dagrun for example_branch_operator to 2024-12-01 00:00:00+00:00, run_after=2024-12-02 00:00:00+00:00
[2024-12-02T17:46:10.524+0000] {processor.py:208} INFO - Processing /home/airflow/.local/lib/python3.12/site-packages/airflow/example_dags/example_branch_operator.py took 0.347 seconds
[2024-12-02T17:46:41.143+0000] {processor.py:186} INFO - Started process (PID=184) to work on /home/airflow/.local/lib/python3.12/site-packages/airflow/example_dags/example_branch_operator.py
[2024-12-02T17:46:41.144+0000] {processor.py:914} INFO - Processing file /home/airflow/.local/lib/python3.12/site-packages/airflow/example_dags/example_branch_operator.py for tasks to queue
[2024-12-02T17:46:41.147+0000] {logging_mixin.py:190} INFO - [2024-12-02T17:46:41.147+0000] {dagbag.py:588} INFO - Filling up the DagBag from /home/airflow/.local/lib/python3.12/site-packages/airflow/example_dags/example_branch_operator.py
[2024-12-02T17:46:41.176+0000] {processor.py:925} INFO - DAG(s) 'example_branch_operator' retrieved from /home/airflow/.local/lib/python3.12/site-packages/airflow/example_dags/example_branch_operator.py
[2024-12-02T17:46:41.217+0000] {logging_mixin.py:190} INFO - [2024-12-02T17:46:41.217+0000] {dag.py:3239} INFO - Sync 1 DAGs
[2024-12-02T17:46:41.249+0000] {logging_mixin.py:190} INFO - [2024-12-02T17:46:41.249+0000] {dag.py:4180} INFO - Setting next_dagrun for example_branch_operator to 2024-12-01 00:00:00+00:00, run_after=2024-12-02 00:00:00+00:00
[2024-12-02T17:46:41.271+0000] {processor.py:208} INFO - Processing /home/airflow/.local/lib/python3.12/site-packages/airflow/example_dags/example_branch_operator.py took 0.138 seconds
[2024-12-02T17:47:11.962+0000] {processor.py:186} INFO - Started process (PID=249) to work on /home/airflow/.local/lib/python3.12/site-packages/airflow/example_dags/example_branch_operator.py
[2024-12-02T17:47:11.963+0000] {processor.py:914} INFO - Processing file /home/airflow/.local/lib/python3.12/site-packages/airflow/example_dags/example_branch_operator.py for tasks to queue
[2024-12-02T17:47:11.965+0000] {logging_mixin.py:190} INFO - [2024-12-02T17:47:11.965+0000] {dagbag.py:588} INFO - Filling up the DagBag from /home/airflow/.local/lib/python3.12/site-packages/airflow/example_dags/example_branch_operator.py
[2024-12-02T17:47:11.987+0000] {processor.py:925} INFO - DAG(s) 'example_branch_operator' retrieved from /home/airflow/.local/lib/python3.12/site-packages/airflow/example_dags/example_branch_operator.py
[2024-12-02T17:47:12.021+0000] {logging_mixin.py:190} INFO - [2024-12-02T17:47:12.021+0000] {dag.py:3239} INFO - Sync 1 DAGs
[2024-12-02T17:47:12.054+0000] {logging_mixin.py:190} INFO - [2024-12-02T17:47:12.053+0000] {dag.py:4180} INFO - Setting next_dagrun for example_branch_operator to 2024-12-01 00:00:00+00:00, run_after=2024-12-02 00:00:00+00:00
[2024-12-02T17:47:12.077+0000] {processor.py:208} INFO - Processing /home/airflow/.local/lib/python3.12/site-packages/airflow/example_dags/example_branch_operator.py took 0.122 seconds
[2024-12-02T17:47:42.849+0000] {processor.py:186} INFO - Started process (PID=314) to work on /home/airflow/.local/lib/python3.12/site-packages/airflow/example_dags/example_branch_operator.py
[2024-12-02T17:47:42.850+0000] {processor.py:914} INFO - Processing file /home/airflow/.local/lib/python3.12/site-packages/airflow/example_dags/example_branch_operator.py for tasks to queue
[2024-12-02T17:47:42.852+0000] {logging_mixin.py:190} INFO - [2024-12-02T17:47:42.852+0000] {dagbag.py:588} INFO - Filling up the DagBag from /home/airflow/.local/lib/python3.12/site-packages/airflow/example_dags/example_branch_operator.py
[2024-12-02T17:47:42.878+0000] {processor.py:925} INFO - DAG(s) 'example_branch_operator' retrieved from /home/airflow/.local/lib/python3.12/site-packages/airflow/example_dags/example_branch_operator.py
[2024-12-02T17:47:42.910+0000] {logging_mixin.py:190} INFO - [2024-12-02T17:47:42.910+0000] {dag.py:3239} INFO - Sync 1 DAGs
[2024-12-02T17:47:42.937+0000] {logging_mixin.py:190} INFO - [2024-12-02T17:47:42.937+0000] {dag.py:4180} INFO - Setting next_dagrun for example_branch_operator to 2024-12-01 00:00:00+00:00, run_after=2024-12-02 00:00:00+00:00
[2024-12-02T17:47:42.958+0000] {processor.py:208} INFO - Processing /home/airflow/.local/lib/python3.12/site-packages/airflow/example_dags/example_branch_operator.py took 0.118 seconds
[2024-12-02T17:48:27.625+0000] {processor.py:186} INFO - Started process (PID=383) to work on /home/airflow/.local/lib/python3.12/site-packages/airflow/example_dags/example_branch_operator.py
[2024-12-02T17:48:27.627+0000] {processor.py:914} INFO - Processing file /home/airflow/.local/lib/python3.12/site-packages/airflow/example_dags/example_branch_operator.py for tasks to queue
[2024-12-02T17:48:27.635+0000] {logging_mixin.py:190} INFO - [2024-12-02T17:48:27.634+0000] {dagbag.py:588} INFO - Filling up the DagBag from /home/airflow/.local/lib/python3.12/site-packages/airflow/example_dags/example_branch_operator.py
[2024-12-02T17:48:27.779+0000] {processor.py:925} INFO - DAG(s) 'example_branch_operator' retrieved from /home/airflow/.local/lib/python3.12/site-packages/airflow/example_dags/example_branch_operator.py
[2024-12-02T17:48:27.872+0000] {logging_mixin.py:190} INFO - [2024-12-02T17:48:27.871+0000] {dag.py:3239} INFO - Sync 1 DAGs
[2024-12-02T17:48:27.938+0000] {logging_mixin.py:190} INFO - [2024-12-02T17:48:27.938+0000] {dag.py:4180} INFO - Setting next_dagrun for example_branch_operator to 2024-12-01 00:00:00+00:00, run_after=2024-12-02 00:00:00+00:00
[2024-12-02T17:48:27.973+0000] {processor.py:208} INFO - Processing /home/airflow/.local/lib/python3.12/site-packages/airflow/example_dags/example_branch_operator.py took 0.366 seconds
[2024-12-02T17:48:58.077+0000] {processor.py:186} INFO - Started process (PID=451) to work on /home/airflow/.local/lib/python3.12/site-packages/airflow/example_dags/example_branch_operator.py
[2024-12-02T17:48:58.079+0000] {processor.py:914} INFO - Processing file /home/airflow/.local/lib/python3.12/site-packages/airflow/example_dags/example_branch_operator.py for tasks to queue
[2024-12-02T17:48:58.082+0000] {logging_mixin.py:190} INFO - [2024-12-02T17:48:58.081+0000] {dagbag.py:588} INFO - Filling up the DagBag from /home/airflow/.local/lib/python3.12/site-packages/airflow/example_dags/example_branch_operator.py
[2024-12-02T17:48:58.124+0000] {processor.py:925} INFO - DAG(s) 'example_branch_operator' retrieved from /home/airflow/.local/lib/python3.12/site-packages/airflow/example_dags/example_branch_operator.py
[2024-12-02T17:48:58.191+0000] {logging_mixin.py:190} INFO - [2024-12-02T17:48:58.190+0000] {dag.py:3239} INFO - Sync 1 DAGs
[2024-12-02T17:48:58.237+0000] {logging_mixin.py:190} INFO - [2024-12-02T17:48:58.236+0000] {dag.py:4180} INFO - Setting next_dagrun for example_branch_operator to 2024-12-01 00:00:00+00:00, run_after=2024-12-02 00:00:00+00:00
[2024-12-02T17:48:58.269+0000] {processor.py:208} INFO - Processing /home/airflow/.local/lib/python3.12/site-packages/airflow/example_dags/example_branch_operator.py took 0.210 seconds
[2024-12-02T17:49:29.121+0000] {processor.py:186} INFO - Started process (PID=510) to work on /home/airflow/.local/lib/python3.12/site-packages/airflow/example_dags/example_branch_operator.py
[2024-12-02T17:49:29.121+0000] {processor.py:914} INFO - Processing file /home/airflow/.local/lib/python3.12/site-packages/airflow/example_dags/example_branch_operator.py for tasks to queue
[2024-12-02T17:49:29.123+0000] {logging_mixin.py:190} INFO - [2024-12-02T17:49:29.123+0000] {dagbag.py:588} INFO - Filling up the DagBag from /home/airflow/.local/lib/python3.12/site-packages/airflow/example_dags/example_branch_operator.py
[2024-12-02T17:49:29.145+0000] {processor.py:925} INFO - DAG(s) 'example_branch_operator' retrieved from /home/airflow/.local/lib/python3.12/site-packages/airflow/example_dags/example_branch_operator.py
[2024-12-02T17:49:29.181+0000] {logging_mixin.py:190} INFO - [2024-12-02T17:49:29.180+0000] {dag.py:3239} INFO - Sync 1 DAGs
[2024-12-02T17:49:29.209+0000] {logging_mixin.py:190} INFO - [2024-12-02T17:49:29.209+0000] {dag.py:4180} INFO - Setting next_dagrun for example_branch_operator to 2024-12-01 00:00:00+00:00, run_after=2024-12-02 00:00:00+00:00
[2024-12-02T17:49:29.233+0000] {processor.py:208} INFO - Processing /home/airflow/.local/lib/python3.12/site-packages/airflow/example_dags/example_branch_operator.py took 0.121 seconds
[2024-12-02T17:49:59.328+0000] {processor.py:186} INFO - Started process (PID=575) to work on /home/airflow/.local/lib/python3.12/site-packages/airflow/example_dags/example_branch_operator.py
[2024-12-02T17:49:59.329+0000] {processor.py:914} INFO - Processing file /home/airflow/.local/lib/python3.12/site-packages/airflow/example_dags/example_branch_operator.py for tasks to queue
[2024-12-02T17:49:59.332+0000] {logging_mixin.py:190} INFO - [2024-12-02T17:49:59.331+0000] {dagbag.py:588} INFO - Filling up the DagBag from /home/airflow/.local/lib/python3.12/site-packages/airflow/example_dags/example_branch_operator.py
[2024-12-02T17:49:59.362+0000] {processor.py:925} INFO - DAG(s) 'example_branch_operator' retrieved from /home/airflow/.local/lib/python3.12/site-packages/airflow/example_dags/example_branch_operator.py
[2024-12-02T17:49:59.414+0000] {logging_mixin.py:190} INFO - [2024-12-02T17:49:59.414+0000] {dag.py:3239} INFO - Sync 1 DAGs
[2024-12-02T17:49:59.456+0000] {logging_mixin.py:190} INFO - [2024-12-02T17:49:59.455+0000] {dag.py:4180} INFO - Setting next_dagrun for example_branch_operator to 2024-12-01 00:00:00+00:00, run_after=2024-12-02 00:00:00+00:00
[2024-12-02T17:49:59.486+0000] {processor.py:208} INFO - Processing /home/airflow/.local/lib/python3.12/site-packages/airflow/example_dags/example_branch_operator.py took 0.168 seconds
[2024-12-02T17:50:29.726+0000] {processor.py:186} INFO - Started process (PID=640) to work on /home/airflow/.local/lib/python3.12/site-packages/airflow/example_dags/example_branch_operator.py
[2024-12-02T17:50:29.727+0000] {processor.py:914} INFO - Processing file /home/airflow/.local/lib/python3.12/site-packages/airflow/example_dags/example_branch_operator.py for tasks to queue
[2024-12-02T17:50:29.730+0000] {logging_mixin.py:190} INFO - [2024-12-02T17:50:29.729+0000] {dagbag.py:588} INFO - Filling up the DagBag from /home/airflow/.local/lib/python3.12/site-packages/airflow/example_dags/example_branch_operator.py
[2024-12-02T17:50:29.752+0000] {processor.py:925} INFO - DAG(s) 'example_branch_operator' retrieved from /home/airflow/.local/lib/python3.12/site-packages/airflow/example_dags/example_branch_operator.py
[2024-12-02T17:50:29.791+0000] {logging_mixin.py:190} INFO - [2024-12-02T17:50:29.791+0000] {dag.py:3239} INFO - Sync 1 DAGs
[2024-12-02T17:50:29.830+0000] {logging_mixin.py:190} INFO - [2024-12-02T17:50:29.830+0000] {dag.py:4180} INFO - Setting next_dagrun for example_branch_operator to 2024-12-01 00:00:00+00:00, run_after=2024-12-02 00:00:00+00:00
[2024-12-02T17:50:29.857+0000] {processor.py:208} INFO - Processing /home/airflow/.local/lib/python3.12/site-packages/airflow/example_dags/example_branch_operator.py took 0.138 seconds
