[2024-12-02T17:46:09.047+0000] {processor.py:186} INFO - Started process (PID=112) to work on /home/airflow/.local/lib/python3.12/site-packages/airflow/example_dags/example_short_circuit_decorator.py
[2024-12-02T17:46:09.048+0000] {processor.py:914} INFO - Processing file /home/airflow/.local/lib/python3.12/site-packages/airflow/example_dags/example_short_circuit_decorator.py for tasks to queue
[2024-12-02T17:46:09.050+0000] {logging_mixin.py:190} INFO - [2024-12-02T17:46:09.049+0000] {dagbag.py:588} INFO - Filling up the DagBag from /home/airflow/.local/lib/python3.12/site-packages/airflow/example_dags/example_short_circuit_decorator.py
[2024-12-02T17:46:09.062+0000] {processor.py:925} INFO - DAG(s) 'example_short_circuit_decorator' retrieved from /home/airflow/.local/lib/python3.12/site-packages/airflow/example_dags/example_short_circuit_decorator.py
[2024-12-02T17:46:09.191+0000] {logging_mixin.py:190} INFO - [2024-12-02T17:46:09.191+0000] {override.py:1911} INFO - Created Permission View: can read on DAG:example_short_circuit_decorator
[2024-12-02T17:46:09.206+0000] {logging_mixin.py:190} INFO - [2024-12-02T17:46:09.206+0000] {override.py:1911} INFO - Created Permission View: can edit on DAG:example_short_circuit_decorator
[2024-12-02T17:46:09.215+0000] {logging_mixin.py:190} INFO - [2024-12-02T17:46:09.214+0000] {override.py:1911} INFO - Created Permission View: can delete on DAG:example_short_circuit_decorator
[2024-12-02T17:46:09.228+0000] {logging_mixin.py:190} INFO - [2024-12-02T17:46:09.227+0000] {override.py:1911} INFO - Created Permission View: can read on DAG Run:example_short_circuit_decorator
[2024-12-02T17:46:09.239+0000] {logging_mixin.py:190} INFO - [2024-12-02T17:46:09.239+0000] {override.py:1911} INFO - Created Permission View: can delete on DAG Run:example_short_circuit_decorator
[2024-12-02T17:46:09.251+0000] {logging_mixin.py:190} INFO - [2024-12-02T17:46:09.251+0000] {override.py:1911} INFO - Created Permission View: can create on DAG Run:example_short_circuit_decorator
[2024-12-02T17:46:09.262+0000] {logging_mixin.py:190} INFO - [2024-12-02T17:46:09.261+0000] {override.py:1911} INFO - Created Permission View: menu access on DAG Run:example_short_circuit_decorator
[2024-12-02T17:46:09.262+0000] {logging_mixin.py:190} INFO - [2024-12-02T17:46:09.262+0000] {dag.py:3239} INFO - Sync 1 DAGs
[2024-12-02T17:46:09.280+0000] {logging_mixin.py:190} INFO - [2024-12-02T17:46:09.280+0000] {dag.py:3262} INFO - Creating ORM DAG for example_short_circuit_decorator
[2024-12-02T17:46:09.281+0000] {logging_mixin.py:190} INFO - [2024-12-02T17:46:09.280+0000] {dag.py:4180} INFO - Setting next_dagrun for example_short_circuit_decorator to None, run_after=None
[2024-12-02T17:46:09.303+0000] {processor.py:208} INFO - Processing /home/airflow/.local/lib/python3.12/site-packages/airflow/example_dags/example_short_circuit_decorator.py took 0.265 seconds
[2024-12-02T17:46:39.446+0000] {processor.py:186} INFO - Started process (PID=177) to work on /home/airflow/.local/lib/python3.12/site-packages/airflow/example_dags/example_short_circuit_decorator.py
[2024-12-02T17:46:39.448+0000] {processor.py:914} INFO - Processing file /home/airflow/.local/lib/python3.12/site-packages/airflow/example_dags/example_short_circuit_decorator.py for tasks to queue
[2024-12-02T17:46:39.451+0000] {logging_mixin.py:190} INFO - [2024-12-02T17:46:39.450+0000] {dagbag.py:588} INFO - Filling up the DagBag from /home/airflow/.local/lib/python3.12/site-packages/airflow/example_dags/example_short_circuit_decorator.py
[2024-12-02T17:46:39.464+0000] {processor.py:925} INFO - DAG(s) 'example_short_circuit_decorator' retrieved from /home/airflow/.local/lib/python3.12/site-packages/airflow/example_dags/example_short_circuit_decorator.py
[2024-12-02T17:46:39.495+0000] {logging_mixin.py:190} INFO - [2024-12-02T17:46:39.495+0000] {dag.py:3239} INFO - Sync 1 DAGs
[2024-12-02T17:46:39.513+0000] {logging_mixin.py:190} INFO - [2024-12-02T17:46:39.512+0000] {dag.py:4180} INFO - Setting next_dagrun for example_short_circuit_decorator to None, run_after=None
[2024-12-02T17:46:39.536+0000] {processor.py:208} INFO - Processing /home/airflow/.local/lib/python3.12/site-packages/airflow/example_dags/example_short_circuit_decorator.py took 0.101 seconds
[2024-12-02T17:47:10.493+0000] {processor.py:186} INFO - Started process (PID=242) to work on /home/airflow/.local/lib/python3.12/site-packages/airflow/example_dags/example_short_circuit_decorator.py
[2024-12-02T17:47:10.494+0000] {processor.py:914} INFO - Processing file /home/airflow/.local/lib/python3.12/site-packages/airflow/example_dags/example_short_circuit_decorator.py for tasks to queue
[2024-12-02T17:47:10.497+0000] {logging_mixin.py:190} INFO - [2024-12-02T17:47:10.496+0000] {dagbag.py:588} INFO - Filling up the DagBag from /home/airflow/.local/lib/python3.12/site-packages/airflow/example_dags/example_short_circuit_decorator.py
[2024-12-02T17:47:10.514+0000] {processor.py:925} INFO - DAG(s) 'example_short_circuit_decorator' retrieved from /home/airflow/.local/lib/python3.12/site-packages/airflow/example_dags/example_short_circuit_decorator.py
[2024-12-02T17:47:10.547+0000] {logging_mixin.py:190} INFO - [2024-12-02T17:47:10.547+0000] {dag.py:3239} INFO - Sync 1 DAGs
[2024-12-02T17:47:10.570+0000] {logging_mixin.py:190} INFO - [2024-12-02T17:47:10.570+0000] {dag.py:4180} INFO - Setting next_dagrun for example_short_circuit_decorator to None, run_after=None
[2024-12-02T17:47:10.596+0000] {processor.py:208} INFO - Processing /home/airflow/.local/lib/python3.12/site-packages/airflow/example_dags/example_short_circuit_decorator.py took 0.113 seconds
[2024-12-02T17:47:41.078+0000] {processor.py:186} INFO - Started process (PID=307) to work on /home/airflow/.local/lib/python3.12/site-packages/airflow/example_dags/example_short_circuit_decorator.py
[2024-12-02T17:47:41.079+0000] {processor.py:914} INFO - Processing file /home/airflow/.local/lib/python3.12/site-packages/airflow/example_dags/example_short_circuit_decorator.py for tasks to queue
[2024-12-02T17:47:41.081+0000] {logging_mixin.py:190} INFO - [2024-12-02T17:47:41.081+0000] {dagbag.py:588} INFO - Filling up the DagBag from /home/airflow/.local/lib/python3.12/site-packages/airflow/example_dags/example_short_circuit_decorator.py
[2024-12-02T17:47:41.091+0000] {processor.py:925} INFO - DAG(s) 'example_short_circuit_decorator' retrieved from /home/airflow/.local/lib/python3.12/site-packages/airflow/example_dags/example_short_circuit_decorator.py
[2024-12-02T17:47:41.116+0000] {logging_mixin.py:190} INFO - [2024-12-02T17:47:41.116+0000] {dag.py:3239} INFO - Sync 1 DAGs
[2024-12-02T17:47:41.132+0000] {logging_mixin.py:190} INFO - [2024-12-02T17:47:41.132+0000] {dag.py:4180} INFO - Setting next_dagrun for example_short_circuit_decorator to None, run_after=None
[2024-12-02T17:47:41.150+0000] {processor.py:208} INFO - Processing /home/airflow/.local/lib/python3.12/site-packages/airflow/example_dags/example_short_circuit_decorator.py took 0.080 seconds
[2024-12-02T17:48:25.340+0000] {processor.py:186} INFO - Started process (PID=376) to work on /home/airflow/.local/lib/python3.12/site-packages/airflow/example_dags/example_short_circuit_decorator.py
[2024-12-02T17:48:25.344+0000] {processor.py:914} INFO - Processing file /home/airflow/.local/lib/python3.12/site-packages/airflow/example_dags/example_short_circuit_decorator.py for tasks to queue
[2024-12-02T17:48:25.352+0000] {logging_mixin.py:190} INFO - [2024-12-02T17:48:25.351+0000] {dagbag.py:588} INFO - Filling up the DagBag from /home/airflow/.local/lib/python3.12/site-packages/airflow/example_dags/example_short_circuit_decorator.py
[2024-12-02T17:48:25.395+0000] {processor.py:925} INFO - DAG(s) 'example_short_circuit_decorator' retrieved from /home/airflow/.local/lib/python3.12/site-packages/airflow/example_dags/example_short_circuit_decorator.py
[2024-12-02T17:48:25.469+0000] {logging_mixin.py:190} INFO - [2024-12-02T17:48:25.468+0000] {dag.py:3239} INFO - Sync 1 DAGs
[2024-12-02T17:48:25.505+0000] {logging_mixin.py:190} INFO - [2024-12-02T17:48:25.504+0000] {dag.py:4180} INFO - Setting next_dagrun for example_short_circuit_decorator to None, run_after=None
[2024-12-02T17:48:25.616+0000] {processor.py:208} INFO - Processing /home/airflow/.local/lib/python3.12/site-packages/airflow/example_dags/example_short_circuit_decorator.py took 0.295 seconds
[2024-12-02T17:48:56.161+0000] {processor.py:186} INFO - Started process (PID=444) to work on /home/airflow/.local/lib/python3.12/site-packages/airflow/example_dags/example_short_circuit_decorator.py
[2024-12-02T17:48:56.163+0000] {processor.py:914} INFO - Processing file /home/airflow/.local/lib/python3.12/site-packages/airflow/example_dags/example_short_circuit_decorator.py for tasks to queue
[2024-12-02T17:48:56.180+0000] {logging_mixin.py:190} INFO - [2024-12-02T17:48:56.180+0000] {dagbag.py:588} INFO - Filling up the DagBag from /home/airflow/.local/lib/python3.12/site-packages/airflow/example_dags/example_short_circuit_decorator.py
[2024-12-02T17:48:56.209+0000] {processor.py:925} INFO - DAG(s) 'example_short_circuit_decorator' retrieved from /home/airflow/.local/lib/python3.12/site-packages/airflow/example_dags/example_short_circuit_decorator.py
[2024-12-02T17:48:56.278+0000] {logging_mixin.py:190} INFO - [2024-12-02T17:48:56.277+0000] {dag.py:3239} INFO - Sync 1 DAGs
[2024-12-02T17:48:56.310+0000] {logging_mixin.py:190} INFO - [2024-12-02T17:48:56.310+0000] {dag.py:4180} INFO - Setting next_dagrun for example_short_circuit_decorator to None, run_after=None
[2024-12-02T17:48:56.357+0000] {processor.py:208} INFO - Processing /home/airflow/.local/lib/python3.12/site-packages/airflow/example_dags/example_short_circuit_decorator.py took 0.212 seconds
[2024-12-02T17:49:26.506+0000] {processor.py:186} INFO - Started process (PID=503) to work on /home/airflow/.local/lib/python3.12/site-packages/airflow/example_dags/example_short_circuit_decorator.py
[2024-12-02T17:49:26.507+0000] {processor.py:914} INFO - Processing file /home/airflow/.local/lib/python3.12/site-packages/airflow/example_dags/example_short_circuit_decorator.py for tasks to queue
[2024-12-02T17:49:26.511+0000] {logging_mixin.py:190} INFO - [2024-12-02T17:49:26.510+0000] {dagbag.py:588} INFO - Filling up the DagBag from /home/airflow/.local/lib/python3.12/site-packages/airflow/example_dags/example_short_circuit_decorator.py
[2024-12-02T17:49:26.525+0000] {processor.py:925} INFO - DAG(s) 'example_short_circuit_decorator' retrieved from /home/airflow/.local/lib/python3.12/site-packages/airflow/example_dags/example_short_circuit_decorator.py
[2024-12-02T17:49:26.564+0000] {logging_mixin.py:190} INFO - [2024-12-02T17:49:26.564+0000] {dag.py:3239} INFO - Sync 1 DAGs
[2024-12-02T17:49:26.586+0000] {logging_mixin.py:190} INFO - [2024-12-02T17:49:26.586+0000] {dag.py:4180} INFO - Setting next_dagrun for example_short_circuit_decorator to None, run_after=None
[2024-12-02T17:49:26.612+0000] {processor.py:208} INFO - Processing /home/airflow/.local/lib/python3.12/site-packages/airflow/example_dags/example_short_circuit_decorator.py took 0.116 seconds
[2024-12-02T17:49:56.773+0000] {processor.py:186} INFO - Started process (PID=568) to work on /home/airflow/.local/lib/python3.12/site-packages/airflow/example_dags/example_short_circuit_decorator.py
[2024-12-02T17:49:56.774+0000] {processor.py:914} INFO - Processing file /home/airflow/.local/lib/python3.12/site-packages/airflow/example_dags/example_short_circuit_decorator.py for tasks to queue
[2024-12-02T17:49:56.777+0000] {logging_mixin.py:190} INFO - [2024-12-02T17:49:56.776+0000] {dagbag.py:588} INFO - Filling up the DagBag from /home/airflow/.local/lib/python3.12/site-packages/airflow/example_dags/example_short_circuit_decorator.py
[2024-12-02T17:49:56.791+0000] {processor.py:925} INFO - DAG(s) 'example_short_circuit_decorator' retrieved from /home/airflow/.local/lib/python3.12/site-packages/airflow/example_dags/example_short_circuit_decorator.py
[2024-12-02T17:49:56.825+0000] {logging_mixin.py:190} INFO - [2024-12-02T17:49:56.825+0000] {dag.py:3239} INFO - Sync 1 DAGs
[2024-12-02T17:49:56.847+0000] {logging_mixin.py:190} INFO - [2024-12-02T17:49:56.846+0000] {dag.py:4180} INFO - Setting next_dagrun for example_short_circuit_decorator to None, run_after=None
[2024-12-02T17:49:56.869+0000] {processor.py:208} INFO - Processing /home/airflow/.local/lib/python3.12/site-packages/airflow/example_dags/example_short_circuit_decorator.py took 0.105 seconds
[2024-12-02T17:50:27.138+0000] {processor.py:186} INFO - Started process (PID=633) to work on /home/airflow/.local/lib/python3.12/site-packages/airflow/example_dags/example_short_circuit_decorator.py
[2024-12-02T17:50:27.139+0000] {processor.py:914} INFO - Processing file /home/airflow/.local/lib/python3.12/site-packages/airflow/example_dags/example_short_circuit_decorator.py for tasks to queue
[2024-12-02T17:50:27.141+0000] {logging_mixin.py:190} INFO - [2024-12-02T17:50:27.141+0000] {dagbag.py:588} INFO - Filling up the DagBag from /home/airflow/.local/lib/python3.12/site-packages/airflow/example_dags/example_short_circuit_decorator.py
[2024-12-02T17:50:27.152+0000] {processor.py:925} INFO - DAG(s) 'example_short_circuit_decorator' retrieved from /home/airflow/.local/lib/python3.12/site-packages/airflow/example_dags/example_short_circuit_decorator.py
[2024-12-02T17:50:27.177+0000] {logging_mixin.py:190} INFO - [2024-12-02T17:50:27.176+0000] {dag.py:3239} INFO - Sync 1 DAGs
[2024-12-02T17:50:27.192+0000] {logging_mixin.py:190} INFO - [2024-12-02T17:50:27.192+0000] {dag.py:4180} INFO - Setting next_dagrun for example_short_circuit_decorator to None, run_after=None
[2024-12-02T17:50:27.215+0000] {processor.py:208} INFO - Processing /home/airflow/.local/lib/python3.12/site-packages/airflow/example_dags/example_short_circuit_decorator.py took 0.086 seconds
