[2024-12-02T17:46:03.484+0000] {processor.py:186} INFO - Started process (PID=88) to work on /home/airflow/.local/lib/python3.12/site-packages/airflow/example_dags/example_dataset_alias_with_no_taskflow.py
[2024-12-02T17:46:03.485+0000] {processor.py:914} INFO - Processing file /home/airflow/.local/lib/python3.12/site-packages/airflow/example_dags/example_dataset_alias_with_no_taskflow.py for tasks to queue
[2024-12-02T17:46:03.488+0000] {logging_mixin.py:190} INFO - [2024-12-02T17:46:03.487+0000] {dagbag.py:588} INFO - Filling up the DagBag from /home/airflow/.local/lib/python3.12/site-packages/airflow/example_dags/example_dataset_alias_with_no_taskflow.py
[2024-12-02T17:46:04.369+0000] {processor.py:925} INFO - DAG(s) 'dataset_s3_bucket_producer_with_no_taskflow', 'dataset_s3_bucket_consumer_with_no_taskflow', 'dataset_alias_example_alias_consumer_with_no_taskflow', 'dataset_alias_example_alias_producer_with_no_taskflow' retrieved from /home/airflow/.local/lib/python3.12/site-packages/airflow/example_dags/example_dataset_alias_with_no_taskflow.py
[2024-12-02T17:46:04.527+0000] {logging_mixin.py:190} INFO - [2024-12-02T17:46:04.526+0000] {override.py:1911} INFO - Created Permission View: can read on DAG:dataset_s3_bucket_producer_with_no_taskflow
[2024-12-02T17:46:04.545+0000] {logging_mixin.py:190} INFO - [2024-12-02T17:46:04.545+0000] {override.py:1911} INFO - Created Permission View: can edit on DAG:dataset_s3_bucket_producer_with_no_taskflow
[2024-12-02T17:46:04.555+0000] {logging_mixin.py:190} INFO - [2024-12-02T17:46:04.555+0000] {override.py:1911} INFO - Created Permission View: can delete on DAG:dataset_s3_bucket_producer_with_no_taskflow
[2024-12-02T17:46:04.568+0000] {logging_mixin.py:190} INFO - [2024-12-02T17:46:04.568+0000] {override.py:1911} INFO - Created Permission View: can read on DAG Run:dataset_s3_bucket_producer_with_no_taskflow
[2024-12-02T17:46:04.581+0000] {logging_mixin.py:190} INFO - [2024-12-02T17:46:04.580+0000] {override.py:1911} INFO - Created Permission View: can delete on DAG Run:dataset_s3_bucket_producer_with_no_taskflow
[2024-12-02T17:46:04.592+0000] {logging_mixin.py:190} INFO - [2024-12-02T17:46:04.592+0000] {override.py:1911} INFO - Created Permission View: can create on DAG Run:dataset_s3_bucket_producer_with_no_taskflow
[2024-12-02T17:46:04.604+0000] {logging_mixin.py:190} INFO - [2024-12-02T17:46:04.603+0000] {override.py:1911} INFO - Created Permission View: menu access on DAG Run:dataset_s3_bucket_producer_with_no_taskflow
[2024-12-02T17:46:04.622+0000] {logging_mixin.py:190} INFO - [2024-12-02T17:46:04.622+0000] {override.py:1911} INFO - Created Permission View: can read on DAG:dataset_s3_bucket_consumer_with_no_taskflow
[2024-12-02T17:46:04.632+0000] {logging_mixin.py:190} INFO - [2024-12-02T17:46:04.632+0000] {override.py:1911} INFO - Created Permission View: can edit on DAG:dataset_s3_bucket_consumer_with_no_taskflow
[2024-12-02T17:46:04.645+0000] {logging_mixin.py:190} INFO - [2024-12-02T17:46:04.645+0000] {override.py:1911} INFO - Created Permission View: can delete on DAG:dataset_s3_bucket_consumer_with_no_taskflow
[2024-12-02T17:46:04.666+0000] {logging_mixin.py:190} INFO - [2024-12-02T17:46:04.666+0000] {override.py:1911} INFO - Created Permission View: can read on DAG Run:dataset_s3_bucket_consumer_with_no_taskflow
[2024-12-02T17:46:04.675+0000] {logging_mixin.py:190} INFO - [2024-12-02T17:46:04.675+0000] {override.py:1911} INFO - Created Permission View: can delete on DAG Run:dataset_s3_bucket_consumer_with_no_taskflow
[2024-12-02T17:46:04.686+0000] {logging_mixin.py:190} INFO - [2024-12-02T17:46:04.685+0000] {override.py:1911} INFO - Created Permission View: can create on DAG Run:dataset_s3_bucket_consumer_with_no_taskflow
[2024-12-02T17:46:04.696+0000] {logging_mixin.py:190} INFO - [2024-12-02T17:46:04.695+0000] {override.py:1911} INFO - Created Permission View: menu access on DAG Run:dataset_s3_bucket_consumer_with_no_taskflow
[2024-12-02T17:46:04.727+0000] {logging_mixin.py:190} INFO - [2024-12-02T17:46:04.726+0000] {override.py:1911} INFO - Created Permission View: can read on DAG:dataset_alias_example_alias_consumer_with_no_taskflow
[2024-12-02T17:46:04.743+0000] {logging_mixin.py:190} INFO - [2024-12-02T17:46:04.742+0000] {override.py:1911} INFO - Created Permission View: can edit on DAG:dataset_alias_example_alias_consumer_with_no_taskflow
[2024-12-02T17:46:04.759+0000] {logging_mixin.py:190} INFO - [2024-12-02T17:46:04.758+0000] {override.py:1911} INFO - Created Permission View: can delete on DAG:dataset_alias_example_alias_consumer_with_no_taskflow
[2024-12-02T17:46:04.773+0000] {logging_mixin.py:190} INFO - [2024-12-02T17:46:04.772+0000] {override.py:1911} INFO - Created Permission View: can read on DAG Run:dataset_alias_example_alias_consumer_with_no_taskflow
[2024-12-02T17:46:04.787+0000] {logging_mixin.py:190} INFO - [2024-12-02T17:46:04.786+0000] {override.py:1911} INFO - Created Permission View: can delete on DAG Run:dataset_alias_example_alias_consumer_with_no_taskflow
[2024-12-02T17:46:04.798+0000] {logging_mixin.py:190} INFO - [2024-12-02T17:46:04.798+0000] {override.py:1911} INFO - Created Permission View: can create on DAG Run:dataset_alias_example_alias_consumer_with_no_taskflow
[2024-12-02T17:46:04.810+0000] {logging_mixin.py:190} INFO - [2024-12-02T17:46:04.810+0000] {override.py:1911} INFO - Created Permission View: menu access on DAG Run:dataset_alias_example_alias_consumer_with_no_taskflow
[2024-12-02T17:46:04.834+0000] {logging_mixin.py:190} INFO - [2024-12-02T17:46:04.834+0000] {override.py:1911} INFO - Created Permission View: can read on DAG:dataset_alias_example_alias_producer_with_no_taskflow
[2024-12-02T17:46:04.844+0000] {logging_mixin.py:190} INFO - [2024-12-02T17:46:04.844+0000] {override.py:1911} INFO - Created Permission View: can edit on DAG:dataset_alias_example_alias_producer_with_no_taskflow
[2024-12-02T17:46:04.854+0000] {logging_mixin.py:190} INFO - [2024-12-02T17:46:04.853+0000] {override.py:1911} INFO - Created Permission View: can delete on DAG:dataset_alias_example_alias_producer_with_no_taskflow
[2024-12-02T17:46:04.866+0000] {logging_mixin.py:190} INFO - [2024-12-02T17:46:04.866+0000] {override.py:1911} INFO - Created Permission View: can read on DAG Run:dataset_alias_example_alias_producer_with_no_taskflow
[2024-12-02T17:46:04.876+0000] {logging_mixin.py:190} INFO - [2024-12-02T17:46:04.875+0000] {override.py:1911} INFO - Created Permission View: can delete on DAG Run:dataset_alias_example_alias_producer_with_no_taskflow
[2024-12-02T17:46:04.887+0000] {logging_mixin.py:190} INFO - [2024-12-02T17:46:04.887+0000] {override.py:1911} INFO - Created Permission View: can create on DAG Run:dataset_alias_example_alias_producer_with_no_taskflow
[2024-12-02T17:46:04.901+0000] {logging_mixin.py:190} INFO - [2024-12-02T17:46:04.901+0000] {override.py:1911} INFO - Created Permission View: menu access on DAG Run:dataset_alias_example_alias_producer_with_no_taskflow
[2024-12-02T17:46:04.903+0000] {logging_mixin.py:190} INFO - [2024-12-02T17:46:04.902+0000] {dag.py:3239} INFO - Sync 4 DAGs
[2024-12-02T17:46:04.921+0000] {logging_mixin.py:190} INFO - [2024-12-02T17:46:04.920+0000] {dag.py:3262} INFO - Creating ORM DAG for dataset_alias_example_alias_consumer_with_no_taskflow
[2024-12-02T17:46:04.922+0000] {logging_mixin.py:190} INFO - [2024-12-02T17:46:04.922+0000] {dag.py:3262} INFO - Creating ORM DAG for dataset_s3_bucket_producer_with_no_taskflow
[2024-12-02T17:46:04.922+0000] {logging_mixin.py:190} INFO - [2024-12-02T17:46:04.922+0000] {dag.py:3262} INFO - Creating ORM DAG for dataset_alias_example_alias_producer_with_no_taskflow
[2024-12-02T17:46:04.923+0000] {logging_mixin.py:190} INFO - [2024-12-02T17:46:04.923+0000] {dag.py:3262} INFO - Creating ORM DAG for dataset_s3_bucket_consumer_with_no_taskflow
[2024-12-02T17:46:04.933+0000] {logging_mixin.py:190} INFO - [2024-12-02T17:46:04.933+0000] {dag.py:4180} INFO - Setting next_dagrun for dataset_alias_example_alias_consumer_with_no_taskflow to None, run_after=None
[2024-12-02T17:46:04.934+0000] {logging_mixin.py:190} INFO - [2024-12-02T17:46:04.934+0000] {dag.py:4180} INFO - Setting next_dagrun for dataset_alias_example_alias_producer_with_no_taskflow to None, run_after=None
[2024-12-02T17:46:04.935+0000] {logging_mixin.py:190} INFO - [2024-12-02T17:46:04.934+0000] {dag.py:4180} INFO - Setting next_dagrun for dataset_s3_bucket_consumer_with_no_taskflow to None, run_after=None
[2024-12-02T17:46:04.935+0000] {logging_mixin.py:190} INFO - [2024-12-02T17:46:04.935+0000] {dag.py:4180} INFO - Setting next_dagrun for dataset_s3_bucket_producer_with_no_taskflow to None, run_after=None
[2024-12-02T17:46:04.973+0000] {processor.py:208} INFO - Processing /home/airflow/.local/lib/python3.12/site-packages/airflow/example_dags/example_dataset_alias_with_no_taskflow.py took 1.499 seconds
[2024-12-02T17:46:35.437+0000] {processor.py:186} INFO - Started process (PID=153) to work on /home/airflow/.local/lib/python3.12/site-packages/airflow/example_dags/example_dataset_alias_with_no_taskflow.py
[2024-12-02T17:46:35.442+0000] {processor.py:914} INFO - Processing file /home/airflow/.local/lib/python3.12/site-packages/airflow/example_dags/example_dataset_alias_with_no_taskflow.py for tasks to queue
[2024-12-02T17:46:35.445+0000] {logging_mixin.py:190} INFO - [2024-12-02T17:46:35.444+0000] {dagbag.py:588} INFO - Filling up the DagBag from /home/airflow/.local/lib/python3.12/site-packages/airflow/example_dags/example_dataset_alias_with_no_taskflow.py
[2024-12-02T17:46:36.271+0000] {processor.py:925} INFO - DAG(s) 'dataset_s3_bucket_producer_with_no_taskflow', 'dataset_alias_example_alias_producer_with_no_taskflow', 'dataset_alias_example_alias_consumer_with_no_taskflow', 'dataset_s3_bucket_consumer_with_no_taskflow' retrieved from /home/airflow/.local/lib/python3.12/site-packages/airflow/example_dags/example_dataset_alias_with_no_taskflow.py
[2024-12-02T17:46:36.296+0000] {logging_mixin.py:190} INFO - [2024-12-02T17:46:36.296+0000] {dag.py:3239} INFO - Sync 4 DAGs
[2024-12-02T17:46:36.322+0000] {logging_mixin.py:190} INFO - [2024-12-02T17:46:36.322+0000] {dag.py:4180} INFO - Setting next_dagrun for dataset_alias_example_alias_consumer_with_no_taskflow to None, run_after=None
[2024-12-02T17:46:36.325+0000] {logging_mixin.py:190} INFO - [2024-12-02T17:46:36.324+0000] {dag.py:4180} INFO - Setting next_dagrun for dataset_alias_example_alias_producer_with_no_taskflow to None, run_after=None
[2024-12-02T17:46:36.326+0000] {logging_mixin.py:190} INFO - [2024-12-02T17:46:36.326+0000] {dag.py:4180} INFO - Setting next_dagrun for dataset_s3_bucket_consumer_with_no_taskflow to None, run_after=None
[2024-12-02T17:46:36.328+0000] {logging_mixin.py:190} INFO - [2024-12-02T17:46:36.328+0000] {dag.py:4180} INFO - Setting next_dagrun for dataset_s3_bucket_producer_with_no_taskflow to None, run_after=None
[2024-12-02T17:46:36.354+0000] {processor.py:208} INFO - Processing /home/airflow/.local/lib/python3.12/site-packages/airflow/example_dags/example_dataset_alias_with_no_taskflow.py took 0.928 seconds
[2024-12-02T17:47:06.706+0000] {processor.py:186} INFO - Started process (PID=218) to work on /home/airflow/.local/lib/python3.12/site-packages/airflow/example_dags/example_dataset_alias_with_no_taskflow.py
[2024-12-02T17:47:06.711+0000] {processor.py:914} INFO - Processing file /home/airflow/.local/lib/python3.12/site-packages/airflow/example_dags/example_dataset_alias_with_no_taskflow.py for tasks to queue
[2024-12-02T17:47:06.714+0000] {logging_mixin.py:190} INFO - [2024-12-02T17:47:06.713+0000] {dagbag.py:588} INFO - Filling up the DagBag from /home/airflow/.local/lib/python3.12/site-packages/airflow/example_dags/example_dataset_alias_with_no_taskflow.py
[2024-12-02T17:47:07.520+0000] {processor.py:925} INFO - DAG(s) 'dataset_alias_example_alias_producer_with_no_taskflow', 'dataset_s3_bucket_producer_with_no_taskflow', 'dataset_s3_bucket_consumer_with_no_taskflow', 'dataset_alias_example_alias_consumer_with_no_taskflow' retrieved from /home/airflow/.local/lib/python3.12/site-packages/airflow/example_dags/example_dataset_alias_with_no_taskflow.py
[2024-12-02T17:47:07.549+0000] {logging_mixin.py:190} INFO - [2024-12-02T17:47:07.548+0000] {dag.py:3239} INFO - Sync 4 DAGs
[2024-12-02T17:47:07.583+0000] {logging_mixin.py:190} INFO - [2024-12-02T17:47:07.583+0000] {dag.py:4180} INFO - Setting next_dagrun for dataset_alias_example_alias_consumer_with_no_taskflow to None, run_after=None
[2024-12-02T17:47:07.586+0000] {logging_mixin.py:190} INFO - [2024-12-02T17:47:07.586+0000] {dag.py:4180} INFO - Setting next_dagrun for dataset_alias_example_alias_producer_with_no_taskflow to None, run_after=None
[2024-12-02T17:47:07.588+0000] {logging_mixin.py:190} INFO - [2024-12-02T17:47:07.588+0000] {dag.py:4180} INFO - Setting next_dagrun for dataset_s3_bucket_consumer_with_no_taskflow to None, run_after=None
[2024-12-02T17:47:07.590+0000] {logging_mixin.py:190} INFO - [2024-12-02T17:47:07.590+0000] {dag.py:4180} INFO - Setting next_dagrun for dataset_s3_bucket_producer_with_no_taskflow to None, run_after=None
[2024-12-02T17:47:07.619+0000] {processor.py:208} INFO - Processing /home/airflow/.local/lib/python3.12/site-packages/airflow/example_dags/example_dataset_alias_with_no_taskflow.py took 0.922 seconds
[2024-12-02T17:47:37.803+0000] {processor.py:186} INFO - Started process (PID=284) to work on /home/airflow/.local/lib/python3.12/site-packages/airflow/example_dags/example_dataset_alias_with_no_taskflow.py
[2024-12-02T17:47:37.807+0000] {processor.py:914} INFO - Processing file /home/airflow/.local/lib/python3.12/site-packages/airflow/example_dags/example_dataset_alias_with_no_taskflow.py for tasks to queue
[2024-12-02T17:47:37.811+0000] {logging_mixin.py:190} INFO - [2024-12-02T17:47:37.810+0000] {dagbag.py:588} INFO - Filling up the DagBag from /home/airflow/.local/lib/python3.12/site-packages/airflow/example_dags/example_dataset_alias_with_no_taskflow.py
[2024-12-02T17:47:38.586+0000] {processor.py:925} INFO - DAG(s) 'dataset_s3_bucket_consumer_with_no_taskflow', 'dataset_alias_example_alias_producer_with_no_taskflow', 'dataset_s3_bucket_producer_with_no_taskflow', 'dataset_alias_example_alias_consumer_with_no_taskflow' retrieved from /home/airflow/.local/lib/python3.12/site-packages/airflow/example_dags/example_dataset_alias_with_no_taskflow.py
[2024-12-02T17:47:38.620+0000] {logging_mixin.py:190} INFO - [2024-12-02T17:47:38.619+0000] {dag.py:3239} INFO - Sync 4 DAGs
[2024-12-02T17:47:38.658+0000] {logging_mixin.py:190} INFO - [2024-12-02T17:47:38.657+0000] {dag.py:4180} INFO - Setting next_dagrun for dataset_alias_example_alias_consumer_with_no_taskflow to None, run_after=None
[2024-12-02T17:47:38.662+0000] {logging_mixin.py:190} INFO - [2024-12-02T17:47:38.661+0000] {dag.py:4180} INFO - Setting next_dagrun for dataset_alias_example_alias_producer_with_no_taskflow to None, run_after=None
[2024-12-02T17:47:38.663+0000] {logging_mixin.py:190} INFO - [2024-12-02T17:47:38.663+0000] {dag.py:4180} INFO - Setting next_dagrun for dataset_s3_bucket_consumer_with_no_taskflow to None, run_after=None
[2024-12-02T17:47:38.665+0000] {logging_mixin.py:190} INFO - [2024-12-02T17:47:38.665+0000] {dag.py:4180} INFO - Setting next_dagrun for dataset_s3_bucket_producer_with_no_taskflow to None, run_after=None
[2024-12-02T17:47:38.695+0000] {processor.py:208} INFO - Processing /home/airflow/.local/lib/python3.12/site-packages/airflow/example_dags/example_dataset_alias_with_no_taskflow.py took 0.899 seconds
[2024-12-02T17:48:09.428+0000] {processor.py:186} INFO - Started process (PID=352) to work on /home/airflow/.local/lib/python3.12/site-packages/airflow/example_dags/example_dataset_alias_with_no_taskflow.py
[2024-12-02T17:48:09.438+0000] {processor.py:914} INFO - Processing file /home/airflow/.local/lib/python3.12/site-packages/airflow/example_dags/example_dataset_alias_with_no_taskflow.py for tasks to queue
[2024-12-02T17:48:09.443+0000] {logging_mixin.py:190} INFO - [2024-12-02T17:48:09.442+0000] {dagbag.py:588} INFO - Filling up the DagBag from /home/airflow/.local/lib/python3.12/site-packages/airflow/example_dags/example_dataset_alias_with_no_taskflow.py
[2024-12-02T17:48:13.158+0000] {processor.py:925} INFO - DAG(s) 'dataset_s3_bucket_producer_with_no_taskflow', 'dataset_s3_bucket_consumer_with_no_taskflow', 'dataset_alias_example_alias_producer_with_no_taskflow', 'dataset_alias_example_alias_consumer_with_no_taskflow' retrieved from /home/airflow/.local/lib/python3.12/site-packages/airflow/example_dags/example_dataset_alias_with_no_taskflow.py
[2024-12-02T17:48:13.264+0000] {logging_mixin.py:190} INFO - [2024-12-02T17:48:13.263+0000] {dag.py:3239} INFO - Sync 4 DAGs
[2024-12-02T17:48:13.335+0000] {logging_mixin.py:190} INFO - [2024-12-02T17:48:13.335+0000] {dag.py:4180} INFO - Setting next_dagrun for dataset_alias_example_alias_consumer_with_no_taskflow to None, run_after=None
[2024-12-02T17:48:13.347+0000] {logging_mixin.py:190} INFO - [2024-12-02T17:48:13.347+0000] {dag.py:4180} INFO - Setting next_dagrun for dataset_alias_example_alias_producer_with_no_taskflow to None, run_after=None
[2024-12-02T17:48:13.354+0000] {logging_mixin.py:190} INFO - [2024-12-02T17:48:13.354+0000] {dag.py:4180} INFO - Setting next_dagrun for dataset_s3_bucket_consumer_with_no_taskflow to None, run_after=None
[2024-12-02T17:48:13.357+0000] {logging_mixin.py:190} INFO - [2024-12-02T17:48:13.356+0000] {dag.py:4180} INFO - Setting next_dagrun for dataset_s3_bucket_producer_with_no_taskflow to None, run_after=None
[2024-12-02T17:48:13.436+0000] {processor.py:208} INFO - Processing /home/airflow/.local/lib/python3.12/site-packages/airflow/example_dags/example_dataset_alias_with_no_taskflow.py took 4.067 seconds
[2024-12-02T17:48:43.831+0000] {processor.py:186} INFO - Started process (PID=420) to work on /home/airflow/.local/lib/python3.12/site-packages/airflow/example_dags/example_dataset_alias_with_no_taskflow.py
[2024-12-02T17:48:43.835+0000] {processor.py:914} INFO - Processing file /home/airflow/.local/lib/python3.12/site-packages/airflow/example_dags/example_dataset_alias_with_no_taskflow.py for tasks to queue
[2024-12-02T17:48:43.850+0000] {logging_mixin.py:190} INFO - [2024-12-02T17:48:43.845+0000] {dagbag.py:588} INFO - Filling up the DagBag from /home/airflow/.local/lib/python3.12/site-packages/airflow/example_dags/example_dataset_alias_with_no_taskflow.py
[2024-12-02T17:48:46.312+0000] {processor.py:925} INFO - DAG(s) 'dataset_s3_bucket_consumer_with_no_taskflow', 'dataset_alias_example_alias_consumer_with_no_taskflow', 'dataset_s3_bucket_producer_with_no_taskflow', 'dataset_alias_example_alias_producer_with_no_taskflow' retrieved from /home/airflow/.local/lib/python3.12/site-packages/airflow/example_dags/example_dataset_alias_with_no_taskflow.py
[2024-12-02T17:48:46.361+0000] {logging_mixin.py:190} INFO - [2024-12-02T17:48:46.360+0000] {dag.py:3239} INFO - Sync 4 DAGs
[2024-12-02T17:48:46.421+0000] {logging_mixin.py:190} INFO - [2024-12-02T17:48:46.421+0000] {dag.py:4180} INFO - Setting next_dagrun for dataset_alias_example_alias_consumer_with_no_taskflow to None, run_after=None
[2024-12-02T17:48:46.430+0000] {logging_mixin.py:190} INFO - [2024-12-02T17:48:46.429+0000] {dag.py:4180} INFO - Setting next_dagrun for dataset_alias_example_alias_producer_with_no_taskflow to None, run_after=None
[2024-12-02T17:48:46.433+0000] {logging_mixin.py:190} INFO - [2024-12-02T17:48:46.432+0000] {dag.py:4180} INFO - Setting next_dagrun for dataset_s3_bucket_consumer_with_no_taskflow to None, run_after=None
[2024-12-02T17:48:46.435+0000] {logging_mixin.py:190} INFO - [2024-12-02T17:48:46.435+0000] {dag.py:4180} INFO - Setting next_dagrun for dataset_s3_bucket_producer_with_no_taskflow to None, run_after=None
[2024-12-02T17:48:46.507+0000] {processor.py:208} INFO - Processing /home/airflow/.local/lib/python3.12/site-packages/airflow/example_dags/example_dataset_alias_with_no_taskflow.py took 2.713 seconds
[2024-12-02T17:49:17.457+0000] {processor.py:186} INFO - Started process (PID=479) to work on /home/airflow/.local/lib/python3.12/site-packages/airflow/example_dags/example_dataset_alias_with_no_taskflow.py
[2024-12-02T17:49:17.458+0000] {processor.py:914} INFO - Processing file /home/airflow/.local/lib/python3.12/site-packages/airflow/example_dags/example_dataset_alias_with_no_taskflow.py for tasks to queue
[2024-12-02T17:49:17.461+0000] {logging_mixin.py:190} INFO - [2024-12-02T17:49:17.461+0000] {dagbag.py:588} INFO - Filling up the DagBag from /home/airflow/.local/lib/python3.12/site-packages/airflow/example_dags/example_dataset_alias_with_no_taskflow.py
[2024-12-02T17:49:18.358+0000] {processor.py:925} INFO - DAG(s) 'dataset_alias_example_alias_producer_with_no_taskflow', 'dataset_alias_example_alias_consumer_with_no_taskflow', 'dataset_s3_bucket_consumer_with_no_taskflow', 'dataset_s3_bucket_producer_with_no_taskflow' retrieved from /home/airflow/.local/lib/python3.12/site-packages/airflow/example_dags/example_dataset_alias_with_no_taskflow.py
[2024-12-02T17:49:18.393+0000] {logging_mixin.py:190} INFO - [2024-12-02T17:49:18.392+0000] {dag.py:3239} INFO - Sync 4 DAGs
[2024-12-02T17:49:18.429+0000] {logging_mixin.py:190} INFO - [2024-12-02T17:49:18.429+0000] {dag.py:4180} INFO - Setting next_dagrun for dataset_alias_example_alias_consumer_with_no_taskflow to None, run_after=None
[2024-12-02T17:49:18.434+0000] {logging_mixin.py:190} INFO - [2024-12-02T17:49:18.433+0000] {dag.py:4180} INFO - Setting next_dagrun for dataset_alias_example_alias_producer_with_no_taskflow to None, run_after=None
[2024-12-02T17:49:18.437+0000] {logging_mixin.py:190} INFO - [2024-12-02T17:49:18.436+0000] {dag.py:4180} INFO - Setting next_dagrun for dataset_s3_bucket_consumer_with_no_taskflow to None, run_after=None
[2024-12-02T17:49:18.438+0000] {logging_mixin.py:190} INFO - [2024-12-02T17:49:18.438+0000] {dag.py:4180} INFO - Setting next_dagrun for dataset_s3_bucket_producer_with_no_taskflow to None, run_after=None
[2024-12-02T17:49:18.469+0000] {processor.py:208} INFO - Processing /home/airflow/.local/lib/python3.12/site-packages/airflow/example_dags/example_dataset_alias_with_no_taskflow.py took 1.021 seconds
[2024-12-02T17:49:48.747+0000] {processor.py:186} INFO - Started process (PID=544) to work on /home/airflow/.local/lib/python3.12/site-packages/airflow/example_dags/example_dataset_alias_with_no_taskflow.py
[2024-12-02T17:49:48.748+0000] {processor.py:914} INFO - Processing file /home/airflow/.local/lib/python3.12/site-packages/airflow/example_dags/example_dataset_alias_with_no_taskflow.py for tasks to queue
[2024-12-02T17:49:48.751+0000] {logging_mixin.py:190} INFO - [2024-12-02T17:49:48.750+0000] {dagbag.py:588} INFO - Filling up the DagBag from /home/airflow/.local/lib/python3.12/site-packages/airflow/example_dags/example_dataset_alias_with_no_taskflow.py
[2024-12-02T17:49:49.759+0000] {processor.py:925} INFO - DAG(s) 'dataset_s3_bucket_consumer_with_no_taskflow', 'dataset_alias_example_alias_consumer_with_no_taskflow', 'dataset_s3_bucket_producer_with_no_taskflow', 'dataset_alias_example_alias_producer_with_no_taskflow' retrieved from /home/airflow/.local/lib/python3.12/site-packages/airflow/example_dags/example_dataset_alias_with_no_taskflow.py
[2024-12-02T17:49:49.785+0000] {logging_mixin.py:190} INFO - [2024-12-02T17:49:49.785+0000] {dag.py:3239} INFO - Sync 4 DAGs
[2024-12-02T17:49:49.815+0000] {logging_mixin.py:190} INFO - [2024-12-02T17:49:49.815+0000] {dag.py:4180} INFO - Setting next_dagrun for dataset_alias_example_alias_consumer_with_no_taskflow to None, run_after=None
[2024-12-02T17:49:49.819+0000] {logging_mixin.py:190} INFO - [2024-12-02T17:49:49.818+0000] {dag.py:4180} INFO - Setting next_dagrun for dataset_alias_example_alias_producer_with_no_taskflow to None, run_after=None
[2024-12-02T17:49:49.821+0000] {logging_mixin.py:190} INFO - [2024-12-02T17:49:49.821+0000] {dag.py:4180} INFO - Setting next_dagrun for dataset_s3_bucket_consumer_with_no_taskflow to None, run_after=None
[2024-12-02T17:49:49.822+0000] {logging_mixin.py:190} INFO - [2024-12-02T17:49:49.822+0000] {dag.py:4180} INFO - Setting next_dagrun for dataset_s3_bucket_producer_with_no_taskflow to None, run_after=None
[2024-12-02T17:49:49.846+0000] {processor.py:208} INFO - Processing /home/airflow/.local/lib/python3.12/site-packages/airflow/example_dags/example_dataset_alias_with_no_taskflow.py took 1.110 seconds
[2024-12-02T17:50:20.181+0000] {processor.py:186} INFO - Started process (PID=609) to work on /home/airflow/.local/lib/python3.12/site-packages/airflow/example_dags/example_dataset_alias_with_no_taskflow.py
[2024-12-02T17:50:20.182+0000] {processor.py:914} INFO - Processing file /home/airflow/.local/lib/python3.12/site-packages/airflow/example_dags/example_dataset_alias_with_no_taskflow.py for tasks to queue
[2024-12-02T17:50:20.185+0000] {logging_mixin.py:190} INFO - [2024-12-02T17:50:20.184+0000] {dagbag.py:588} INFO - Filling up the DagBag from /home/airflow/.local/lib/python3.12/site-packages/airflow/example_dags/example_dataset_alias_with_no_taskflow.py
[2024-12-02T17:50:21.001+0000] {processor.py:925} INFO - DAG(s) 'dataset_s3_bucket_producer_with_no_taskflow', 'dataset_alias_example_alias_producer_with_no_taskflow', 'dataset_alias_example_alias_consumer_with_no_taskflow', 'dataset_s3_bucket_consumer_with_no_taskflow' retrieved from /home/airflow/.local/lib/python3.12/site-packages/airflow/example_dags/example_dataset_alias_with_no_taskflow.py
[2024-12-02T17:50:21.037+0000] {logging_mixin.py:190} INFO - [2024-12-02T17:50:21.036+0000] {dag.py:3239} INFO - Sync 4 DAGs
[2024-12-02T17:50:21.084+0000] {logging_mixin.py:190} INFO - [2024-12-02T17:50:21.083+0000] {dag.py:4180} INFO - Setting next_dagrun for dataset_alias_example_alias_consumer_with_no_taskflow to None, run_after=None
[2024-12-02T17:50:21.091+0000] {logging_mixin.py:190} INFO - [2024-12-02T17:50:21.091+0000] {dag.py:4180} INFO - Setting next_dagrun for dataset_alias_example_alias_producer_with_no_taskflow to None, run_after=None
[2024-12-02T17:50:21.094+0000] {logging_mixin.py:190} INFO - [2024-12-02T17:50:21.094+0000] {dag.py:4180} INFO - Setting next_dagrun for dataset_s3_bucket_consumer_with_no_taskflow to None, run_after=None
[2024-12-02T17:50:21.096+0000] {logging_mixin.py:190} INFO - [2024-12-02T17:50:21.096+0000] {dag.py:4180} INFO - Setting next_dagrun for dataset_s3_bucket_producer_with_no_taskflow to None, run_after=None
[2024-12-02T17:50:21.136+0000] {processor.py:208} INFO - Processing /home/airflow/.local/lib/python3.12/site-packages/airflow/example_dags/example_dataset_alias_with_no_taskflow.py took 0.963 seconds
[2024-12-02T17:50:51.663+0000] {processor.py:186} INFO - Started process (PID=674) to work on /home/airflow/.local/lib/python3.12/site-packages/airflow/example_dags/example_dataset_alias_with_no_taskflow.py
[2024-12-02T17:50:51.664+0000] {processor.py:914} INFO - Processing file /home/airflow/.local/lib/python3.12/site-packages/airflow/example_dags/example_dataset_alias_with_no_taskflow.py for tasks to queue
[2024-12-02T17:50:51.667+0000] {logging_mixin.py:190} INFO - [2024-12-02T17:50:51.666+0000] {dagbag.py:588} INFO - Filling up the DagBag from /home/airflow/.local/lib/python3.12/site-packages/airflow/example_dags/example_dataset_alias_with_no_taskflow.py
[2024-12-02T17:50:56.999+0000] {logging_mixin.py:190} INFO - [2024-12-02T17:50:56.998+0000] {process_utils.py:266} INFO - Waiting up to 5 seconds for processes to exit...
