[2024-12-02T17:46:04.927+0000] {processor.py:186} INFO - Started process (PID=90) to work on /home/airflow/.local/lib/python3.12/site-packages/airflow/example_dags/example_setup_teardown_taskflow.py
[2024-12-02T17:46:04.928+0000] {processor.py:914} INFO - Processing file /home/airflow/.local/lib/python3.12/site-packages/airflow/example_dags/example_setup_teardown_taskflow.py for tasks to queue
[2024-12-02T17:46:04.931+0000] {logging_mixin.py:190} INFO - [2024-12-02T17:46:04.930+0000] {dagbag.py:588} INFO - Filling up the DagBag from /home/airflow/.local/lib/python3.12/site-packages/airflow/example_dags/example_setup_teardown_taskflow.py
[2024-12-02T17:46:04.947+0000] {processor.py:925} INFO - DAG(s) 'example_setup_teardown_taskflow' retrieved from /home/airflow/.local/lib/python3.12/site-packages/airflow/example_dags/example_setup_teardown_taskflow.py
[2024-12-02T17:46:05.083+0000] {logging_mixin.py:190} INFO - [2024-12-02T17:46:05.083+0000] {override.py:1911} INFO - Created Permission View: can read on DAG:example_setup_teardown_taskflow
[2024-12-02T17:46:05.095+0000] {logging_mixin.py:190} INFO - [2024-12-02T17:46:05.095+0000] {override.py:1911} INFO - Created Permission View: can edit on DAG:example_setup_teardown_taskflow
[2024-12-02T17:46:05.103+0000] {logging_mixin.py:190} INFO - [2024-12-02T17:46:05.103+0000] {override.py:1911} INFO - Created Permission View: can delete on DAG:example_setup_teardown_taskflow
[2024-12-02T17:46:05.114+0000] {logging_mixin.py:190} INFO - [2024-12-02T17:46:05.113+0000] {override.py:1911} INFO - Created Permission View: can read on DAG Run:example_setup_teardown_taskflow
[2024-12-02T17:46:05.122+0000] {logging_mixin.py:190} INFO - [2024-12-02T17:46:05.121+0000] {override.py:1911} INFO - Created Permission View: can delete on DAG Run:example_setup_teardown_taskflow
[2024-12-02T17:46:05.130+0000] {logging_mixin.py:190} INFO - [2024-12-02T17:46:05.130+0000] {override.py:1911} INFO - Created Permission View: can create on DAG Run:example_setup_teardown_taskflow
[2024-12-02T17:46:05.141+0000] {logging_mixin.py:190} INFO - [2024-12-02T17:46:05.141+0000] {override.py:1911} INFO - Created Permission View: menu access on DAG Run:example_setup_teardown_taskflow
[2024-12-02T17:46:05.142+0000] {logging_mixin.py:190} INFO - [2024-12-02T17:46:05.141+0000] {dag.py:3239} INFO - Sync 1 DAGs
[2024-12-02T17:46:05.157+0000] {logging_mixin.py:190} INFO - [2024-12-02T17:46:05.157+0000] {dag.py:3262} INFO - Creating ORM DAG for example_setup_teardown_taskflow
[2024-12-02T17:46:05.158+0000] {logging_mixin.py:190} INFO - [2024-12-02T17:46:05.158+0000] {dag.py:4180} INFO - Setting next_dagrun for example_setup_teardown_taskflow to None, run_after=None
[2024-12-02T17:46:05.180+0000] {processor.py:208} INFO - Processing /home/airflow/.local/lib/python3.12/site-packages/airflow/example_dags/example_setup_teardown_taskflow.py took 0.261 seconds
[2024-12-02T17:46:36.373+0000] {processor.py:186} INFO - Started process (PID=155) to work on /home/airflow/.local/lib/python3.12/site-packages/airflow/example_dags/example_setup_teardown_taskflow.py
[2024-12-02T17:46:36.374+0000] {processor.py:914} INFO - Processing file /home/airflow/.local/lib/python3.12/site-packages/airflow/example_dags/example_setup_teardown_taskflow.py for tasks to queue
[2024-12-02T17:46:36.377+0000] {logging_mixin.py:190} INFO - [2024-12-02T17:46:36.377+0000] {dagbag.py:588} INFO - Filling up the DagBag from /home/airflow/.local/lib/python3.12/site-packages/airflow/example_dags/example_setup_teardown_taskflow.py
[2024-12-02T17:46:36.392+0000] {processor.py:925} INFO - DAG(s) 'example_setup_teardown_taskflow' retrieved from /home/airflow/.local/lib/python3.12/site-packages/airflow/example_dags/example_setup_teardown_taskflow.py
[2024-12-02T17:46:36.419+0000] {logging_mixin.py:190} INFO - [2024-12-02T17:46:36.419+0000] {dag.py:3239} INFO - Sync 1 DAGs
[2024-12-02T17:46:36.439+0000] {logging_mixin.py:190} INFO - [2024-12-02T17:46:36.439+0000] {dag.py:4180} INFO - Setting next_dagrun for example_setup_teardown_taskflow to None, run_after=None
[2024-12-02T17:46:36.459+0000] {processor.py:208} INFO - Processing /home/airflow/.local/lib/python3.12/site-packages/airflow/example_dags/example_setup_teardown_taskflow.py took 0.092 seconds
[2024-12-02T17:47:07.558+0000] {processor.py:186} INFO - Started process (PID=220) to work on /home/airflow/.local/lib/python3.12/site-packages/airflow/example_dags/example_setup_teardown_taskflow.py
[2024-12-02T17:47:07.559+0000] {processor.py:914} INFO - Processing file /home/airflow/.local/lib/python3.12/site-packages/airflow/example_dags/example_setup_teardown_taskflow.py for tasks to queue
[2024-12-02T17:47:07.562+0000] {logging_mixin.py:190} INFO - [2024-12-02T17:47:07.561+0000] {dagbag.py:588} INFO - Filling up the DagBag from /home/airflow/.local/lib/python3.12/site-packages/airflow/example_dags/example_setup_teardown_taskflow.py
[2024-12-02T17:47:07.575+0000] {processor.py:925} INFO - DAG(s) 'example_setup_teardown_taskflow' retrieved from /home/airflow/.local/lib/python3.12/site-packages/airflow/example_dags/example_setup_teardown_taskflow.py
[2024-12-02T17:47:07.597+0000] {logging_mixin.py:190} INFO - [2024-12-02T17:47:07.597+0000] {dag.py:3239} INFO - Sync 1 DAGs
[2024-12-02T17:47:07.613+0000] {logging_mixin.py:190} INFO - [2024-12-02T17:47:07.613+0000] {dag.py:4180} INFO - Setting next_dagrun for example_setup_teardown_taskflow to None, run_after=None
[2024-12-02T17:47:07.631+0000] {processor.py:208} INFO - Processing /home/airflow/.local/lib/python3.12/site-packages/airflow/example_dags/example_setup_teardown_taskflow.py took 0.080 seconds
[2024-12-02T17:47:38.553+0000] {processor.py:186} INFO - Started process (PID=285) to work on /home/airflow/.local/lib/python3.12/site-packages/airflow/example_dags/example_setup_teardown_taskflow.py
[2024-12-02T17:47:38.554+0000] {processor.py:914} INFO - Processing file /home/airflow/.local/lib/python3.12/site-packages/airflow/example_dags/example_setup_teardown_taskflow.py for tasks to queue
[2024-12-02T17:47:38.557+0000] {logging_mixin.py:190} INFO - [2024-12-02T17:47:38.557+0000] {dagbag.py:588} INFO - Filling up the DagBag from /home/airflow/.local/lib/python3.12/site-packages/airflow/example_dags/example_setup_teardown_taskflow.py
[2024-12-02T17:47:38.570+0000] {processor.py:925} INFO - DAG(s) 'example_setup_teardown_taskflow' retrieved from /home/airflow/.local/lib/python3.12/site-packages/airflow/example_dags/example_setup_teardown_taskflow.py
[2024-12-02T17:47:38.600+0000] {logging_mixin.py:190} INFO - [2024-12-02T17:47:38.600+0000] {dag.py:3239} INFO - Sync 1 DAGs
[2024-12-02T17:47:38.621+0000] {logging_mixin.py:190} INFO - [2024-12-02T17:47:38.621+0000] {dag.py:4180} INFO - Setting next_dagrun for example_setup_teardown_taskflow to None, run_after=None
[2024-12-02T17:47:38.640+0000] {processor.py:208} INFO - Processing /home/airflow/.local/lib/python3.12/site-packages/airflow/example_dags/example_setup_teardown_taskflow.py took 0.094 seconds
[2024-12-02T17:48:13.691+0000] {processor.py:186} INFO - Started process (PID=354) to work on /home/airflow/.local/lib/python3.12/site-packages/airflow/example_dags/example_setup_teardown_taskflow.py
[2024-12-02T17:48:13.693+0000] {processor.py:914} INFO - Processing file /home/airflow/.local/lib/python3.12/site-packages/airflow/example_dags/example_setup_teardown_taskflow.py for tasks to queue
[2024-12-02T17:48:13.702+0000] {logging_mixin.py:190} INFO - [2024-12-02T17:48:13.702+0000] {dagbag.py:588} INFO - Filling up the DagBag from /home/airflow/.local/lib/python3.12/site-packages/airflow/example_dags/example_setup_teardown_taskflow.py
[2024-12-02T17:48:13.730+0000] {processor.py:925} INFO - DAG(s) 'example_setup_teardown_taskflow' retrieved from /home/airflow/.local/lib/python3.12/site-packages/airflow/example_dags/example_setup_teardown_taskflow.py
[2024-12-02T17:48:13.777+0000] {logging_mixin.py:190} INFO - [2024-12-02T17:48:13.777+0000] {dag.py:3239} INFO - Sync 1 DAGs
[2024-12-02T17:48:13.815+0000] {logging_mixin.py:190} INFO - [2024-12-02T17:48:13.815+0000] {dag.py:4180} INFO - Setting next_dagrun for example_setup_teardown_taskflow to None, run_after=None
[2024-12-02T17:48:13.858+0000] {processor.py:208} INFO - Processing /home/airflow/.local/lib/python3.12/site-packages/airflow/example_dags/example_setup_teardown_taskflow.py took 0.183 seconds
[2024-12-02T17:48:46.643+0000] {processor.py:186} INFO - Started process (PID=421) to work on /home/airflow/.local/lib/python3.12/site-packages/airflow/example_dags/example_setup_teardown_taskflow.py
[2024-12-02T17:48:46.647+0000] {processor.py:914} INFO - Processing file /home/airflow/.local/lib/python3.12/site-packages/airflow/example_dags/example_setup_teardown_taskflow.py for tasks to queue
[2024-12-02T17:48:46.650+0000] {logging_mixin.py:190} INFO - [2024-12-02T17:48:46.650+0000] {dagbag.py:588} INFO - Filling up the DagBag from /home/airflow/.local/lib/python3.12/site-packages/airflow/example_dags/example_setup_teardown_taskflow.py
[2024-12-02T17:48:46.705+0000] {processor.py:925} INFO - DAG(s) 'example_setup_teardown_taskflow' retrieved from /home/airflow/.local/lib/python3.12/site-packages/airflow/example_dags/example_setup_teardown_taskflow.py
[2024-12-02T17:48:46.806+0000] {logging_mixin.py:190} INFO - [2024-12-02T17:48:46.805+0000] {dag.py:3239} INFO - Sync 1 DAGs
[2024-12-02T17:48:46.843+0000] {logging_mixin.py:190} INFO - [2024-12-02T17:48:46.842+0000] {dag.py:4180} INFO - Setting next_dagrun for example_setup_teardown_taskflow to None, run_after=None
[2024-12-02T17:48:46.880+0000] {processor.py:208} INFO - Processing /home/airflow/.local/lib/python3.12/site-packages/airflow/example_dags/example_setup_teardown_taskflow.py took 0.249 seconds
[2024-12-02T17:49:18.469+0000] {processor.py:186} INFO - Started process (PID=480) to work on /home/airflow/.local/lib/python3.12/site-packages/airflow/example_dags/example_setup_teardown_taskflow.py
[2024-12-02T17:49:18.470+0000] {processor.py:914} INFO - Processing file /home/airflow/.local/lib/python3.12/site-packages/airflow/example_dags/example_setup_teardown_taskflow.py for tasks to queue
[2024-12-02T17:49:18.473+0000] {logging_mixin.py:190} INFO - [2024-12-02T17:49:18.473+0000] {dagbag.py:588} INFO - Filling up the DagBag from /home/airflow/.local/lib/python3.12/site-packages/airflow/example_dags/example_setup_teardown_taskflow.py
[2024-12-02T17:49:18.489+0000] {processor.py:925} INFO - DAG(s) 'example_setup_teardown_taskflow' retrieved from /home/airflow/.local/lib/python3.12/site-packages/airflow/example_dags/example_setup_teardown_taskflow.py
[2024-12-02T17:49:18.522+0000] {logging_mixin.py:190} INFO - [2024-12-02T17:49:18.521+0000] {dag.py:3239} INFO - Sync 1 DAGs
[2024-12-02T17:49:18.545+0000] {logging_mixin.py:190} INFO - [2024-12-02T17:49:18.545+0000] {dag.py:4180} INFO - Setting next_dagrun for example_setup_teardown_taskflow to None, run_after=None
[2024-12-02T17:49:18.570+0000] {processor.py:208} INFO - Processing /home/airflow/.local/lib/python3.12/site-packages/airflow/example_dags/example_setup_teardown_taskflow.py took 0.111 seconds
[2024-12-02T17:49:49.887+0000] {processor.py:186} INFO - Started process (PID=545) to work on /home/airflow/.local/lib/python3.12/site-packages/airflow/example_dags/example_setup_teardown_taskflow.py
[2024-12-02T17:49:49.888+0000] {processor.py:914} INFO - Processing file /home/airflow/.local/lib/python3.12/site-packages/airflow/example_dags/example_setup_teardown_taskflow.py for tasks to queue
[2024-12-02T17:49:49.892+0000] {logging_mixin.py:190} INFO - [2024-12-02T17:49:49.891+0000] {dagbag.py:588} INFO - Filling up the DagBag from /home/airflow/.local/lib/python3.12/site-packages/airflow/example_dags/example_setup_teardown_taskflow.py
[2024-12-02T17:49:49.911+0000] {processor.py:925} INFO - DAG(s) 'example_setup_teardown_taskflow' retrieved from /home/airflow/.local/lib/python3.12/site-packages/airflow/example_dags/example_setup_teardown_taskflow.py
[2024-12-02T17:49:49.939+0000] {logging_mixin.py:190} INFO - [2024-12-02T17:49:49.938+0000] {dag.py:3239} INFO - Sync 1 DAGs
[2024-12-02T17:49:49.960+0000] {logging_mixin.py:190} INFO - [2024-12-02T17:49:49.960+0000] {dag.py:4180} INFO - Setting next_dagrun for example_setup_teardown_taskflow to None, run_after=None
[2024-12-02T17:49:49.986+0000] {processor.py:208} INFO - Processing /home/airflow/.local/lib/python3.12/site-packages/airflow/example_dags/example_setup_teardown_taskflow.py took 0.108 seconds
[2024-12-02T17:50:21.195+0000] {processor.py:186} INFO - Started process (PID=610) to work on /home/airflow/.local/lib/python3.12/site-packages/airflow/example_dags/example_setup_teardown_taskflow.py
[2024-12-02T17:50:21.197+0000] {processor.py:914} INFO - Processing file /home/airflow/.local/lib/python3.12/site-packages/airflow/example_dags/example_setup_teardown_taskflow.py for tasks to queue
[2024-12-02T17:50:21.200+0000] {logging_mixin.py:190} INFO - [2024-12-02T17:50:21.200+0000] {dagbag.py:588} INFO - Filling up the DagBag from /home/airflow/.local/lib/python3.12/site-packages/airflow/example_dags/example_setup_teardown_taskflow.py
[2024-12-02T17:50:21.219+0000] {processor.py:925} INFO - DAG(s) 'example_setup_teardown_taskflow' retrieved from /home/airflow/.local/lib/python3.12/site-packages/airflow/example_dags/example_setup_teardown_taskflow.py
[2024-12-02T17:50:21.252+0000] {logging_mixin.py:190} INFO - [2024-12-02T17:50:21.252+0000] {dag.py:3239} INFO - Sync 1 DAGs
[2024-12-02T17:50:21.270+0000] {logging_mixin.py:190} INFO - [2024-12-02T17:50:21.269+0000] {dag.py:4180} INFO - Setting next_dagrun for example_setup_teardown_taskflow to None, run_after=None
[2024-12-02T17:50:21.292+0000] {processor.py:208} INFO - Processing /home/airflow/.local/lib/python3.12/site-packages/airflow/example_dags/example_setup_teardown_taskflow.py took 0.106 seconds
