[2024-12-02T17:46:08.568+0000] {processor.py:186} INFO - Started process (PID=109) to work on /home/airflow/.local/lib/python3.12/site-packages/airflow/example_dags/example_display_name.py
[2024-12-02T17:46:08.569+0000] {processor.py:914} INFO - Processing file /home/airflow/.local/lib/python3.12/site-packages/airflow/example_dags/example_display_name.py for tasks to queue
[2024-12-02T17:46:08.572+0000] {logging_mixin.py:190} INFO - [2024-12-02T17:46:08.572+0000] {dagbag.py:588} INFO - Filling up the DagBag from /home/airflow/.local/lib/python3.12/site-packages/airflow/example_dags/example_display_name.py
[2024-12-02T17:46:08.581+0000] {processor.py:925} INFO - DAG(s) 'example_display_name' retrieved from /home/airflow/.local/lib/python3.12/site-packages/airflow/example_dags/example_display_name.py
[2024-12-02T17:46:08.738+0000] {logging_mixin.py:190} INFO - [2024-12-02T17:46:08.737+0000] {override.py:1911} INFO - Created Permission View: can read on DAG:example_display_name
[2024-12-02T17:46:08.756+0000] {logging_mixin.py:190} INFO - [2024-12-02T17:46:08.756+0000] {override.py:1911} INFO - Created Permission View: can edit on DAG:example_display_name
[2024-12-02T17:46:08.770+0000] {logging_mixin.py:190} INFO - [2024-12-02T17:46:08.769+0000] {override.py:1911} INFO - Created Permission View: can delete on DAG:example_display_name
[2024-12-02T17:46:08.804+0000] {logging_mixin.py:190} INFO - [2024-12-02T17:46:08.804+0000] {override.py:1911} INFO - Created Permission View: can read on DAG Run:example_display_name
[2024-12-02T17:46:08.813+0000] {logging_mixin.py:190} INFO - [2024-12-02T17:46:08.812+0000] {override.py:1911} INFO - Created Permission View: can delete on DAG Run:example_display_name
[2024-12-02T17:46:08.821+0000] {logging_mixin.py:190} INFO - [2024-12-02T17:46:08.821+0000] {override.py:1911} INFO - Created Permission View: can create on DAG Run:example_display_name
[2024-12-02T17:46:08.830+0000] {logging_mixin.py:190} INFO - [2024-12-02T17:46:08.829+0000] {override.py:1911} INFO - Created Permission View: menu access on DAG Run:example_display_name
[2024-12-02T17:46:08.830+0000] {logging_mixin.py:190} INFO - [2024-12-02T17:46:08.830+0000] {dag.py:3239} INFO - Sync 1 DAGs
[2024-12-02T17:46:08.847+0000] {logging_mixin.py:190} INFO - [2024-12-02T17:46:08.847+0000] {dag.py:3262} INFO - Creating ORM DAG for example_display_name
[2024-12-02T17:46:08.847+0000] {logging_mixin.py:190} INFO - [2024-12-02T17:46:08.847+0000] {dag.py:4180} INFO - Setting next_dagrun for example_display_name to None, run_after=None
[2024-12-02T17:46:08.866+0000] {processor.py:208} INFO - Processing /home/airflow/.local/lib/python3.12/site-packages/airflow/example_dags/example_display_name.py took 0.305 seconds
[2024-12-02T17:46:39.198+0000] {processor.py:186} INFO - Started process (PID=174) to work on /home/airflow/.local/lib/python3.12/site-packages/airflow/example_dags/example_display_name.py
[2024-12-02T17:46:39.199+0000] {processor.py:914} INFO - Processing file /home/airflow/.local/lib/python3.12/site-packages/airflow/example_dags/example_display_name.py for tasks to queue
[2024-12-02T17:46:39.202+0000] {logging_mixin.py:190} INFO - [2024-12-02T17:46:39.201+0000] {dagbag.py:588} INFO - Filling up the DagBag from /home/airflow/.local/lib/python3.12/site-packages/airflow/example_dags/example_display_name.py
[2024-12-02T17:46:39.212+0000] {processor.py:925} INFO - DAG(s) 'example_display_name' retrieved from /home/airflow/.local/lib/python3.12/site-packages/airflow/example_dags/example_display_name.py
[2024-12-02T17:46:39.238+0000] {logging_mixin.py:190} INFO - [2024-12-02T17:46:39.238+0000] {dag.py:3239} INFO - Sync 1 DAGs
[2024-12-02T17:46:39.265+0000] {logging_mixin.py:190} INFO - [2024-12-02T17:46:39.265+0000] {dag.py:4180} INFO - Setting next_dagrun for example_display_name to None, run_after=None
[2024-12-02T17:46:39.290+0000] {processor.py:208} INFO - Processing /home/airflow/.local/lib/python3.12/site-packages/airflow/example_dags/example_display_name.py took 0.102 seconds
[2024-12-02T17:47:10.212+0000] {processor.py:186} INFO - Started process (PID=239) to work on /home/airflow/.local/lib/python3.12/site-packages/airflow/example_dags/example_display_name.py
[2024-12-02T17:47:10.213+0000] {processor.py:914} INFO - Processing file /home/airflow/.local/lib/python3.12/site-packages/airflow/example_dags/example_display_name.py for tasks to queue
[2024-12-02T17:47:10.216+0000] {logging_mixin.py:190} INFO - [2024-12-02T17:47:10.215+0000] {dagbag.py:588} INFO - Filling up the DagBag from /home/airflow/.local/lib/python3.12/site-packages/airflow/example_dags/example_display_name.py
[2024-12-02T17:47:10.225+0000] {processor.py:925} INFO - DAG(s) 'example_display_name' retrieved from /home/airflow/.local/lib/python3.12/site-packages/airflow/example_dags/example_display_name.py
[2024-12-02T17:47:10.249+0000] {logging_mixin.py:190} INFO - [2024-12-02T17:47:10.248+0000] {dag.py:3239} INFO - Sync 1 DAGs
[2024-12-02T17:47:10.269+0000] {logging_mixin.py:190} INFO - [2024-12-02T17:47:10.269+0000] {dag.py:4180} INFO - Setting next_dagrun for example_display_name to None, run_after=None
[2024-12-02T17:47:10.294+0000] {processor.py:208} INFO - Processing /home/airflow/.local/lib/python3.12/site-packages/airflow/example_dags/example_display_name.py took 0.090 seconds
[2024-12-02T17:47:40.759+0000] {processor.py:186} INFO - Started process (PID=303) to work on /home/airflow/.local/lib/python3.12/site-packages/airflow/example_dags/example_display_name.py
[2024-12-02T17:47:40.760+0000] {processor.py:914} INFO - Processing file /home/airflow/.local/lib/python3.12/site-packages/airflow/example_dags/example_display_name.py for tasks to queue
[2024-12-02T17:47:40.763+0000] {logging_mixin.py:190} INFO - [2024-12-02T17:47:40.763+0000] {dagbag.py:588} INFO - Filling up the DagBag from /home/airflow/.local/lib/python3.12/site-packages/airflow/example_dags/example_display_name.py
[2024-12-02T17:47:40.772+0000] {processor.py:925} INFO - DAG(s) 'example_display_name' retrieved from /home/airflow/.local/lib/python3.12/site-packages/airflow/example_dags/example_display_name.py
[2024-12-02T17:47:40.790+0000] {logging_mixin.py:190} INFO - [2024-12-02T17:47:40.790+0000] {dag.py:3239} INFO - Sync 1 DAGs
[2024-12-02T17:47:40.806+0000] {logging_mixin.py:190} INFO - [2024-12-02T17:47:40.806+0000] {dag.py:4180} INFO - Setting next_dagrun for example_display_name to None, run_after=None
[2024-12-02T17:47:40.826+0000] {processor.py:208} INFO - Processing /home/airflow/.local/lib/python3.12/site-packages/airflow/example_dags/example_display_name.py took 0.074 seconds
[2024-12-02T17:48:20.775+0000] {processor.py:186} INFO - Started process (PID=373) to work on /home/airflow/.local/lib/python3.12/site-packages/airflow/example_dags/example_display_name.py
[2024-12-02T17:48:20.781+0000] {processor.py:914} INFO - Processing file /home/airflow/.local/lib/python3.12/site-packages/airflow/example_dags/example_display_name.py for tasks to queue
[2024-12-02T17:48:20.785+0000] {logging_mixin.py:190} INFO - [2024-12-02T17:48:20.784+0000] {dagbag.py:588} INFO - Filling up the DagBag from /home/airflow/.local/lib/python3.12/site-packages/airflow/example_dags/example_display_name.py
[2024-12-02T17:48:20.954+0000] {processor.py:925} INFO - DAG(s) 'example_display_name' retrieved from /home/airflow/.local/lib/python3.12/site-packages/airflow/example_dags/example_display_name.py
[2024-12-02T17:48:24.575+0000] {logging_mixin.py:190} INFO - [2024-12-02T17:48:24.563+0000] {dag.py:3239} INFO - Sync 1 DAGs
[2024-12-02T17:48:24.652+0000] {logging_mixin.py:190} INFO - [2024-12-02T17:48:24.651+0000] {dag.py:4180} INFO - Setting next_dagrun for example_display_name to None, run_after=None
[2024-12-02T17:48:24.823+0000] {processor.py:208} INFO - Processing /home/airflow/.local/lib/python3.12/site-packages/airflow/example_dags/example_display_name.py took 4.123 seconds
[2024-12-02T17:48:54.947+0000] {processor.py:186} INFO - Started process (PID=441) to work on /home/airflow/.local/lib/python3.12/site-packages/airflow/example_dags/example_display_name.py
[2024-12-02T17:48:54.954+0000] {processor.py:914} INFO - Processing file /home/airflow/.local/lib/python3.12/site-packages/airflow/example_dags/example_display_name.py for tasks to queue
[2024-12-02T17:48:54.971+0000] {logging_mixin.py:190} INFO - [2024-12-02T17:48:54.957+0000] {dagbag.py:588} INFO - Filling up the DagBag from /home/airflow/.local/lib/python3.12/site-packages/airflow/example_dags/example_display_name.py
[2024-12-02T17:48:54.990+0000] {processor.py:925} INFO - DAG(s) 'example_display_name' retrieved from /home/airflow/.local/lib/python3.12/site-packages/airflow/example_dags/example_display_name.py
[2024-12-02T17:48:55.023+0000] {logging_mixin.py:190} INFO - [2024-12-02T17:48:55.023+0000] {dag.py:3239} INFO - Sync 1 DAGs
[2024-12-02T17:48:55.054+0000] {logging_mixin.py:190} INFO - [2024-12-02T17:48:55.054+0000] {dag.py:4180} INFO - Setting next_dagrun for example_display_name to None, run_after=None
[2024-12-02T17:48:55.089+0000] {processor.py:208} INFO - Processing /home/airflow/.local/lib/python3.12/site-packages/airflow/example_dags/example_display_name.py took 0.154 seconds
[2024-12-02T17:49:25.308+0000] {processor.py:186} INFO - Started process (PID=500) to work on /home/airflow/.local/lib/python3.12/site-packages/airflow/example_dags/example_display_name.py
[2024-12-02T17:49:25.309+0000] {processor.py:914} INFO - Processing file /home/airflow/.local/lib/python3.12/site-packages/airflow/example_dags/example_display_name.py for tasks to queue
[2024-12-02T17:49:25.313+0000] {logging_mixin.py:190} INFO - [2024-12-02T17:49:25.313+0000] {dagbag.py:588} INFO - Filling up the DagBag from /home/airflow/.local/lib/python3.12/site-packages/airflow/example_dags/example_display_name.py
[2024-12-02T17:49:25.328+0000] {processor.py:925} INFO - DAG(s) 'example_display_name' retrieved from /home/airflow/.local/lib/python3.12/site-packages/airflow/example_dags/example_display_name.py
[2024-12-02T17:49:25.363+0000] {logging_mixin.py:190} INFO - [2024-12-02T17:49:25.362+0000] {dag.py:3239} INFO - Sync 1 DAGs
[2024-12-02T17:49:25.395+0000] {logging_mixin.py:190} INFO - [2024-12-02T17:49:25.394+0000] {dag.py:4180} INFO - Setting next_dagrun for example_display_name to None, run_after=None
[2024-12-02T17:49:25.437+0000] {processor.py:208} INFO - Processing /home/airflow/.local/lib/python3.12/site-packages/airflow/example_dags/example_display_name.py took 0.141 seconds
[2024-12-02T17:49:55.626+0000] {processor.py:186} INFO - Started process (PID=565) to work on /home/airflow/.local/lib/python3.12/site-packages/airflow/example_dags/example_display_name.py
[2024-12-02T17:49:55.627+0000] {processor.py:914} INFO - Processing file /home/airflow/.local/lib/python3.12/site-packages/airflow/example_dags/example_display_name.py for tasks to queue
[2024-12-02T17:49:55.630+0000] {logging_mixin.py:190} INFO - [2024-12-02T17:49:55.629+0000] {dagbag.py:588} INFO - Filling up the DagBag from /home/airflow/.local/lib/python3.12/site-packages/airflow/example_dags/example_display_name.py
[2024-12-02T17:49:55.639+0000] {processor.py:925} INFO - DAG(s) 'example_display_name' retrieved from /home/airflow/.local/lib/python3.12/site-packages/airflow/example_dags/example_display_name.py
[2024-12-02T17:49:55.660+0000] {logging_mixin.py:190} INFO - [2024-12-02T17:49:55.660+0000] {dag.py:3239} INFO - Sync 1 DAGs
[2024-12-02T17:49:55.676+0000] {logging_mixin.py:190} INFO - [2024-12-02T17:49:55.676+0000] {dag.py:4180} INFO - Setting next_dagrun for example_display_name to None, run_after=None
[2024-12-02T17:49:55.695+0000] {processor.py:208} INFO - Processing /home/airflow/.local/lib/python3.12/site-packages/airflow/example_dags/example_display_name.py took 0.077 seconds
[2024-12-02T17:50:26.248+0000] {processor.py:186} INFO - Started process (PID=630) to work on /home/airflow/.local/lib/python3.12/site-packages/airflow/example_dags/example_display_name.py
[2024-12-02T17:50:26.249+0000] {processor.py:914} INFO - Processing file /home/airflow/.local/lib/python3.12/site-packages/airflow/example_dags/example_display_name.py for tasks to queue
[2024-12-02T17:50:26.251+0000] {logging_mixin.py:190} INFO - [2024-12-02T17:50:26.251+0000] {dagbag.py:588} INFO - Filling up the DagBag from /home/airflow/.local/lib/python3.12/site-packages/airflow/example_dags/example_display_name.py
[2024-12-02T17:50:26.261+0000] {processor.py:925} INFO - DAG(s) 'example_display_name' retrieved from /home/airflow/.local/lib/python3.12/site-packages/airflow/example_dags/example_display_name.py
[2024-12-02T17:50:26.286+0000] {logging_mixin.py:190} INFO - [2024-12-02T17:50:26.286+0000] {dag.py:3239} INFO - Sync 1 DAGs
[2024-12-02T17:50:26.314+0000] {logging_mixin.py:190} INFO - [2024-12-02T17:50:26.313+0000] {dag.py:4180} INFO - Setting next_dagrun for example_display_name to None, run_after=None
[2024-12-02T17:50:26.335+0000] {processor.py:208} INFO - Processing /home/airflow/.local/lib/python3.12/site-packages/airflow/example_dags/example_display_name.py took 0.095 seconds
