[2024-12-02T17:46:03.157+0000] {processor.py:186} INFO - Started process (PID=87) to work on /home/airflow/.local/lib/python3.12/site-packages/airflow/example_dags/example_xcom.py
[2024-12-02T17:46:03.158+0000] {processor.py:914} INFO - Processing file /home/airflow/.local/lib/python3.12/site-packages/airflow/example_dags/example_xcom.py for tasks to queue
[2024-12-02T17:46:03.160+0000] {logging_mixin.py:190} INFO - [2024-12-02T17:46:03.160+0000] {dagbag.py:588} INFO - Filling up the DagBag from /home/airflow/.local/lib/python3.12/site-packages/airflow/example_dags/example_xcom.py
[2024-12-02T17:46:03.171+0000] {processor.py:925} INFO - DAG(s) 'example_xcom' retrieved from /home/airflow/.local/lib/python3.12/site-packages/airflow/example_dags/example_xcom.py
[2024-12-02T17:46:03.308+0000] {logging_mixin.py:190} INFO - [2024-12-02T17:46:03.308+0000] {override.py:1911} INFO - Created Permission View: can read on DAG:example_xcom
[2024-12-02T17:46:03.320+0000] {logging_mixin.py:190} INFO - [2024-12-02T17:46:03.320+0000] {override.py:1911} INFO - Created Permission View: can edit on DAG:example_xcom
[2024-12-02T17:46:03.329+0000] {logging_mixin.py:190} INFO - [2024-12-02T17:46:03.329+0000] {override.py:1911} INFO - Created Permission View: can delete on DAG:example_xcom
[2024-12-02T17:46:03.349+0000] {logging_mixin.py:190} INFO - [2024-12-02T17:46:03.348+0000] {override.py:1911} INFO - Created Permission View: can read on DAG Run:example_xcom
[2024-12-02T17:46:03.367+0000] {logging_mixin.py:190} INFO - [2024-12-02T17:46:03.367+0000] {override.py:1911} INFO - Created Permission View: can delete on DAG Run:example_xcom
[2024-12-02T17:46:03.375+0000] {logging_mixin.py:190} INFO - [2024-12-02T17:46:03.375+0000] {override.py:1911} INFO - Created Permission View: can create on DAG Run:example_xcom
[2024-12-02T17:46:03.385+0000] {logging_mixin.py:190} INFO - [2024-12-02T17:46:03.385+0000] {override.py:1911} INFO - Created Permission View: menu access on DAG Run:example_xcom
[2024-12-02T17:46:03.386+0000] {logging_mixin.py:190} INFO - [2024-12-02T17:46:03.386+0000] {dag.py:3239} INFO - Sync 1 DAGs
[2024-12-02T17:46:03.407+0000] {logging_mixin.py:190} INFO - [2024-12-02T17:46:03.407+0000] {dag.py:3262} INFO - Creating ORM DAG for example_xcom
[2024-12-02T17:46:03.419+0000] {logging_mixin.py:190} INFO - [2024-12-02T17:46:03.419+0000] {dag.py:4180} INFO - Setting next_dagrun for example_xcom to 2021-01-01 00:00:00+00:00, run_after=2021-01-01 00:00:00+00:00
[2024-12-02T17:46:03.444+0000] {processor.py:208} INFO - Processing /home/airflow/.local/lib/python3.12/site-packages/airflow/example_dags/example_xcom.py took 0.294 seconds
[2024-12-02T17:46:33.641+0000] {processor.py:186} INFO - Started process (PID=152) to work on /home/airflow/.local/lib/python3.12/site-packages/airflow/example_dags/example_xcom.py
[2024-12-02T17:46:33.642+0000] {processor.py:914} INFO - Processing file /home/airflow/.local/lib/python3.12/site-packages/airflow/example_dags/example_xcom.py for tasks to queue
[2024-12-02T17:46:33.645+0000] {logging_mixin.py:190} INFO - [2024-12-02T17:46:33.644+0000] {dagbag.py:588} INFO - Filling up the DagBag from /home/airflow/.local/lib/python3.12/site-packages/airflow/example_dags/example_xcom.py
[2024-12-02T17:46:33.656+0000] {processor.py:925} INFO - DAG(s) 'example_xcom' retrieved from /home/airflow/.local/lib/python3.12/site-packages/airflow/example_dags/example_xcom.py
[2024-12-02T17:46:33.681+0000] {logging_mixin.py:190} INFO - [2024-12-02T17:46:33.680+0000] {dag.py:3239} INFO - Sync 1 DAGs
[2024-12-02T17:46:33.711+0000] {logging_mixin.py:190} INFO - [2024-12-02T17:46:33.711+0000] {dag.py:4180} INFO - Setting next_dagrun for example_xcom to 2021-01-01 00:00:00+00:00, run_after=2021-01-01 00:00:00+00:00
[2024-12-02T17:46:33.731+0000] {processor.py:208} INFO - Processing /home/airflow/.local/lib/python3.12/site-packages/airflow/example_dags/example_xcom.py took 0.098 seconds
[2024-12-02T17:47:03.833+0000] {processor.py:186} INFO - Started process (PID=216) to work on /home/airflow/.local/lib/python3.12/site-packages/airflow/example_dags/example_xcom.py
[2024-12-02T17:47:03.834+0000] {processor.py:914} INFO - Processing file /home/airflow/.local/lib/python3.12/site-packages/airflow/example_dags/example_xcom.py for tasks to queue
[2024-12-02T17:47:03.837+0000] {logging_mixin.py:190} INFO - [2024-12-02T17:47:03.836+0000] {dagbag.py:588} INFO - Filling up the DagBag from /home/airflow/.local/lib/python3.12/site-packages/airflow/example_dags/example_xcom.py
[2024-12-02T17:47:03.849+0000] {processor.py:925} INFO - DAG(s) 'example_xcom' retrieved from /home/airflow/.local/lib/python3.12/site-packages/airflow/example_dags/example_xcom.py
[2024-12-02T17:47:03.875+0000] {logging_mixin.py:190} INFO - [2024-12-02T17:47:03.874+0000] {dag.py:3239} INFO - Sync 1 DAGs
[2024-12-02T17:47:03.903+0000] {logging_mixin.py:190} INFO - [2024-12-02T17:47:03.903+0000] {dag.py:4180} INFO - Setting next_dagrun for example_xcom to 2021-01-01 00:00:00+00:00, run_after=2021-01-01 00:00:00+00:00
[2024-12-02T17:47:03.926+0000] {processor.py:208} INFO - Processing /home/airflow/.local/lib/python3.12/site-packages/airflow/example_dags/example_xcom.py took 0.100 seconds
[2024-12-02T17:47:34.641+0000] {processor.py:186} INFO - Started process (PID=281) to work on /home/airflow/.local/lib/python3.12/site-packages/airflow/example_dags/example_xcom.py
[2024-12-02T17:47:34.642+0000] {processor.py:914} INFO - Processing file /home/airflow/.local/lib/python3.12/site-packages/airflow/example_dags/example_xcom.py for tasks to queue
[2024-12-02T17:47:34.645+0000] {logging_mixin.py:190} INFO - [2024-12-02T17:47:34.644+0000] {dagbag.py:588} INFO - Filling up the DagBag from /home/airflow/.local/lib/python3.12/site-packages/airflow/example_dags/example_xcom.py
[2024-12-02T17:47:34.659+0000] {processor.py:925} INFO - DAG(s) 'example_xcom' retrieved from /home/airflow/.local/lib/python3.12/site-packages/airflow/example_dags/example_xcom.py
[2024-12-02T17:47:34.688+0000] {logging_mixin.py:190} INFO - [2024-12-02T17:47:34.687+0000] {dag.py:3239} INFO - Sync 1 DAGs
[2024-12-02T17:47:34.725+0000] {logging_mixin.py:190} INFO - [2024-12-02T17:47:34.725+0000] {dag.py:4180} INFO - Setting next_dagrun for example_xcom to 2021-01-01 00:00:00+00:00, run_after=2021-01-01 00:00:00+00:00
[2024-12-02T17:47:34.751+0000] {processor.py:208} INFO - Processing /home/airflow/.local/lib/python3.12/site-packages/airflow/example_dags/example_xcom.py took 0.120 seconds
[2024-12-02T17:48:05.992+0000] {processor.py:186} INFO - Started process (PID=350) to work on /home/airflow/.local/lib/python3.12/site-packages/airflow/example_dags/example_xcom.py
[2024-12-02T17:48:05.994+0000] {processor.py:914} INFO - Processing file /home/airflow/.local/lib/python3.12/site-packages/airflow/example_dags/example_xcom.py for tasks to queue
[2024-12-02T17:48:05.999+0000] {logging_mixin.py:190} INFO - [2024-12-02T17:48:05.996+0000] {dagbag.py:588} INFO - Filling up the DagBag from /home/airflow/.local/lib/python3.12/site-packages/airflow/example_dags/example_xcom.py
[2024-12-02T17:48:06.021+0000] {processor.py:925} INFO - DAG(s) 'example_xcom' retrieved from /home/airflow/.local/lib/python3.12/site-packages/airflow/example_dags/example_xcom.py
[2024-12-02T17:48:06.128+0000] {logging_mixin.py:190} INFO - [2024-12-02T17:48:06.127+0000] {dag.py:3239} INFO - Sync 1 DAGs
[2024-12-02T17:48:06.178+0000] {logging_mixin.py:190} INFO - [2024-12-02T17:48:06.178+0000] {dag.py:4180} INFO - Setting next_dagrun for example_xcom to 2021-01-01 00:00:00+00:00, run_after=2021-01-01 00:00:00+00:00
[2024-12-02T17:48:06.213+0000] {processor.py:208} INFO - Processing /home/airflow/.local/lib/python3.12/site-packages/airflow/example_dags/example_xcom.py took 0.235 seconds
[2024-12-02T17:48:36.584+0000] {processor.py:186} INFO - Started process (PID=418) to work on /home/airflow/.local/lib/python3.12/site-packages/airflow/example_dags/example_xcom.py
[2024-12-02T17:48:36.589+0000] {processor.py:914} INFO - Processing file /home/airflow/.local/lib/python3.12/site-packages/airflow/example_dags/example_xcom.py for tasks to queue
[2024-12-02T17:48:36.593+0000] {logging_mixin.py:190} INFO - [2024-12-02T17:48:36.592+0000] {dagbag.py:588} INFO - Filling up the DagBag from /home/airflow/.local/lib/python3.12/site-packages/airflow/example_dags/example_xcom.py
[2024-12-02T17:48:36.616+0000] {processor.py:925} INFO - DAG(s) 'example_xcom' retrieved from /home/airflow/.local/lib/python3.12/site-packages/airflow/example_dags/example_xcom.py
[2024-12-02T17:48:36.657+0000] {logging_mixin.py:190} INFO - [2024-12-02T17:48:36.656+0000] {dag.py:3239} INFO - Sync 1 DAGs
[2024-12-02T17:48:36.712+0000] {logging_mixin.py:190} INFO - [2024-12-02T17:48:36.712+0000] {dag.py:4180} INFO - Setting next_dagrun for example_xcom to 2021-01-01 00:00:00+00:00, run_after=2021-01-01 00:00:00+00:00
[2024-12-02T17:48:36.747+0000] {processor.py:208} INFO - Processing /home/airflow/.local/lib/python3.12/site-packages/airflow/example_dags/example_xcom.py took 0.210 seconds
[2024-12-02T17:49:07.202+0000] {processor.py:186} INFO - Started process (PID=477) to work on /home/airflow/.local/lib/python3.12/site-packages/airflow/example_dags/example_xcom.py
[2024-12-02T17:49:07.203+0000] {processor.py:914} INFO - Processing file /home/airflow/.local/lib/python3.12/site-packages/airflow/example_dags/example_xcom.py for tasks to queue
[2024-12-02T17:49:07.219+0000] {logging_mixin.py:190} INFO - [2024-12-02T17:49:07.218+0000] {dagbag.py:588} INFO - Filling up the DagBag from /home/airflow/.local/lib/python3.12/site-packages/airflow/example_dags/example_xcom.py
[2024-12-02T17:49:07.258+0000] {processor.py:925} INFO - DAG(s) 'example_xcom' retrieved from /home/airflow/.local/lib/python3.12/site-packages/airflow/example_dags/example_xcom.py
[2024-12-02T17:49:07.305+0000] {logging_mixin.py:190} INFO - [2024-12-02T17:49:07.304+0000] {dag.py:3239} INFO - Sync 1 DAGs
[2024-12-02T17:49:07.350+0000] {logging_mixin.py:190} INFO - [2024-12-02T17:49:07.350+0000] {dag.py:4180} INFO - Setting next_dagrun for example_xcom to 2021-01-01 00:00:00+00:00, run_after=2021-01-01 00:00:00+00:00
[2024-12-02T17:49:07.376+0000] {processor.py:208} INFO - Processing /home/airflow/.local/lib/python3.12/site-packages/airflow/example_dags/example_xcom.py took 0.196 seconds
[2024-12-02T17:49:37.572+0000] {processor.py:186} INFO - Started process (PID=542) to work on /home/airflow/.local/lib/python3.12/site-packages/airflow/example_dags/example_xcom.py
[2024-12-02T17:49:37.573+0000] {processor.py:914} INFO - Processing file /home/airflow/.local/lib/python3.12/site-packages/airflow/example_dags/example_xcom.py for tasks to queue
[2024-12-02T17:49:37.575+0000] {logging_mixin.py:190} INFO - [2024-12-02T17:49:37.575+0000] {dagbag.py:588} INFO - Filling up the DagBag from /home/airflow/.local/lib/python3.12/site-packages/airflow/example_dags/example_xcom.py
[2024-12-02T17:49:37.585+0000] {processor.py:925} INFO - DAG(s) 'example_xcom' retrieved from /home/airflow/.local/lib/python3.12/site-packages/airflow/example_dags/example_xcom.py
[2024-12-02T17:49:37.606+0000] {logging_mixin.py:190} INFO - [2024-12-02T17:49:37.606+0000] {dag.py:3239} INFO - Sync 1 DAGs
[2024-12-02T17:49:37.631+0000] {logging_mixin.py:190} INFO - [2024-12-02T17:49:37.631+0000] {dag.py:4180} INFO - Setting next_dagrun for example_xcom to 2021-01-01 00:00:00+00:00, run_after=2021-01-01 00:00:00+00:00
[2024-12-02T17:49:37.649+0000] {processor.py:208} INFO - Processing /home/airflow/.local/lib/python3.12/site-packages/airflow/example_dags/example_xcom.py took 0.084 seconds
[2024-12-02T17:50:07.912+0000] {processor.py:186} INFO - Started process (PID=607) to work on /home/airflow/.local/lib/python3.12/site-packages/airflow/example_dags/example_xcom.py
[2024-12-02T17:50:07.913+0000] {processor.py:914} INFO - Processing file /home/airflow/.local/lib/python3.12/site-packages/airflow/example_dags/example_xcom.py for tasks to queue
[2024-12-02T17:50:07.916+0000] {logging_mixin.py:190} INFO - [2024-12-02T17:50:07.915+0000] {dagbag.py:588} INFO - Filling up the DagBag from /home/airflow/.local/lib/python3.12/site-packages/airflow/example_dags/example_xcom.py
[2024-12-02T17:50:07.932+0000] {processor.py:925} INFO - DAG(s) 'example_xcom' retrieved from /home/airflow/.local/lib/python3.12/site-packages/airflow/example_dags/example_xcom.py
[2024-12-02T17:50:07.963+0000] {logging_mixin.py:190} INFO - [2024-12-02T17:50:07.963+0000] {dag.py:3239} INFO - Sync 1 DAGs
[2024-12-02T17:50:08.001+0000] {logging_mixin.py:190} INFO - [2024-12-02T17:50:08.001+0000] {dag.py:4180} INFO - Setting next_dagrun for example_xcom to 2021-01-01 00:00:00+00:00, run_after=2021-01-01 00:00:00+00:00
[2024-12-02T17:50:08.025+0000] {processor.py:208} INFO - Processing /home/airflow/.local/lib/python3.12/site-packages/airflow/example_dags/example_xcom.py took 0.122 seconds
[2024-12-02T17:50:38.390+0000] {processor.py:186} INFO - Started process (PID=671) to work on /home/airflow/.local/lib/python3.12/site-packages/airflow/example_dags/example_xcom.py
[2024-12-02T17:50:38.391+0000] {processor.py:914} INFO - Processing file /home/airflow/.local/lib/python3.12/site-packages/airflow/example_dags/example_xcom.py for tasks to queue
[2024-12-02T17:50:38.394+0000] {logging_mixin.py:190} INFO - [2024-12-02T17:50:38.393+0000] {dagbag.py:588} INFO - Filling up the DagBag from /home/airflow/.local/lib/python3.12/site-packages/airflow/example_dags/example_xcom.py
[2024-12-02T17:50:38.404+0000] {processor.py:925} INFO - DAG(s) 'example_xcom' retrieved from /home/airflow/.local/lib/python3.12/site-packages/airflow/example_dags/example_xcom.py
[2024-12-02T17:50:38.429+0000] {logging_mixin.py:190} INFO - [2024-12-02T17:50:38.429+0000] {dag.py:3239} INFO - Sync 1 DAGs
[2024-12-02T17:50:38.459+0000] {logging_mixin.py:190} INFO - [2024-12-02T17:50:38.459+0000] {dag.py:4180} INFO - Setting next_dagrun for example_xcom to 2021-01-01 00:00:00+00:00, run_after=2021-01-01 00:00:00+00:00
[2024-12-02T17:50:38.478+0000] {processor.py:208} INFO - Processing /home/airflow/.local/lib/python3.12/site-packages/airflow/example_dags/example_xcom.py took 0.095 seconds
