[2024-12-02T17:46:00.492+0000] {processor.py:186} INFO - Started process (PID=79) to work on /home/airflow/.local/lib/python3.12/site-packages/airflow/example_dags/example_python_decorator.py
[2024-12-02T17:46:00.493+0000] {processor.py:914} INFO - Processing file /home/airflow/.local/lib/python3.12/site-packages/airflow/example_dags/example_python_decorator.py for tasks to queue
[2024-12-02T17:46:00.496+0000] {logging_mixin.py:190} INFO - [2024-12-02T17:46:00.495+0000] {dagbag.py:588} INFO - Filling up the DagBag from /home/airflow/.local/lib/python3.12/site-packages/airflow/example_dags/example_python_decorator.py
[2024-12-02T17:46:00.514+0000] {processor.py:925} INFO - DAG(s) 'example_python_decorator' retrieved from /home/airflow/.local/lib/python3.12/site-packages/airflow/example_dags/example_python_decorator.py
[2024-12-02T17:46:00.659+0000] {logging_mixin.py:190} INFO - [2024-12-02T17:46:00.658+0000] {override.py:1911} INFO - Created Permission View: can read on DAG:example_python_decorator
[2024-12-02T17:46:00.672+0000] {logging_mixin.py:190} INFO - [2024-12-02T17:46:00.672+0000] {override.py:1911} INFO - Created Permission View: can edit on DAG:example_python_decorator
[2024-12-02T17:46:00.682+0000] {logging_mixin.py:190} INFO - [2024-12-02T17:46:00.681+0000] {override.py:1911} INFO - Created Permission View: can delete on DAG:example_python_decorator
[2024-12-02T17:46:00.693+0000] {logging_mixin.py:190} INFO - [2024-12-02T17:46:00.693+0000] {override.py:1911} INFO - Created Permission View: can read on DAG Run:example_python_decorator
[2024-12-02T17:46:00.704+0000] {logging_mixin.py:190} INFO - [2024-12-02T17:46:00.704+0000] {override.py:1911} INFO - Created Permission View: can delete on DAG Run:example_python_decorator
[2024-12-02T17:46:00.715+0000] {logging_mixin.py:190} INFO - [2024-12-02T17:46:00.715+0000] {override.py:1911} INFO - Created Permission View: can create on DAG Run:example_python_decorator
[2024-12-02T17:46:00.727+0000] {logging_mixin.py:190} INFO - [2024-12-02T17:46:00.726+0000] {override.py:1911} INFO - Created Permission View: menu access on DAG Run:example_python_decorator
[2024-12-02T17:46:00.727+0000] {logging_mixin.py:190} INFO - [2024-12-02T17:46:00.727+0000] {dag.py:3239} INFO - Sync 1 DAGs
[2024-12-02T17:46:00.746+0000] {logging_mixin.py:190} INFO - [2024-12-02T17:46:00.746+0000] {dag.py:3262} INFO - Creating ORM DAG for example_python_decorator
[2024-12-02T17:46:00.747+0000] {logging_mixin.py:190} INFO - [2024-12-02T17:46:00.747+0000] {dag.py:4180} INFO - Setting next_dagrun for example_python_decorator to None, run_after=None
[2024-12-02T17:46:00.769+0000] {processor.py:208} INFO - Processing /home/airflow/.local/lib/python3.12/site-packages/airflow/example_dags/example_python_decorator.py took 0.284 seconds
[2024-12-02T17:46:31.098+0000] {processor.py:186} INFO - Started process (PID=144) to work on /home/airflow/.local/lib/python3.12/site-packages/airflow/example_dags/example_python_decorator.py
[2024-12-02T17:46:31.098+0000] {processor.py:914} INFO - Processing file /home/airflow/.local/lib/python3.12/site-packages/airflow/example_dags/example_python_decorator.py for tasks to queue
[2024-12-02T17:46:31.101+0000] {logging_mixin.py:190} INFO - [2024-12-02T17:46:31.100+0000] {dagbag.py:588} INFO - Filling up the DagBag from /home/airflow/.local/lib/python3.12/site-packages/airflow/example_dags/example_python_decorator.py
[2024-12-02T17:46:31.120+0000] {processor.py:925} INFO - DAG(s) 'example_python_decorator' retrieved from /home/airflow/.local/lib/python3.12/site-packages/airflow/example_dags/example_python_decorator.py
[2024-12-02T17:46:31.146+0000] {logging_mixin.py:190} INFO - [2024-12-02T17:46:31.146+0000] {dag.py:3239} INFO - Sync 1 DAGs
[2024-12-02T17:46:31.164+0000] {logging_mixin.py:190} INFO - [2024-12-02T17:46:31.164+0000] {dag.py:4180} INFO - Setting next_dagrun for example_python_decorator to None, run_after=None
[2024-12-02T17:46:31.182+0000] {processor.py:208} INFO - Processing /home/airflow/.local/lib/python3.12/site-packages/airflow/example_dags/example_python_decorator.py took 0.092 seconds
[2024-12-02T17:47:01.278+0000] {processor.py:186} INFO - Started process (PID=209) to work on /home/airflow/.local/lib/python3.12/site-packages/airflow/example_dags/example_python_decorator.py
[2024-12-02T17:47:01.278+0000] {processor.py:914} INFO - Processing file /home/airflow/.local/lib/python3.12/site-packages/airflow/example_dags/example_python_decorator.py for tasks to queue
[2024-12-02T17:47:01.281+0000] {logging_mixin.py:190} INFO - [2024-12-02T17:47:01.280+0000] {dagbag.py:588} INFO - Filling up the DagBag from /home/airflow/.local/lib/python3.12/site-packages/airflow/example_dags/example_python_decorator.py
[2024-12-02T17:47:01.298+0000] {processor.py:925} INFO - DAG(s) 'example_python_decorator' retrieved from /home/airflow/.local/lib/python3.12/site-packages/airflow/example_dags/example_python_decorator.py
[2024-12-02T17:47:01.325+0000] {logging_mixin.py:190} INFO - [2024-12-02T17:47:01.324+0000] {dag.py:3239} INFO - Sync 1 DAGs
[2024-12-02T17:47:01.343+0000] {logging_mixin.py:190} INFO - [2024-12-02T17:47:01.342+0000] {dag.py:4180} INFO - Setting next_dagrun for example_python_decorator to None, run_after=None
[2024-12-02T17:47:01.363+0000] {processor.py:208} INFO - Processing /home/airflow/.local/lib/python3.12/site-packages/airflow/example_dags/example_python_decorator.py took 0.093 seconds
[2024-12-02T17:47:32.110+0000] {processor.py:186} INFO - Started process (PID=274) to work on /home/airflow/.local/lib/python3.12/site-packages/airflow/example_dags/example_python_decorator.py
[2024-12-02T17:47:32.112+0000] {processor.py:914} INFO - Processing file /home/airflow/.local/lib/python3.12/site-packages/airflow/example_dags/example_python_decorator.py for tasks to queue
[2024-12-02T17:47:32.115+0000] {logging_mixin.py:190} INFO - [2024-12-02T17:47:32.114+0000] {dagbag.py:588} INFO - Filling up the DagBag from /home/airflow/.local/lib/python3.12/site-packages/airflow/example_dags/example_python_decorator.py
[2024-12-02T17:47:32.135+0000] {processor.py:925} INFO - DAG(s) 'example_python_decorator' retrieved from /home/airflow/.local/lib/python3.12/site-packages/airflow/example_dags/example_python_decorator.py
[2024-12-02T17:47:32.165+0000] {logging_mixin.py:190} INFO - [2024-12-02T17:47:32.165+0000] {dag.py:3239} INFO - Sync 1 DAGs
[2024-12-02T17:47:32.186+0000] {logging_mixin.py:190} INFO - [2024-12-02T17:47:32.185+0000] {dag.py:4180} INFO - Setting next_dagrun for example_python_decorator to None, run_after=None
[2024-12-02T17:47:32.213+0000] {processor.py:208} INFO - Processing /home/airflow/.local/lib/python3.12/site-packages/airflow/example_dags/example_python_decorator.py took 0.114 seconds
[2024-12-02T17:48:03.216+0000] {processor.py:186} INFO - Started process (PID=343) to work on /home/airflow/.local/lib/python3.12/site-packages/airflow/example_dags/example_python_decorator.py
[2024-12-02T17:48:03.217+0000] {processor.py:914} INFO - Processing file /home/airflow/.local/lib/python3.12/site-packages/airflow/example_dags/example_python_decorator.py for tasks to queue
[2024-12-02T17:48:03.224+0000] {logging_mixin.py:190} INFO - [2024-12-02T17:48:03.221+0000] {dagbag.py:588} INFO - Filling up the DagBag from /home/airflow/.local/lib/python3.12/site-packages/airflow/example_dags/example_python_decorator.py
[2024-12-02T17:48:03.321+0000] {processor.py:925} INFO - DAG(s) 'example_python_decorator' retrieved from /home/airflow/.local/lib/python3.12/site-packages/airflow/example_dags/example_python_decorator.py
[2024-12-02T17:48:03.432+0000] {logging_mixin.py:190} INFO - [2024-12-02T17:48:03.432+0000] {dag.py:3239} INFO - Sync 1 DAGs
[2024-12-02T17:48:03.463+0000] {logging_mixin.py:190} INFO - [2024-12-02T17:48:03.463+0000] {dag.py:4180} INFO - Setting next_dagrun for example_python_decorator to None, run_after=None
[2024-12-02T17:48:03.508+0000] {processor.py:208} INFO - Processing /home/airflow/.local/lib/python3.12/site-packages/airflow/example_dags/example_python_decorator.py took 0.318 seconds
[2024-12-02T17:48:34.227+0000] {processor.py:186} INFO - Started process (PID=411) to work on /home/airflow/.local/lib/python3.12/site-packages/airflow/example_dags/example_python_decorator.py
[2024-12-02T17:48:34.234+0000] {processor.py:914} INFO - Processing file /home/airflow/.local/lib/python3.12/site-packages/airflow/example_dags/example_python_decorator.py for tasks to queue
[2024-12-02T17:48:34.242+0000] {logging_mixin.py:190} INFO - [2024-12-02T17:48:34.242+0000] {dagbag.py:588} INFO - Filling up the DagBag from /home/airflow/.local/lib/python3.12/site-packages/airflow/example_dags/example_python_decorator.py
[2024-12-02T17:48:34.331+0000] {processor.py:925} INFO - DAG(s) 'example_python_decorator' retrieved from /home/airflow/.local/lib/python3.12/site-packages/airflow/example_dags/example_python_decorator.py
[2024-12-02T17:48:34.442+0000] {logging_mixin.py:190} INFO - [2024-12-02T17:48:34.442+0000] {dag.py:3239} INFO - Sync 1 DAGs
[2024-12-02T17:48:34.481+0000] {logging_mixin.py:190} INFO - [2024-12-02T17:48:34.480+0000] {dag.py:4180} INFO - Setting next_dagrun for example_python_decorator to None, run_after=None
[2024-12-02T17:48:34.544+0000] {processor.py:208} INFO - Processing /home/airflow/.local/lib/python3.12/site-packages/airflow/example_dags/example_python_decorator.py took 0.349 seconds
[2024-12-02T17:49:05.387+0000] {processor.py:186} INFO - Started process (PID=470) to work on /home/airflow/.local/lib/python3.12/site-packages/airflow/example_dags/example_python_decorator.py
[2024-12-02T17:49:05.389+0000] {processor.py:914} INFO - Processing file /home/airflow/.local/lib/python3.12/site-packages/airflow/example_dags/example_python_decorator.py for tasks to queue
[2024-12-02T17:49:05.396+0000] {logging_mixin.py:190} INFO - [2024-12-02T17:49:05.396+0000] {dagbag.py:588} INFO - Filling up the DagBag from /home/airflow/.local/lib/python3.12/site-packages/airflow/example_dags/example_python_decorator.py
[2024-12-02T17:49:05.432+0000] {processor.py:925} INFO - DAG(s) 'example_python_decorator' retrieved from /home/airflow/.local/lib/python3.12/site-packages/airflow/example_dags/example_python_decorator.py
[2024-12-02T17:49:05.483+0000] {logging_mixin.py:190} INFO - [2024-12-02T17:49:05.483+0000] {dag.py:3239} INFO - Sync 1 DAGs
[2024-12-02T17:49:05.522+0000] {logging_mixin.py:190} INFO - [2024-12-02T17:49:05.522+0000] {dag.py:4180} INFO - Setting next_dagrun for example_python_decorator to None, run_after=None
[2024-12-02T17:49:05.563+0000] {processor.py:208} INFO - Processing /home/airflow/.local/lib/python3.12/site-packages/airflow/example_dags/example_python_decorator.py took 0.189 seconds
[2024-12-02T17:49:36.147+0000] {processor.py:186} INFO - Started process (PID=535) to work on /home/airflow/.local/lib/python3.12/site-packages/airflow/example_dags/example_python_decorator.py
[2024-12-02T17:49:36.148+0000] {processor.py:914} INFO - Processing file /home/airflow/.local/lib/python3.12/site-packages/airflow/example_dags/example_python_decorator.py for tasks to queue
[2024-12-02T17:49:36.150+0000] {logging_mixin.py:190} INFO - [2024-12-02T17:49:36.150+0000] {dagbag.py:588} INFO - Filling up the DagBag from /home/airflow/.local/lib/python3.12/site-packages/airflow/example_dags/example_python_decorator.py
[2024-12-02T17:49:36.167+0000] {processor.py:925} INFO - DAG(s) 'example_python_decorator' retrieved from /home/airflow/.local/lib/python3.12/site-packages/airflow/example_dags/example_python_decorator.py
[2024-12-02T17:49:36.190+0000] {logging_mixin.py:190} INFO - [2024-12-02T17:49:36.189+0000] {dag.py:3239} INFO - Sync 1 DAGs
[2024-12-02T17:49:36.205+0000] {logging_mixin.py:190} INFO - [2024-12-02T17:49:36.205+0000] {dag.py:4180} INFO - Setting next_dagrun for example_python_decorator to None, run_after=None
[2024-12-02T17:49:36.225+0000] {processor.py:208} INFO - Processing /home/airflow/.local/lib/python3.12/site-packages/airflow/example_dags/example_python_decorator.py took 0.085 seconds
[2024-12-02T17:50:06.559+0000] {processor.py:186} INFO - Started process (PID=599) to work on /home/airflow/.local/lib/python3.12/site-packages/airflow/example_dags/example_python_decorator.py
[2024-12-02T17:50:06.563+0000] {processor.py:914} INFO - Processing file /home/airflow/.local/lib/python3.12/site-packages/airflow/example_dags/example_python_decorator.py for tasks to queue
[2024-12-02T17:50:06.566+0000] {logging_mixin.py:190} INFO - [2024-12-02T17:50:06.566+0000] {dagbag.py:588} INFO - Filling up the DagBag from /home/airflow/.local/lib/python3.12/site-packages/airflow/example_dags/example_python_decorator.py
[2024-12-02T17:50:06.582+0000] {processor.py:925} INFO - DAG(s) 'example_python_decorator' retrieved from /home/airflow/.local/lib/python3.12/site-packages/airflow/example_dags/example_python_decorator.py
[2024-12-02T17:50:06.607+0000] {logging_mixin.py:190} INFO - [2024-12-02T17:50:06.607+0000] {dag.py:3239} INFO - Sync 1 DAGs
[2024-12-02T17:50:06.626+0000] {logging_mixin.py:190} INFO - [2024-12-02T17:50:06.625+0000] {dag.py:4180} INFO - Setting next_dagrun for example_python_decorator to None, run_after=None
[2024-12-02T17:50:06.646+0000] {processor.py:208} INFO - Processing /home/airflow/.local/lib/python3.12/site-packages/airflow/example_dags/example_python_decorator.py took 0.093 seconds
[2024-12-02T17:50:36.879+0000] {processor.py:186} INFO - Started process (PID=664) to work on /home/airflow/.local/lib/python3.12/site-packages/airflow/example_dags/example_python_decorator.py
[2024-12-02T17:50:36.880+0000] {processor.py:914} INFO - Processing file /home/airflow/.local/lib/python3.12/site-packages/airflow/example_dags/example_python_decorator.py for tasks to queue
[2024-12-02T17:50:36.884+0000] {logging_mixin.py:190} INFO - [2024-12-02T17:50:36.884+0000] {dagbag.py:588} INFO - Filling up the DagBag from /home/airflow/.local/lib/python3.12/site-packages/airflow/example_dags/example_python_decorator.py
[2024-12-02T17:50:36.914+0000] {processor.py:925} INFO - DAG(s) 'example_python_decorator' retrieved from /home/airflow/.local/lib/python3.12/site-packages/airflow/example_dags/example_python_decorator.py
[2024-12-02T17:50:36.952+0000] {logging_mixin.py:190} INFO - [2024-12-02T17:50:36.952+0000] {dag.py:3239} INFO - Sync 1 DAGs
[2024-12-02T17:50:36.980+0000] {logging_mixin.py:190} INFO - [2024-12-02T17:50:36.980+0000] {dag.py:4180} INFO - Setting next_dagrun for example_python_decorator to None, run_after=None
[2024-12-02T17:50:37.006+0000] {processor.py:208} INFO - Processing /home/airflow/.local/lib/python3.12/site-packages/airflow/example_dags/example_python_decorator.py took 0.137 seconds
