[2024-12-02T17:46:09.333+0000] {processor.py:186} INFO - Started process (PID=114) to work on /home/airflow/.local/lib/python3.12/site-packages/airflow/example_dags/example_trigger_target_dag.py
[2024-12-02T17:46:09.334+0000] {processor.py:914} INFO - Processing file /home/airflow/.local/lib/python3.12/site-packages/airflow/example_dags/example_trigger_target_dag.py for tasks to queue
[2024-12-02T17:46:09.337+0000] {logging_mixin.py:190} INFO - [2024-12-02T17:46:09.337+0000] {dagbag.py:588} INFO - Filling up the DagBag from /home/airflow/.local/lib/python3.12/site-packages/airflow/example_dags/example_trigger_target_dag.py
[2024-12-02T17:46:09.347+0000] {processor.py:925} INFO - DAG(s) 'example_trigger_target_dag' retrieved from /home/airflow/.local/lib/python3.12/site-packages/airflow/example_dags/example_trigger_target_dag.py
[2024-12-02T17:46:09.498+0000] {logging_mixin.py:190} INFO - [2024-12-02T17:46:09.497+0000] {override.py:1911} INFO - Created Permission View: can read on DAG:example_trigger_target_dag
[2024-12-02T17:46:09.513+0000] {logging_mixin.py:190} INFO - [2024-12-02T17:46:09.513+0000] {override.py:1911} INFO - Created Permission View: can edit on DAG:example_trigger_target_dag
[2024-12-02T17:46:09.527+0000] {logging_mixin.py:190} INFO - [2024-12-02T17:46:09.527+0000] {override.py:1911} INFO - Created Permission View: can delete on DAG:example_trigger_target_dag
[2024-12-02T17:46:09.541+0000] {logging_mixin.py:190} INFO - [2024-12-02T17:46:09.540+0000] {override.py:1911} INFO - Created Permission View: can read on DAG Run:example_trigger_target_dag
[2024-12-02T17:46:09.550+0000] {logging_mixin.py:190} INFO - [2024-12-02T17:46:09.550+0000] {override.py:1911} INFO - Created Permission View: can delete on DAG Run:example_trigger_target_dag
[2024-12-02T17:46:09.560+0000] {logging_mixin.py:190} INFO - [2024-12-02T17:46:09.559+0000] {override.py:1911} INFO - Created Permission View: can create on DAG Run:example_trigger_target_dag
[2024-12-02T17:46:09.569+0000] {logging_mixin.py:190} INFO - [2024-12-02T17:46:09.569+0000] {override.py:1911} INFO - Created Permission View: menu access on DAG Run:example_trigger_target_dag
[2024-12-02T17:46:09.570+0000] {logging_mixin.py:190} INFO - [2024-12-02T17:46:09.570+0000] {dag.py:3239} INFO - Sync 1 DAGs
[2024-12-02T17:46:09.588+0000] {logging_mixin.py:190} INFO - [2024-12-02T17:46:09.588+0000] {dag.py:3262} INFO - Creating ORM DAG for example_trigger_target_dag
[2024-12-02T17:46:09.589+0000] {logging_mixin.py:190} INFO - [2024-12-02T17:46:09.589+0000] {dag.py:4180} INFO - Setting next_dagrun for example_trigger_target_dag to None, run_after=None
[2024-12-02T17:46:09.605+0000] {processor.py:208} INFO - Processing /home/airflow/.local/lib/python3.12/site-packages/airflow/example_dags/example_trigger_target_dag.py took 0.280 seconds
[2024-12-02T17:46:39.723+0000] {processor.py:186} INFO - Started process (PID=179) to work on /home/airflow/.local/lib/python3.12/site-packages/airflow/example_dags/example_trigger_target_dag.py
[2024-12-02T17:46:39.724+0000] {processor.py:914} INFO - Processing file /home/airflow/.local/lib/python3.12/site-packages/airflow/example_dags/example_trigger_target_dag.py for tasks to queue
[2024-12-02T17:46:39.727+0000] {logging_mixin.py:190} INFO - [2024-12-02T17:46:39.726+0000] {dagbag.py:588} INFO - Filling up the DagBag from /home/airflow/.local/lib/python3.12/site-packages/airflow/example_dags/example_trigger_target_dag.py
[2024-12-02T17:46:39.736+0000] {processor.py:925} INFO - DAG(s) 'example_trigger_target_dag' retrieved from /home/airflow/.local/lib/python3.12/site-packages/airflow/example_dags/example_trigger_target_dag.py
[2024-12-02T17:46:39.761+0000] {logging_mixin.py:190} INFO - [2024-12-02T17:46:39.760+0000] {dag.py:3239} INFO - Sync 1 DAGs
[2024-12-02T17:46:39.780+0000] {logging_mixin.py:190} INFO - [2024-12-02T17:46:39.780+0000] {dag.py:4180} INFO - Setting next_dagrun for example_trigger_target_dag to None, run_after=None
[2024-12-02T17:46:39.807+0000] {processor.py:208} INFO - Processing /home/airflow/.local/lib/python3.12/site-packages/airflow/example_dags/example_trigger_target_dag.py took 0.093 seconds
[2024-12-02T17:47:10.635+0000] {processor.py:186} INFO - Started process (PID=244) to work on /home/airflow/.local/lib/python3.12/site-packages/airflow/example_dags/example_trigger_target_dag.py
[2024-12-02T17:47:10.636+0000] {processor.py:914} INFO - Processing file /home/airflow/.local/lib/python3.12/site-packages/airflow/example_dags/example_trigger_target_dag.py for tasks to queue
[2024-12-02T17:47:10.639+0000] {logging_mixin.py:190} INFO - [2024-12-02T17:47:10.639+0000] {dagbag.py:588} INFO - Filling up the DagBag from /home/airflow/.local/lib/python3.12/site-packages/airflow/example_dags/example_trigger_target_dag.py
[2024-12-02T17:47:10.649+0000] {processor.py:925} INFO - DAG(s) 'example_trigger_target_dag' retrieved from /home/airflow/.local/lib/python3.12/site-packages/airflow/example_dags/example_trigger_target_dag.py
[2024-12-02T17:47:10.670+0000] {logging_mixin.py:190} INFO - [2024-12-02T17:47:10.670+0000] {dag.py:3239} INFO - Sync 1 DAGs
[2024-12-02T17:47:10.687+0000] {logging_mixin.py:190} INFO - [2024-12-02T17:47:10.686+0000] {dag.py:4180} INFO - Setting next_dagrun for example_trigger_target_dag to None, run_after=None
[2024-12-02T17:47:10.710+0000] {processor.py:208} INFO - Processing /home/airflow/.local/lib/python3.12/site-packages/airflow/example_dags/example_trigger_target_dag.py took 0.084 seconds
[2024-12-02T17:47:41.322+0000] {processor.py:186} INFO - Started process (PID=309) to work on /home/airflow/.local/lib/python3.12/site-packages/airflow/example_dags/example_trigger_target_dag.py
[2024-12-02T17:47:41.324+0000] {processor.py:914} INFO - Processing file /home/airflow/.local/lib/python3.12/site-packages/airflow/example_dags/example_trigger_target_dag.py for tasks to queue
[2024-12-02T17:47:41.328+0000] {logging_mixin.py:190} INFO - [2024-12-02T17:47:41.328+0000] {dagbag.py:588} INFO - Filling up the DagBag from /home/airflow/.local/lib/python3.12/site-packages/airflow/example_dags/example_trigger_target_dag.py
[2024-12-02T17:47:41.338+0000] {processor.py:925} INFO - DAG(s) 'example_trigger_target_dag' retrieved from /home/airflow/.local/lib/python3.12/site-packages/airflow/example_dags/example_trigger_target_dag.py
[2024-12-02T17:47:41.365+0000] {logging_mixin.py:190} INFO - [2024-12-02T17:47:41.365+0000] {dag.py:3239} INFO - Sync 1 DAGs
[2024-12-02T17:47:41.390+0000] {logging_mixin.py:190} INFO - [2024-12-02T17:47:41.390+0000] {dag.py:4180} INFO - Setting next_dagrun for example_trigger_target_dag to None, run_after=None
[2024-12-02T17:47:41.418+0000] {processor.py:208} INFO - Processing /home/airflow/.local/lib/python3.12/site-packages/airflow/example_dags/example_trigger_target_dag.py took 0.106 seconds
[2024-12-02T17:48:25.788+0000] {processor.py:186} INFO - Started process (PID=378) to work on /home/airflow/.local/lib/python3.12/site-packages/airflow/example_dags/example_trigger_target_dag.py
[2024-12-02T17:48:25.805+0000] {processor.py:914} INFO - Processing file /home/airflow/.local/lib/python3.12/site-packages/airflow/example_dags/example_trigger_target_dag.py for tasks to queue
[2024-12-02T17:48:25.837+0000] {logging_mixin.py:190} INFO - [2024-12-02T17:48:25.824+0000] {dagbag.py:588} INFO - Filling up the DagBag from /home/airflow/.local/lib/python3.12/site-packages/airflow/example_dags/example_trigger_target_dag.py
[2024-12-02T17:48:25.953+0000] {processor.py:925} INFO - DAG(s) 'example_trigger_target_dag' retrieved from /home/airflow/.local/lib/python3.12/site-packages/airflow/example_dags/example_trigger_target_dag.py
[2024-12-02T17:48:26.260+0000] {logging_mixin.py:190} INFO - [2024-12-02T17:48:26.260+0000] {dag.py:3239} INFO - Sync 1 DAGs
[2024-12-02T17:48:26.331+0000] {logging_mixin.py:190} INFO - [2024-12-02T17:48:26.330+0000] {dag.py:4180} INFO - Setting next_dagrun for example_trigger_target_dag to None, run_after=None
[2024-12-02T17:48:26.423+0000] {processor.py:208} INFO - Processing /home/airflow/.local/lib/python3.12/site-packages/airflow/example_dags/example_trigger_target_dag.py took 0.685 seconds
[2024-12-02T17:48:57.397+0000] {processor.py:186} INFO - Started process (PID=446) to work on /home/airflow/.local/lib/python3.12/site-packages/airflow/example_dags/example_trigger_target_dag.py
[2024-12-02T17:48:57.398+0000] {processor.py:914} INFO - Processing file /home/airflow/.local/lib/python3.12/site-packages/airflow/example_dags/example_trigger_target_dag.py for tasks to queue
[2024-12-02T17:48:57.402+0000] {logging_mixin.py:190} INFO - [2024-12-02T17:48:57.401+0000] {dagbag.py:588} INFO - Filling up the DagBag from /home/airflow/.local/lib/python3.12/site-packages/airflow/example_dags/example_trigger_target_dag.py
[2024-12-02T17:48:57.414+0000] {processor.py:925} INFO - DAG(s) 'example_trigger_target_dag' retrieved from /home/airflow/.local/lib/python3.12/site-packages/airflow/example_dags/example_trigger_target_dag.py
[2024-12-02T17:48:57.454+0000] {logging_mixin.py:190} INFO - [2024-12-02T17:48:57.454+0000] {dag.py:3239} INFO - Sync 1 DAGs
[2024-12-02T17:48:57.482+0000] {logging_mixin.py:190} INFO - [2024-12-02T17:48:57.482+0000] {dag.py:4180} INFO - Setting next_dagrun for example_trigger_target_dag to None, run_after=None
[2024-12-02T17:48:57.514+0000] {processor.py:208} INFO - Processing /home/airflow/.local/lib/python3.12/site-packages/airflow/example_dags/example_trigger_target_dag.py took 0.131 seconds
[2024-12-02T17:49:27.636+0000] {processor.py:186} INFO - Started process (PID=505) to work on /home/airflow/.local/lib/python3.12/site-packages/airflow/example_dags/example_trigger_target_dag.py
[2024-12-02T17:49:27.637+0000] {processor.py:914} INFO - Processing file /home/airflow/.local/lib/python3.12/site-packages/airflow/example_dags/example_trigger_target_dag.py for tasks to queue
[2024-12-02T17:49:27.639+0000] {logging_mixin.py:190} INFO - [2024-12-02T17:49:27.639+0000] {dagbag.py:588} INFO - Filling up the DagBag from /home/airflow/.local/lib/python3.12/site-packages/airflow/example_dags/example_trigger_target_dag.py
[2024-12-02T17:49:27.646+0000] {processor.py:925} INFO - DAG(s) 'example_trigger_target_dag' retrieved from /home/airflow/.local/lib/python3.12/site-packages/airflow/example_dags/example_trigger_target_dag.py
[2024-12-02T17:49:27.665+0000] {logging_mixin.py:190} INFO - [2024-12-02T17:49:27.664+0000] {dag.py:3239} INFO - Sync 1 DAGs
[2024-12-02T17:49:27.679+0000] {logging_mixin.py:190} INFO - [2024-12-02T17:49:27.679+0000] {dag.py:4180} INFO - Setting next_dagrun for example_trigger_target_dag to None, run_after=None
[2024-12-02T17:49:27.697+0000] {processor.py:208} INFO - Processing /home/airflow/.local/lib/python3.12/site-packages/airflow/example_dags/example_trigger_target_dag.py took 0.069 seconds
[2024-12-02T17:49:57.920+0000] {processor.py:186} INFO - Started process (PID=570) to work on /home/airflow/.local/lib/python3.12/site-packages/airflow/example_dags/example_trigger_target_dag.py
[2024-12-02T17:49:57.922+0000] {processor.py:914} INFO - Processing file /home/airflow/.local/lib/python3.12/site-packages/airflow/example_dags/example_trigger_target_dag.py for tasks to queue
[2024-12-02T17:49:57.925+0000] {logging_mixin.py:190} INFO - [2024-12-02T17:49:57.925+0000] {dagbag.py:588} INFO - Filling up the DagBag from /home/airflow/.local/lib/python3.12/site-packages/airflow/example_dags/example_trigger_target_dag.py
[2024-12-02T17:49:57.934+0000] {processor.py:925} INFO - DAG(s) 'example_trigger_target_dag' retrieved from /home/airflow/.local/lib/python3.12/site-packages/airflow/example_dags/example_trigger_target_dag.py
[2024-12-02T17:49:57.954+0000] {logging_mixin.py:190} INFO - [2024-12-02T17:49:57.954+0000] {dag.py:3239} INFO - Sync 1 DAGs
[2024-12-02T17:49:57.975+0000] {logging_mixin.py:190} INFO - [2024-12-02T17:49:57.975+0000] {dag.py:4180} INFO - Setting next_dagrun for example_trigger_target_dag to None, run_after=None
[2024-12-02T17:49:58.002+0000] {processor.py:208} INFO - Processing /home/airflow/.local/lib/python3.12/site-packages/airflow/example_dags/example_trigger_target_dag.py took 0.089 seconds
[2024-12-02T17:50:28.169+0000] {processor.py:186} INFO - Started process (PID=635) to work on /home/airflow/.local/lib/python3.12/site-packages/airflow/example_dags/example_trigger_target_dag.py
[2024-12-02T17:50:28.170+0000] {processor.py:914} INFO - Processing file /home/airflow/.local/lib/python3.12/site-packages/airflow/example_dags/example_trigger_target_dag.py for tasks to queue
[2024-12-02T17:50:28.175+0000] {logging_mixin.py:190} INFO - [2024-12-02T17:50:28.174+0000] {dagbag.py:588} INFO - Filling up the DagBag from /home/airflow/.local/lib/python3.12/site-packages/airflow/example_dags/example_trigger_target_dag.py
[2024-12-02T17:50:28.189+0000] {processor.py:925} INFO - DAG(s) 'example_trigger_target_dag' retrieved from /home/airflow/.local/lib/python3.12/site-packages/airflow/example_dags/example_trigger_target_dag.py
[2024-12-02T17:50:28.224+0000] {logging_mixin.py:190} INFO - [2024-12-02T17:50:28.224+0000] {dag.py:3239} INFO - Sync 1 DAGs
[2024-12-02T17:50:28.256+0000] {logging_mixin.py:190} INFO - [2024-12-02T17:50:28.255+0000] {dag.py:4180} INFO - Setting next_dagrun for example_trigger_target_dag to None, run_after=None
[2024-12-02T17:50:28.287+0000] {processor.py:208} INFO - Processing /home/airflow/.local/lib/python3.12/site-packages/airflow/example_dags/example_trigger_target_dag.py took 0.129 seconds
