[2024-12-02T17:45:59.857+0000] {processor.py:186} INFO - Started process (PID=75) to work on /home/airflow/.local/lib/python3.12/site-packages/airflow/example_dags/example_task_group.py
[2024-12-02T17:45:59.858+0000] {processor.py:914} INFO - Processing file /home/airflow/.local/lib/python3.12/site-packages/airflow/example_dags/example_task_group.py for tasks to queue
[2024-12-02T17:45:59.860+0000] {logging_mixin.py:190} INFO - [2024-12-02T17:45:59.860+0000] {dagbag.py:588} INFO - Filling up the DagBag from /home/airflow/.local/lib/python3.12/site-packages/airflow/example_dags/example_task_group.py
[2024-12-02T17:45:59.874+0000] {processor.py:925} INFO - DAG(s) 'example_task_group' retrieved from /home/airflow/.local/lib/python3.12/site-packages/airflow/example_dags/example_task_group.py
[2024-12-02T17:46:00.012+0000] {logging_mixin.py:190} INFO - [2024-12-02T17:46:00.012+0000] {override.py:1911} INFO - Created Permission View: can read on DAG:example_task_group
[2024-12-02T17:46:00.028+0000] {logging_mixin.py:190} INFO - [2024-12-02T17:46:00.027+0000] {override.py:1911} INFO - Created Permission View: can edit on DAG:example_task_group
[2024-12-02T17:46:00.039+0000] {logging_mixin.py:190} INFO - [2024-12-02T17:46:00.038+0000] {override.py:1911} INFO - Created Permission View: can delete on DAG:example_task_group
[2024-12-02T17:46:00.054+0000] {logging_mixin.py:190} INFO - [2024-12-02T17:46:00.054+0000] {override.py:1911} INFO - Created Permission View: can read on DAG Run:example_task_group
[2024-12-02T17:46:00.063+0000] {logging_mixin.py:190} INFO - [2024-12-02T17:46:00.063+0000] {override.py:1911} INFO - Created Permission View: can delete on DAG Run:example_task_group
[2024-12-02T17:46:00.073+0000] {logging_mixin.py:190} INFO - [2024-12-02T17:46:00.072+0000] {override.py:1911} INFO - Created Permission View: can create on DAG Run:example_task_group
[2024-12-02T17:46:00.081+0000] {logging_mixin.py:190} INFO - [2024-12-02T17:46:00.080+0000] {override.py:1911} INFO - Created Permission View: menu access on DAG Run:example_task_group
[2024-12-02T17:46:00.081+0000] {logging_mixin.py:190} INFO - [2024-12-02T17:46:00.081+0000] {dag.py:3239} INFO - Sync 1 DAGs
[2024-12-02T17:46:00.101+0000] {logging_mixin.py:190} INFO - [2024-12-02T17:46:00.100+0000] {dag.py:3262} INFO - Creating ORM DAG for example_task_group
[2024-12-02T17:46:00.101+0000] {logging_mixin.py:190} INFO - [2024-12-02T17:46:00.101+0000] {dag.py:4180} INFO - Setting next_dagrun for example_task_group to None, run_after=None
[2024-12-02T17:46:00.126+0000] {processor.py:208} INFO - Processing /home/airflow/.local/lib/python3.12/site-packages/airflow/example_dags/example_task_group.py took 0.277 seconds
[2024-12-02T17:46:30.855+0000] {processor.py:186} INFO - Started process (PID=140) to work on /home/airflow/.local/lib/python3.12/site-packages/airflow/example_dags/example_task_group.py
[2024-12-02T17:46:30.856+0000] {processor.py:914} INFO - Processing file /home/airflow/.local/lib/python3.12/site-packages/airflow/example_dags/example_task_group.py for tasks to queue
[2024-12-02T17:46:30.858+0000] {logging_mixin.py:190} INFO - [2024-12-02T17:46:30.858+0000] {dagbag.py:588} INFO - Filling up the DagBag from /home/airflow/.local/lib/python3.12/site-packages/airflow/example_dags/example_task_group.py
[2024-12-02T17:46:30.872+0000] {processor.py:925} INFO - DAG(s) 'example_task_group' retrieved from /home/airflow/.local/lib/python3.12/site-packages/airflow/example_dags/example_task_group.py
[2024-12-02T17:46:30.897+0000] {logging_mixin.py:190} INFO - [2024-12-02T17:46:30.897+0000] {dag.py:3239} INFO - Sync 1 DAGs
[2024-12-02T17:46:30.916+0000] {logging_mixin.py:190} INFO - [2024-12-02T17:46:30.915+0000] {dag.py:4180} INFO - Setting next_dagrun for example_task_group to None, run_after=None
[2024-12-02T17:46:30.937+0000] {processor.py:208} INFO - Processing /home/airflow/.local/lib/python3.12/site-packages/airflow/example_dags/example_task_group.py took 0.091 seconds
[2024-12-02T17:47:01.042+0000] {processor.py:186} INFO - Started process (PID=205) to work on /home/airflow/.local/lib/python3.12/site-packages/airflow/example_dags/example_task_group.py
[2024-12-02T17:47:01.043+0000] {processor.py:914} INFO - Processing file /home/airflow/.local/lib/python3.12/site-packages/airflow/example_dags/example_task_group.py for tasks to queue
[2024-12-02T17:47:01.045+0000] {logging_mixin.py:190} INFO - [2024-12-02T17:47:01.045+0000] {dagbag.py:588} INFO - Filling up the DagBag from /home/airflow/.local/lib/python3.12/site-packages/airflow/example_dags/example_task_group.py
[2024-12-02T17:47:01.055+0000] {processor.py:925} INFO - DAG(s) 'example_task_group' retrieved from /home/airflow/.local/lib/python3.12/site-packages/airflow/example_dags/example_task_group.py
[2024-12-02T17:47:01.077+0000] {logging_mixin.py:190} INFO - [2024-12-02T17:47:01.077+0000] {dag.py:3239} INFO - Sync 1 DAGs
[2024-12-02T17:47:01.095+0000] {logging_mixin.py:190} INFO - [2024-12-02T17:47:01.094+0000] {dag.py:4180} INFO - Setting next_dagrun for example_task_group to None, run_after=None
[2024-12-02T17:47:01.117+0000] {processor.py:208} INFO - Processing /home/airflow/.local/lib/python3.12/site-packages/airflow/example_dags/example_task_group.py took 0.082 seconds
[2024-12-02T17:47:31.863+0000] {processor.py:186} INFO - Started process (PID=270) to work on /home/airflow/.local/lib/python3.12/site-packages/airflow/example_dags/example_task_group.py
[2024-12-02T17:47:31.864+0000] {processor.py:914} INFO - Processing file /home/airflow/.local/lib/python3.12/site-packages/airflow/example_dags/example_task_group.py for tasks to queue
[2024-12-02T17:47:31.867+0000] {logging_mixin.py:190} INFO - [2024-12-02T17:47:31.866+0000] {dagbag.py:588} INFO - Filling up the DagBag from /home/airflow/.local/lib/python3.12/site-packages/airflow/example_dags/example_task_group.py
[2024-12-02T17:47:31.876+0000] {processor.py:925} INFO - DAG(s) 'example_task_group' retrieved from /home/airflow/.local/lib/python3.12/site-packages/airflow/example_dags/example_task_group.py
[2024-12-02T17:47:31.901+0000] {logging_mixin.py:190} INFO - [2024-12-02T17:47:31.900+0000] {dag.py:3239} INFO - Sync 1 DAGs
[2024-12-02T17:47:31.922+0000] {logging_mixin.py:190} INFO - [2024-12-02T17:47:31.922+0000] {dag.py:4180} INFO - Setting next_dagrun for example_task_group to None, run_after=None
[2024-12-02T17:47:31.942+0000] {processor.py:208} INFO - Processing /home/airflow/.local/lib/python3.12/site-packages/airflow/example_dags/example_task_group.py took 0.087 seconds
[2024-12-02T17:48:02.133+0000] {processor.py:186} INFO - Started process (PID=339) to work on /home/airflow/.local/lib/python3.12/site-packages/airflow/example_dags/example_task_group.py
[2024-12-02T17:48:02.134+0000] {processor.py:914} INFO - Processing file /home/airflow/.local/lib/python3.12/site-packages/airflow/example_dags/example_task_group.py for tasks to queue
[2024-12-02T17:48:02.137+0000] {logging_mixin.py:190} INFO - [2024-12-02T17:48:02.137+0000] {dagbag.py:588} INFO - Filling up the DagBag from /home/airflow/.local/lib/python3.12/site-packages/airflow/example_dags/example_task_group.py
[2024-12-02T17:48:02.153+0000] {processor.py:925} INFO - DAG(s) 'example_task_group' retrieved from /home/airflow/.local/lib/python3.12/site-packages/airflow/example_dags/example_task_group.py
[2024-12-02T17:48:02.189+0000] {logging_mixin.py:190} INFO - [2024-12-02T17:48:02.188+0000] {dag.py:3239} INFO - Sync 1 DAGs
[2024-12-02T17:48:02.213+0000] {logging_mixin.py:190} INFO - [2024-12-02T17:48:02.213+0000] {dag.py:4180} INFO - Setting next_dagrun for example_task_group to None, run_after=None
[2024-12-02T17:48:02.244+0000] {processor.py:208} INFO - Processing /home/airflow/.local/lib/python3.12/site-packages/airflow/example_dags/example_task_group.py took 0.120 seconds
[2024-12-02T17:48:33.407+0000] {processor.py:186} INFO - Started process (PID=407) to work on /home/airflow/.local/lib/python3.12/site-packages/airflow/example_dags/example_task_group.py
[2024-12-02T17:48:33.421+0000] {processor.py:914} INFO - Processing file /home/airflow/.local/lib/python3.12/site-packages/airflow/example_dags/example_task_group.py for tasks to queue
[2024-12-02T17:48:33.427+0000] {logging_mixin.py:190} INFO - [2024-12-02T17:48:33.426+0000] {dagbag.py:588} INFO - Filling up the DagBag from /home/airflow/.local/lib/python3.12/site-packages/airflow/example_dags/example_task_group.py
[2024-12-02T17:48:33.488+0000] {processor.py:925} INFO - DAG(s) 'example_task_group' retrieved from /home/airflow/.local/lib/python3.12/site-packages/airflow/example_dags/example_task_group.py
[2024-12-02T17:48:33.622+0000] {logging_mixin.py:190} INFO - [2024-12-02T17:48:33.621+0000] {dag.py:3239} INFO - Sync 1 DAGs
[2024-12-02T17:48:33.710+0000] {logging_mixin.py:190} INFO - [2024-12-02T17:48:33.709+0000] {dag.py:4180} INFO - Setting next_dagrun for example_task_group to None, run_after=None
[2024-12-02T17:48:33.772+0000] {processor.py:208} INFO - Processing /home/airflow/.local/lib/python3.12/site-packages/airflow/example_dags/example_task_group.py took 0.401 seconds
[2024-12-02T17:49:04.597+0000] {processor.py:186} INFO - Started process (PID=466) to work on /home/airflow/.local/lib/python3.12/site-packages/airflow/example_dags/example_task_group.py
[2024-12-02T17:49:04.598+0000] {processor.py:914} INFO - Processing file /home/airflow/.local/lib/python3.12/site-packages/airflow/example_dags/example_task_group.py for tasks to queue
[2024-12-02T17:49:04.601+0000] {logging_mixin.py:190} INFO - [2024-12-02T17:49:04.601+0000] {dagbag.py:588} INFO - Filling up the DagBag from /home/airflow/.local/lib/python3.12/site-packages/airflow/example_dags/example_task_group.py
[2024-12-02T17:49:04.624+0000] {processor.py:925} INFO - DAG(s) 'example_task_group' retrieved from /home/airflow/.local/lib/python3.12/site-packages/airflow/example_dags/example_task_group.py
[2024-12-02T17:49:04.661+0000] {logging_mixin.py:190} INFO - [2024-12-02T17:49:04.661+0000] {dag.py:3239} INFO - Sync 1 DAGs
[2024-12-02T17:49:04.691+0000] {logging_mixin.py:190} INFO - [2024-12-02T17:49:04.690+0000] {dag.py:4180} INFO - Setting next_dagrun for example_task_group to None, run_after=None
[2024-12-02T17:49:04.721+0000] {processor.py:208} INFO - Processing /home/airflow/.local/lib/python3.12/site-packages/airflow/example_dags/example_task_group.py took 0.139 seconds
[2024-12-02T17:49:35.154+0000] {processor.py:186} INFO - Started process (PID=530) to work on /home/airflow/.local/lib/python3.12/site-packages/airflow/example_dags/example_task_group.py
[2024-12-02T17:49:35.155+0000] {processor.py:914} INFO - Processing file /home/airflow/.local/lib/python3.12/site-packages/airflow/example_dags/example_task_group.py for tasks to queue
[2024-12-02T17:49:35.158+0000] {logging_mixin.py:190} INFO - [2024-12-02T17:49:35.158+0000] {dagbag.py:588} INFO - Filling up the DagBag from /home/airflow/.local/lib/python3.12/site-packages/airflow/example_dags/example_task_group.py
[2024-12-02T17:49:35.171+0000] {processor.py:925} INFO - DAG(s) 'example_task_group' retrieved from /home/airflow/.local/lib/python3.12/site-packages/airflow/example_dags/example_task_group.py
[2024-12-02T17:49:35.199+0000] {logging_mixin.py:190} INFO - [2024-12-02T17:49:35.199+0000] {dag.py:3239} INFO - Sync 1 DAGs
[2024-12-02T17:49:35.217+0000] {logging_mixin.py:190} INFO - [2024-12-02T17:49:35.217+0000] {dag.py:4180} INFO - Setting next_dagrun for example_task_group to None, run_after=None
[2024-12-02T17:49:35.242+0000] {processor.py:208} INFO - Processing /home/airflow/.local/lib/python3.12/site-packages/airflow/example_dags/example_task_group.py took 0.096 seconds
[2024-12-02T17:50:05.300+0000] {processor.py:186} INFO - Started process (PID=595) to work on /home/airflow/.local/lib/python3.12/site-packages/airflow/example_dags/example_task_group.py
[2024-12-02T17:50:05.301+0000] {processor.py:914} INFO - Processing file /home/airflow/.local/lib/python3.12/site-packages/airflow/example_dags/example_task_group.py for tasks to queue
[2024-12-02T17:50:05.304+0000] {logging_mixin.py:190} INFO - [2024-12-02T17:50:05.304+0000] {dagbag.py:588} INFO - Filling up the DagBag from /home/airflow/.local/lib/python3.12/site-packages/airflow/example_dags/example_task_group.py
[2024-12-02T17:50:05.314+0000] {processor.py:925} INFO - DAG(s) 'example_task_group' retrieved from /home/airflow/.local/lib/python3.12/site-packages/airflow/example_dags/example_task_group.py
[2024-12-02T17:50:05.341+0000] {logging_mixin.py:190} INFO - [2024-12-02T17:50:05.340+0000] {dag.py:3239} INFO - Sync 1 DAGs
[2024-12-02T17:50:05.362+0000] {logging_mixin.py:190} INFO - [2024-12-02T17:50:05.362+0000] {dag.py:4180} INFO - Setting next_dagrun for example_task_group to None, run_after=None
[2024-12-02T17:50:05.388+0000] {processor.py:208} INFO - Processing /home/airflow/.local/lib/python3.12/site-packages/airflow/example_dags/example_task_group.py took 0.096 seconds
[2024-12-02T17:50:35.559+0000] {processor.py:186} INFO - Started process (PID=660) to work on /home/airflow/.local/lib/python3.12/site-packages/airflow/example_dags/example_task_group.py
[2024-12-02T17:50:35.560+0000] {processor.py:914} INFO - Processing file /home/airflow/.local/lib/python3.12/site-packages/airflow/example_dags/example_task_group.py for tasks to queue
[2024-12-02T17:50:35.564+0000] {logging_mixin.py:190} INFO - [2024-12-02T17:50:35.563+0000] {dagbag.py:588} INFO - Filling up the DagBag from /home/airflow/.local/lib/python3.12/site-packages/airflow/example_dags/example_task_group.py
[2024-12-02T17:50:35.576+0000] {processor.py:925} INFO - DAG(s) 'example_task_group' retrieved from /home/airflow/.local/lib/python3.12/site-packages/airflow/example_dags/example_task_group.py
[2024-12-02T17:50:35.601+0000] {logging_mixin.py:190} INFO - [2024-12-02T17:50:35.601+0000] {dag.py:3239} INFO - Sync 1 DAGs
[2024-12-02T17:50:35.617+0000] {logging_mixin.py:190} INFO - [2024-12-02T17:50:35.617+0000] {dag.py:4180} INFO - Setting next_dagrun for example_task_group to None, run_after=None
[2024-12-02T17:50:35.639+0000] {processor.py:208} INFO - Processing /home/airflow/.local/lib/python3.12/site-packages/airflow/example_dags/example_task_group.py took 0.089 seconds
