[2024-12-02T17:46:06.601+0000] {processor.py:186} INFO - Started process (PID=100) to work on /home/airflow/.local/lib/python3.12/site-packages/airflow/example_dags/example_inlet_event_extra.py
[2024-12-02T17:46:06.602+0000] {processor.py:914} INFO - Processing file /home/airflow/.local/lib/python3.12/site-packages/airflow/example_dags/example_inlet_event_extra.py for tasks to queue
[2024-12-02T17:46:06.605+0000] {logging_mixin.py:190} INFO - [2024-12-02T17:46:06.605+0000] {dagbag.py:588} INFO - Filling up the DagBag from /home/airflow/.local/lib/python3.12/site-packages/airflow/example_dags/example_inlet_event_extra.py
[2024-12-02T17:46:07.388+0000] {processor.py:925} INFO - DAG(s) 'read_dataset_event_from_classic', 'read_dataset_event' retrieved from /home/airflow/.local/lib/python3.12/site-packages/airflow/example_dags/example_inlet_event_extra.py
[2024-12-02T17:46:07.525+0000] {logging_mixin.py:190} INFO - [2024-12-02T17:46:07.524+0000] {override.py:1911} INFO - Created Permission View: can read on DAG:read_dataset_event_from_classic
[2024-12-02T17:46:07.547+0000] {logging_mixin.py:190} INFO - [2024-12-02T17:46:07.546+0000] {override.py:1911} INFO - Created Permission View: can edit on DAG:read_dataset_event_from_classic
[2024-12-02T17:46:07.563+0000] {logging_mixin.py:190} INFO - [2024-12-02T17:46:07.562+0000] {override.py:1911} INFO - Created Permission View: can delete on DAG:read_dataset_event_from_classic
[2024-12-02T17:46:07.581+0000] {logging_mixin.py:190} INFO - [2024-12-02T17:46:07.581+0000] {override.py:1911} INFO - Created Permission View: can read on DAG Run:read_dataset_event_from_classic
[2024-12-02T17:46:07.595+0000] {logging_mixin.py:190} INFO - [2024-12-02T17:46:07.594+0000] {override.py:1911} INFO - Created Permission View: can delete on DAG Run:read_dataset_event_from_classic
[2024-12-02T17:46:07.604+0000] {logging_mixin.py:190} INFO - [2024-12-02T17:46:07.604+0000] {override.py:1911} INFO - Created Permission View: can create on DAG Run:read_dataset_event_from_classic
[2024-12-02T17:46:07.614+0000] {logging_mixin.py:190} INFO - [2024-12-02T17:46:07.614+0000] {override.py:1911} INFO - Created Permission View: menu access on DAG Run:read_dataset_event_from_classic
[2024-12-02T17:46:07.633+0000] {logging_mixin.py:190} INFO - [2024-12-02T17:46:07.632+0000] {override.py:1911} INFO - Created Permission View: can read on DAG:read_dataset_event
[2024-12-02T17:46:07.645+0000] {logging_mixin.py:190} INFO - [2024-12-02T17:46:07.645+0000] {override.py:1911} INFO - Created Permission View: can edit on DAG:read_dataset_event
[2024-12-02T17:46:07.660+0000] {logging_mixin.py:190} INFO - [2024-12-02T17:46:07.660+0000] {override.py:1911} INFO - Created Permission View: can delete on DAG:read_dataset_event
[2024-12-02T17:46:07.677+0000] {logging_mixin.py:190} INFO - [2024-12-02T17:46:07.677+0000] {override.py:1911} INFO - Created Permission View: can read on DAG Run:read_dataset_event
[2024-12-02T17:46:07.687+0000] {logging_mixin.py:190} INFO - [2024-12-02T17:46:07.686+0000] {override.py:1911} INFO - Created Permission View: can delete on DAG Run:read_dataset_event
[2024-12-02T17:46:07.696+0000] {logging_mixin.py:190} INFO - [2024-12-02T17:46:07.696+0000] {override.py:1911} INFO - Created Permission View: can create on DAG Run:read_dataset_event
[2024-12-02T17:46:07.709+0000] {logging_mixin.py:190} INFO - [2024-12-02T17:46:07.709+0000] {override.py:1911} INFO - Created Permission View: menu access on DAG Run:read_dataset_event
[2024-12-02T17:46:07.710+0000] {logging_mixin.py:190} INFO - [2024-12-02T17:46:07.710+0000] {dag.py:3239} INFO - Sync 2 DAGs
[2024-12-02T17:46:07.734+0000] {logging_mixin.py:190} INFO - [2024-12-02T17:46:07.732+0000] {dag.py:3262} INFO - Creating ORM DAG for read_dataset_event_from_classic
[2024-12-02T17:46:07.735+0000] {logging_mixin.py:190} INFO - [2024-12-02T17:46:07.735+0000] {dag.py:3262} INFO - Creating ORM DAG for read_dataset_event
[2024-12-02T17:46:07.747+0000] {logging_mixin.py:190} INFO - [2024-12-02T17:46:07.747+0000] {dag.py:4180} INFO - Setting next_dagrun for read_dataset_event to 2024-12-01 00:00:00+00:00, run_after=2024-12-02 00:00:00+00:00
[2024-12-02T17:46:07.750+0000] {logging_mixin.py:190} INFO - [2024-12-02T17:46:07.750+0000] {dag.py:4180} INFO - Setting next_dagrun for read_dataset_event_from_classic to 2024-12-01 00:00:00+00:00, run_after=2024-12-02 00:00:00+00:00
[2024-12-02T17:46:07.781+0000] {processor.py:208} INFO - Processing /home/airflow/.local/lib/python3.12/site-packages/airflow/example_dags/example_inlet_event_extra.py took 1.188 seconds
[2024-12-02T17:46:38.112+0000] {processor.py:186} INFO - Started process (PID=165) to work on /home/airflow/.local/lib/python3.12/site-packages/airflow/example_dags/example_inlet_event_extra.py
[2024-12-02T17:46:38.117+0000] {processor.py:914} INFO - Processing file /home/airflow/.local/lib/python3.12/site-packages/airflow/example_dags/example_inlet_event_extra.py for tasks to queue
[2024-12-02T17:46:38.120+0000] {logging_mixin.py:190} INFO - [2024-12-02T17:46:38.120+0000] {dagbag.py:588} INFO - Filling up the DagBag from /home/airflow/.local/lib/python3.12/site-packages/airflow/example_dags/example_inlet_event_extra.py
[2024-12-02T17:46:39.082+0000] {processor.py:925} INFO - DAG(s) 'read_dataset_event', 'read_dataset_event_from_classic' retrieved from /home/airflow/.local/lib/python3.12/site-packages/airflow/example_dags/example_inlet_event_extra.py
[2024-12-02T17:46:39.105+0000] {logging_mixin.py:190} INFO - [2024-12-02T17:46:39.105+0000] {dag.py:3239} INFO - Sync 2 DAGs
[2024-12-02T17:46:39.134+0000] {logging_mixin.py:190} INFO - [2024-12-02T17:46:39.134+0000] {dag.py:4180} INFO - Setting next_dagrun for read_dataset_event to 2024-12-01 00:00:00+00:00, run_after=2024-12-02 00:00:00+00:00
[2024-12-02T17:46:39.140+0000] {logging_mixin.py:190} INFO - [2024-12-02T17:46:39.139+0000] {dag.py:4180} INFO - Setting next_dagrun for read_dataset_event_from_classic to 2024-12-01 00:00:00+00:00, run_after=2024-12-02 00:00:00+00:00
[2024-12-02T17:46:39.156+0000] {processor.py:208} INFO - Processing /home/airflow/.local/lib/python3.12/site-packages/airflow/example_dags/example_inlet_event_extra.py took 1.055 seconds
[2024-12-02T17:47:09.612+0000] {processor.py:186} INFO - Started process (PID=233) to work on /home/airflow/.local/lib/python3.12/site-packages/airflow/example_dags/example_inlet_event_extra.py
[2024-12-02T17:47:09.616+0000] {processor.py:914} INFO - Processing file /home/airflow/.local/lib/python3.12/site-packages/airflow/example_dags/example_inlet_event_extra.py for tasks to queue
[2024-12-02T17:47:09.619+0000] {logging_mixin.py:190} INFO - [2024-12-02T17:47:09.618+0000] {dagbag.py:588} INFO - Filling up the DagBag from /home/airflow/.local/lib/python3.12/site-packages/airflow/example_dags/example_inlet_event_extra.py
[2024-12-02T17:47:10.360+0000] {processor.py:925} INFO - DAG(s) 'read_dataset_event', 'read_dataset_event_from_classic' retrieved from /home/airflow/.local/lib/python3.12/site-packages/airflow/example_dags/example_inlet_event_extra.py
[2024-12-02T17:47:10.383+0000] {logging_mixin.py:190} INFO - [2024-12-02T17:47:10.383+0000] {dag.py:3239} INFO - Sync 2 DAGs
[2024-12-02T17:47:10.416+0000] {logging_mixin.py:190} INFO - [2024-12-02T17:47:10.415+0000] {dag.py:4180} INFO - Setting next_dagrun for read_dataset_event to 2024-12-01 00:00:00+00:00, run_after=2024-12-02 00:00:00+00:00
[2024-12-02T17:47:10.426+0000] {logging_mixin.py:190} INFO - [2024-12-02T17:47:10.425+0000] {dag.py:4180} INFO - Setting next_dagrun for read_dataset_event_from_classic to 2024-12-01 00:00:00+00:00, run_after=2024-12-02 00:00:00+00:00
[2024-12-02T17:47:10.447+0000] {processor.py:208} INFO - Processing /home/airflow/.local/lib/python3.12/site-packages/airflow/example_dags/example_inlet_event_extra.py took 0.842 seconds
[2024-12-02T17:47:40.858+0000] {processor.py:186} INFO - Started process (PID=305) to work on /home/airflow/.local/lib/python3.12/site-packages/airflow/example_dags/example_inlet_event_extra.py
[2024-12-02T17:47:40.859+0000] {processor.py:914} INFO - Processing file /home/airflow/.local/lib/python3.12/site-packages/airflow/example_dags/example_inlet_event_extra.py for tasks to queue
[2024-12-02T17:47:40.861+0000] {logging_mixin.py:190} INFO - [2024-12-02T17:47:40.861+0000] {dagbag.py:588} INFO - Filling up the DagBag from /home/airflow/.local/lib/python3.12/site-packages/airflow/example_dags/example_inlet_event_extra.py
[2024-12-02T17:47:41.629+0000] {processor.py:925} INFO - DAG(s) 'read_dataset_event', 'read_dataset_event_from_classic' retrieved from /home/airflow/.local/lib/python3.12/site-packages/airflow/example_dags/example_inlet_event_extra.py
[2024-12-02T17:47:41.650+0000] {logging_mixin.py:190} INFO - [2024-12-02T17:47:41.650+0000] {dag.py:3239} INFO - Sync 2 DAGs
[2024-12-02T17:47:41.683+0000] {logging_mixin.py:190} INFO - [2024-12-02T17:47:41.683+0000] {dag.py:4180} INFO - Setting next_dagrun for read_dataset_event to 2024-12-01 00:00:00+00:00, run_after=2024-12-02 00:00:00+00:00
[2024-12-02T17:47:41.691+0000] {logging_mixin.py:190} INFO - [2024-12-02T17:47:41.691+0000] {dag.py:4180} INFO - Setting next_dagrun for read_dataset_event_from_classic to 2024-12-01 00:00:00+00:00, run_after=2024-12-02 00:00:00+00:00
[2024-12-02T17:47:41.706+0000] {processor.py:208} INFO - Processing /home/airflow/.local/lib/python3.12/site-packages/airflow/example_dags/example_inlet_event_extra.py took 0.855 seconds
[2024-12-02T17:48:16.773+0000] {processor.py:186} INFO - Started process (PID=364) to work on /home/airflow/.local/lib/python3.12/site-packages/airflow/example_dags/example_inlet_event_extra.py
[2024-12-02T17:48:16.775+0000] {processor.py:914} INFO - Processing file /home/airflow/.local/lib/python3.12/site-packages/airflow/example_dags/example_inlet_event_extra.py for tasks to queue
[2024-12-02T17:48:16.781+0000] {logging_mixin.py:190} INFO - [2024-12-02T17:48:16.780+0000] {dagbag.py:588} INFO - Filling up the DagBag from /home/airflow/.local/lib/python3.12/site-packages/airflow/example_dags/example_inlet_event_extra.py
[2024-12-02T17:48:19.170+0000] {processor.py:925} INFO - DAG(s) 'read_dataset_event_from_classic', 'read_dataset_event' retrieved from /home/airflow/.local/lib/python3.12/site-packages/airflow/example_dags/example_inlet_event_extra.py
[2024-12-02T17:48:19.418+0000] {logging_mixin.py:190} INFO - [2024-12-02T17:48:19.418+0000] {dag.py:3239} INFO - Sync 2 DAGs
[2024-12-02T17:48:19.604+0000] {logging_mixin.py:190} INFO - [2024-12-02T17:48:19.603+0000] {dag.py:4180} INFO - Setting next_dagrun for read_dataset_event to 2024-12-01 00:00:00+00:00, run_after=2024-12-02 00:00:00+00:00
[2024-12-02T17:48:19.648+0000] {logging_mixin.py:190} INFO - [2024-12-02T17:48:19.648+0000] {dag.py:4180} INFO - Setting next_dagrun for read_dataset_event_from_classic to 2024-12-01 00:00:00+00:00, run_after=2024-12-02 00:00:00+00:00
[2024-12-02T17:48:19.744+0000] {processor.py:208} INFO - Processing /home/airflow/.local/lib/python3.12/site-packages/airflow/example_dags/example_inlet_event_extra.py took 2.991 seconds
[2024-12-02T17:48:50.071+0000] {processor.py:186} INFO - Started process (PID=432) to work on /home/airflow/.local/lib/python3.12/site-packages/airflow/example_dags/example_inlet_event_extra.py
[2024-12-02T17:48:50.077+0000] {processor.py:914} INFO - Processing file /home/airflow/.local/lib/python3.12/site-packages/airflow/example_dags/example_inlet_event_extra.py for tasks to queue
[2024-12-02T17:48:50.090+0000] {logging_mixin.py:190} INFO - [2024-12-02T17:48:50.090+0000] {dagbag.py:588} INFO - Filling up the DagBag from /home/airflow/.local/lib/python3.12/site-packages/airflow/example_dags/example_inlet_event_extra.py
[2024-12-02T17:48:52.304+0000] {processor.py:925} INFO - DAG(s) 'read_dataset_event_from_classic', 'read_dataset_event' retrieved from /home/airflow/.local/lib/python3.12/site-packages/airflow/example_dags/example_inlet_event_extra.py
[2024-12-02T17:48:52.349+0000] {logging_mixin.py:190} INFO - [2024-12-02T17:48:52.348+0000] {dag.py:3239} INFO - Sync 2 DAGs
[2024-12-02T17:48:52.408+0000] {logging_mixin.py:190} INFO - [2024-12-02T17:48:52.408+0000] {dag.py:4180} INFO - Setting next_dagrun for read_dataset_event to 2024-12-01 00:00:00+00:00, run_after=2024-12-02 00:00:00+00:00
[2024-12-02T17:48:52.421+0000] {logging_mixin.py:190} INFO - [2024-12-02T17:48:52.421+0000] {dag.py:4180} INFO - Setting next_dagrun for read_dataset_event_from_classic to 2024-12-01 00:00:00+00:00, run_after=2024-12-02 00:00:00+00:00
[2024-12-02T17:48:52.458+0000] {processor.py:208} INFO - Processing /home/airflow/.local/lib/python3.12/site-packages/airflow/example_dags/example_inlet_event_extra.py took 2.417 seconds
[2024-12-02T17:49:23.161+0000] {processor.py:186} INFO - Started process (PID=495) to work on /home/airflow/.local/lib/python3.12/site-packages/airflow/example_dags/example_inlet_event_extra.py
[2024-12-02T17:49:23.162+0000] {processor.py:914} INFO - Processing file /home/airflow/.local/lib/python3.12/site-packages/airflow/example_dags/example_inlet_event_extra.py for tasks to queue
[2024-12-02T17:49:23.165+0000] {logging_mixin.py:190} INFO - [2024-12-02T17:49:23.165+0000] {dagbag.py:588} INFO - Filling up the DagBag from /home/airflow/.local/lib/python3.12/site-packages/airflow/example_dags/example_inlet_event_extra.py
[2024-12-02T17:49:24.156+0000] {processor.py:925} INFO - DAG(s) 'read_dataset_event_from_classic', 'read_dataset_event' retrieved from /home/airflow/.local/lib/python3.12/site-packages/airflow/example_dags/example_inlet_event_extra.py
[2024-12-02T17:49:24.184+0000] {logging_mixin.py:190} INFO - [2024-12-02T17:49:24.184+0000] {dag.py:3239} INFO - Sync 2 DAGs
[2024-12-02T17:49:24.217+0000] {logging_mixin.py:190} INFO - [2024-12-02T17:49:24.217+0000] {dag.py:4180} INFO - Setting next_dagrun for read_dataset_event to 2024-12-01 00:00:00+00:00, run_after=2024-12-02 00:00:00+00:00
[2024-12-02T17:49:24.223+0000] {logging_mixin.py:190} INFO - [2024-12-02T17:49:24.223+0000] {dag.py:4180} INFO - Setting next_dagrun for read_dataset_event_from_classic to 2024-12-01 00:00:00+00:00, run_after=2024-12-02 00:00:00+00:00
[2024-12-02T17:49:24.243+0000] {processor.py:208} INFO - Processing /home/airflow/.local/lib/python3.12/site-packages/airflow/example_dags/example_inlet_event_extra.py took 1.090 seconds
[2024-12-02T17:49:54.788+0000] {processor.py:186} INFO - Started process (PID=563) to work on /home/airflow/.local/lib/python3.12/site-packages/airflow/example_dags/example_inlet_event_extra.py
[2024-12-02T17:49:54.793+0000] {processor.py:914} INFO - Processing file /home/airflow/.local/lib/python3.12/site-packages/airflow/example_dags/example_inlet_event_extra.py for tasks to queue
[2024-12-02T17:49:54.797+0000] {logging_mixin.py:190} INFO - [2024-12-02T17:49:54.796+0000] {dagbag.py:588} INFO - Filling up the DagBag from /home/airflow/.local/lib/python3.12/site-packages/airflow/example_dags/example_inlet_event_extra.py
[2024-12-02T17:49:55.515+0000] {processor.py:925} INFO - DAG(s) 'read_dataset_event', 'read_dataset_event_from_classic' retrieved from /home/airflow/.local/lib/python3.12/site-packages/airflow/example_dags/example_inlet_event_extra.py
[2024-12-02T17:49:55.539+0000] {logging_mixin.py:190} INFO - [2024-12-02T17:49:55.539+0000] {dag.py:3239} INFO - Sync 2 DAGs
[2024-12-02T17:49:55.565+0000] {logging_mixin.py:190} INFO - [2024-12-02T17:49:55.565+0000] {dag.py:4180} INFO - Setting next_dagrun for read_dataset_event to 2024-12-01 00:00:00+00:00, run_after=2024-12-02 00:00:00+00:00
[2024-12-02T17:49:55.570+0000] {logging_mixin.py:190} INFO - [2024-12-02T17:49:55.570+0000] {dag.py:4180} INFO - Setting next_dagrun for read_dataset_event_from_classic to 2024-12-01 00:00:00+00:00, run_after=2024-12-02 00:00:00+00:00
[2024-12-02T17:49:55.589+0000] {processor.py:208} INFO - Processing /home/airflow/.local/lib/python3.12/site-packages/airflow/example_dags/example_inlet_event_extra.py took 0.812 seconds
[2024-12-02T17:50:26.241+0000] {processor.py:186} INFO - Started process (PID=629) to work on /home/airflow/.local/lib/python3.12/site-packages/airflow/example_dags/example_inlet_event_extra.py
[2024-12-02T17:50:26.242+0000] {processor.py:914} INFO - Processing file /home/airflow/.local/lib/python3.12/site-packages/airflow/example_dags/example_inlet_event_extra.py for tasks to queue
[2024-12-02T17:50:26.245+0000] {logging_mixin.py:190} INFO - [2024-12-02T17:50:26.245+0000] {dagbag.py:588} INFO - Filling up the DagBag from /home/airflow/.local/lib/python3.12/site-packages/airflow/example_dags/example_inlet_event_extra.py
[2024-12-02T17:50:27.018+0000] {processor.py:925} INFO - DAG(s) 'read_dataset_event_from_classic', 'read_dataset_event' retrieved from /home/airflow/.local/lib/python3.12/site-packages/airflow/example_dags/example_inlet_event_extra.py
[2024-12-02T17:50:27.040+0000] {logging_mixin.py:190} INFO - [2024-12-02T17:50:27.040+0000] {dag.py:3239} INFO - Sync 2 DAGs
[2024-12-02T17:50:27.067+0000] {logging_mixin.py:190} INFO - [2024-12-02T17:50:27.067+0000] {dag.py:4180} INFO - Setting next_dagrun for read_dataset_event to 2024-12-01 00:00:00+00:00, run_after=2024-12-02 00:00:00+00:00
[2024-12-02T17:50:27.073+0000] {logging_mixin.py:190} INFO - [2024-12-02T17:50:27.072+0000] {dag.py:4180} INFO - Setting next_dagrun for read_dataset_event_from_classic to 2024-12-01 00:00:00+00:00, run_after=2024-12-02 00:00:00+00:00
[2024-12-02T17:50:27.091+0000] {processor.py:208} INFO - Processing /home/airflow/.local/lib/python3.12/site-packages/airflow/example_dags/example_inlet_event_extra.py took 0.858 seconds
