[2024-12-02T17:46:02.053+0000] {processor.py:186} INFO - Started process (PID=84) to work on /home/airflow/.local/lib/python3.12/site-packages/airflow/example_dags/example_nested_branch_dag.py
[2024-12-02T17:46:02.054+0000] {processor.py:914} INFO - Processing file /home/airflow/.local/lib/python3.12/site-packages/airflow/example_dags/example_nested_branch_dag.py for tasks to queue
[2024-12-02T17:46:02.056+0000] {logging_mixin.py:190} INFO - [2024-12-02T17:46:02.056+0000] {dagbag.py:588} INFO - Filling up the DagBag from /home/airflow/.local/lib/python3.12/site-packages/airflow/example_dags/example_nested_branch_dag.py
[2024-12-02T17:46:02.070+0000] {processor.py:925} INFO - DAG(s) 'example_nested_branch_dag' retrieved from /home/airflow/.local/lib/python3.12/site-packages/airflow/example_dags/example_nested_branch_dag.py
[2024-12-02T17:46:02.274+0000] {logging_mixin.py:190} INFO - [2024-12-02T17:46:02.273+0000] {override.py:1911} INFO - Created Permission View: can read on DAG:example_nested_branch_dag
[2024-12-02T17:46:02.288+0000] {logging_mixin.py:190} INFO - [2024-12-02T17:46:02.287+0000] {override.py:1911} INFO - Created Permission View: can edit on DAG:example_nested_branch_dag
[2024-12-02T17:46:02.297+0000] {logging_mixin.py:190} INFO - [2024-12-02T17:46:02.297+0000] {override.py:1911} INFO - Created Permission View: can delete on DAG:example_nested_branch_dag
[2024-12-02T17:46:02.312+0000] {logging_mixin.py:190} INFO - [2024-12-02T17:46:02.311+0000] {override.py:1911} INFO - Created Permission View: can read on DAG Run:example_nested_branch_dag
[2024-12-02T17:46:02.324+0000] {logging_mixin.py:190} INFO - [2024-12-02T17:46:02.324+0000] {override.py:1911} INFO - Created Permission View: can delete on DAG Run:example_nested_branch_dag
[2024-12-02T17:46:02.337+0000] {logging_mixin.py:190} INFO - [2024-12-02T17:46:02.337+0000] {override.py:1911} INFO - Created Permission View: can create on DAG Run:example_nested_branch_dag
[2024-12-02T17:46:02.350+0000] {logging_mixin.py:190} INFO - [2024-12-02T17:46:02.350+0000] {override.py:1911} INFO - Created Permission View: menu access on DAG Run:example_nested_branch_dag
[2024-12-02T17:46:02.350+0000] {logging_mixin.py:190} INFO - [2024-12-02T17:46:02.350+0000] {dag.py:3239} INFO - Sync 1 DAGs
[2024-12-02T17:46:02.370+0000] {logging_mixin.py:190} INFO - [2024-12-02T17:46:02.370+0000] {dag.py:3262} INFO - Creating ORM DAG for example_nested_branch_dag
[2024-12-02T17:46:02.383+0000] {logging_mixin.py:190} INFO - [2024-12-02T17:46:02.383+0000] {dag.py:4180} INFO - Setting next_dagrun for example_nested_branch_dag to 2024-12-01 00:00:00+00:00, run_after=2024-12-02 00:00:00+00:00
[2024-12-02T17:46:02.405+0000] {processor.py:208} INFO - Processing /home/airflow/.local/lib/python3.12/site-packages/airflow/example_dags/example_nested_branch_dag.py took 0.359 seconds
[2024-12-02T17:46:33.395+0000] {processor.py:186} INFO - Started process (PID=148) to work on /home/airflow/.local/lib/python3.12/site-packages/airflow/example_dags/example_nested_branch_dag.py
[2024-12-02T17:46:33.400+0000] {processor.py:914} INFO - Processing file /home/airflow/.local/lib/python3.12/site-packages/airflow/example_dags/example_nested_branch_dag.py for tasks to queue
[2024-12-02T17:46:33.403+0000] {logging_mixin.py:190} INFO - [2024-12-02T17:46:33.402+0000] {dagbag.py:588} INFO - Filling up the DagBag from /home/airflow/.local/lib/python3.12/site-packages/airflow/example_dags/example_nested_branch_dag.py
[2024-12-02T17:46:33.418+0000] {processor.py:925} INFO - DAG(s) 'example_nested_branch_dag' retrieved from /home/airflow/.local/lib/python3.12/site-packages/airflow/example_dags/example_nested_branch_dag.py
[2024-12-02T17:46:33.450+0000] {logging_mixin.py:190} INFO - [2024-12-02T17:46:33.450+0000] {dag.py:3239} INFO - Sync 1 DAGs
[2024-12-02T17:46:33.482+0000] {logging_mixin.py:190} INFO - [2024-12-02T17:46:33.482+0000] {dag.py:4180} INFO - Setting next_dagrun for example_nested_branch_dag to 2024-12-01 00:00:00+00:00, run_after=2024-12-02 00:00:00+00:00
[2024-12-02T17:46:33.503+0000] {processor.py:208} INFO - Processing /home/airflow/.local/lib/python3.12/site-packages/airflow/example_dags/example_nested_branch_dag.py took 0.121 seconds
[2024-12-02T17:47:03.596+0000] {processor.py:186} INFO - Started process (PID=213) to work on /home/airflow/.local/lib/python3.12/site-packages/airflow/example_dags/example_nested_branch_dag.py
[2024-12-02T17:47:03.598+0000] {processor.py:914} INFO - Processing file /home/airflow/.local/lib/python3.12/site-packages/airflow/example_dags/example_nested_branch_dag.py for tasks to queue
[2024-12-02T17:47:03.601+0000] {logging_mixin.py:190} INFO - [2024-12-02T17:47:03.601+0000] {dagbag.py:588} INFO - Filling up the DagBag from /home/airflow/.local/lib/python3.12/site-packages/airflow/example_dags/example_nested_branch_dag.py
[2024-12-02T17:47:03.617+0000] {processor.py:925} INFO - DAG(s) 'example_nested_branch_dag' retrieved from /home/airflow/.local/lib/python3.12/site-packages/airflow/example_dags/example_nested_branch_dag.py
[2024-12-02T17:47:03.641+0000] {logging_mixin.py:190} INFO - [2024-12-02T17:47:03.641+0000] {dag.py:3239} INFO - Sync 1 DAGs
[2024-12-02T17:47:03.676+0000] {logging_mixin.py:190} INFO - [2024-12-02T17:47:03.675+0000] {dag.py:4180} INFO - Setting next_dagrun for example_nested_branch_dag to 2024-12-01 00:00:00+00:00, run_after=2024-12-02 00:00:00+00:00
[2024-12-02T17:47:03.701+0000] {processor.py:208} INFO - Processing /home/airflow/.local/lib/python3.12/site-packages/airflow/example_dags/example_nested_branch_dag.py took 0.118 seconds
[2024-12-02T17:47:34.453+0000] {processor.py:186} INFO - Started process (PID=278) to work on /home/airflow/.local/lib/python3.12/site-packages/airflow/example_dags/example_nested_branch_dag.py
[2024-12-02T17:47:34.458+0000] {processor.py:914} INFO - Processing file /home/airflow/.local/lib/python3.12/site-packages/airflow/example_dags/example_nested_branch_dag.py for tasks to queue
[2024-12-02T17:47:34.462+0000] {logging_mixin.py:190} INFO - [2024-12-02T17:47:34.461+0000] {dagbag.py:588} INFO - Filling up the DagBag from /home/airflow/.local/lib/python3.12/site-packages/airflow/example_dags/example_nested_branch_dag.py
[2024-12-02T17:47:34.479+0000] {processor.py:925} INFO - DAG(s) 'example_nested_branch_dag' retrieved from /home/airflow/.local/lib/python3.12/site-packages/airflow/example_dags/example_nested_branch_dag.py
[2024-12-02T17:47:34.507+0000] {logging_mixin.py:190} INFO - [2024-12-02T17:47:34.507+0000] {dag.py:3239} INFO - Sync 1 DAGs
[2024-12-02T17:47:34.540+0000] {logging_mixin.py:190} INFO - [2024-12-02T17:47:34.539+0000] {dag.py:4180} INFO - Setting next_dagrun for example_nested_branch_dag to 2024-12-01 00:00:00+00:00, run_after=2024-12-02 00:00:00+00:00
[2024-12-02T17:47:34.566+0000] {processor.py:208} INFO - Processing /home/airflow/.local/lib/python3.12/site-packages/airflow/example_dags/example_nested_branch_dag.py took 0.124 seconds
[2024-12-02T17:48:05.242+0000] {processor.py:186} INFO - Started process (PID=347) to work on /home/airflow/.local/lib/python3.12/site-packages/airflow/example_dags/example_nested_branch_dag.py
[2024-12-02T17:48:05.253+0000] {processor.py:914} INFO - Processing file /home/airflow/.local/lib/python3.12/site-packages/airflow/example_dags/example_nested_branch_dag.py for tasks to queue
[2024-12-02T17:48:05.263+0000] {logging_mixin.py:190} INFO - [2024-12-02T17:48:05.257+0000] {dagbag.py:588} INFO - Filling up the DagBag from /home/airflow/.local/lib/python3.12/site-packages/airflow/example_dags/example_nested_branch_dag.py
[2024-12-02T17:48:05.372+0000] {processor.py:925} INFO - DAG(s) 'example_nested_branch_dag' retrieved from /home/airflow/.local/lib/python3.12/site-packages/airflow/example_dags/example_nested_branch_dag.py
[2024-12-02T17:48:05.478+0000] {logging_mixin.py:190} INFO - [2024-12-02T17:48:05.478+0000] {dag.py:3239} INFO - Sync 1 DAGs
[2024-12-02T17:48:05.629+0000] {logging_mixin.py:190} INFO - [2024-12-02T17:48:05.626+0000] {dag.py:4180} INFO - Setting next_dagrun for example_nested_branch_dag to 2024-12-01 00:00:00+00:00, run_after=2024-12-02 00:00:00+00:00
[2024-12-02T17:48:05.676+0000] {processor.py:208} INFO - Processing /home/airflow/.local/lib/python3.12/site-packages/airflow/example_dags/example_nested_branch_dag.py took 0.536 seconds
[2024-12-02T17:48:35.982+0000] {processor.py:186} INFO - Started process (PID=415) to work on /home/airflow/.local/lib/python3.12/site-packages/airflow/example_dags/example_nested_branch_dag.py
[2024-12-02T17:48:36.001+0000] {processor.py:914} INFO - Processing file /home/airflow/.local/lib/python3.12/site-packages/airflow/example_dags/example_nested_branch_dag.py for tasks to queue
[2024-12-02T17:48:36.006+0000] {logging_mixin.py:190} INFO - [2024-12-02T17:48:36.005+0000] {dagbag.py:588} INFO - Filling up the DagBag from /home/airflow/.local/lib/python3.12/site-packages/airflow/example_dags/example_nested_branch_dag.py
[2024-12-02T17:48:36.106+0000] {processor.py:925} INFO - DAG(s) 'example_nested_branch_dag' retrieved from /home/airflow/.local/lib/python3.12/site-packages/airflow/example_dags/example_nested_branch_dag.py
[2024-12-02T17:48:36.172+0000] {logging_mixin.py:190} INFO - [2024-12-02T17:48:36.172+0000] {dag.py:3239} INFO - Sync 1 DAGs
[2024-12-02T17:48:36.235+0000] {logging_mixin.py:190} INFO - [2024-12-02T17:48:36.234+0000] {dag.py:4180} INFO - Setting next_dagrun for example_nested_branch_dag to 2024-12-01 00:00:00+00:00, run_after=2024-12-02 00:00:00+00:00
[2024-12-02T17:48:36.279+0000] {processor.py:208} INFO - Processing /home/airflow/.local/lib/python3.12/site-packages/airflow/example_dags/example_nested_branch_dag.py took 0.314 seconds
[2024-12-02T17:49:06.899+0000] {processor.py:186} INFO - Started process (PID=474) to work on /home/airflow/.local/lib/python3.12/site-packages/airflow/example_dags/example_nested_branch_dag.py
[2024-12-02T17:49:06.900+0000] {processor.py:914} INFO - Processing file /home/airflow/.local/lib/python3.12/site-packages/airflow/example_dags/example_nested_branch_dag.py for tasks to queue
[2024-12-02T17:49:06.904+0000] {logging_mixin.py:190} INFO - [2024-12-02T17:49:06.903+0000] {dagbag.py:588} INFO - Filling up the DagBag from /home/airflow/.local/lib/python3.12/site-packages/airflow/example_dags/example_nested_branch_dag.py
[2024-12-02T17:49:06.937+0000] {processor.py:925} INFO - DAG(s) 'example_nested_branch_dag' retrieved from /home/airflow/.local/lib/python3.12/site-packages/airflow/example_dags/example_nested_branch_dag.py
[2024-12-02T17:49:06.983+0000] {logging_mixin.py:190} INFO - [2024-12-02T17:49:06.983+0000] {dag.py:3239} INFO - Sync 1 DAGs
[2024-12-02T17:49:07.052+0000] {logging_mixin.py:190} INFO - [2024-12-02T17:49:07.052+0000] {dag.py:4180} INFO - Setting next_dagrun for example_nested_branch_dag to 2024-12-01 00:00:00+00:00, run_after=2024-12-02 00:00:00+00:00
[2024-12-02T17:49:07.108+0000] {processor.py:208} INFO - Processing /home/airflow/.local/lib/python3.12/site-packages/airflow/example_dags/example_nested_branch_dag.py took 0.232 seconds
[2024-12-02T17:49:37.408+0000] {processor.py:186} INFO - Started process (PID=539) to work on /home/airflow/.local/lib/python3.12/site-packages/airflow/example_dags/example_nested_branch_dag.py
[2024-12-02T17:49:37.409+0000] {processor.py:914} INFO - Processing file /home/airflow/.local/lib/python3.12/site-packages/airflow/example_dags/example_nested_branch_dag.py for tasks to queue
[2024-12-02T17:49:37.413+0000] {logging_mixin.py:190} INFO - [2024-12-02T17:49:37.412+0000] {dagbag.py:588} INFO - Filling up the DagBag from /home/airflow/.local/lib/python3.12/site-packages/airflow/example_dags/example_nested_branch_dag.py
[2024-12-02T17:49:37.429+0000] {processor.py:925} INFO - DAG(s) 'example_nested_branch_dag' retrieved from /home/airflow/.local/lib/python3.12/site-packages/airflow/example_dags/example_nested_branch_dag.py
[2024-12-02T17:49:37.453+0000] {logging_mixin.py:190} INFO - [2024-12-02T17:49:37.453+0000] {dag.py:3239} INFO - Sync 1 DAGs
[2024-12-02T17:49:37.481+0000] {logging_mixin.py:190} INFO - [2024-12-02T17:49:37.481+0000] {dag.py:4180} INFO - Setting next_dagrun for example_nested_branch_dag to 2024-12-01 00:00:00+00:00, run_after=2024-12-02 00:00:00+00:00
[2024-12-02T17:49:37.501+0000] {processor.py:208} INFO - Processing /home/airflow/.local/lib/python3.12/site-packages/airflow/example_dags/example_nested_branch_dag.py took 0.105 seconds
[2024-12-02T17:50:07.700+0000] {processor.py:186} INFO - Started process (PID=604) to work on /home/airflow/.local/lib/python3.12/site-packages/airflow/example_dags/example_nested_branch_dag.py
[2024-12-02T17:50:07.701+0000] {processor.py:914} INFO - Processing file /home/airflow/.local/lib/python3.12/site-packages/airflow/example_dags/example_nested_branch_dag.py for tasks to queue
[2024-12-02T17:50:07.704+0000] {logging_mixin.py:190} INFO - [2024-12-02T17:50:07.703+0000] {dagbag.py:588} INFO - Filling up the DagBag from /home/airflow/.local/lib/python3.12/site-packages/airflow/example_dags/example_nested_branch_dag.py
[2024-12-02T17:50:07.717+0000] {processor.py:925} INFO - DAG(s) 'example_nested_branch_dag' retrieved from /home/airflow/.local/lib/python3.12/site-packages/airflow/example_dags/example_nested_branch_dag.py
[2024-12-02T17:50:07.742+0000] {logging_mixin.py:190} INFO - [2024-12-02T17:50:07.742+0000] {dag.py:3239} INFO - Sync 1 DAGs
[2024-12-02T17:50:07.778+0000] {logging_mixin.py:190} INFO - [2024-12-02T17:50:07.778+0000] {dag.py:4180} INFO - Setting next_dagrun for example_nested_branch_dag to 2024-12-01 00:00:00+00:00, run_after=2024-12-02 00:00:00+00:00
[2024-12-02T17:50:07.810+0000] {processor.py:208} INFO - Processing /home/airflow/.local/lib/python3.12/site-packages/airflow/example_dags/example_nested_branch_dag.py took 0.118 seconds
[2024-12-02T17:50:38.228+0000] {processor.py:186} INFO - Started process (PID=668) to work on /home/airflow/.local/lib/python3.12/site-packages/airflow/example_dags/example_nested_branch_dag.py
[2024-12-02T17:50:38.229+0000] {processor.py:914} INFO - Processing file /home/airflow/.local/lib/python3.12/site-packages/airflow/example_dags/example_nested_branch_dag.py for tasks to queue
[2024-12-02T17:50:38.232+0000] {logging_mixin.py:190} INFO - [2024-12-02T17:50:38.231+0000] {dagbag.py:588} INFO - Filling up the DagBag from /home/airflow/.local/lib/python3.12/site-packages/airflow/example_dags/example_nested_branch_dag.py
[2024-12-02T17:50:38.247+0000] {processor.py:925} INFO - DAG(s) 'example_nested_branch_dag' retrieved from /home/airflow/.local/lib/python3.12/site-packages/airflow/example_dags/example_nested_branch_dag.py
[2024-12-02T17:50:38.272+0000] {logging_mixin.py:190} INFO - [2024-12-02T17:50:38.272+0000] {dag.py:3239} INFO - Sync 1 DAGs
[2024-12-02T17:50:38.301+0000] {logging_mixin.py:190} INFO - [2024-12-02T17:50:38.301+0000] {dag.py:4180} INFO - Setting next_dagrun for example_nested_branch_dag to 2024-12-01 00:00:00+00:00, run_after=2024-12-02 00:00:00+00:00
[2024-12-02T17:50:38.323+0000] {processor.py:208} INFO - Processing /home/airflow/.local/lib/python3.12/site-packages/airflow/example_dags/example_nested_branch_dag.py took 0.106 seconds
