[2024-12-02T17:45:59.927+0000] {processor.py:186} INFO - Started process (PID=76) to work on /home/airflow/.local/lib/python3.12/site-packages/airflow/example_dags/example_latest_only.py
[2024-12-02T17:45:59.928+0000] {processor.py:914} INFO - Processing file /home/airflow/.local/lib/python3.12/site-packages/airflow/example_dags/example_latest_only.py for tasks to queue
[2024-12-02T17:45:59.930+0000] {logging_mixin.py:190} INFO - [2024-12-02T17:45:59.930+0000] {dagbag.py:588} INFO - Filling up the DagBag from /home/airflow/.local/lib/python3.12/site-packages/airflow/example_dags/example_latest_only.py
[2024-12-02T17:45:59.943+0000] {processor.py:925} INFO - DAG(s) 'latest_only' retrieved from /home/airflow/.local/lib/python3.12/site-packages/airflow/example_dags/example_latest_only.py
[2024-12-02T17:46:00.089+0000] {logging_mixin.py:190} INFO - [2024-12-02T17:46:00.089+0000] {override.py:1911} INFO - Created Permission View: can read on DAG:latest_only
[2024-12-02T17:46:00.101+0000] {logging_mixin.py:190} INFO - [2024-12-02T17:46:00.101+0000] {override.py:1911} INFO - Created Permission View: can edit on DAG:latest_only
[2024-12-02T17:46:00.112+0000] {logging_mixin.py:190} INFO - [2024-12-02T17:46:00.112+0000] {override.py:1911} INFO - Created Permission View: can delete on DAG:latest_only
[2024-12-02T17:46:00.130+0000] {logging_mixin.py:190} INFO - [2024-12-02T17:46:00.130+0000] {override.py:1911} INFO - Created Permission View: can read on DAG Run:latest_only
[2024-12-02T17:46:00.143+0000] {logging_mixin.py:190} INFO - [2024-12-02T17:46:00.143+0000] {override.py:1911} INFO - Created Permission View: can delete on DAG Run:latest_only
[2024-12-02T17:46:00.156+0000] {logging_mixin.py:190} INFO - [2024-12-02T17:46:00.155+0000] {override.py:1911} INFO - Created Permission View: can create on DAG Run:latest_only
[2024-12-02T17:46:00.165+0000] {logging_mixin.py:190} INFO - [2024-12-02T17:46:00.165+0000] {override.py:1911} INFO - Created Permission View: menu access on DAG Run:latest_only
[2024-12-02T17:46:00.166+0000] {logging_mixin.py:190} INFO - [2024-12-02T17:46:00.166+0000] {dag.py:3239} INFO - Sync 1 DAGs
[2024-12-02T17:46:00.185+0000] {logging_mixin.py:190} INFO - [2024-12-02T17:46:00.185+0000] {dag.py:3262} INFO - Creating ORM DAG for latest_only
[2024-12-02T17:46:00.196+0000] {logging_mixin.py:190} INFO - [2024-12-02T17:46:00.196+0000] {dag.py:4180} INFO - Setting next_dagrun for latest_only to 2024-12-02 12:00:00+00:00, run_after=2024-12-02 16:00:00+00:00
[2024-12-02T17:46:00.215+0000] {processor.py:208} INFO - Processing /home/airflow/.local/lib/python3.12/site-packages/airflow/example_dags/example_latest_only.py took 0.296 seconds
[2024-12-02T17:46:30.889+0000] {processor.py:186} INFO - Started process (PID=141) to work on /home/airflow/.local/lib/python3.12/site-packages/airflow/example_dags/example_latest_only.py
[2024-12-02T17:46:30.890+0000] {processor.py:914} INFO - Processing file /home/airflow/.local/lib/python3.12/site-packages/airflow/example_dags/example_latest_only.py for tasks to queue
[2024-12-02T17:46:30.892+0000] {logging_mixin.py:190} INFO - [2024-12-02T17:46:30.892+0000] {dagbag.py:588} INFO - Filling up the DagBag from /home/airflow/.local/lib/python3.12/site-packages/airflow/example_dags/example_latest_only.py
[2024-12-02T17:46:30.901+0000] {processor.py:925} INFO - DAG(s) 'latest_only' retrieved from /home/airflow/.local/lib/python3.12/site-packages/airflow/example_dags/example_latest_only.py
[2024-12-02T17:46:30.921+0000] {logging_mixin.py:190} INFO - [2024-12-02T17:46:30.921+0000] {dag.py:3239} INFO - Sync 1 DAGs
[2024-12-02T17:46:30.955+0000] {logging_mixin.py:190} INFO - [2024-12-02T17:46:30.954+0000] {dag.py:4180} INFO - Setting next_dagrun for latest_only to 2024-12-02 12:00:00+00:00, run_after=2024-12-02 16:00:00+00:00
[2024-12-02T17:46:30.974+0000] {processor.py:208} INFO - Processing /home/airflow/.local/lib/python3.12/site-packages/airflow/example_dags/example_latest_only.py took 0.093 seconds
[2024-12-02T17:47:01.105+0000] {processor.py:186} INFO - Started process (PID=206) to work on /home/airflow/.local/lib/python3.12/site-packages/airflow/example_dags/example_latest_only.py
[2024-12-02T17:47:01.106+0000] {processor.py:914} INFO - Processing file /home/airflow/.local/lib/python3.12/site-packages/airflow/example_dags/example_latest_only.py for tasks to queue
[2024-12-02T17:47:01.109+0000] {logging_mixin.py:190} INFO - [2024-12-02T17:47:01.108+0000] {dagbag.py:588} INFO - Filling up the DagBag from /home/airflow/.local/lib/python3.12/site-packages/airflow/example_dags/example_latest_only.py
[2024-12-02T17:47:01.117+0000] {processor.py:925} INFO - DAG(s) 'latest_only' retrieved from /home/airflow/.local/lib/python3.12/site-packages/airflow/example_dags/example_latest_only.py
[2024-12-02T17:47:01.137+0000] {logging_mixin.py:190} INFO - [2024-12-02T17:47:01.136+0000] {dag.py:3239} INFO - Sync 1 DAGs
[2024-12-02T17:47:01.165+0000] {logging_mixin.py:190} INFO - [2024-12-02T17:47:01.164+0000] {dag.py:4180} INFO - Setting next_dagrun for latest_only to 2024-12-02 12:00:00+00:00, run_after=2024-12-02 16:00:00+00:00
[2024-12-02T17:47:01.183+0000] {processor.py:208} INFO - Processing /home/airflow/.local/lib/python3.12/site-packages/airflow/example_dags/example_latest_only.py took 0.087 seconds
[2024-12-02T17:47:31.890+0000] {processor.py:186} INFO - Started process (PID=271) to work on /home/airflow/.local/lib/python3.12/site-packages/airflow/example_dags/example_latest_only.py
[2024-12-02T17:47:31.891+0000] {processor.py:914} INFO - Processing file /home/airflow/.local/lib/python3.12/site-packages/airflow/example_dags/example_latest_only.py for tasks to queue
[2024-12-02T17:47:31.894+0000] {logging_mixin.py:190} INFO - [2024-12-02T17:47:31.893+0000] {dagbag.py:588} INFO - Filling up the DagBag from /home/airflow/.local/lib/python3.12/site-packages/airflow/example_dags/example_latest_only.py
[2024-12-02T17:47:31.901+0000] {processor.py:925} INFO - DAG(s) 'latest_only' retrieved from /home/airflow/.local/lib/python3.12/site-packages/airflow/example_dags/example_latest_only.py
[2024-12-02T17:47:31.920+0000] {logging_mixin.py:190} INFO - [2024-12-02T17:47:31.920+0000] {dag.py:3239} INFO - Sync 1 DAGs
[2024-12-02T17:47:31.948+0000] {logging_mixin.py:190} INFO - [2024-12-02T17:47:31.948+0000] {dag.py:4180} INFO - Setting next_dagrun for latest_only to 2024-12-02 12:00:00+00:00, run_after=2024-12-02 16:00:00+00:00
[2024-12-02T17:47:31.967+0000] {processor.py:208} INFO - Processing /home/airflow/.local/lib/python3.12/site-packages/airflow/example_dags/example_latest_only.py took 0.084 seconds
[2024-12-02T17:48:02.280+0000] {processor.py:186} INFO - Started process (PID=340) to work on /home/airflow/.local/lib/python3.12/site-packages/airflow/example_dags/example_latest_only.py
[2024-12-02T17:48:02.282+0000] {processor.py:914} INFO - Processing file /home/airflow/.local/lib/python3.12/site-packages/airflow/example_dags/example_latest_only.py for tasks to queue
[2024-12-02T17:48:02.286+0000] {logging_mixin.py:190} INFO - [2024-12-02T17:48:02.285+0000] {dagbag.py:588} INFO - Filling up the DagBag from /home/airflow/.local/lib/python3.12/site-packages/airflow/example_dags/example_latest_only.py
[2024-12-02T17:48:02.296+0000] {processor.py:925} INFO - DAG(s) 'latest_only' retrieved from /home/airflow/.local/lib/python3.12/site-packages/airflow/example_dags/example_latest_only.py
[2024-12-02T17:48:02.338+0000] {logging_mixin.py:190} INFO - [2024-12-02T17:48:02.337+0000] {dag.py:3239} INFO - Sync 1 DAGs
[2024-12-02T17:48:02.406+0000] {logging_mixin.py:190} INFO - [2024-12-02T17:48:02.406+0000] {dag.py:4180} INFO - Setting next_dagrun for latest_only to 2024-12-02 12:00:00+00:00, run_after=2024-12-02 16:00:00+00:00
[2024-12-02T17:48:02.481+0000] {processor.py:208} INFO - Processing /home/airflow/.local/lib/python3.12/site-packages/airflow/example_dags/example_latest_only.py took 0.212 seconds
[2024-12-02T17:48:33.641+0000] {processor.py:186} INFO - Started process (PID=408) to work on /home/airflow/.local/lib/python3.12/site-packages/airflow/example_dags/example_latest_only.py
[2024-12-02T17:48:33.657+0000] {processor.py:914} INFO - Processing file /home/airflow/.local/lib/python3.12/site-packages/airflow/example_dags/example_latest_only.py for tasks to queue
[2024-12-02T17:48:33.667+0000] {logging_mixin.py:190} INFO - [2024-12-02T17:48:33.666+0000] {dagbag.py:588} INFO - Filling up the DagBag from /home/airflow/.local/lib/python3.12/site-packages/airflow/example_dags/example_latest_only.py
[2024-12-02T17:48:33.703+0000] {processor.py:925} INFO - DAG(s) 'latest_only' retrieved from /home/airflow/.local/lib/python3.12/site-packages/airflow/example_dags/example_latest_only.py
[2024-12-02T17:48:33.764+0000] {logging_mixin.py:190} INFO - [2024-12-02T17:48:33.763+0000] {dag.py:3239} INFO - Sync 1 DAGs
[2024-12-02T17:48:33.842+0000] {logging_mixin.py:190} INFO - [2024-12-02T17:48:33.842+0000] {dag.py:4180} INFO - Setting next_dagrun for latest_only to 2024-12-02 12:00:00+00:00, run_after=2024-12-02 16:00:00+00:00
[2024-12-02T17:48:33.916+0000] {processor.py:208} INFO - Processing /home/airflow/.local/lib/python3.12/site-packages/airflow/example_dags/example_latest_only.py took 0.318 seconds
[2024-12-02T17:49:04.783+0000] {processor.py:186} INFO - Started process (PID=467) to work on /home/airflow/.local/lib/python3.12/site-packages/airflow/example_dags/example_latest_only.py
[2024-12-02T17:49:04.785+0000] {processor.py:914} INFO - Processing file /home/airflow/.local/lib/python3.12/site-packages/airflow/example_dags/example_latest_only.py for tasks to queue
[2024-12-02T17:49:04.789+0000] {logging_mixin.py:190} INFO - [2024-12-02T17:49:04.788+0000] {dagbag.py:588} INFO - Filling up the DagBag from /home/airflow/.local/lib/python3.12/site-packages/airflow/example_dags/example_latest_only.py
[2024-12-02T17:49:04.807+0000] {processor.py:925} INFO - DAG(s) 'latest_only' retrieved from /home/airflow/.local/lib/python3.12/site-packages/airflow/example_dags/example_latest_only.py
[2024-12-02T17:49:04.854+0000] {logging_mixin.py:190} INFO - [2024-12-02T17:49:04.854+0000] {dag.py:3239} INFO - Sync 1 DAGs
[2024-12-02T17:49:04.894+0000] {logging_mixin.py:190} INFO - [2024-12-02T17:49:04.894+0000] {dag.py:4180} INFO - Setting next_dagrun for latest_only to 2024-12-02 12:00:00+00:00, run_after=2024-12-02 16:00:00+00:00
[2024-12-02T17:49:04.921+0000] {processor.py:208} INFO - Processing /home/airflow/.local/lib/python3.12/site-packages/airflow/example_dags/example_latest_only.py took 0.161 seconds
[2024-12-02T17:49:35.164+0000] {processor.py:186} INFO - Started process (PID=531) to work on /home/airflow/.local/lib/python3.12/site-packages/airflow/example_dags/example_latest_only.py
[2024-12-02T17:49:35.165+0000] {processor.py:914} INFO - Processing file /home/airflow/.local/lib/python3.12/site-packages/airflow/example_dags/example_latest_only.py for tasks to queue
[2024-12-02T17:49:35.169+0000] {logging_mixin.py:190} INFO - [2024-12-02T17:49:35.168+0000] {dagbag.py:588} INFO - Filling up the DagBag from /home/airflow/.local/lib/python3.12/site-packages/airflow/example_dags/example_latest_only.py
[2024-12-02T17:49:35.178+0000] {processor.py:925} INFO - DAG(s) 'latest_only' retrieved from /home/airflow/.local/lib/python3.12/site-packages/airflow/example_dags/example_latest_only.py
[2024-12-02T17:49:35.202+0000] {logging_mixin.py:190} INFO - [2024-12-02T17:49:35.202+0000] {dag.py:3239} INFO - Sync 1 DAGs
[2024-12-02T17:49:35.237+0000] {logging_mixin.py:190} INFO - [2024-12-02T17:49:35.237+0000] {dag.py:4180} INFO - Setting next_dagrun for latest_only to 2024-12-02 12:00:00+00:00, run_after=2024-12-02 16:00:00+00:00
[2024-12-02T17:49:35.258+0000] {processor.py:208} INFO - Processing /home/airflow/.local/lib/python3.12/site-packages/airflow/example_dags/example_latest_only.py took 0.103 seconds
[2024-12-02T17:50:05.309+0000] {processor.py:186} INFO - Started process (PID=596) to work on /home/airflow/.local/lib/python3.12/site-packages/airflow/example_dags/example_latest_only.py
[2024-12-02T17:50:05.310+0000] {processor.py:914} INFO - Processing file /home/airflow/.local/lib/python3.12/site-packages/airflow/example_dags/example_latest_only.py for tasks to queue
[2024-12-02T17:50:05.313+0000] {logging_mixin.py:190} INFO - [2024-12-02T17:50:05.313+0000] {dagbag.py:588} INFO - Filling up the DagBag from /home/airflow/.local/lib/python3.12/site-packages/airflow/example_dags/example_latest_only.py
[2024-12-02T17:50:05.321+0000] {processor.py:925} INFO - DAG(s) 'latest_only' retrieved from /home/airflow/.local/lib/python3.12/site-packages/airflow/example_dags/example_latest_only.py
[2024-12-02T17:50:05.343+0000] {logging_mixin.py:190} INFO - [2024-12-02T17:50:05.342+0000] {dag.py:3239} INFO - Sync 1 DAGs
[2024-12-02T17:50:05.374+0000] {logging_mixin.py:190} INFO - [2024-12-02T17:50:05.374+0000] {dag.py:4180} INFO - Setting next_dagrun for latest_only to 2024-12-02 12:00:00+00:00, run_after=2024-12-02 16:00:00+00:00
[2024-12-02T17:50:05.395+0000] {processor.py:208} INFO - Processing /home/airflow/.local/lib/python3.12/site-packages/airflow/example_dags/example_latest_only.py took 0.094 seconds
[2024-12-02T17:50:35.669+0000] {processor.py:186} INFO - Started process (PID=661) to work on /home/airflow/.local/lib/python3.12/site-packages/airflow/example_dags/example_latest_only.py
[2024-12-02T17:50:35.670+0000] {processor.py:914} INFO - Processing file /home/airflow/.local/lib/python3.12/site-packages/airflow/example_dags/example_latest_only.py for tasks to queue
[2024-12-02T17:50:35.673+0000] {logging_mixin.py:190} INFO - [2024-12-02T17:50:35.673+0000] {dagbag.py:588} INFO - Filling up the DagBag from /home/airflow/.local/lib/python3.12/site-packages/airflow/example_dags/example_latest_only.py
[2024-12-02T17:50:35.681+0000] {processor.py:925} INFO - DAG(s) 'latest_only' retrieved from /home/airflow/.local/lib/python3.12/site-packages/airflow/example_dags/example_latest_only.py
[2024-12-02T17:50:35.705+0000] {logging_mixin.py:190} INFO - [2024-12-02T17:50:35.704+0000] {dag.py:3239} INFO - Sync 1 DAGs
[2024-12-02T17:50:35.737+0000] {logging_mixin.py:190} INFO - [2024-12-02T17:50:35.737+0000] {dag.py:4180} INFO - Setting next_dagrun for latest_only to 2024-12-02 12:00:00+00:00, run_after=2024-12-02 16:00:00+00:00
[2024-12-02T17:50:35.763+0000] {processor.py:208} INFO - Processing /home/airflow/.local/lib/python3.12/site-packages/airflow/example_dags/example_latest_only.py took 0.101 seconds
