[2024-12-02T17:46:08.731+0000] {processor.py:186} INFO - Started process (PID=110) to work on /home/airflow/.local/lib/python3.12/site-packages/airflow/example_dags/example_branch_python_dop_operator_3.py
[2024-12-02T17:46:08.732+0000] {processor.py:914} INFO - Processing file /home/airflow/.local/lib/python3.12/site-packages/airflow/example_dags/example_branch_python_dop_operator_3.py for tasks to queue
[2024-12-02T17:46:08.734+0000] {logging_mixin.py:190} INFO - [2024-12-02T17:46:08.734+0000] {dagbag.py:588} INFO - Filling up the DagBag from /home/airflow/.local/lib/python3.12/site-packages/airflow/example_dags/example_branch_python_dop_operator_3.py
[2024-12-02T17:46:08.746+0000] {processor.py:925} INFO - DAG(s) 'example_branch_dop_operator_v3' retrieved from /home/airflow/.local/lib/python3.12/site-packages/airflow/example_dags/example_branch_python_dop_operator_3.py
[2024-12-02T17:46:08.892+0000] {logging_mixin.py:190} INFO - [2024-12-02T17:46:08.891+0000] {override.py:1911} INFO - Created Permission View: can read on DAG:example_branch_dop_operator_v3
[2024-12-02T17:46:08.908+0000] {logging_mixin.py:190} INFO - [2024-12-02T17:46:08.908+0000] {override.py:1911} INFO - Created Permission View: can edit on DAG:example_branch_dop_operator_v3
[2024-12-02T17:46:08.920+0000] {logging_mixin.py:190} INFO - [2024-12-02T17:46:08.920+0000] {override.py:1911} INFO - Created Permission View: can delete on DAG:example_branch_dop_operator_v3
[2024-12-02T17:46:08.936+0000] {logging_mixin.py:190} INFO - [2024-12-02T17:46:08.936+0000] {override.py:1911} INFO - Created Permission View: can read on DAG Run:example_branch_dop_operator_v3
[2024-12-02T17:46:08.948+0000] {logging_mixin.py:190} INFO - [2024-12-02T17:46:08.948+0000] {override.py:1911} INFO - Created Permission View: can delete on DAG Run:example_branch_dop_operator_v3
[2024-12-02T17:46:08.957+0000] {logging_mixin.py:190} INFO - [2024-12-02T17:46:08.956+0000] {override.py:1911} INFO - Created Permission View: can create on DAG Run:example_branch_dop_operator_v3
[2024-12-02T17:46:08.965+0000] {logging_mixin.py:190} INFO - [2024-12-02T17:46:08.965+0000] {override.py:1911} INFO - Created Permission View: menu access on DAG Run:example_branch_dop_operator_v3
[2024-12-02T17:46:08.965+0000] {logging_mixin.py:190} INFO - [2024-12-02T17:46:08.965+0000] {dag.py:3239} INFO - Sync 1 DAGs
[2024-12-02T17:46:08.980+0000] {logging_mixin.py:190} INFO - [2024-12-02T17:46:08.980+0000] {dag.py:3262} INFO - Creating ORM DAG for example_branch_dop_operator_v3
[2024-12-02T17:46:08.994+0000] {logging_mixin.py:190} INFO - [2024-12-02T17:46:08.994+0000] {dag.py:4180} INFO - Setting next_dagrun for example_branch_dop_operator_v3 to 2024-12-02 17:45:00+00:00, run_after=2024-12-02 17:46:00+00:00
[2024-12-02T17:46:09.014+0000] {processor.py:208} INFO - Processing /home/airflow/.local/lib/python3.12/site-packages/airflow/example_dags/example_branch_python_dop_operator_3.py took 0.291 seconds
[2024-12-02T17:46:39.286+0000] {processor.py:186} INFO - Started process (PID=175) to work on /home/airflow/.local/lib/python3.12/site-packages/airflow/example_dags/example_branch_python_dop_operator_3.py
[2024-12-02T17:46:39.287+0000] {processor.py:914} INFO - Processing file /home/airflow/.local/lib/python3.12/site-packages/airflow/example_dags/example_branch_python_dop_operator_3.py for tasks to queue
[2024-12-02T17:46:39.290+0000] {logging_mixin.py:190} INFO - [2024-12-02T17:46:39.290+0000] {dagbag.py:588} INFO - Filling up the DagBag from /home/airflow/.local/lib/python3.12/site-packages/airflow/example_dags/example_branch_python_dop_operator_3.py
[2024-12-02T17:46:39.305+0000] {processor.py:925} INFO - DAG(s) 'example_branch_dop_operator_v3' retrieved from /home/airflow/.local/lib/python3.12/site-packages/airflow/example_dags/example_branch_python_dop_operator_3.py
[2024-12-02T17:46:39.330+0000] {logging_mixin.py:190} INFO - [2024-12-02T17:46:39.330+0000] {dag.py:3239} INFO - Sync 1 DAGs
[2024-12-02T17:46:39.373+0000] {logging_mixin.py:190} INFO - [2024-12-02T17:46:39.373+0000] {dag.py:4180} INFO - Setting next_dagrun for example_branch_dop_operator_v3 to 2024-12-02 17:45:00+00:00, run_after=2024-12-02 17:46:00+00:00
[2024-12-02T17:46:39.404+0000] {processor.py:208} INFO - Processing /home/airflow/.local/lib/python3.12/site-packages/airflow/example_dags/example_branch_python_dop_operator_3.py took 0.126 seconds
[2024-12-02T17:47:10.323+0000] {processor.py:186} INFO - Started process (PID=240) to work on /home/airflow/.local/lib/python3.12/site-packages/airflow/example_dags/example_branch_python_dop_operator_3.py
[2024-12-02T17:47:10.324+0000] {processor.py:914} INFO - Processing file /home/airflow/.local/lib/python3.12/site-packages/airflow/example_dags/example_branch_python_dop_operator_3.py for tasks to queue
[2024-12-02T17:47:10.326+0000] {logging_mixin.py:190} INFO - [2024-12-02T17:47:10.326+0000] {dagbag.py:588} INFO - Filling up the DagBag from /home/airflow/.local/lib/python3.12/site-packages/airflow/example_dags/example_branch_python_dop_operator_3.py
[2024-12-02T17:47:10.337+0000] {processor.py:925} INFO - DAG(s) 'example_branch_dop_operator_v3' retrieved from /home/airflow/.local/lib/python3.12/site-packages/airflow/example_dags/example_branch_python_dop_operator_3.py
[2024-12-02T17:47:10.357+0000] {logging_mixin.py:190} INFO - [2024-12-02T17:47:10.357+0000] {dag.py:3239} INFO - Sync 1 DAGs
[2024-12-02T17:47:10.389+0000] {logging_mixin.py:190} INFO - [2024-12-02T17:47:10.389+0000] {dag.py:4180} INFO - Setting next_dagrun for example_branch_dop_operator_v3 to 2024-12-02 17:46:00+00:00, run_after=2024-12-02 17:47:00+00:00
[2024-12-02T17:47:10.413+0000] {processor.py:208} INFO - Processing /home/airflow/.local/lib/python3.12/site-packages/airflow/example_dags/example_branch_python_dop_operator_3.py took 0.097 seconds
[2024-12-02T17:47:40.843+0000] {processor.py:186} INFO - Started process (PID=304) to work on /home/airflow/.local/lib/python3.12/site-packages/airflow/example_dags/example_branch_python_dop_operator_3.py
[2024-12-02T17:47:40.844+0000] {processor.py:914} INFO - Processing file /home/airflow/.local/lib/python3.12/site-packages/airflow/example_dags/example_branch_python_dop_operator_3.py for tasks to queue
[2024-12-02T17:47:40.847+0000] {logging_mixin.py:190} INFO - [2024-12-02T17:47:40.846+0000] {dagbag.py:588} INFO - Filling up the DagBag from /home/airflow/.local/lib/python3.12/site-packages/airflow/example_dags/example_branch_python_dop_operator_3.py
[2024-12-02T17:47:40.859+0000] {processor.py:925} INFO - DAG(s) 'example_branch_dop_operator_v3' retrieved from /home/airflow/.local/lib/python3.12/site-packages/airflow/example_dags/example_branch_python_dop_operator_3.py
[2024-12-02T17:47:40.881+0000] {logging_mixin.py:190} INFO - [2024-12-02T17:47:40.881+0000] {dag.py:3239} INFO - Sync 1 DAGs
[2024-12-02T17:47:40.921+0000] {logging_mixin.py:190} INFO - [2024-12-02T17:47:40.921+0000] {dag.py:4180} INFO - Setting next_dagrun for example_branch_dop_operator_v3 to 2024-12-02 17:46:00+00:00, run_after=2024-12-02 17:47:00+00:00
[2024-12-02T17:47:40.946+0000] {processor.py:208} INFO - Processing /home/airflow/.local/lib/python3.12/site-packages/airflow/example_dags/example_branch_python_dop_operator_3.py took 0.111 seconds
[2024-12-02T17:48:20.983+0000] {processor.py:186} INFO - Started process (PID=374) to work on /home/airflow/.local/lib/python3.12/site-packages/airflow/example_dags/example_branch_python_dop_operator_3.py
[2024-12-02T17:48:20.985+0000] {processor.py:914} INFO - Processing file /home/airflow/.local/lib/python3.12/site-packages/airflow/example_dags/example_branch_python_dop_operator_3.py for tasks to queue
[2024-12-02T17:48:21.035+0000] {logging_mixin.py:190} INFO - [2024-12-02T17:48:21.034+0000] {dagbag.py:588} INFO - Filling up the DagBag from /home/airflow/.local/lib/python3.12/site-packages/airflow/example_dags/example_branch_python_dop_operator_3.py
[2024-12-02T17:48:21.241+0000] {processor.py:925} INFO - DAG(s) 'example_branch_dop_operator_v3' retrieved from /home/airflow/.local/lib/python3.12/site-packages/airflow/example_dags/example_branch_python_dop_operator_3.py
[2024-12-02T17:48:24.575+0000] {logging_mixin.py:190} INFO - [2024-12-02T17:48:24.575+0000] {dag.py:3239} INFO - Sync 1 DAGs
[2024-12-02T17:48:24.774+0000] {logging_mixin.py:190} INFO - [2024-12-02T17:48:24.774+0000] {dag.py:4180} INFO - Setting next_dagrun for example_branch_dop_operator_v3 to 2024-12-02 17:47:00+00:00, run_after=2024-12-02 17:48:00+00:00
[2024-12-02T17:48:24.874+0000] {processor.py:208} INFO - Processing /home/airflow/.local/lib/python3.12/site-packages/airflow/example_dags/example_branch_python_dop_operator_3.py took 3.954 seconds
[2024-12-02T17:48:54.957+0000] {processor.py:186} INFO - Started process (PID=442) to work on /home/airflow/.local/lib/python3.12/site-packages/airflow/example_dags/example_branch_python_dop_operator_3.py
[2024-12-02T17:48:54.958+0000] {processor.py:914} INFO - Processing file /home/airflow/.local/lib/python3.12/site-packages/airflow/example_dags/example_branch_python_dop_operator_3.py for tasks to queue
[2024-12-02T17:48:54.962+0000] {logging_mixin.py:190} INFO - [2024-12-02T17:48:54.962+0000] {dagbag.py:588} INFO - Filling up the DagBag from /home/airflow/.local/lib/python3.12/site-packages/airflow/example_dags/example_branch_python_dop_operator_3.py
[2024-12-02T17:48:54.983+0000] {processor.py:925} INFO - DAG(s) 'example_branch_dop_operator_v3' retrieved from /home/airflow/.local/lib/python3.12/site-packages/airflow/example_dags/example_branch_python_dop_operator_3.py
[2024-12-02T17:48:55.032+0000] {logging_mixin.py:190} INFO - [2024-12-02T17:48:55.031+0000] {dag.py:3239} INFO - Sync 1 DAGs
[2024-12-02T17:48:55.104+0000] {logging_mixin.py:190} INFO - [2024-12-02T17:48:55.103+0000] {dag.py:4180} INFO - Setting next_dagrun for example_branch_dop_operator_v3 to 2024-12-02 17:47:00+00:00, run_after=2024-12-02 17:48:00+00:00
[2024-12-02T17:48:55.141+0000] {processor.py:208} INFO - Processing /home/airflow/.local/lib/python3.12/site-packages/airflow/example_dags/example_branch_python_dop_operator_3.py took 0.195 seconds
[2024-12-02T17:49:25.314+0000] {processor.py:186} INFO - Started process (PID=501) to work on /home/airflow/.local/lib/python3.12/site-packages/airflow/example_dags/example_branch_python_dop_operator_3.py
[2024-12-02T17:49:25.315+0000] {processor.py:914} INFO - Processing file /home/airflow/.local/lib/python3.12/site-packages/airflow/example_dags/example_branch_python_dop_operator_3.py for tasks to queue
[2024-12-02T17:49:25.319+0000] {logging_mixin.py:190} INFO - [2024-12-02T17:49:25.319+0000] {dagbag.py:588} INFO - Filling up the DagBag from /home/airflow/.local/lib/python3.12/site-packages/airflow/example_dags/example_branch_python_dop_operator_3.py
[2024-12-02T17:49:25.339+0000] {processor.py:925} INFO - DAG(s) 'example_branch_dop_operator_v3' retrieved from /home/airflow/.local/lib/python3.12/site-packages/airflow/example_dags/example_branch_python_dop_operator_3.py
[2024-12-02T17:49:25.374+0000] {logging_mixin.py:190} INFO - [2024-12-02T17:49:25.373+0000] {dag.py:3239} INFO - Sync 1 DAGs
[2024-12-02T17:49:25.434+0000] {logging_mixin.py:190} INFO - [2024-12-02T17:49:25.434+0000] {dag.py:4180} INFO - Setting next_dagrun for example_branch_dop_operator_v3 to 2024-12-02 17:48:00+00:00, run_after=2024-12-02 17:49:00+00:00
[2024-12-02T17:49:25.473+0000] {processor.py:208} INFO - Processing /home/airflow/.local/lib/python3.12/site-packages/airflow/example_dags/example_branch_python_dop_operator_3.py took 0.174 seconds
[2024-12-02T17:49:55.637+0000] {processor.py:186} INFO - Started process (PID=566) to work on /home/airflow/.local/lib/python3.12/site-packages/airflow/example_dags/example_branch_python_dop_operator_3.py
[2024-12-02T17:49:55.638+0000] {processor.py:914} INFO - Processing file /home/airflow/.local/lib/python3.12/site-packages/airflow/example_dags/example_branch_python_dop_operator_3.py for tasks to queue
[2024-12-02T17:49:55.641+0000] {logging_mixin.py:190} INFO - [2024-12-02T17:49:55.641+0000] {dagbag.py:588} INFO - Filling up the DagBag from /home/airflow/.local/lib/python3.12/site-packages/airflow/example_dags/example_branch_python_dop_operator_3.py
[2024-12-02T17:49:55.656+0000] {processor.py:925} INFO - DAG(s) 'example_branch_dop_operator_v3' retrieved from /home/airflow/.local/lib/python3.12/site-packages/airflow/example_dags/example_branch_python_dop_operator_3.py
[2024-12-02T17:49:55.677+0000] {logging_mixin.py:190} INFO - [2024-12-02T17:49:55.677+0000] {dag.py:3239} INFO - Sync 1 DAGs
[2024-12-02T17:49:55.711+0000] {logging_mixin.py:190} INFO - [2024-12-02T17:49:55.711+0000] {dag.py:4180} INFO - Setting next_dagrun for example_branch_dop_operator_v3 to 2024-12-02 17:48:00+00:00, run_after=2024-12-02 17:49:00+00:00
[2024-12-02T17:49:55.730+0000] {processor.py:208} INFO - Processing /home/airflow/.local/lib/python3.12/site-packages/airflow/example_dags/example_branch_python_dop_operator_3.py took 0.103 seconds
[2024-12-02T17:50:26.369+0000] {processor.py:186} INFO - Started process (PID=631) to work on /home/airflow/.local/lib/python3.12/site-packages/airflow/example_dags/example_branch_python_dop_operator_3.py
[2024-12-02T17:50:26.370+0000] {processor.py:914} INFO - Processing file /home/airflow/.local/lib/python3.12/site-packages/airflow/example_dags/example_branch_python_dop_operator_3.py for tasks to queue
[2024-12-02T17:50:26.373+0000] {logging_mixin.py:190} INFO - [2024-12-02T17:50:26.373+0000] {dagbag.py:588} INFO - Filling up the DagBag from /home/airflow/.local/lib/python3.12/site-packages/airflow/example_dags/example_branch_python_dop_operator_3.py
[2024-12-02T17:50:26.387+0000] {processor.py:925} INFO - DAG(s) 'example_branch_dop_operator_v3' retrieved from /home/airflow/.local/lib/python3.12/site-packages/airflow/example_dags/example_branch_python_dop_operator_3.py
[2024-12-02T17:50:26.409+0000] {logging_mixin.py:190} INFO - [2024-12-02T17:50:26.409+0000] {dag.py:3239} INFO - Sync 1 DAGs
[2024-12-02T17:50:26.448+0000] {logging_mixin.py:190} INFO - [2024-12-02T17:50:26.447+0000] {dag.py:4180} INFO - Setting next_dagrun for example_branch_dop_operator_v3 to 2024-12-02 17:49:00+00:00, run_after=2024-12-02 17:50:00+00:00
[2024-12-02T17:50:26.471+0000] {processor.py:208} INFO - Processing /home/airflow/.local/lib/python3.12/site-packages/airflow/example_dags/example_branch_python_dop_operator_3.py took 0.110 seconds
