[2024-12-02T17:46:10.639+0000] {processor.py:186} INFO - Started process (PID=122) to work on /home/airflow/.local/lib/python3.12/site-packages/airflow/example_dags/tutorial.py
[2024-12-02T17:46:10.640+0000] {processor.py:914} INFO - Processing file /home/airflow/.local/lib/python3.12/site-packages/airflow/example_dags/tutorial.py for tasks to queue
[2024-12-02T17:46:10.643+0000] {logging_mixin.py:190} INFO - [2024-12-02T17:46:10.642+0000] {dagbag.py:588} INFO - Filling up the DagBag from /home/airflow/.local/lib/python3.12/site-packages/airflow/example_dags/tutorial.py
[2024-12-02T17:46:10.652+0000] {processor.py:925} INFO - DAG(s) 'tutorial' retrieved from /home/airflow/.local/lib/python3.12/site-packages/airflow/example_dags/tutorial.py
[2024-12-02T17:46:10.815+0000] {logging_mixin.py:190} INFO - [2024-12-02T17:46:10.814+0000] {override.py:1911} INFO - Created Permission View: can read on DAG:tutorial
[2024-12-02T17:46:10.832+0000] {logging_mixin.py:190} INFO - [2024-12-02T17:46:10.832+0000] {override.py:1911} INFO - Created Permission View: can edit on DAG:tutorial
[2024-12-02T17:46:10.845+0000] {logging_mixin.py:190} INFO - [2024-12-02T17:46:10.844+0000] {override.py:1911} INFO - Created Permission View: can delete on DAG:tutorial
[2024-12-02T17:46:10.861+0000] {logging_mixin.py:190} INFO - [2024-12-02T17:46:10.861+0000] {override.py:1911} INFO - Created Permission View: can read on DAG Run:tutorial
[2024-12-02T17:46:10.871+0000] {logging_mixin.py:190} INFO - [2024-12-02T17:46:10.871+0000] {override.py:1911} INFO - Created Permission View: can delete on DAG Run:tutorial
[2024-12-02T17:46:10.880+0000] {logging_mixin.py:190} INFO - [2024-12-02T17:46:10.880+0000] {override.py:1911} INFO - Created Permission View: can create on DAG Run:tutorial
[2024-12-02T17:46:10.889+0000] {logging_mixin.py:190} INFO - [2024-12-02T17:46:10.889+0000] {override.py:1911} INFO - Created Permission View: menu access on DAG Run:tutorial
[2024-12-02T17:46:10.890+0000] {logging_mixin.py:190} INFO - [2024-12-02T17:46:10.890+0000] {dag.py:3239} INFO - Sync 1 DAGs
[2024-12-02T17:46:10.907+0000] {logging_mixin.py:190} INFO - [2024-12-02T17:46:10.906+0000] {dag.py:3262} INFO - Creating ORM DAG for tutorial
[2024-12-02T17:46:10.921+0000] {logging_mixin.py:190} INFO - [2024-12-02T17:46:10.921+0000] {dag.py:4180} INFO - Setting next_dagrun for tutorial to 2024-12-01 00:00:00+00:00, run_after=2024-12-02 00:00:00+00:00
[2024-12-02T17:46:10.941+0000] {processor.py:208} INFO - Processing /home/airflow/.local/lib/python3.12/site-packages/airflow/example_dags/tutorial.py took 0.309 seconds
[2024-12-02T17:46:41.269+0000] {processor.py:186} INFO - Started process (PID=186) to work on /home/airflow/.local/lib/python3.12/site-packages/airflow/example_dags/tutorial.py
[2024-12-02T17:46:41.270+0000] {processor.py:914} INFO - Processing file /home/airflow/.local/lib/python3.12/site-packages/airflow/example_dags/tutorial.py for tasks to queue
[2024-12-02T17:46:41.272+0000] {logging_mixin.py:190} INFO - [2024-12-02T17:46:41.272+0000] {dagbag.py:588} INFO - Filling up the DagBag from /home/airflow/.local/lib/python3.12/site-packages/airflow/example_dags/tutorial.py
[2024-12-02T17:46:41.281+0000] {processor.py:925} INFO - DAG(s) 'tutorial' retrieved from /home/airflow/.local/lib/python3.12/site-packages/airflow/example_dags/tutorial.py
[2024-12-02T17:46:41.303+0000] {logging_mixin.py:190} INFO - [2024-12-02T17:46:41.302+0000] {dag.py:3239} INFO - Sync 1 DAGs
[2024-12-02T17:46:41.331+0000] {logging_mixin.py:190} INFO - [2024-12-02T17:46:41.330+0000] {dag.py:4180} INFO - Setting next_dagrun for tutorial to 2024-12-01 00:00:00+00:00, run_after=2024-12-02 00:00:00+00:00
[2024-12-02T17:46:41.353+0000] {processor.py:208} INFO - Processing /home/airflow/.local/lib/python3.12/site-packages/airflow/example_dags/tutorial.py took 0.091 seconds
[2024-12-02T17:47:12.117+0000] {processor.py:186} INFO - Started process (PID=251) to work on /home/airflow/.local/lib/python3.12/site-packages/airflow/example_dags/tutorial.py
[2024-12-02T17:47:12.118+0000] {processor.py:914} INFO - Processing file /home/airflow/.local/lib/python3.12/site-packages/airflow/example_dags/tutorial.py for tasks to queue
[2024-12-02T17:47:12.121+0000] {logging_mixin.py:190} INFO - [2024-12-02T17:47:12.121+0000] {dagbag.py:588} INFO - Filling up the DagBag from /home/airflow/.local/lib/python3.12/site-packages/airflow/example_dags/tutorial.py
[2024-12-02T17:47:12.132+0000] {processor.py:925} INFO - DAG(s) 'tutorial' retrieved from /home/airflow/.local/lib/python3.12/site-packages/airflow/example_dags/tutorial.py
[2024-12-02T17:47:12.155+0000] {logging_mixin.py:190} INFO - [2024-12-02T17:47:12.155+0000] {dag.py:3239} INFO - Sync 1 DAGs
[2024-12-02T17:47:12.188+0000] {logging_mixin.py:190} INFO - [2024-12-02T17:47:12.188+0000] {dag.py:4180} INFO - Setting next_dagrun for tutorial to 2024-12-01 00:00:00+00:00, run_after=2024-12-02 00:00:00+00:00
[2024-12-02T17:47:12.212+0000] {processor.py:208} INFO - Processing /home/airflow/.local/lib/python3.12/site-packages/airflow/example_dags/tutorial.py took 0.105 seconds
[2024-12-02T17:47:42.983+0000] {processor.py:186} INFO - Started process (PID=316) to work on /home/airflow/.local/lib/python3.12/site-packages/airflow/example_dags/tutorial.py
[2024-12-02T17:47:42.984+0000] {processor.py:914} INFO - Processing file /home/airflow/.local/lib/python3.12/site-packages/airflow/example_dags/tutorial.py for tasks to queue
[2024-12-02T17:47:42.986+0000] {logging_mixin.py:190} INFO - [2024-12-02T17:47:42.985+0000] {dagbag.py:588} INFO - Filling up the DagBag from /home/airflow/.local/lib/python3.12/site-packages/airflow/example_dags/tutorial.py
[2024-12-02T17:47:42.994+0000] {processor.py:925} INFO - DAG(s) 'tutorial' retrieved from /home/airflow/.local/lib/python3.12/site-packages/airflow/example_dags/tutorial.py
[2024-12-02T17:47:43.015+0000] {logging_mixin.py:190} INFO - [2024-12-02T17:47:43.014+0000] {dag.py:3239} INFO - Sync 1 DAGs
[2024-12-02T17:47:43.047+0000] {logging_mixin.py:190} INFO - [2024-12-02T17:47:43.046+0000] {dag.py:4180} INFO - Setting next_dagrun for tutorial to 2024-12-01 00:00:00+00:00, run_after=2024-12-02 00:00:00+00:00
[2024-12-02T17:47:43.070+0000] {processor.py:208} INFO - Processing /home/airflow/.local/lib/python3.12/site-packages/airflow/example_dags/tutorial.py took 0.094 seconds
[2024-12-02T17:48:28.067+0000] {processor.py:186} INFO - Started process (PID=385) to work on /home/airflow/.local/lib/python3.12/site-packages/airflow/example_dags/tutorial.py
[2024-12-02T17:48:28.068+0000] {processor.py:914} INFO - Processing file /home/airflow/.local/lib/python3.12/site-packages/airflow/example_dags/tutorial.py for tasks to queue
[2024-12-02T17:48:28.082+0000] {logging_mixin.py:190} INFO - [2024-12-02T17:48:28.082+0000] {dagbag.py:588} INFO - Filling up the DagBag from /home/airflow/.local/lib/python3.12/site-packages/airflow/example_dags/tutorial.py
[2024-12-02T17:48:28.109+0000] {processor.py:925} INFO - DAG(s) 'tutorial' retrieved from /home/airflow/.local/lib/python3.12/site-packages/airflow/example_dags/tutorial.py
[2024-12-02T17:48:28.198+0000] {logging_mixin.py:190} INFO - [2024-12-02T17:48:28.198+0000] {dag.py:3239} INFO - Sync 1 DAGs
[2024-12-02T17:48:28.292+0000] {logging_mixin.py:190} INFO - [2024-12-02T17:48:28.292+0000] {dag.py:4180} INFO - Setting next_dagrun for tutorial to 2024-12-01 00:00:00+00:00, run_after=2024-12-02 00:00:00+00:00
[2024-12-02T17:48:28.362+0000] {processor.py:208} INFO - Processing /home/airflow/.local/lib/python3.12/site-packages/airflow/example_dags/tutorial.py took 0.324 seconds
[2024-12-02T17:48:58.512+0000] {processor.py:186} INFO - Started process (PID=453) to work on /home/airflow/.local/lib/python3.12/site-packages/airflow/example_dags/tutorial.py
[2024-12-02T17:48:58.513+0000] {processor.py:914} INFO - Processing file /home/airflow/.local/lib/python3.12/site-packages/airflow/example_dags/tutorial.py for tasks to queue
[2024-12-02T17:48:58.517+0000] {logging_mixin.py:190} INFO - [2024-12-02T17:48:58.516+0000] {dagbag.py:588} INFO - Filling up the DagBag from /home/airflow/.local/lib/python3.12/site-packages/airflow/example_dags/tutorial.py
[2024-12-02T17:48:58.528+0000] {processor.py:925} INFO - DAG(s) 'tutorial' retrieved from /home/airflow/.local/lib/python3.12/site-packages/airflow/example_dags/tutorial.py
[2024-12-02T17:48:58.560+0000] {logging_mixin.py:190} INFO - [2024-12-02T17:48:58.560+0000] {dag.py:3239} INFO - Sync 1 DAGs
[2024-12-02T17:48:58.605+0000] {logging_mixin.py:190} INFO - [2024-12-02T17:48:58.604+0000] {dag.py:4180} INFO - Setting next_dagrun for tutorial to 2024-12-01 00:00:00+00:00, run_after=2024-12-02 00:00:00+00:00
[2024-12-02T17:48:58.632+0000] {processor.py:208} INFO - Processing /home/airflow/.local/lib/python3.12/site-packages/airflow/example_dags/tutorial.py took 0.132 seconds
[2024-12-02T17:49:29.272+0000] {processor.py:186} INFO - Started process (PID=512) to work on /home/airflow/.local/lib/python3.12/site-packages/airflow/example_dags/tutorial.py
[2024-12-02T17:49:29.273+0000] {processor.py:914} INFO - Processing file /home/airflow/.local/lib/python3.12/site-packages/airflow/example_dags/tutorial.py for tasks to queue
[2024-12-02T17:49:29.276+0000] {logging_mixin.py:190} INFO - [2024-12-02T17:49:29.276+0000] {dagbag.py:588} INFO - Filling up the DagBag from /home/airflow/.local/lib/python3.12/site-packages/airflow/example_dags/tutorial.py
[2024-12-02T17:49:29.288+0000] {processor.py:925} INFO - DAG(s) 'tutorial' retrieved from /home/airflow/.local/lib/python3.12/site-packages/airflow/example_dags/tutorial.py
[2024-12-02T17:49:29.320+0000] {logging_mixin.py:190} INFO - [2024-12-02T17:49:29.320+0000] {dag.py:3239} INFO - Sync 1 DAGs
[2024-12-02T17:49:29.359+0000] {logging_mixin.py:190} INFO - [2024-12-02T17:49:29.359+0000] {dag.py:4180} INFO - Setting next_dagrun for tutorial to 2024-12-01 00:00:00+00:00, run_after=2024-12-02 00:00:00+00:00
[2024-12-02T17:49:29.387+0000] {processor.py:208} INFO - Processing /home/airflow/.local/lib/python3.12/site-packages/airflow/example_dags/tutorial.py took 0.124 seconds
[2024-12-02T17:49:59.534+0000] {processor.py:186} INFO - Started process (PID=577) to work on /home/airflow/.local/lib/python3.12/site-packages/airflow/example_dags/tutorial.py
[2024-12-02T17:49:59.535+0000] {processor.py:914} INFO - Processing file /home/airflow/.local/lib/python3.12/site-packages/airflow/example_dags/tutorial.py for tasks to queue
[2024-12-02T17:49:59.539+0000] {logging_mixin.py:190} INFO - [2024-12-02T17:49:59.538+0000] {dagbag.py:588} INFO - Filling up the DagBag from /home/airflow/.local/lib/python3.12/site-packages/airflow/example_dags/tutorial.py
[2024-12-02T17:49:59.552+0000] {processor.py:925} INFO - DAG(s) 'tutorial' retrieved from /home/airflow/.local/lib/python3.12/site-packages/airflow/example_dags/tutorial.py
[2024-12-02T17:49:59.582+0000] {logging_mixin.py:190} INFO - [2024-12-02T17:49:59.582+0000] {dag.py:3239} INFO - Sync 1 DAGs
[2024-12-02T17:49:59.620+0000] {logging_mixin.py:190} INFO - [2024-12-02T17:49:59.620+0000] {dag.py:4180} INFO - Setting next_dagrun for tutorial to 2024-12-01 00:00:00+00:00, run_after=2024-12-02 00:00:00+00:00
[2024-12-02T17:49:59.648+0000] {processor.py:208} INFO - Processing /home/airflow/.local/lib/python3.12/site-packages/airflow/example_dags/tutorial.py took 0.124 seconds
[2024-12-02T17:50:29.890+0000] {processor.py:186} INFO - Started process (PID=642) to work on /home/airflow/.local/lib/python3.12/site-packages/airflow/example_dags/tutorial.py
[2024-12-02T17:50:29.891+0000] {processor.py:914} INFO - Processing file /home/airflow/.local/lib/python3.12/site-packages/airflow/example_dags/tutorial.py for tasks to queue
[2024-12-02T17:50:29.893+0000] {logging_mixin.py:190} INFO - [2024-12-02T17:50:29.893+0000] {dagbag.py:588} INFO - Filling up the DagBag from /home/airflow/.local/lib/python3.12/site-packages/airflow/example_dags/tutorial.py
[2024-12-02T17:50:29.904+0000] {processor.py:925} INFO - DAG(s) 'tutorial' retrieved from /home/airflow/.local/lib/python3.12/site-packages/airflow/example_dags/tutorial.py
[2024-12-02T17:50:29.933+0000] {logging_mixin.py:190} INFO - [2024-12-02T17:50:29.933+0000] {dag.py:3239} INFO - Sync 1 DAGs
[2024-12-02T17:50:29.970+0000] {logging_mixin.py:190} INFO - [2024-12-02T17:50:29.970+0000] {dag.py:4180} INFO - Setting next_dagrun for tutorial to 2024-12-01 00:00:00+00:00, run_after=2024-12-02 00:00:00+00:00
[2024-12-02T17:50:29.995+0000] {processor.py:208} INFO - Processing /home/airflow/.local/lib/python3.12/site-packages/airflow/example_dags/tutorial.py took 0.112 seconds
