[2024-12-02T17:46:02.811+0000] {processor.py:186} INFO - Started process (PID=86) to work on /home/airflow/.local/lib/python3.12/site-packages/airflow/example_dags/tutorial_objectstorage.py
[2024-12-02T17:46:02.812+0000] {processor.py:914} INFO - Processing file /home/airflow/.local/lib/python3.12/site-packages/airflow/example_dags/tutorial_objectstorage.py for tasks to queue
[2024-12-02T17:46:02.814+0000] {logging_mixin.py:190} INFO - [2024-12-02T17:46:02.814+0000] {dagbag.py:588} INFO - Filling up the DagBag from /home/airflow/.local/lib/python3.12/site-packages/airflow/example_dags/tutorial_objectstorage.py
[2024-12-02T17:46:02.826+0000] {processor.py:925} INFO - DAG(s) 'tutorial_objectstorage' retrieved from /home/airflow/.local/lib/python3.12/site-packages/airflow/example_dags/tutorial_objectstorage.py
[2024-12-02T17:46:03.019+0000] {logging_mixin.py:190} INFO - [2024-12-02T17:46:03.018+0000] {override.py:1911} INFO - Created Permission View: can read on DAG:tutorial_objectstorage
[2024-12-02T17:46:03.033+0000] {logging_mixin.py:190} INFO - [2024-12-02T17:46:03.033+0000] {override.py:1911} INFO - Created Permission View: can edit on DAG:tutorial_objectstorage
[2024-12-02T17:46:03.043+0000] {logging_mixin.py:190} INFO - [2024-12-02T17:46:03.042+0000] {override.py:1911} INFO - Created Permission View: can delete on DAG:tutorial_objectstorage
[2024-12-02T17:46:03.057+0000] {logging_mixin.py:190} INFO - [2024-12-02T17:46:03.057+0000] {override.py:1911} INFO - Created Permission View: can read on DAG Run:tutorial_objectstorage
[2024-12-02T17:46:03.070+0000] {logging_mixin.py:190} INFO - [2024-12-02T17:46:03.070+0000] {override.py:1911} INFO - Created Permission View: can delete on DAG Run:tutorial_objectstorage
[2024-12-02T17:46:03.083+0000] {logging_mixin.py:190} INFO - [2024-12-02T17:46:03.082+0000] {override.py:1911} INFO - Created Permission View: can create on DAG Run:tutorial_objectstorage
[2024-12-02T17:46:03.091+0000] {logging_mixin.py:190} INFO - [2024-12-02T17:46:03.091+0000] {override.py:1911} INFO - Created Permission View: menu access on DAG Run:tutorial_objectstorage
[2024-12-02T17:46:03.092+0000] {logging_mixin.py:190} INFO - [2024-12-02T17:46:03.092+0000] {dag.py:3239} INFO - Sync 1 DAGs
[2024-12-02T17:46:03.110+0000] {logging_mixin.py:190} INFO - [2024-12-02T17:46:03.110+0000] {dag.py:3262} INFO - Creating ORM DAG for tutorial_objectstorage
[2024-12-02T17:46:03.110+0000] {logging_mixin.py:190} INFO - [2024-12-02T17:46:03.110+0000] {dag.py:4180} INFO - Setting next_dagrun for tutorial_objectstorage to None, run_after=None
[2024-12-02T17:46:03.128+0000] {processor.py:208} INFO - Processing /home/airflow/.local/lib/python3.12/site-packages/airflow/example_dags/tutorial_objectstorage.py took 0.325 seconds
[2024-12-02T17:46:33.533+0000] {processor.py:186} INFO - Started process (PID=150) to work on /home/airflow/.local/lib/python3.12/site-packages/airflow/example_dags/tutorial_objectstorage.py
[2024-12-02T17:46:33.534+0000] {processor.py:914} INFO - Processing file /home/airflow/.local/lib/python3.12/site-packages/airflow/example_dags/tutorial_objectstorage.py for tasks to queue
[2024-12-02T17:46:33.537+0000] {logging_mixin.py:190} INFO - [2024-12-02T17:46:33.537+0000] {dagbag.py:588} INFO - Filling up the DagBag from /home/airflow/.local/lib/python3.12/site-packages/airflow/example_dags/tutorial_objectstorage.py
[2024-12-02T17:46:33.548+0000] {processor.py:925} INFO - DAG(s) 'tutorial_objectstorage' retrieved from /home/airflow/.local/lib/python3.12/site-packages/airflow/example_dags/tutorial_objectstorage.py
[2024-12-02T17:46:33.569+0000] {logging_mixin.py:190} INFO - [2024-12-02T17:46:33.568+0000] {dag.py:3239} INFO - Sync 1 DAGs
[2024-12-02T17:46:33.587+0000] {logging_mixin.py:190} INFO - [2024-12-02T17:46:33.586+0000] {dag.py:4180} INFO - Setting next_dagrun for tutorial_objectstorage to None, run_after=None
[2024-12-02T17:46:33.608+0000] {processor.py:208} INFO - Processing /home/airflow/.local/lib/python3.12/site-packages/airflow/example_dags/tutorial_objectstorage.py took 0.082 seconds
[2024-12-02T17:47:03.731+0000] {processor.py:186} INFO - Started process (PID=215) to work on /home/airflow/.local/lib/python3.12/site-packages/airflow/example_dags/tutorial_objectstorage.py
[2024-12-02T17:47:03.732+0000] {processor.py:914} INFO - Processing file /home/airflow/.local/lib/python3.12/site-packages/airflow/example_dags/tutorial_objectstorage.py for tasks to queue
[2024-12-02T17:47:03.735+0000] {logging_mixin.py:190} INFO - [2024-12-02T17:47:03.734+0000] {dagbag.py:588} INFO - Filling up the DagBag from /home/airflow/.local/lib/python3.12/site-packages/airflow/example_dags/tutorial_objectstorage.py
[2024-12-02T17:47:03.745+0000] {processor.py:925} INFO - DAG(s) 'tutorial_objectstorage' retrieved from /home/airflow/.local/lib/python3.12/site-packages/airflow/example_dags/tutorial_objectstorage.py
[2024-12-02T17:47:03.767+0000] {logging_mixin.py:190} INFO - [2024-12-02T17:47:03.766+0000] {dag.py:3239} INFO - Sync 1 DAGs
[2024-12-02T17:47:03.783+0000] {logging_mixin.py:190} INFO - [2024-12-02T17:47:03.783+0000] {dag.py:4180} INFO - Setting next_dagrun for tutorial_objectstorage to None, run_after=None
[2024-12-02T17:47:03.804+0000] {processor.py:208} INFO - Processing /home/airflow/.local/lib/python3.12/site-packages/airflow/example_dags/tutorial_objectstorage.py took 0.081 seconds
[2024-12-02T17:47:34.599+0000] {processor.py:186} INFO - Started process (PID=280) to work on /home/airflow/.local/lib/python3.12/site-packages/airflow/example_dags/tutorial_objectstorage.py
[2024-12-02T17:47:34.600+0000] {processor.py:914} INFO - Processing file /home/airflow/.local/lib/python3.12/site-packages/airflow/example_dags/tutorial_objectstorage.py for tasks to queue
[2024-12-02T17:47:34.602+0000] {logging_mixin.py:190} INFO - [2024-12-02T17:47:34.602+0000] {dagbag.py:588} INFO - Filling up the DagBag from /home/airflow/.local/lib/python3.12/site-packages/airflow/example_dags/tutorial_objectstorage.py
[2024-12-02T17:47:34.614+0000] {processor.py:925} INFO - DAG(s) 'tutorial_objectstorage' retrieved from /home/airflow/.local/lib/python3.12/site-packages/airflow/example_dags/tutorial_objectstorage.py
[2024-12-02T17:47:34.635+0000] {logging_mixin.py:190} INFO - [2024-12-02T17:47:34.634+0000] {dag.py:3239} INFO - Sync 1 DAGs
[2024-12-02T17:47:34.655+0000] {logging_mixin.py:190} INFO - [2024-12-02T17:47:34.655+0000] {dag.py:4180} INFO - Setting next_dagrun for tutorial_objectstorage to None, run_after=None
[2024-12-02T17:47:34.680+0000] {processor.py:208} INFO - Processing /home/airflow/.local/lib/python3.12/site-packages/airflow/example_dags/tutorial_objectstorage.py took 0.090 seconds
[2024-12-02T17:48:05.755+0000] {processor.py:186} INFO - Started process (PID=349) to work on /home/airflow/.local/lib/python3.12/site-packages/airflow/example_dags/tutorial_objectstorage.py
[2024-12-02T17:48:05.758+0000] {processor.py:914} INFO - Processing file /home/airflow/.local/lib/python3.12/site-packages/airflow/example_dags/tutorial_objectstorage.py for tasks to queue
[2024-12-02T17:48:05.768+0000] {logging_mixin.py:190} INFO - [2024-12-02T17:48:05.768+0000] {dagbag.py:588} INFO - Filling up the DagBag from /home/airflow/.local/lib/python3.12/site-packages/airflow/example_dags/tutorial_objectstorage.py
[2024-12-02T17:48:05.787+0000] {processor.py:925} INFO - DAG(s) 'tutorial_objectstorage' retrieved from /home/airflow/.local/lib/python3.12/site-packages/airflow/example_dags/tutorial_objectstorage.py
[2024-12-02T17:48:05.821+0000] {logging_mixin.py:190} INFO - [2024-12-02T17:48:05.821+0000] {dag.py:3239} INFO - Sync 1 DAGs
[2024-12-02T17:48:05.847+0000] {logging_mixin.py:190} INFO - [2024-12-02T17:48:05.846+0000] {dag.py:4180} INFO - Setting next_dagrun for tutorial_objectstorage to None, run_after=None
[2024-12-02T17:48:05.893+0000] {processor.py:208} INFO - Processing /home/airflow/.local/lib/python3.12/site-packages/airflow/example_dags/tutorial_objectstorage.py took 0.152 seconds
[2024-12-02T17:48:36.353+0000] {processor.py:186} INFO - Started process (PID=417) to work on /home/airflow/.local/lib/python3.12/site-packages/airflow/example_dags/tutorial_objectstorage.py
[2024-12-02T17:48:36.358+0000] {processor.py:914} INFO - Processing file /home/airflow/.local/lib/python3.12/site-packages/airflow/example_dags/tutorial_objectstorage.py for tasks to queue
[2024-12-02T17:48:36.363+0000] {logging_mixin.py:190} INFO - [2024-12-02T17:48:36.362+0000] {dagbag.py:588} INFO - Filling up the DagBag from /home/airflow/.local/lib/python3.12/site-packages/airflow/example_dags/tutorial_objectstorage.py
[2024-12-02T17:48:36.388+0000] {processor.py:925} INFO - DAG(s) 'tutorial_objectstorage' retrieved from /home/airflow/.local/lib/python3.12/site-packages/airflow/example_dags/tutorial_objectstorage.py
[2024-12-02T17:48:36.445+0000] {logging_mixin.py:190} INFO - [2024-12-02T17:48:36.445+0000] {dag.py:3239} INFO - Sync 1 DAGs
[2024-12-02T17:48:36.487+0000] {logging_mixin.py:190} INFO - [2024-12-02T17:48:36.485+0000] {dag.py:4180} INFO - Setting next_dagrun for tutorial_objectstorage to None, run_after=None
[2024-12-02T17:48:36.555+0000] {processor.py:208} INFO - Processing /home/airflow/.local/lib/python3.12/site-packages/airflow/example_dags/tutorial_objectstorage.py took 0.218 seconds
[2024-12-02T17:49:07.164+0000] {processor.py:186} INFO - Started process (PID=476) to work on /home/airflow/.local/lib/python3.12/site-packages/airflow/example_dags/tutorial_objectstorage.py
[2024-12-02T17:49:07.165+0000] {processor.py:914} INFO - Processing file /home/airflow/.local/lib/python3.12/site-packages/airflow/example_dags/tutorial_objectstorage.py for tasks to queue
[2024-12-02T17:49:07.169+0000] {logging_mixin.py:190} INFO - [2024-12-02T17:49:07.168+0000] {dagbag.py:588} INFO - Filling up the DagBag from /home/airflow/.local/lib/python3.12/site-packages/airflow/example_dags/tutorial_objectstorage.py
[2024-12-02T17:49:07.196+0000] {processor.py:925} INFO - DAG(s) 'tutorial_objectstorage' retrieved from /home/airflow/.local/lib/python3.12/site-packages/airflow/example_dags/tutorial_objectstorage.py
[2024-12-02T17:49:07.230+0000] {logging_mixin.py:190} INFO - [2024-12-02T17:49:07.230+0000] {dag.py:3239} INFO - Sync 1 DAGs
[2024-12-02T17:49:07.260+0000] {logging_mixin.py:190} INFO - [2024-12-02T17:49:07.260+0000] {dag.py:4180} INFO - Setting next_dagrun for tutorial_objectstorage to None, run_after=None
[2024-12-02T17:49:07.290+0000] {processor.py:208} INFO - Processing /home/airflow/.local/lib/python3.12/site-packages/airflow/example_dags/tutorial_objectstorage.py took 0.137 seconds
[2024-12-02T17:49:37.530+0000] {processor.py:186} INFO - Started process (PID=541) to work on /home/airflow/.local/lib/python3.12/site-packages/airflow/example_dags/tutorial_objectstorage.py
[2024-12-02T17:49:37.531+0000] {processor.py:914} INFO - Processing file /home/airflow/.local/lib/python3.12/site-packages/airflow/example_dags/tutorial_objectstorage.py for tasks to queue
[2024-12-02T17:49:37.533+0000] {logging_mixin.py:190} INFO - [2024-12-02T17:49:37.533+0000] {dagbag.py:588} INFO - Filling up the DagBag from /home/airflow/.local/lib/python3.12/site-packages/airflow/example_dags/tutorial_objectstorage.py
[2024-12-02T17:49:37.542+0000] {processor.py:925} INFO - DAG(s) 'tutorial_objectstorage' retrieved from /home/airflow/.local/lib/python3.12/site-packages/airflow/example_dags/tutorial_objectstorage.py
[2024-12-02T17:49:37.562+0000] {logging_mixin.py:190} INFO - [2024-12-02T17:49:37.562+0000] {dag.py:3239} INFO - Sync 1 DAGs
[2024-12-02T17:49:37.579+0000] {logging_mixin.py:190} INFO - [2024-12-02T17:49:37.579+0000] {dag.py:4180} INFO - Setting next_dagrun for tutorial_objectstorage to None, run_after=None
[2024-12-02T17:49:37.598+0000] {processor.py:208} INFO - Processing /home/airflow/.local/lib/python3.12/site-packages/airflow/example_dags/tutorial_objectstorage.py took 0.075 seconds
[2024-12-02T17:50:07.858+0000] {processor.py:186} INFO - Started process (PID=606) to work on /home/airflow/.local/lib/python3.12/site-packages/airflow/example_dags/tutorial_objectstorage.py
[2024-12-02T17:50:07.859+0000] {processor.py:914} INFO - Processing file /home/airflow/.local/lib/python3.12/site-packages/airflow/example_dags/tutorial_objectstorage.py for tasks to queue
[2024-12-02T17:50:07.862+0000] {logging_mixin.py:190} INFO - [2024-12-02T17:50:07.862+0000] {dagbag.py:588} INFO - Filling up the DagBag from /home/airflow/.local/lib/python3.12/site-packages/airflow/example_dags/tutorial_objectstorage.py
[2024-12-02T17:50:07.878+0000] {processor.py:925} INFO - DAG(s) 'tutorial_objectstorage' retrieved from /home/airflow/.local/lib/python3.12/site-packages/airflow/example_dags/tutorial_objectstorage.py
[2024-12-02T17:50:07.912+0000] {logging_mixin.py:190} INFO - [2024-12-02T17:50:07.911+0000] {dag.py:3239} INFO - Sync 1 DAGs
[2024-12-02T17:50:07.936+0000] {logging_mixin.py:190} INFO - [2024-12-02T17:50:07.935+0000] {dag.py:4180} INFO - Setting next_dagrun for tutorial_objectstorage to None, run_after=None
[2024-12-02T17:50:07.964+0000] {processor.py:208} INFO - Processing /home/airflow/.local/lib/python3.12/site-packages/airflow/example_dags/tutorial_objectstorage.py took 0.121 seconds
[2024-12-02T17:50:38.353+0000] {processor.py:186} INFO - Started process (PID=670) to work on /home/airflow/.local/lib/python3.12/site-packages/airflow/example_dags/tutorial_objectstorage.py
[2024-12-02T17:50:38.354+0000] {processor.py:914} INFO - Processing file /home/airflow/.local/lib/python3.12/site-packages/airflow/example_dags/tutorial_objectstorage.py for tasks to queue
[2024-12-02T17:50:38.357+0000] {logging_mixin.py:190} INFO - [2024-12-02T17:50:38.356+0000] {dagbag.py:588} INFO - Filling up the DagBag from /home/airflow/.local/lib/python3.12/site-packages/airflow/example_dags/tutorial_objectstorage.py
[2024-12-02T17:50:38.367+0000] {processor.py:925} INFO - DAG(s) 'tutorial_objectstorage' retrieved from /home/airflow/.local/lib/python3.12/site-packages/airflow/example_dags/tutorial_objectstorage.py
[2024-12-02T17:50:38.391+0000] {logging_mixin.py:190} INFO - [2024-12-02T17:50:38.391+0000] {dag.py:3239} INFO - Sync 1 DAGs
[2024-12-02T17:50:38.411+0000] {logging_mixin.py:190} INFO - [2024-12-02T17:50:38.411+0000] {dag.py:4180} INFO - Setting next_dagrun for tutorial_objectstorage to None, run_after=None
[2024-12-02T17:50:38.431+0000] {processor.py:208} INFO - Processing /home/airflow/.local/lib/python3.12/site-packages/airflow/example_dags/tutorial_objectstorage.py took 0.084 seconds
