[2024-12-02T17:45:59.177+0000] {processor.py:186} INFO - Started process (PID=72) to work on /home/airflow/.local/lib/python3.12/site-packages/airflow/example_dags/tutorial_taskflow_api.py
[2024-12-02T17:45:59.177+0000] {processor.py:914} INFO - Processing file /home/airflow/.local/lib/python3.12/site-packages/airflow/example_dags/tutorial_taskflow_api.py for tasks to queue
[2024-12-02T17:45:59.180+0000] {logging_mixin.py:190} INFO - [2024-12-02T17:45:59.179+0000] {dagbag.py:588} INFO - Filling up the DagBag from /home/airflow/.local/lib/python3.12/site-packages/airflow/example_dags/tutorial_taskflow_api.py
[2024-12-02T17:45:59.193+0000] {processor.py:925} INFO - DAG(s) 'tutorial_taskflow_api' retrieved from /home/airflow/.local/lib/python3.12/site-packages/airflow/example_dags/tutorial_taskflow_api.py
[2024-12-02T17:45:59.347+0000] {logging_mixin.py:190} INFO - [2024-12-02T17:45:59.347+0000] {override.py:1911} INFO - Created Permission View: can read on DAG:tutorial_taskflow_api
[2024-12-02T17:45:59.361+0000] {logging_mixin.py:190} INFO - [2024-12-02T17:45:59.361+0000] {override.py:1911} INFO - Created Permission View: can edit on DAG:tutorial_taskflow_api
[2024-12-02T17:45:59.370+0000] {logging_mixin.py:190} INFO - [2024-12-02T17:45:59.370+0000] {override.py:1911} INFO - Created Permission View: can delete on DAG:tutorial_taskflow_api
[2024-12-02T17:45:59.381+0000] {logging_mixin.py:190} INFO - [2024-12-02T17:45:59.380+0000] {override.py:1911} INFO - Created Permission View: can read on DAG Run:tutorial_taskflow_api
[2024-12-02T17:45:59.390+0000] {logging_mixin.py:190} INFO - [2024-12-02T17:45:59.390+0000] {override.py:1911} INFO - Created Permission View: can delete on DAG Run:tutorial_taskflow_api
[2024-12-02T17:45:59.399+0000] {logging_mixin.py:190} INFO - [2024-12-02T17:45:59.399+0000] {override.py:1911} INFO - Created Permission View: can create on DAG Run:tutorial_taskflow_api
[2024-12-02T17:45:59.410+0000] {logging_mixin.py:190} INFO - [2024-12-02T17:45:59.410+0000] {override.py:1911} INFO - Created Permission View: menu access on DAG Run:tutorial_taskflow_api
[2024-12-02T17:45:59.410+0000] {logging_mixin.py:190} INFO - [2024-12-02T17:45:59.410+0000] {dag.py:3239} INFO - Sync 1 DAGs
[2024-12-02T17:45:59.424+0000] {logging_mixin.py:190} INFO - [2024-12-02T17:45:59.424+0000] {dag.py:3262} INFO - Creating ORM DAG for tutorial_taskflow_api
[2024-12-02T17:45:59.425+0000] {logging_mixin.py:190} INFO - [2024-12-02T17:45:59.425+0000] {dag.py:4180} INFO - Setting next_dagrun for tutorial_taskflow_api to None, run_after=None
[2024-12-02T17:45:59.444+0000] {processor.py:208} INFO - Processing /home/airflow/.local/lib/python3.12/site-packages/airflow/example_dags/tutorial_taskflow_api.py took 0.275 seconds
[2024-12-02T17:46:29.684+0000] {processor.py:186} INFO - Started process (PID=137) to work on /home/airflow/.local/lib/python3.12/site-packages/airflow/example_dags/tutorial_taskflow_api.py
[2024-12-02T17:46:29.685+0000] {processor.py:914} INFO - Processing file /home/airflow/.local/lib/python3.12/site-packages/airflow/example_dags/tutorial_taskflow_api.py for tasks to queue
[2024-12-02T17:46:29.689+0000] {logging_mixin.py:190} INFO - [2024-12-02T17:46:29.688+0000] {dagbag.py:588} INFO - Filling up the DagBag from /home/airflow/.local/lib/python3.12/site-packages/airflow/example_dags/tutorial_taskflow_api.py
[2024-12-02T17:46:29.699+0000] {processor.py:925} INFO - DAG(s) 'tutorial_taskflow_api' retrieved from /home/airflow/.local/lib/python3.12/site-packages/airflow/example_dags/tutorial_taskflow_api.py
[2024-12-02T17:46:29.723+0000] {logging_mixin.py:190} INFO - [2024-12-02T17:46:29.722+0000] {dag.py:3239} INFO - Sync 1 DAGs
[2024-12-02T17:46:29.742+0000] {logging_mixin.py:190} INFO - [2024-12-02T17:46:29.742+0000] {dag.py:4180} INFO - Setting next_dagrun for tutorial_taskflow_api to None, run_after=None
[2024-12-02T17:46:29.764+0000] {processor.py:208} INFO - Processing /home/airflow/.local/lib/python3.12/site-packages/airflow/example_dags/tutorial_taskflow_api.py took 0.087 seconds
[2024-12-02T17:46:59.887+0000] {processor.py:186} INFO - Started process (PID=202) to work on /home/airflow/.local/lib/python3.12/site-packages/airflow/example_dags/tutorial_taskflow_api.py
[2024-12-02T17:46:59.888+0000] {processor.py:914} INFO - Processing file /home/airflow/.local/lib/python3.12/site-packages/airflow/example_dags/tutorial_taskflow_api.py for tasks to queue
[2024-12-02T17:46:59.891+0000] {logging_mixin.py:190} INFO - [2024-12-02T17:46:59.890+0000] {dagbag.py:588} INFO - Filling up the DagBag from /home/airflow/.local/lib/python3.12/site-packages/airflow/example_dags/tutorial_taskflow_api.py
[2024-12-02T17:46:59.902+0000] {processor.py:925} INFO - DAG(s) 'tutorial_taskflow_api' retrieved from /home/airflow/.local/lib/python3.12/site-packages/airflow/example_dags/tutorial_taskflow_api.py
[2024-12-02T17:46:59.926+0000] {logging_mixin.py:190} INFO - [2024-12-02T17:46:59.926+0000] {dag.py:3239} INFO - Sync 1 DAGs
[2024-12-02T17:46:59.951+0000] {logging_mixin.py:190} INFO - [2024-12-02T17:46:59.950+0000] {dag.py:4180} INFO - Setting next_dagrun for tutorial_taskflow_api to None, run_after=None
[2024-12-02T17:46:59.975+0000] {processor.py:208} INFO - Processing /home/airflow/.local/lib/python3.12/site-packages/airflow/example_dags/tutorial_taskflow_api.py took 0.097 seconds
[2024-12-02T17:47:30.729+0000] {processor.py:186} INFO - Started process (PID=267) to work on /home/airflow/.local/lib/python3.12/site-packages/airflow/example_dags/tutorial_taskflow_api.py
[2024-12-02T17:47:30.730+0000] {processor.py:914} INFO - Processing file /home/airflow/.local/lib/python3.12/site-packages/airflow/example_dags/tutorial_taskflow_api.py for tasks to queue
[2024-12-02T17:47:30.732+0000] {logging_mixin.py:190} INFO - [2024-12-02T17:47:30.732+0000] {dagbag.py:588} INFO - Filling up the DagBag from /home/airflow/.local/lib/python3.12/site-packages/airflow/example_dags/tutorial_taskflow_api.py
[2024-12-02T17:47:30.741+0000] {processor.py:925} INFO - DAG(s) 'tutorial_taskflow_api' retrieved from /home/airflow/.local/lib/python3.12/site-packages/airflow/example_dags/tutorial_taskflow_api.py
[2024-12-02T17:47:30.762+0000] {logging_mixin.py:190} INFO - [2024-12-02T17:47:30.761+0000] {dag.py:3239} INFO - Sync 1 DAGs
[2024-12-02T17:47:30.777+0000] {logging_mixin.py:190} INFO - [2024-12-02T17:47:30.777+0000] {dag.py:4180} INFO - Setting next_dagrun for tutorial_taskflow_api to None, run_after=None
[2024-12-02T17:47:30.801+0000] {processor.py:208} INFO - Processing /home/airflow/.local/lib/python3.12/site-packages/airflow/example_dags/tutorial_taskflow_api.py took 0.079 seconds
[2024-12-02T17:48:01.933+0000] {processor.py:186} INFO - Started process (PID=336) to work on /home/airflow/.local/lib/python3.12/site-packages/airflow/example_dags/tutorial_taskflow_api.py
[2024-12-02T17:48:01.935+0000] {processor.py:914} INFO - Processing file /home/airflow/.local/lib/python3.12/site-packages/airflow/example_dags/tutorial_taskflow_api.py for tasks to queue
[2024-12-02T17:48:01.938+0000] {logging_mixin.py:190} INFO - [2024-12-02T17:48:01.937+0000] {dagbag.py:588} INFO - Filling up the DagBag from /home/airflow/.local/lib/python3.12/site-packages/airflow/example_dags/tutorial_taskflow_api.py
[2024-12-02T17:48:01.951+0000] {processor.py:925} INFO - DAG(s) 'tutorial_taskflow_api' retrieved from /home/airflow/.local/lib/python3.12/site-packages/airflow/example_dags/tutorial_taskflow_api.py
[2024-12-02T17:48:01.976+0000] {logging_mixin.py:190} INFO - [2024-12-02T17:48:01.975+0000] {dag.py:3239} INFO - Sync 1 DAGs
[2024-12-02T17:48:02.000+0000] {logging_mixin.py:190} INFO - [2024-12-02T17:48:02.000+0000] {dag.py:4180} INFO - Setting next_dagrun for tutorial_taskflow_api to None, run_after=None
[2024-12-02T17:48:02.041+0000] {processor.py:208} INFO - Processing /home/airflow/.local/lib/python3.12/site-packages/airflow/example_dags/tutorial_taskflow_api.py took 0.117 seconds
[2024-12-02T17:48:32.640+0000] {processor.py:186} INFO - Started process (PID=404) to work on /home/airflow/.local/lib/python3.12/site-packages/airflow/example_dags/tutorial_taskflow_api.py
[2024-12-02T17:48:32.651+0000] {processor.py:914} INFO - Processing file /home/airflow/.local/lib/python3.12/site-packages/airflow/example_dags/tutorial_taskflow_api.py for tasks to queue
[2024-12-02T17:48:32.655+0000] {logging_mixin.py:190} INFO - [2024-12-02T17:48:32.654+0000] {dagbag.py:588} INFO - Filling up the DagBag from /home/airflow/.local/lib/python3.12/site-packages/airflow/example_dags/tutorial_taskflow_api.py
[2024-12-02T17:48:32.694+0000] {processor.py:925} INFO - DAG(s) 'tutorial_taskflow_api' retrieved from /home/airflow/.local/lib/python3.12/site-packages/airflow/example_dags/tutorial_taskflow_api.py
[2024-12-02T17:48:32.819+0000] {logging_mixin.py:190} INFO - [2024-12-02T17:48:32.818+0000] {dag.py:3239} INFO - Sync 1 DAGs
[2024-12-02T17:48:32.873+0000] {logging_mixin.py:190} INFO - [2024-12-02T17:48:32.873+0000] {dag.py:4180} INFO - Setting next_dagrun for tutorial_taskflow_api to None, run_after=None
[2024-12-02T17:48:32.927+0000] {processor.py:208} INFO - Processing /home/airflow/.local/lib/python3.12/site-packages/airflow/example_dags/tutorial_taskflow_api.py took 0.305 seconds
[2024-12-02T17:49:03.253+0000] {processor.py:186} INFO - Started process (PID=462) to work on /home/airflow/.local/lib/python3.12/site-packages/airflow/example_dags/tutorial_taskflow_api.py
[2024-12-02T17:49:03.254+0000] {processor.py:914} INFO - Processing file /home/airflow/.local/lib/python3.12/site-packages/airflow/example_dags/tutorial_taskflow_api.py for tasks to queue
[2024-12-02T17:49:03.258+0000] {logging_mixin.py:190} INFO - [2024-12-02T17:49:03.258+0000] {dagbag.py:588} INFO - Filling up the DagBag from /home/airflow/.local/lib/python3.12/site-packages/airflow/example_dags/tutorial_taskflow_api.py
[2024-12-02T17:49:03.271+0000] {processor.py:925} INFO - DAG(s) 'tutorial_taskflow_api' retrieved from /home/airflow/.local/lib/python3.12/site-packages/airflow/example_dags/tutorial_taskflow_api.py
[2024-12-02T17:49:03.300+0000] {logging_mixin.py:190} INFO - [2024-12-02T17:49:03.300+0000] {dag.py:3239} INFO - Sync 1 DAGs
[2024-12-02T17:49:03.325+0000] {logging_mixin.py:190} INFO - [2024-12-02T17:49:03.325+0000] {dag.py:4180} INFO - Setting next_dagrun for tutorial_taskflow_api to None, run_after=None
[2024-12-02T17:49:03.353+0000] {processor.py:208} INFO - Processing /home/airflow/.local/lib/python3.12/site-packages/airflow/example_dags/tutorial_taskflow_api.py took 0.109 seconds
[2024-12-02T17:49:33.839+0000] {processor.py:186} INFO - Started process (PID=527) to work on /home/airflow/.local/lib/python3.12/site-packages/airflow/example_dags/tutorial_taskflow_api.py
[2024-12-02T17:49:33.840+0000] {processor.py:914} INFO - Processing file /home/airflow/.local/lib/python3.12/site-packages/airflow/example_dags/tutorial_taskflow_api.py for tasks to queue
[2024-12-02T17:49:33.844+0000] {logging_mixin.py:190} INFO - [2024-12-02T17:49:33.843+0000] {dagbag.py:588} INFO - Filling up the DagBag from /home/airflow/.local/lib/python3.12/site-packages/airflow/example_dags/tutorial_taskflow_api.py
[2024-12-02T17:49:33.854+0000] {processor.py:925} INFO - DAG(s) 'tutorial_taskflow_api' retrieved from /home/airflow/.local/lib/python3.12/site-packages/airflow/example_dags/tutorial_taskflow_api.py
[2024-12-02T17:49:33.876+0000] {logging_mixin.py:190} INFO - [2024-12-02T17:49:33.875+0000] {dag.py:3239} INFO - Sync 1 DAGs
[2024-12-02T17:49:33.900+0000] {logging_mixin.py:190} INFO - [2024-12-02T17:49:33.899+0000] {dag.py:4180} INFO - Setting next_dagrun for tutorial_taskflow_api to None, run_after=None
[2024-12-02T17:49:33.925+0000] {processor.py:208} INFO - Processing /home/airflow/.local/lib/python3.12/site-packages/airflow/example_dags/tutorial_taskflow_api.py took 0.094 seconds
[2024-12-02T17:50:04.031+0000] {processor.py:186} INFO - Started process (PID=592) to work on /home/airflow/.local/lib/python3.12/site-packages/airflow/example_dags/tutorial_taskflow_api.py
[2024-12-02T17:50:04.032+0000] {processor.py:914} INFO - Processing file /home/airflow/.local/lib/python3.12/site-packages/airflow/example_dags/tutorial_taskflow_api.py for tasks to queue
[2024-12-02T17:50:04.035+0000] {logging_mixin.py:190} INFO - [2024-12-02T17:50:04.034+0000] {dagbag.py:588} INFO - Filling up the DagBag from /home/airflow/.local/lib/python3.12/site-packages/airflow/example_dags/tutorial_taskflow_api.py
[2024-12-02T17:50:04.047+0000] {processor.py:925} INFO - DAG(s) 'tutorial_taskflow_api' retrieved from /home/airflow/.local/lib/python3.12/site-packages/airflow/example_dags/tutorial_taskflow_api.py
[2024-12-02T17:50:04.069+0000] {logging_mixin.py:190} INFO - [2024-12-02T17:50:04.069+0000] {dag.py:3239} INFO - Sync 1 DAGs
[2024-12-02T17:50:04.091+0000] {logging_mixin.py:190} INFO - [2024-12-02T17:50:04.091+0000] {dag.py:4180} INFO - Setting next_dagrun for tutorial_taskflow_api to None, run_after=None
[2024-12-02T17:50:04.113+0000] {processor.py:208} INFO - Processing /home/airflow/.local/lib/python3.12/site-packages/airflow/example_dags/tutorial_taskflow_api.py took 0.091 seconds
[2024-12-02T17:50:34.427+0000] {processor.py:186} INFO - Started process (PID=657) to work on /home/airflow/.local/lib/python3.12/site-packages/airflow/example_dags/tutorial_taskflow_api.py
[2024-12-02T17:50:34.427+0000] {processor.py:914} INFO - Processing file /home/airflow/.local/lib/python3.12/site-packages/airflow/example_dags/tutorial_taskflow_api.py for tasks to queue
[2024-12-02T17:50:34.430+0000] {logging_mixin.py:190} INFO - [2024-12-02T17:50:34.430+0000] {dagbag.py:588} INFO - Filling up the DagBag from /home/airflow/.local/lib/python3.12/site-packages/airflow/example_dags/tutorial_taskflow_api.py
[2024-12-02T17:50:34.439+0000] {processor.py:925} INFO - DAG(s) 'tutorial_taskflow_api' retrieved from /home/airflow/.local/lib/python3.12/site-packages/airflow/example_dags/tutorial_taskflow_api.py
[2024-12-02T17:50:34.458+0000] {logging_mixin.py:190} INFO - [2024-12-02T17:50:34.458+0000] {dag.py:3239} INFO - Sync 1 DAGs
[2024-12-02T17:50:34.474+0000] {logging_mixin.py:190} INFO - [2024-12-02T17:50:34.474+0000] {dag.py:4180} INFO - Setting next_dagrun for tutorial_taskflow_api to None, run_after=None
[2024-12-02T17:50:34.496+0000] {processor.py:208} INFO - Processing /home/airflow/.local/lib/python3.12/site-packages/airflow/example_dags/tutorial_taskflow_api.py took 0.077 seconds
