[2024-12-02T17:46:05.552+0000] {processor.py:186} INFO - Started process (PID=94) to work on /home/airflow/.local/lib/python3.12/site-packages/airflow/example_dags/tutorial_dag.py
[2024-12-02T17:46:05.553+0000] {processor.py:914} INFO - Processing file /home/airflow/.local/lib/python3.12/site-packages/airflow/example_dags/tutorial_dag.py for tasks to queue
[2024-12-02T17:46:05.556+0000] {logging_mixin.py:190} INFO - [2024-12-02T17:46:05.556+0000] {dagbag.py:588} INFO - Filling up the DagBag from /home/airflow/.local/lib/python3.12/site-packages/airflow/example_dags/tutorial_dag.py
[2024-12-02T17:46:05.571+0000] {processor.py:925} INFO - DAG(s) 'tutorial_dag' retrieved from /home/airflow/.local/lib/python3.12/site-packages/airflow/example_dags/tutorial_dag.py
[2024-12-02T17:46:05.727+0000] {logging_mixin.py:190} INFO - [2024-12-02T17:46:05.726+0000] {override.py:1911} INFO - Created Permission View: can read on DAG:tutorial_dag
[2024-12-02T17:46:05.742+0000] {logging_mixin.py:190} INFO - [2024-12-02T17:46:05.742+0000] {override.py:1911} INFO - Created Permission View: can edit on DAG:tutorial_dag
[2024-12-02T17:46:05.756+0000] {logging_mixin.py:190} INFO - [2024-12-02T17:46:05.755+0000] {override.py:1911} INFO - Created Permission View: can delete on DAG:tutorial_dag
[2024-12-02T17:46:05.775+0000] {logging_mixin.py:190} INFO - [2024-12-02T17:46:05.774+0000] {override.py:1911} INFO - Created Permission View: can read on DAG Run:tutorial_dag
[2024-12-02T17:46:05.787+0000] {logging_mixin.py:190} INFO - [2024-12-02T17:46:05.786+0000] {override.py:1911} INFO - Created Permission View: can delete on DAG Run:tutorial_dag
[2024-12-02T17:46:05.800+0000] {logging_mixin.py:190} INFO - [2024-12-02T17:46:05.799+0000] {override.py:1911} INFO - Created Permission View: can create on DAG Run:tutorial_dag
[2024-12-02T17:46:05.813+0000] {logging_mixin.py:190} INFO - [2024-12-02T17:46:05.813+0000] {override.py:1911} INFO - Created Permission View: menu access on DAG Run:tutorial_dag
[2024-12-02T17:46:05.814+0000] {logging_mixin.py:190} INFO - [2024-12-02T17:46:05.814+0000] {dag.py:3239} INFO - Sync 1 DAGs
[2024-12-02T17:46:05.833+0000] {logging_mixin.py:190} INFO - [2024-12-02T17:46:05.832+0000] {dag.py:3262} INFO - Creating ORM DAG for tutorial_dag
[2024-12-02T17:46:05.833+0000] {logging_mixin.py:190} INFO - [2024-12-02T17:46:05.833+0000] {dag.py:4180} INFO - Setting next_dagrun for tutorial_dag to None, run_after=None
[2024-12-02T17:46:05.853+0000] {processor.py:208} INFO - Processing /home/airflow/.local/lib/python3.12/site-packages/airflow/example_dags/tutorial_dag.py took 0.313 seconds
[2024-12-02T17:46:36.604+0000] {processor.py:186} INFO - Started process (PID=159) to work on /home/airflow/.local/lib/python3.12/site-packages/airflow/example_dags/tutorial_dag.py
[2024-12-02T17:46:36.605+0000] {processor.py:914} INFO - Processing file /home/airflow/.local/lib/python3.12/site-packages/airflow/example_dags/tutorial_dag.py for tasks to queue
[2024-12-02T17:46:36.608+0000] {logging_mixin.py:190} INFO - [2024-12-02T17:46:36.608+0000] {dagbag.py:588} INFO - Filling up the DagBag from /home/airflow/.local/lib/python3.12/site-packages/airflow/example_dags/tutorial_dag.py
[2024-12-02T17:46:36.617+0000] {processor.py:925} INFO - DAG(s) 'tutorial_dag' retrieved from /home/airflow/.local/lib/python3.12/site-packages/airflow/example_dags/tutorial_dag.py
[2024-12-02T17:46:36.639+0000] {logging_mixin.py:190} INFO - [2024-12-02T17:46:36.638+0000] {dag.py:3239} INFO - Sync 1 DAGs
[2024-12-02T17:46:36.657+0000] {logging_mixin.py:190} INFO - [2024-12-02T17:46:36.656+0000] {dag.py:4180} INFO - Setting next_dagrun for tutorial_dag to None, run_after=None
[2024-12-02T17:46:36.678+0000] {processor.py:208} INFO - Processing /home/airflow/.local/lib/python3.12/site-packages/airflow/example_dags/tutorial_dag.py took 0.082 seconds
[2024-12-02T17:47:07.927+0000] {processor.py:186} INFO - Started process (PID=224) to work on /home/airflow/.local/lib/python3.12/site-packages/airflow/example_dags/tutorial_dag.py
[2024-12-02T17:47:07.928+0000] {processor.py:914} INFO - Processing file /home/airflow/.local/lib/python3.12/site-packages/airflow/example_dags/tutorial_dag.py for tasks to queue
[2024-12-02T17:47:07.930+0000] {logging_mixin.py:190} INFO - [2024-12-02T17:47:07.930+0000] {dagbag.py:588} INFO - Filling up the DagBag from /home/airflow/.local/lib/python3.12/site-packages/airflow/example_dags/tutorial_dag.py
[2024-12-02T17:47:07.939+0000] {processor.py:925} INFO - DAG(s) 'tutorial_dag' retrieved from /home/airflow/.local/lib/python3.12/site-packages/airflow/example_dags/tutorial_dag.py
[2024-12-02T17:47:07.960+0000] {logging_mixin.py:190} INFO - [2024-12-02T17:47:07.960+0000] {dag.py:3239} INFO - Sync 1 DAGs
[2024-12-02T17:47:07.978+0000] {logging_mixin.py:190} INFO - [2024-12-02T17:47:07.978+0000] {dag.py:4180} INFO - Setting next_dagrun for tutorial_dag to None, run_after=None
[2024-12-02T17:47:08.003+0000] {processor.py:208} INFO - Processing /home/airflow/.local/lib/python3.12/site-packages/airflow/example_dags/tutorial_dag.py took 0.083 seconds
[2024-12-02T17:47:38.885+0000] {processor.py:186} INFO - Started process (PID=289) to work on /home/airflow/.local/lib/python3.12/site-packages/airflow/example_dags/tutorial_dag.py
[2024-12-02T17:47:38.886+0000] {processor.py:914} INFO - Processing file /home/airflow/.local/lib/python3.12/site-packages/airflow/example_dags/tutorial_dag.py for tasks to queue
[2024-12-02T17:47:38.888+0000] {logging_mixin.py:190} INFO - [2024-12-02T17:47:38.888+0000] {dagbag.py:588} INFO - Filling up the DagBag from /home/airflow/.local/lib/python3.12/site-packages/airflow/example_dags/tutorial_dag.py
[2024-12-02T17:47:38.899+0000] {processor.py:925} INFO - DAG(s) 'tutorial_dag' retrieved from /home/airflow/.local/lib/python3.12/site-packages/airflow/example_dags/tutorial_dag.py
[2024-12-02T17:47:38.923+0000] {logging_mixin.py:190} INFO - [2024-12-02T17:47:38.923+0000] {dag.py:3239} INFO - Sync 1 DAGs
[2024-12-02T17:47:38.939+0000] {logging_mixin.py:190} INFO - [2024-12-02T17:47:38.939+0000] {dag.py:4180} INFO - Setting next_dagrun for tutorial_dag to None, run_after=None
[2024-12-02T17:47:38.962+0000] {processor.py:208} INFO - Processing /home/airflow/.local/lib/python3.12/site-packages/airflow/example_dags/tutorial_dag.py took 0.085 seconds
[2024-12-02T17:48:14.984+0000] {processor.py:186} INFO - Started process (PID=358) to work on /home/airflow/.local/lib/python3.12/site-packages/airflow/example_dags/tutorial_dag.py
[2024-12-02T17:48:14.989+0000] {processor.py:914} INFO - Processing file /home/airflow/.local/lib/python3.12/site-packages/airflow/example_dags/tutorial_dag.py for tasks to queue
[2024-12-02T17:48:14.993+0000] {logging_mixin.py:190} INFO - [2024-12-02T17:48:14.993+0000] {dagbag.py:588} INFO - Filling up the DagBag from /home/airflow/.local/lib/python3.12/site-packages/airflow/example_dags/tutorial_dag.py
[2024-12-02T17:48:15.012+0000] {processor.py:925} INFO - DAG(s) 'tutorial_dag' retrieved from /home/airflow/.local/lib/python3.12/site-packages/airflow/example_dags/tutorial_dag.py
[2024-12-02T17:48:15.068+0000] {logging_mixin.py:190} INFO - [2024-12-02T17:48:15.068+0000] {dag.py:3239} INFO - Sync 1 DAGs
[2024-12-02T17:48:15.126+0000] {logging_mixin.py:190} INFO - [2024-12-02T17:48:15.125+0000] {dag.py:4180} INFO - Setting next_dagrun for tutorial_dag to None, run_after=None
[2024-12-02T17:48:15.194+0000] {processor.py:208} INFO - Processing /home/airflow/.local/lib/python3.12/site-packages/airflow/example_dags/tutorial_dag.py took 0.228 seconds
[2024-12-02T17:48:48.465+0000] {processor.py:186} INFO - Started process (PID=426) to work on /home/airflow/.local/lib/python3.12/site-packages/airflow/example_dags/tutorial_dag.py
[2024-12-02T17:48:48.478+0000] {processor.py:914} INFO - Processing file /home/airflow/.local/lib/python3.12/site-packages/airflow/example_dags/tutorial_dag.py for tasks to queue
[2024-12-02T17:48:48.482+0000] {logging_mixin.py:190} INFO - [2024-12-02T17:48:48.481+0000] {dagbag.py:588} INFO - Filling up the DagBag from /home/airflow/.local/lib/python3.12/site-packages/airflow/example_dags/tutorial_dag.py
[2024-12-02T17:48:48.524+0000] {processor.py:925} INFO - DAG(s) 'tutorial_dag' retrieved from /home/airflow/.local/lib/python3.12/site-packages/airflow/example_dags/tutorial_dag.py
[2024-12-02T17:48:48.591+0000] {logging_mixin.py:190} INFO - [2024-12-02T17:48:48.591+0000] {dag.py:3239} INFO - Sync 1 DAGs
[2024-12-02T17:48:48.623+0000] {logging_mixin.py:190} INFO - [2024-12-02T17:48:48.623+0000] {dag.py:4180} INFO - Setting next_dagrun for tutorial_dag to None, run_after=None
[2024-12-02T17:48:48.666+0000] {processor.py:208} INFO - Processing /home/airflow/.local/lib/python3.12/site-packages/airflow/example_dags/tutorial_dag.py took 0.228 seconds
[2024-12-02T17:49:18.767+0000] {processor.py:186} INFO - Started process (PID=484) to work on /home/airflow/.local/lib/python3.12/site-packages/airflow/example_dags/tutorial_dag.py
[2024-12-02T17:49:18.768+0000] {processor.py:914} INFO - Processing file /home/airflow/.local/lib/python3.12/site-packages/airflow/example_dags/tutorial_dag.py for tasks to queue
[2024-12-02T17:49:18.771+0000] {logging_mixin.py:190} INFO - [2024-12-02T17:49:18.771+0000] {dagbag.py:588} INFO - Filling up the DagBag from /home/airflow/.local/lib/python3.12/site-packages/airflow/example_dags/tutorial_dag.py
[2024-12-02T17:49:18.781+0000] {processor.py:925} INFO - DAG(s) 'tutorial_dag' retrieved from /home/airflow/.local/lib/python3.12/site-packages/airflow/example_dags/tutorial_dag.py
[2024-12-02T17:49:18.806+0000] {logging_mixin.py:190} INFO - [2024-12-02T17:49:18.806+0000] {dag.py:3239} INFO - Sync 1 DAGs
[2024-12-02T17:49:18.826+0000] {logging_mixin.py:190} INFO - [2024-12-02T17:49:18.826+0000] {dag.py:4180} INFO - Setting next_dagrun for tutorial_dag to None, run_after=None
[2024-12-02T17:49:18.846+0000] {processor.py:208} INFO - Processing /home/airflow/.local/lib/python3.12/site-packages/airflow/example_dags/tutorial_dag.py took 0.092 seconds
[2024-12-02T17:49:50.185+0000] {processor.py:186} INFO - Started process (PID=549) to work on /home/airflow/.local/lib/python3.12/site-packages/airflow/example_dags/tutorial_dag.py
[2024-12-02T17:49:50.186+0000] {processor.py:914} INFO - Processing file /home/airflow/.local/lib/python3.12/site-packages/airflow/example_dags/tutorial_dag.py for tasks to queue
[2024-12-02T17:49:50.189+0000] {logging_mixin.py:190} INFO - [2024-12-02T17:49:50.188+0000] {dagbag.py:588} INFO - Filling up the DagBag from /home/airflow/.local/lib/python3.12/site-packages/airflow/example_dags/tutorial_dag.py
[2024-12-02T17:49:50.198+0000] {processor.py:925} INFO - DAG(s) 'tutorial_dag' retrieved from /home/airflow/.local/lib/python3.12/site-packages/airflow/example_dags/tutorial_dag.py
[2024-12-02T17:49:50.222+0000] {logging_mixin.py:190} INFO - [2024-12-02T17:49:50.221+0000] {dag.py:3239} INFO - Sync 1 DAGs
[2024-12-02T17:49:50.244+0000] {logging_mixin.py:190} INFO - [2024-12-02T17:49:50.243+0000] {dag.py:4180} INFO - Setting next_dagrun for tutorial_dag to None, run_after=None
[2024-12-02T17:49:50.267+0000] {processor.py:208} INFO - Processing /home/airflow/.local/lib/python3.12/site-packages/airflow/example_dags/tutorial_dag.py took 0.091 seconds
[2024-12-02T17:50:21.488+0000] {processor.py:186} INFO - Started process (PID=614) to work on /home/airflow/.local/lib/python3.12/site-packages/airflow/example_dags/tutorial_dag.py
[2024-12-02T17:50:21.489+0000] {processor.py:914} INFO - Processing file /home/airflow/.local/lib/python3.12/site-packages/airflow/example_dags/tutorial_dag.py for tasks to queue
[2024-12-02T17:50:21.492+0000] {logging_mixin.py:190} INFO - [2024-12-02T17:50:21.492+0000] {dagbag.py:588} INFO - Filling up the DagBag from /home/airflow/.local/lib/python3.12/site-packages/airflow/example_dags/tutorial_dag.py
[2024-12-02T17:50:21.501+0000] {processor.py:925} INFO - DAG(s) 'tutorial_dag' retrieved from /home/airflow/.local/lib/python3.12/site-packages/airflow/example_dags/tutorial_dag.py
[2024-12-02T17:50:21.527+0000] {logging_mixin.py:190} INFO - [2024-12-02T17:50:21.527+0000] {dag.py:3239} INFO - Sync 1 DAGs
[2024-12-02T17:50:21.555+0000] {logging_mixin.py:190} INFO - [2024-12-02T17:50:21.555+0000] {dag.py:4180} INFO - Setting next_dagrun for tutorial_dag to None, run_after=None
[2024-12-02T17:50:21.578+0000] {processor.py:208} INFO - Processing /home/airflow/.local/lib/python3.12/site-packages/airflow/example_dags/tutorial_dag.py took 0.098 seconds
