[2024-12-02T17:46:05.210+0000] {processor.py:186} INFO - Started process (PID=92) to work on /home/airflow/.local/lib/python3.12/site-packages/airflow/example_dags/tutorial_taskflow_templates.py
[2024-12-02T17:46:05.210+0000] {processor.py:914} INFO - Processing file /home/airflow/.local/lib/python3.12/site-packages/airflow/example_dags/tutorial_taskflow_templates.py for tasks to queue
[2024-12-02T17:46:05.213+0000] {logging_mixin.py:190} INFO - [2024-12-02T17:46:05.212+0000] {dagbag.py:588} INFO - Filling up the DagBag from /home/airflow/.local/lib/python3.12/site-packages/airflow/example_dags/tutorial_taskflow_templates.py
[2024-12-02T17:46:05.228+0000] {processor.py:925} INFO - DAG(s) 'tutorial_taskflow_templates' retrieved from /home/airflow/.local/lib/python3.12/site-packages/airflow/example_dags/tutorial_taskflow_templates.py
[2024-12-02T17:46:05.370+0000] {logging_mixin.py:190} INFO - [2024-12-02T17:46:05.369+0000] {override.py:1911} INFO - Created Permission View: can read on DAG:tutorial_taskflow_templates
[2024-12-02T17:46:05.388+0000] {logging_mixin.py:190} INFO - [2024-12-02T17:46:05.387+0000] {override.py:1911} INFO - Created Permission View: can edit on DAG:tutorial_taskflow_templates
[2024-12-02T17:46:05.400+0000] {logging_mixin.py:190} INFO - [2024-12-02T17:46:05.399+0000] {override.py:1911} INFO - Created Permission View: can delete on DAG:tutorial_taskflow_templates
[2024-12-02T17:46:05.418+0000] {logging_mixin.py:190} INFO - [2024-12-02T17:46:05.418+0000] {override.py:1911} INFO - Created Permission View: can read on DAG Run:tutorial_taskflow_templates
[2024-12-02T17:46:05.428+0000] {logging_mixin.py:190} INFO - [2024-12-02T17:46:05.428+0000] {override.py:1911} INFO - Created Permission View: can delete on DAG Run:tutorial_taskflow_templates
[2024-12-02T17:46:05.438+0000] {logging_mixin.py:190} INFO - [2024-12-02T17:46:05.438+0000] {override.py:1911} INFO - Created Permission View: can create on DAG Run:tutorial_taskflow_templates
[2024-12-02T17:46:05.448+0000] {logging_mixin.py:190} INFO - [2024-12-02T17:46:05.448+0000] {override.py:1911} INFO - Created Permission View: menu access on DAG Run:tutorial_taskflow_templates
[2024-12-02T17:46:05.448+0000] {logging_mixin.py:190} INFO - [2024-12-02T17:46:05.448+0000] {dag.py:3239} INFO - Sync 1 DAGs
[2024-12-02T17:46:05.470+0000] {logging_mixin.py:190} INFO - [2024-12-02T17:46:05.470+0000] {dag.py:3262} INFO - Creating ORM DAG for tutorial_taskflow_templates
[2024-12-02T17:46:05.485+0000] {logging_mixin.py:190} INFO - [2024-12-02T17:46:05.484+0000] {dag.py:4180} INFO - Setting next_dagrun for tutorial_taskflow_templates to 2024-12-01 00:00:00+00:00, run_after=2024-12-02 00:00:00+00:00
[2024-12-02T17:46:05.511+0000] {processor.py:208} INFO - Processing /home/airflow/.local/lib/python3.12/site-packages/airflow/example_dags/tutorial_taskflow_templates.py took 0.308 seconds
[2024-12-02T17:46:36.488+0000] {processor.py:186} INFO - Started process (PID=157) to work on /home/airflow/.local/lib/python3.12/site-packages/airflow/example_dags/tutorial_taskflow_templates.py
[2024-12-02T17:46:36.489+0000] {processor.py:914} INFO - Processing file /home/airflow/.local/lib/python3.12/site-packages/airflow/example_dags/tutorial_taskflow_templates.py for tasks to queue
[2024-12-02T17:46:36.491+0000] {logging_mixin.py:190} INFO - [2024-12-02T17:46:36.490+0000] {dagbag.py:588} INFO - Filling up the DagBag from /home/airflow/.local/lib/python3.12/site-packages/airflow/example_dags/tutorial_taskflow_templates.py
[2024-12-02T17:46:36.505+0000] {processor.py:925} INFO - DAG(s) 'tutorial_taskflow_templates' retrieved from /home/airflow/.local/lib/python3.12/site-packages/airflow/example_dags/tutorial_taskflow_templates.py
[2024-12-02T17:46:36.526+0000] {logging_mixin.py:190} INFO - [2024-12-02T17:46:36.525+0000] {dag.py:3239} INFO - Sync 1 DAGs
[2024-12-02T17:46:36.554+0000] {logging_mixin.py:190} INFO - [2024-12-02T17:46:36.554+0000] {dag.py:4180} INFO - Setting next_dagrun for tutorial_taskflow_templates to 2024-12-01 00:00:00+00:00, run_after=2024-12-02 00:00:00+00:00
[2024-12-02T17:46:36.573+0000] {processor.py:208} INFO - Processing /home/airflow/.local/lib/python3.12/site-packages/airflow/example_dags/tutorial_taskflow_templates.py took 0.092 seconds
[2024-12-02T17:47:07.790+0000] {processor.py:186} INFO - Started process (PID=222) to work on /home/airflow/.local/lib/python3.12/site-packages/airflow/example_dags/tutorial_taskflow_templates.py
[2024-12-02T17:47:07.791+0000] {processor.py:914} INFO - Processing file /home/airflow/.local/lib/python3.12/site-packages/airflow/example_dags/tutorial_taskflow_templates.py for tasks to queue
[2024-12-02T17:47:07.794+0000] {logging_mixin.py:190} INFO - [2024-12-02T17:47:07.793+0000] {dagbag.py:588} INFO - Filling up the DagBag from /home/airflow/.local/lib/python3.12/site-packages/airflow/example_dags/tutorial_taskflow_templates.py
[2024-12-02T17:47:07.812+0000] {processor.py:925} INFO - DAG(s) 'tutorial_taskflow_templates' retrieved from /home/airflow/.local/lib/python3.12/site-packages/airflow/example_dags/tutorial_taskflow_templates.py
[2024-12-02T17:47:07.838+0000] {logging_mixin.py:190} INFO - [2024-12-02T17:47:07.838+0000] {dag.py:3239} INFO - Sync 1 DAGs
[2024-12-02T17:47:07.875+0000] {logging_mixin.py:190} INFO - [2024-12-02T17:47:07.875+0000] {dag.py:4180} INFO - Setting next_dagrun for tutorial_taskflow_templates to 2024-12-01 00:00:00+00:00, run_after=2024-12-02 00:00:00+00:00
[2024-12-02T17:47:07.894+0000] {processor.py:208} INFO - Processing /home/airflow/.local/lib/python3.12/site-packages/airflow/example_dags/tutorial_taskflow_templates.py took 0.113 seconds
[2024-12-02T17:47:38.739+0000] {processor.py:186} INFO - Started process (PID=287) to work on /home/airflow/.local/lib/python3.12/site-packages/airflow/example_dags/tutorial_taskflow_templates.py
[2024-12-02T17:47:38.744+0000] {processor.py:914} INFO - Processing file /home/airflow/.local/lib/python3.12/site-packages/airflow/example_dags/tutorial_taskflow_templates.py for tasks to queue
[2024-12-02T17:47:38.746+0000] {logging_mixin.py:190} INFO - [2024-12-02T17:47:38.746+0000] {dagbag.py:588} INFO - Filling up the DagBag from /home/airflow/.local/lib/python3.12/site-packages/airflow/example_dags/tutorial_taskflow_templates.py
[2024-12-02T17:47:38.766+0000] {processor.py:925} INFO - DAG(s) 'tutorial_taskflow_templates' retrieved from /home/airflow/.local/lib/python3.12/site-packages/airflow/example_dags/tutorial_taskflow_templates.py
[2024-12-02T17:47:38.791+0000] {logging_mixin.py:190} INFO - [2024-12-02T17:47:38.790+0000] {dag.py:3239} INFO - Sync 1 DAGs
[2024-12-02T17:47:38.826+0000] {logging_mixin.py:190} INFO - [2024-12-02T17:47:38.826+0000] {dag.py:4180} INFO - Setting next_dagrun for tutorial_taskflow_templates to 2024-12-01 00:00:00+00:00, run_after=2024-12-02 00:00:00+00:00
[2024-12-02T17:47:38.849+0000] {processor.py:208} INFO - Processing /home/airflow/.local/lib/python3.12/site-packages/airflow/example_dags/tutorial_taskflow_templates.py took 0.118 seconds
[2024-12-02T17:48:14.315+0000] {processor.py:186} INFO - Started process (PID=356) to work on /home/airflow/.local/lib/python3.12/site-packages/airflow/example_dags/tutorial_taskflow_templates.py
[2024-12-02T17:48:14.325+0000] {processor.py:914} INFO - Processing file /home/airflow/.local/lib/python3.12/site-packages/airflow/example_dags/tutorial_taskflow_templates.py for tasks to queue
[2024-12-02T17:48:14.329+0000] {logging_mixin.py:190} INFO - [2024-12-02T17:48:14.329+0000] {dagbag.py:588} INFO - Filling up the DagBag from /home/airflow/.local/lib/python3.12/site-packages/airflow/example_dags/tutorial_taskflow_templates.py
[2024-12-02T17:48:14.364+0000] {processor.py:925} INFO - DAG(s) 'tutorial_taskflow_templates' retrieved from /home/airflow/.local/lib/python3.12/site-packages/airflow/example_dags/tutorial_taskflow_templates.py
[2024-12-02T17:48:14.412+0000] {logging_mixin.py:190} INFO - [2024-12-02T17:48:14.411+0000] {dag.py:3239} INFO - Sync 1 DAGs
[2024-12-02T17:48:14.484+0000] {logging_mixin.py:190} INFO - [2024-12-02T17:48:14.483+0000] {dag.py:4180} INFO - Setting next_dagrun for tutorial_taskflow_templates to 2024-12-01 00:00:00+00:00, run_after=2024-12-02 00:00:00+00:00
[2024-12-02T17:48:14.525+0000] {processor.py:208} INFO - Processing /home/airflow/.local/lib/python3.12/site-packages/airflow/example_dags/tutorial_taskflow_templates.py took 0.228 seconds
[2024-12-02T17:48:47.413+0000] {processor.py:186} INFO - Started process (PID=424) to work on /home/airflow/.local/lib/python3.12/site-packages/airflow/example_dags/tutorial_taskflow_templates.py
[2024-12-02T17:48:47.425+0000] {processor.py:914} INFO - Processing file /home/airflow/.local/lib/python3.12/site-packages/airflow/example_dags/tutorial_taskflow_templates.py for tasks to queue
[2024-12-02T17:48:47.429+0000] {logging_mixin.py:190} INFO - [2024-12-02T17:48:47.428+0000] {dagbag.py:588} INFO - Filling up the DagBag from /home/airflow/.local/lib/python3.12/site-packages/airflow/example_dags/tutorial_taskflow_templates.py
[2024-12-02T17:48:47.485+0000] {processor.py:925} INFO - DAG(s) 'tutorial_taskflow_templates' retrieved from /home/airflow/.local/lib/python3.12/site-packages/airflow/example_dags/tutorial_taskflow_templates.py
[2024-12-02T17:48:47.635+0000] {logging_mixin.py:190} INFO - [2024-12-02T17:48:47.634+0000] {dag.py:3239} INFO - Sync 1 DAGs
[2024-12-02T17:48:47.710+0000] {logging_mixin.py:190} INFO - [2024-12-02T17:48:47.710+0000] {dag.py:4180} INFO - Setting next_dagrun for tutorial_taskflow_templates to 2024-12-01 00:00:00+00:00, run_after=2024-12-02 00:00:00+00:00
[2024-12-02T17:48:47.897+0000] {processor.py:208} INFO - Processing /home/airflow/.local/lib/python3.12/site-packages/airflow/example_dags/tutorial_taskflow_templates.py took 0.507 seconds
[2024-12-02T17:49:18.608+0000] {processor.py:186} INFO - Started process (PID=482) to work on /home/airflow/.local/lib/python3.12/site-packages/airflow/example_dags/tutorial_taskflow_templates.py
[2024-12-02T17:49:18.609+0000] {processor.py:914} INFO - Processing file /home/airflow/.local/lib/python3.12/site-packages/airflow/example_dags/tutorial_taskflow_templates.py for tasks to queue
[2024-12-02T17:49:18.612+0000] {logging_mixin.py:190} INFO - [2024-12-02T17:49:18.611+0000] {dagbag.py:588} INFO - Filling up the DagBag from /home/airflow/.local/lib/python3.12/site-packages/airflow/example_dags/tutorial_taskflow_templates.py
[2024-12-02T17:49:18.630+0000] {processor.py:925} INFO - DAG(s) 'tutorial_taskflow_templates' retrieved from /home/airflow/.local/lib/python3.12/site-packages/airflow/example_dags/tutorial_taskflow_templates.py
[2024-12-02T17:49:18.655+0000] {logging_mixin.py:190} INFO - [2024-12-02T17:49:18.655+0000] {dag.py:3239} INFO - Sync 1 DAGs
[2024-12-02T17:49:18.694+0000] {logging_mixin.py:190} INFO - [2024-12-02T17:49:18.694+0000] {dag.py:4180} INFO - Setting next_dagrun for tutorial_taskflow_templates to 2024-12-01 00:00:00+00:00, run_after=2024-12-02 00:00:00+00:00
[2024-12-02T17:49:18.724+0000] {processor.py:208} INFO - Processing /home/airflow/.local/lib/python3.12/site-packages/airflow/example_dags/tutorial_taskflow_templates.py took 0.123 seconds
[2024-12-02T17:49:50.031+0000] {processor.py:186} INFO - Started process (PID=547) to work on /home/airflow/.local/lib/python3.12/site-packages/airflow/example_dags/tutorial_taskflow_templates.py
[2024-12-02T17:49:50.031+0000] {processor.py:914} INFO - Processing file /home/airflow/.local/lib/python3.12/site-packages/airflow/example_dags/tutorial_taskflow_templates.py for tasks to queue
[2024-12-02T17:49:50.034+0000] {logging_mixin.py:190} INFO - [2024-12-02T17:49:50.033+0000] {dagbag.py:588} INFO - Filling up the DagBag from /home/airflow/.local/lib/python3.12/site-packages/airflow/example_dags/tutorial_taskflow_templates.py
[2024-12-02T17:49:50.051+0000] {processor.py:925} INFO - DAG(s) 'tutorial_taskflow_templates' retrieved from /home/airflow/.local/lib/python3.12/site-packages/airflow/example_dags/tutorial_taskflow_templates.py
[2024-12-02T17:49:50.079+0000] {logging_mixin.py:190} INFO - [2024-12-02T17:49:50.078+0000] {dag.py:3239} INFO - Sync 1 DAGs
[2024-12-02T17:49:50.123+0000] {logging_mixin.py:190} INFO - [2024-12-02T17:49:50.122+0000] {dag.py:4180} INFO - Setting next_dagrun for tutorial_taskflow_templates to 2024-12-01 00:00:00+00:00, run_after=2024-12-02 00:00:00+00:00
[2024-12-02T17:49:50.151+0000] {processor.py:208} INFO - Processing /home/airflow/.local/lib/python3.12/site-packages/airflow/example_dags/tutorial_taskflow_templates.py took 0.128 seconds
[2024-12-02T17:50:21.329+0000] {processor.py:186} INFO - Started process (PID=612) to work on /home/airflow/.local/lib/python3.12/site-packages/airflow/example_dags/tutorial_taskflow_templates.py
[2024-12-02T17:50:21.330+0000] {processor.py:914} INFO - Processing file /home/airflow/.local/lib/python3.12/site-packages/airflow/example_dags/tutorial_taskflow_templates.py for tasks to queue
[2024-12-02T17:50:21.334+0000] {logging_mixin.py:190} INFO - [2024-12-02T17:50:21.333+0000] {dagbag.py:588} INFO - Filling up the DagBag from /home/airflow/.local/lib/python3.12/site-packages/airflow/example_dags/tutorial_taskflow_templates.py
[2024-12-02T17:50:21.353+0000] {processor.py:925} INFO - DAG(s) 'tutorial_taskflow_templates' retrieved from /home/airflow/.local/lib/python3.12/site-packages/airflow/example_dags/tutorial_taskflow_templates.py
[2024-12-02T17:50:21.385+0000] {logging_mixin.py:190} INFO - [2024-12-02T17:50:21.384+0000] {dag.py:3239} INFO - Sync 1 DAGs
[2024-12-02T17:50:21.426+0000] {logging_mixin.py:190} INFO - [2024-12-02T17:50:21.426+0000] {dag.py:4180} INFO - Setting next_dagrun for tutorial_taskflow_templates to 2024-12-01 00:00:00+00:00, run_after=2024-12-02 00:00:00+00:00
[2024-12-02T17:50:21.451+0000] {processor.py:208} INFO - Processing /home/airflow/.local/lib/python3.12/site-packages/airflow/example_dags/tutorial_taskflow_templates.py took 0.131 seconds
